[2026-06-13T19:38:37.129+0000] {taskinstance.py:1956} INFO - Dependencies all met for dep_context=non-requeueable deps ti=<TaskInstance: tiki_gold_hourly_refresh.refresh_gold_tables manual__2026-06-13T19:38:36.249940+00:00 [queued]>
[2026-06-13T19:38:37.142+0000] {taskinstance.py:1956} INFO - Dependencies all met for dep_context=requeueable deps ti=<TaskInstance: tiki_gold_hourly_refresh.refresh_gold_tables manual__2026-06-13T19:38:36.249940+00:00 [queued]>
[2026-06-13T19:38:37.143+0000] {taskinstance.py:2170} INFO - Starting attempt 1 of 2
[2026-06-13T19:38:37.168+0000] {taskinstance.py:2191} INFO - Executing <Task(BashOperator): refresh_gold_tables> on 2026-06-13 19:38:36.249940+00:00
[2026-06-13T19:38:37.179+0000] {standard_task_runner.py:60} INFO - Started process 8849 to run task
[2026-06-13T19:38:37.189+0000] {standard_task_runner.py:87} INFO - Running: ['airflow', 'tasks', 'run', 'tiki_gold_hourly_refresh', 'refresh_gold_tables', 'manual__2026-06-13T19:38:36.249940+00:00', '--job-id', '152', '--raw', '--subdir', 'DAGS_FOLDER/tiki_gold_hourly_dag.py', '--cfg-path', '/tmp/tmp9ldtlhb8']
[2026-06-13T19:38:37.196+0000] {standard_task_runner.py:88} INFO - Job 152: Subtask refresh_gold_tables
[2026-06-13T19:38:37.338+0000] {task_command.py:423} INFO - Running <TaskInstance: tiki_gold_hourly_refresh.refresh_gold_tables manual__2026-06-13T19:38:36.249940+00:00 [running]> on host c014a76b1489
[2026-06-13T19:38:37.490+0000] {taskinstance.py:2480} INFO - Exporting env vars: AIRFLOW_CTX_DAG_OWNER='anhtaizz' AIRFLOW_CTX_DAG_ID='tiki_gold_hourly_refresh' AIRFLOW_CTX_TASK_ID='refresh_gold_tables' AIRFLOW_CTX_EXECUTION_DATE='2026-06-13T19:38:36.249940+00:00' AIRFLOW_CTX_TRY_NUMBER='1' AIRFLOW_CTX_DAG_RUN_ID='manual__2026-06-13T19:38:36.249940+00:00'
[2026-06-13T19:38:37.498+0000] {subprocess.py:63} INFO - Tmp dir root location: /tmp
[2026-06-13T19:38:37.502+0000] {subprocess.py:75} INFO - Running command: ['/usr/bin/bash', '-c', '\n            echo "[$(date \'+%Y-%m-%d %H:%M:%S\')] Starting hourly Gold refresh ..."\n            docker exec tiki_spark_crawler \\\n                /opt/conda/bin/python /home/jovyan/work/src/jobs/tiki_gold.py\n            echo "[$(date \'+%Y-%m-%d %H:%M:%S\')] Gold refresh complete."\n        ']
[2026-06-13T19:38:37.528+0000] {subprocess.py:86} INFO - Output:
[2026-06-13T19:38:37.534+0000] {subprocess.py:93} INFO - [2026-06-13 19:38:37] Starting hourly Gold refresh ...
[2026-06-13T19:38:38.789+0000] {subprocess.py:93} INFO - 2026-06-13 19:38:38,786 - __main__ - INFO - ============================================================
[2026-06-13T19:38:38.789+0000] {subprocess.py:93} INFO - 2026-06-13 19:38:38,786 - __main__ - INFO - Starting Tiki GOLD layer pipeline
[2026-06-13T19:38:38.790+0000] {subprocess.py:93} INFO - 2026-06-13 19:38:38,786 - __main__ - INFO - Target Postgres: reporting-postgres / reporting
[2026-06-13T19:38:38.792+0000] {subprocess.py:93} INFO - 2026-06-13 19:38:38,786 - __main__ - INFO - ============================================================
[2026-06-13T19:38:40.952+0000] {subprocess.py:93} INFO - :: loading settings :: url = jar:file:/usr/local/spark-3.5.0-bin-hadoop3/jars/ivy-2.5.1.jar!/org/apache/ivy/core/settings/ivysettings.xml
[2026-06-13T19:38:41.034+0000] {subprocess.py:93} INFO - Ivy Default Cache set to: /root/.ivy2/cache
[2026-06-13T19:38:41.035+0000] {subprocess.py:93} INFO - The jars for the packages stored in: /root/.ivy2/jars
[2026-06-13T19:38:41.040+0000] {subprocess.py:93} INFO - org.apache.iceberg#iceberg-spark-runtime-3.5_2.12 added as a dependency
[2026-06-13T19:38:41.042+0000] {subprocess.py:93} INFO - org.apache.hadoop#hadoop-aws added as a dependency
[2026-06-13T19:38:41.043+0000] {subprocess.py:93} INFO - com.amazonaws#aws-java-sdk-bundle added as a dependency
[2026-06-13T19:38:41.043+0000] {subprocess.py:93} INFO - org.postgresql#postgresql added as a dependency
[2026-06-13T19:38:41.044+0000] {subprocess.py:93} INFO - :: resolving dependencies :: org.apache.spark#spark-submit-parent-15c20a9a-d121-4c6c-b795-16c1aab24728;1.0
[2026-06-13T19:38:41.044+0000] {subprocess.py:93} INFO - 	confs: [default]
[2026-06-13T19:38:41.161+0000] {subprocess.py:93} INFO - 	found org.apache.iceberg#iceberg-spark-runtime-3.5_2.12;1.6.0 in central
[2026-06-13T19:38:41.224+0000] {subprocess.py:93} INFO - 	found org.apache.hadoop#hadoop-aws;3.3.4 in central
[2026-06-13T19:38:41.244+0000] {subprocess.py:93} INFO - 	found com.amazonaws#aws-java-sdk-bundle;1.12.262 in central
[2026-06-13T19:38:41.264+0000] {subprocess.py:93} INFO - 	found org.wildfly.openssl#wildfly-openssl;1.0.7.Final in central
[2026-06-13T19:38:41.282+0000] {subprocess.py:93} INFO - 	found org.postgresql#postgresql;42.7.3 in central
[2026-06-13T19:38:41.303+0000] {subprocess.py:93} INFO - 	found org.checkerframework#checker-qual;3.42.0 in central
[2026-06-13T19:38:41.332+0000] {subprocess.py:93} INFO - :: resolution report :: resolve 275ms :: artifacts dl 15ms
[2026-06-13T19:38:41.334+0000] {subprocess.py:93} INFO - 	:: modules in use:
[2026-06-13T19:38:41.335+0000] {subprocess.py:93} INFO - 	com.amazonaws#aws-java-sdk-bundle;1.12.262 from central in [default]
[2026-06-13T19:38:41.335+0000] {subprocess.py:93} INFO - 	org.apache.hadoop#hadoop-aws;3.3.4 from central in [default]
[2026-06-13T19:38:41.336+0000] {subprocess.py:93} INFO - 	org.apache.iceberg#iceberg-spark-runtime-3.5_2.12;1.6.0 from central in [default]
[2026-06-13T19:38:41.337+0000] {subprocess.py:93} INFO - 	org.checkerframework#checker-qual;3.42.0 from central in [default]
[2026-06-13T19:38:41.338+0000] {subprocess.py:93} INFO - 	org.postgresql#postgresql;42.7.3 from central in [default]
[2026-06-13T19:38:41.339+0000] {subprocess.py:93} INFO - 	org.wildfly.openssl#wildfly-openssl;1.0.7.Final from central in [default]
[2026-06-13T19:38:41.340+0000] {subprocess.py:93} INFO - 	---------------------------------------------------------------------
[2026-06-13T19:38:41.341+0000] {subprocess.py:93} INFO - 	|                  |            modules            ||   artifacts   |
[2026-06-13T19:38:41.342+0000] {subprocess.py:93} INFO - 	|       conf       | number| search|dwnlded|evicted|| number|dwnlded|
[2026-06-13T19:38:41.342+0000] {subprocess.py:93} INFO - 	---------------------------------------------------------------------
[2026-06-13T19:38:41.343+0000] {subprocess.py:93} INFO - 	|      default     |   6   |   0   |   0   |   0   ||   6   |   0   |
[2026-06-13T19:38:41.343+0000] {subprocess.py:93} INFO - 	---------------------------------------------------------------------
[2026-06-13T19:38:41.344+0000] {subprocess.py:93} INFO - :: retrieving :: org.apache.spark#spark-submit-parent-15c20a9a-d121-4c6c-b795-16c1aab24728
[2026-06-13T19:38:41.345+0000] {subprocess.py:93} INFO - 	confs: [default]
[2026-06-13T19:38:41.350+0000] {subprocess.py:93} INFO - 	0 artifacts copied, 6 already retrieved (0kB/9ms)
[2026-06-13T19:38:41.607+0000] {subprocess.py:93} INFO - 26/06/13 19:38:41 WARN NativeCodeLoader: Unable to load native-hadoop library for your platform... using builtin-java classes where applicable
[2026-06-13T19:38:41.855+0000] {subprocess.py:93} INFO - Setting default log level to "WARN".
[2026-06-13T19:38:41.856+0000] {subprocess.py:93} INFO - To adjust logging level use sc.setLogLevel(newLevel). For SparkR, use setLogLevel(newLevel).
[2026-06-13T19:38:43.019+0000] {subprocess.py:93} INFO - 26/06/13 19:38:43 WARN Utils: Service 'SparkUI' could not bind on port 4040. Attempting port 4041.
[2026-06-13T19:38:48.489+0000] {subprocess.py:93} INFO - 26/06/13 19:38:48 WARN MetricsConfig: Cannot locate configuration: tried hadoop-metrics2-s3a-file-system.properties,hadoop-metrics2.properties
[2026-06-13T19:38:49.603+0000] {subprocess.py:93} INFO - 2026-06-13 19:38:49,600 - __main__ - INFO - Computing gold.brand_performance ...
[2026-06-13T19:38:50.304+0000] {subprocess.py:93} INFO - 2026-06-13 19:38:50,302 - __main__ - INFO - Writing Iceberg Gold table: local_catalog.tiki_gold.brand_performance
[2026-06-13T19:38:58.190+0000] {subprocess.py:93} INFO - [Stage 0:>                                                          (0 + 1) / 1]                                                                                [Stage 12:>                                                         (0 + 1) / 1]                                                                                2026-06-13 19:38:58,188 - __main__ - INFO - Iceberg write complete: local_catalog.tiki_gold.brand_performance
[2026-06-13T19:38:58.191+0000] {subprocess.py:93} INFO - 2026-06-13 19:38:58,188 - __main__ - INFO - Writing Reporting Postgres table: brand_performance
[2026-06-13T19:39:00.903+0000] {subprocess.py:93} INFO - [Stage 25:>                                                         (0 + 1) / 1]                                                                                2026-06-13 19:39:00,900 - __main__ - INFO - Postgres write complete: brand_performance
[2026-06-13T19:39:00.905+0000] {subprocess.py:93} INFO - 2026-06-13 19:39:00,900 - __main__ - INFO - Computing gold.price_trend ...
[2026-06-13T19:39:01.013+0000] {subprocess.py:93} INFO - 2026-06-13 19:39:01,010 - __main__ - INFO - Writing Iceberg Gold table: local_catalog.tiki_gold.price_trend
[2026-06-13T19:39:02.461+0000] {subprocess.py:93} INFO - 2026-06-13 19:39:02,459 - __main__ - INFO - Iceberg write complete: local_catalog.tiki_gold.price_trend
[2026-06-13T19:39:02.462+0000] {subprocess.py:93} INFO - 2026-06-13 19:39:02,459 - __main__ - INFO - Writing Reporting Postgres table: price_trend
[2026-06-13T19:39:02.993+0000] {subprocess.py:93} INFO - 2026-06-13 19:39:02,990 - __main__ - INFO - Postgres write complete: price_trend
[2026-06-13T19:39:02.994+0000] {subprocess.py:93} INFO - 2026-06-13 19:39:02,991 - __main__ - INFO - Computing gold.discount_analysis ...
[2026-06-13T19:39:03.044+0000] {subprocess.py:93} INFO - 2026-06-13 19:39:03,042 - __main__ - INFO - Writing Iceberg Gold table: local_catalog.tiki_gold.discount_analysis
[2026-06-13T19:39:04.481+0000] {subprocess.py:93} INFO - 2026-06-13 19:39:04,478 - __main__ - INFO - Iceberg write complete: local_catalog.tiki_gold.discount_analysis
[2026-06-13T19:39:04.482+0000] {subprocess.py:93} INFO - 2026-06-13 19:39:04,479 - __main__ - INFO - Writing Reporting Postgres table: discount_analysis
[2026-06-13T19:39:05.140+0000] {subprocess.py:93} INFO - 2026-06-13 19:39:05,138 - __main__ - INFO - Postgres write complete: discount_analysis
[2026-06-13T19:39:05.141+0000] {subprocess.py:93} INFO - 2026-06-13 19:39:05,138 - __main__ - INFO - Computing gold.top_products ...
[2026-06-13T19:39:05.207+0000] {subprocess.py:93} INFO - 2026-06-13 19:39:05,205 - __main__ - INFO - Writing Iceberg Gold table: local_catalog.tiki_gold.top_products
[2026-06-13T19:39:05.968+0000] {subprocess.py:93} INFO - 2026-06-13 19:39:05,966 - __main__ - INFO - Iceberg write complete: local_catalog.tiki_gold.top_products
[2026-06-13T19:39:05.970+0000] {subprocess.py:93} INFO - 2026-06-13 19:39:05,966 - __main__ - INFO - Writing Reporting Postgres table: top_products
[2026-06-13T19:39:06.208+0000] {subprocess.py:93} INFO - 2026-06-13 19:39:06,207 - __main__ - INFO - Postgres write complete: top_products
[2026-06-13T19:39:06.209+0000] {subprocess.py:93} INFO - 2026-06-13 19:39:06,207 - __main__ - INFO - Computing gold.daily_summary ...
[2026-06-13T19:39:06.262+0000] {subprocess.py:93} INFO - 2026-06-13 19:39:06,260 - __main__ - INFO - Writing Iceberg Gold table: local_catalog.tiki_gold.daily_summary
[2026-06-13T19:39:07.364+0000] {subprocess.py:93} INFO - 2026-06-13 19:39:07,362 - __main__ - INFO - Iceberg write complete: local_catalog.tiki_gold.daily_summary
[2026-06-13T19:39:07.365+0000] {subprocess.py:93} INFO - 2026-06-13 19:39:07,362 - __main__ - INFO - Writing Reporting Postgres table: daily_summary
[2026-06-13T19:39:07.819+0000] {subprocess.py:93} INFO - 2026-06-13 19:39:07,817 - __main__ - INFO - Postgres write complete: daily_summary
[2026-06-13T19:39:07.820+0000] {subprocess.py:93} INFO - 2026-06-13 19:39:07,817 - __main__ - INFO - ============================================================
[2026-06-13T19:39:07.822+0000] {subprocess.py:93} INFO - 2026-06-13 19:39:07,817 - __main__ - INFO - Gold pipeline completed successfully!
[2026-06-13T19:39:07.823+0000] {subprocess.py:93} INFO - 2026-06-13 19:39:07,817 - __main__ - INFO - Superset dashboard sẽ tự refresh khi query lại Postgres.
[2026-06-13T19:39:07.825+0000] {subprocess.py:93} INFO - 2026-06-13 19:39:07,817 - __main__ - INFO - ============================================================
[2026-06-13T19:39:08.672+0000] {subprocess.py:93} INFO - [2026-06-13 19:39:08] Gold refresh complete.
[2026-06-13T19:39:08.686+0000] {subprocess.py:97} INFO - Command exited with return code 0
[2026-06-13T19:39:08.778+0000] {taskinstance.py:1138} INFO - Marking task as SUCCESS. dag_id=tiki_gold_hourly_refresh, task_id=refresh_gold_tables, execution_date=20260613T193836, start_date=20260613T193837, end_date=20260613T193908
[2026-06-13T19:39:08.848+0000] {local_task_job_runner.py:234} INFO - Task exited with return code 0
[2026-06-13T19:39:08.881+0000] {taskinstance.py:3280} INFO - 0 downstream tasks scheduled from follow-on schedule check
