[2026-06-08T08:06:11.484+0000] {taskinstance.py:1956} INFO - Dependencies all met for dep_context=non-requeueable deps ti=<TaskInstance: tiki_beauty_lakehouse_pipeline.extract_tiki_data manual__2026-06-08T08:03:48.917946+00:00 [queued]>
[2026-06-08T08:06:11.506+0000] {taskinstance.py:1956} INFO - Dependencies all met for dep_context=requeueable deps ti=<TaskInstance: tiki_beauty_lakehouse_pipeline.extract_tiki_data manual__2026-06-08T08:03:48.917946+00:00 [queued]>
[2026-06-08T08:06:11.508+0000] {taskinstance.py:2170} INFO - Starting attempt 2 of 2
[2026-06-08T08:06:11.529+0000] {taskinstance.py:2191} INFO - Executing <Task(BashOperator): extract_tiki_data> on 2026-06-08 08:03:48.917946+00:00
[2026-06-08T08:06:11.536+0000] {standard_task_runner.py:60} INFO - Started process 348 to run task
[2026-06-08T08:06:11.540+0000] {standard_task_runner.py:87} INFO - Running: ['airflow', 'tasks', 'run', 'tiki_beauty_lakehouse_pipeline', 'extract_tiki_data', 'manual__2026-06-08T08:03:48.917946+00:00', '--job-id', '109', '--raw', '--subdir', 'DAGS_FOLDER/tiki_pipeline_dag.py', '--cfg-path', '/tmp/tmpbz8hn8w7']
[2026-06-08T08:06:11.543+0000] {standard_task_runner.py:88} INFO - Job 109: Subtask extract_tiki_data
[2026-06-08T08:06:11.661+0000] {task_command.py:423} INFO - Running <TaskInstance: tiki_beauty_lakehouse_pipeline.extract_tiki_data manual__2026-06-08T08:03:48.917946+00:00 [running]> on host 9e90c8b35f3c
[2026-06-08T08:06:11.784+0000] {taskinstance.py:2480} INFO - Exporting env vars: AIRFLOW_CTX_DAG_OWNER='anhtaizz' AIRFLOW_CTX_DAG_ID='tiki_beauty_lakehouse_pipeline' AIRFLOW_CTX_TASK_ID='extract_tiki_data' AIRFLOW_CTX_EXECUTION_DATE='2026-06-08T08:03:48.917946+00:00' AIRFLOW_CTX_TRY_NUMBER='2' AIRFLOW_CTX_DAG_RUN_ID='manual__2026-06-08T08:03:48.917946+00:00'
[2026-06-08T08:06:11.787+0000] {subprocess.py:63} INFO - Tmp dir root location: /tmp
[2026-06-08T08:06:11.789+0000] {subprocess.py:75} INFO - Running command: ['/usr/bin/bash', '-c', 'python /opt/airflow/src/jobs/tiki_extract.py']
[2026-06-08T08:06:11.800+0000] {subprocess.py:86} INFO - Output:
[2026-06-08T08:06:12.747+0000] {subprocess.py:93} INFO - 2026-06-08 08:06:12,747 - __main__ - INFO - Start crawling category id 1520
[2026-06-08T08:06:12.749+0000] {subprocess.py:93} INFO - 2026-06-08 08:06:12,747 - common.tiki_category - INFO - Loading category tree from Tiki API (ID: 1520)
[2026-06-08T08:06:22.748+0000] {subprocess.py:93} INFO - 2026-06-08 08:06:22,747 - common.http_client - ERROR - Connection error: Failed to perform, curl: (28) Connection timed out after 10002 milliseconds. See https://curl.se/libcurl/c/libcurl-errors.html first for more details.
[2026-06-08T08:06:35.755+0000] {subprocess.py:93} INFO - 2026-06-08 08:06:35,754 - common.http_client - ERROR - Connection error: Failed to perform, curl: (28) Connection timed out after 10001 milliseconds. See https://curl.se/libcurl/c/libcurl-errors.html first for more details.
[2026-06-08T08:06:48.778+0000] {subprocess.py:93} INFO - 2026-06-08 08:06:48,776 - common.http_client - ERROR - Connection error: Failed to perform, curl: (28) Connection timed out after 10010 milliseconds. See https://curl.se/libcurl/c/libcurl-errors.html first for more details.
[2026-06-08T08:06:51.772+0000] {subprocess.py:93} INFO - 2026-06-08 08:06:51,771 - common.tiki_category - ERROR - Could not load categories from API.
[2026-06-08T08:06:51.776+0000] {subprocess.py:93} INFO - 2026-06-08 08:06:51,772 - __main__ - WARNING - Category API failed, using local backup file
[2026-06-08T08:06:51.820+0000] {subprocess.py:93} INFO - 2026-06-08 08:06:51,819 - __main__ - INFO - Found 1219 leaf categories
[2026-06-08T08:06:51.823+0000] {subprocess.py:93} INFO - 2026-06-08 08:06:51,819 - __main__ - INFO - [1/1219] Processing: Art & Photography
[2026-06-08T08:06:51.824+0000] {subprocess.py:93} INFO - 2026-06-08 08:06:51,819 - common.tiki_product - INFO - Category 623 (art-photography) - fetching page 1/1
[2026-06-08T08:07:01.826+0000] {subprocess.py:93} INFO - 2026-06-08 08:07:01,826 - common.http_client - ERROR - Connection error: Failed to perform, curl: (28) Connection timed out after 10003 milliseconds. See https://curl.se/libcurl/c/libcurl-errors.html first for more details.
[2026-06-08T08:07:14.837+0000] {subprocess.py:93} INFO - 2026-06-08 08:07:14,836 - common.http_client - ERROR - Connection error: Failed to perform, curl: (28) Connection timed out after 10001 milliseconds. See https://curl.se/libcurl/c/libcurl-errors.html first for more details.
[2026-06-08T08:07:27.845+0000] {subprocess.py:93} INFO - 2026-06-08 08:07:27,844 - common.http_client - ERROR - Connection error: Failed to perform, curl: (28) Connection timed out after 10002 milliseconds. See https://curl.se/libcurl/c/libcurl-errors.html first for more details.
[2026-06-08T08:07:30.848+0000] {subprocess.py:93} INFO - 2026-06-08 08:07:30,847 - common.tiki_product - ERROR - API failed for category 623, page 1. Stop this category.
[2026-06-08T08:07:30.849+0000] {subprocess.py:93} INFO - 2026-06-08 08:07:30,848 - __main__ - INFO - [2/1219] Processing: Biographies & Memoirs
[2026-06-08T08:07:30.851+0000] {subprocess.py:93} INFO - 2026-06-08 08:07:30,848 - common.tiki_product - INFO - Category 27 (biographies-memoirs) - fetching page 1/1
[2026-06-08T08:07:40.854+0000] {subprocess.py:93} INFO - 2026-06-08 08:07:40,854 - common.http_client - ERROR - Connection error: Failed to perform, curl: (28) Connection timed out after 10002 milliseconds. See https://curl.se/libcurl/c/libcurl-errors.html first for more details.
[2026-06-08T08:07:47.860+0000] {subprocess.py:93} INFO - 2026-06-08 08:07:47,860 - common.http_client - ERROR - Connection error: Failed to perform, curl: (6) Could not resolve host: tiki.vn. See https://curl.se/libcurl/c/libcurl-errors.html first for more details.
[2026-06-08T08:07:54.861+0000] {subprocess.py:93} INFO - 2026-06-08 08:07:54,861 - common.http_client - ERROR - Connection error: Failed to perform, curl: (6) Could not resolve host: tiki.vn. See https://curl.se/libcurl/c/libcurl-errors.html first for more details.
[2026-06-08T08:07:57.865+0000] {subprocess.py:93} INFO - 2026-06-08 08:07:57,864 - common.tiki_product - ERROR - API failed for category 27, page 1. Stop this category.
[2026-06-08T08:07:57.866+0000] {subprocess.py:93} INFO - 2026-06-08 08:07:57,864 - __main__ - INFO - [3/1219] Processing: Business & Economics
[2026-06-08T08:07:57.869+0000] {subprocess.py:93} INFO - 2026-06-08 08:07:57,864 - common.tiki_product - INFO - Category 4 (business-economics) - fetching page 1/1
[2026-06-08T08:08:07.873+0000] {subprocess.py:93} INFO - 2026-06-08 08:08:07,872 - common.http_client - ERROR - Connection error: Failed to perform, curl: (28) Connection timed out after 10002 milliseconds. See https://curl.se/libcurl/c/libcurl-errors.html first for more details.
[2026-06-08T08:08:20.871+0000] {subprocess.py:93} INFO - 2026-06-08 08:08:20,871 - common.http_client - ERROR - Connection error: Failed to perform, curl: (28) Connection timed out after 10001 milliseconds. See https://curl.se/libcurl/c/libcurl-errors.html first for more details.
[2026-06-08T08:08:33.882+0000] {subprocess.py:93} INFO - 2026-06-08 08:08:33,882 - common.http_client - ERROR - Connection error: Failed to perform, curl: (28) Connection timed out after 10002 milliseconds. See https://curl.se/libcurl/c/libcurl-errors.html first for more details.
[2026-06-08T08:08:36.885+0000] {subprocess.py:93} INFO - 2026-06-08 08:08:36,885 - common.tiki_product - ERROR - API failed for category 4, page 1. Stop this category.
[2026-06-08T08:08:36.887+0000] {subprocess.py:93} INFO - 2026-06-08 08:08:36,885 - __main__ - INFO - [4/1219] Processing: How-to - Self Help
[2026-06-08T08:08:36.891+0000] {subprocess.py:93} INFO - 2026-06-08 08:08:36,885 - common.tiki_product - INFO - Category 614 (self-help) - fetching page 1/1
[2026-06-08T08:08:46.895+0000] {subprocess.py:93} INFO - 2026-06-08 08:08:46,894 - common.http_client - ERROR - Connection error: Failed to perform, curl: (28) Operation timed out after 10001 milliseconds with 0 bytes received. See https://curl.se/libcurl/c/libcurl-errors.html first for more details.
[2026-06-08T08:08:59.904+0000] {subprocess.py:93} INFO - 2026-06-08 08:08:59,901 - common.http_client - ERROR - Connection error: Failed to perform, curl: (28) Connection timed out after 10003 milliseconds. See https://curl.se/libcurl/c/libcurl-errors.html first for more details.
[2026-06-08T08:09:12.915+0000] {subprocess.py:93} INFO - 2026-06-08 08:09:12,913 - common.http_client - ERROR - Connection error: Failed to perform, curl: (28) Connection timed out after 10001 milliseconds. See https://curl.se/libcurl/c/libcurl-errors.html first for more details.
[2026-06-08T08:09:15.918+0000] {subprocess.py:93} INFO - 2026-06-08 08:09:15,918 - common.tiki_product - ERROR - API failed for category 614, page 1. Stop this category.
[2026-06-08T08:09:15.922+0000] {subprocess.py:93} INFO - 2026-06-08 08:09:15,918 - __main__ - INFO - [5/1219] Processing: Children's Books
[2026-06-08T08:09:15.926+0000] {subprocess.py:93} INFO - 2026-06-08 08:09:15,918 - common.tiki_product - INFO - Category 7 (children-books) - fetching page 1/1
[2026-06-08T08:09:25.918+0000] {subprocess.py:93} INFO - 2026-06-08 08:09:25,916 - common.http_client - ERROR - Connection error: Failed to perform, curl: (28) Connection timed out after 10002 milliseconds. See https://curl.se/libcurl/c/libcurl-errors.html first for more details.
[2026-06-08T08:09:38.930+0000] {subprocess.py:93} INFO - 2026-06-08 08:09:38,927 - common.http_client - ERROR - Connection error: Failed to perform, curl: (28) Operation timed out after 10000 milliseconds with 0 bytes received. See https://curl.se/libcurl/c/libcurl-errors.html first for more details.
[2026-06-08T08:09:51.934+0000] {subprocess.py:93} INFO - 2026-06-08 08:09:51,934 - common.http_client - ERROR - Connection error: Failed to perform, curl: (28) Connection timed out after 10000 milliseconds. See https://curl.se/libcurl/c/libcurl-errors.html first for more details.
[2026-06-08T08:09:54.938+0000] {subprocess.py:93} INFO - 2026-06-08 08:09:54,938 - common.tiki_product - ERROR - API failed for category 7, page 1. Stop this category.
[2026-06-08T08:09:54.941+0000] {subprocess.py:93} INFO - 2026-06-08 08:09:54,938 - __main__ - INFO - [6/1219] Processing: Dictionary
[2026-06-08T08:09:54.944+0000] {subprocess.py:93} INFO - 2026-06-08 08:09:54,938 - common.tiki_product - INFO - Category 282 (dictionary) - fetching page 1/1
[2026-06-08T08:10:04.949+0000] {subprocess.py:93} INFO - 2026-06-08 08:10:04,947 - common.http_client - ERROR - Connection error: Failed to perform, curl: (28) Connection timed out after 10001 milliseconds. See https://curl.se/libcurl/c/libcurl-errors.html first for more details.
[2026-06-08T08:10:17.960+0000] {subprocess.py:93} INFO - 2026-06-08 08:10:17,959 - common.http_client - ERROR - Connection error: Failed to perform, curl: (28) Connection timed out after 10002 milliseconds. See https://curl.se/libcurl/c/libcurl-errors.html first for more details.
[2026-06-08T08:10:30.959+0000] {subprocess.py:93} INFO - 2026-06-08 08:10:30,958 - common.http_client - ERROR - Connection error: Failed to perform, curl: (28) Connection timed out after 10001 milliseconds. See https://curl.se/libcurl/c/libcurl-errors.html first for more details.
[2026-06-08T08:10:33.962+0000] {subprocess.py:93} INFO - 2026-06-08 08:10:33,961 - common.tiki_product - ERROR - API failed for category 282, page 1. Stop this category.
[2026-06-08T08:10:33.963+0000] {subprocess.py:93} INFO - 2026-06-08 08:10:33,962 - __main__ - INFO - [7/1219] Processing: Education - Teaching
[2026-06-08T08:10:33.964+0000] {subprocess.py:93} INFO - 2026-06-08 08:10:33,962 - common.tiki_product - INFO - Category 5308 (education-teaching) - fetching page 1/1
[2026-06-08T08:10:43.968+0000] {subprocess.py:93} INFO - 2026-06-08 08:10:43,967 - common.http_client - ERROR - Connection error: Failed to perform, curl: (28) Connection timed out after 10001 milliseconds. See https://curl.se/libcurl/c/libcurl-errors.html first for more details.
[2026-06-08T08:10:51.967+0000] {subprocess.py:93} INFO - 2026-06-08 08:10:51,966 - common.tiki_product - INFO - Category 5308 (education-teaching) - fetching page 2/50
[2026-06-08T08:10:54.521+0000] {subprocess.py:93} INFO - 2026-06-08 08:10:54,520 - common.tiki_product - INFO - Category 5308 (education-teaching) - fetching page 3/50
[2026-06-08T08:10:57.277+0000] {subprocess.py:93} INFO - 2026-06-08 08:10:57,276 - common.tiki_product - INFO - Category 5308 (education-teaching) - fetching page 4/50
[2026-06-08T08:10:59.933+0000] {subprocess.py:93} INFO - 2026-06-08 08:10:59,932 - common.tiki_product - INFO - Category 5308 (education-teaching) - fetching page 5/50
[2026-06-08T08:11:02.264+0000] {subprocess.py:93} INFO - 2026-06-08 08:11:02,263 - common.tiki_product - INFO - Category 5308 (education-teaching) - fetching page 6/50
[2026-06-08T08:11:04.595+0000] {subprocess.py:93} INFO - 2026-06-08 08:11:04,593 - common.tiki_product - INFO - Category 5308 (education-teaching) - fetching page 7/50
[2026-06-08T08:11:06.989+0000] {subprocess.py:93} INFO - 2026-06-08 08:11:06,987 - common.tiki_product - INFO - Category 5308 (education-teaching) - fetching page 8/50
[2026-06-08T08:11:09.372+0000] {subprocess.py:93} INFO - 2026-06-08 08:11:09,372 - common.tiki_product - INFO - Category 5308 (education-teaching) - fetching page 9/50
[2026-06-08T08:11:11.812+0000] {subprocess.py:93} INFO - 2026-06-08 08:11:11,810 - common.tiki_product - INFO - Category 5308 (education-teaching) - fetching page 10/50
[2026-06-08T08:11:14.233+0000] {subprocess.py:93} INFO - 2026-06-08 08:11:14,233 - common.tiki_product - INFO - Category 5308 (education-teaching) - fetching page 11/50
[2026-06-08T08:11:16.531+0000] {subprocess.py:93} INFO - 2026-06-08 08:11:16,529 - common.tiki_product - INFO - Category 5308 (education-teaching) - fetching page 12/50
[2026-06-08T08:11:18.961+0000] {subprocess.py:93} INFO - 2026-06-08 08:11:18,960 - common.tiki_product - INFO - Category 5308 (education-teaching) - fetching page 13/50
[2026-06-08T08:11:21.595+0000] {subprocess.py:93} INFO - 2026-06-08 08:11:21,595 - common.tiki_product - INFO - Category 5308 (education-teaching) - fetching page 14/50
[2026-06-08T08:11:24.791+0000] {subprocess.py:93} INFO - 2026-06-08 08:11:24,791 - common.tiki_product - INFO - Category 5308 (education-teaching) - fetching page 15/50
[2026-06-08T08:11:27.245+0000] {subprocess.py:93} INFO - 2026-06-08 08:11:27,245 - common.tiki_product - INFO - Category 5308 (education-teaching) - fetching page 16/50
[2026-06-08T08:11:29.616+0000] {subprocess.py:93} INFO - 2026-06-08 08:11:29,616 - common.tiki_product - INFO - Category 5308 (education-teaching) - fetching page 17/50
[2026-06-08T08:11:31.959+0000] {subprocess.py:93} INFO - 2026-06-08 08:11:31,958 - common.tiki_product - INFO - Category 5308 (education-teaching) - fetching page 18/50
[2026-06-08T08:11:34.293+0000] {subprocess.py:93} INFO - 2026-06-08 08:11:34,293 - common.tiki_product - INFO - Category 5308 (education-teaching) - fetching page 19/50
[2026-06-08T08:11:36.628+0000] {subprocess.py:93} INFO - 2026-06-08 08:11:36,627 - common.tiki_product - INFO - Category 5308 (education-teaching) - fetching page 20/50
[2026-06-08T08:11:38.989+0000] {subprocess.py:93} INFO - 2026-06-08 08:11:38,988 - common.tiki_product - INFO - Category 5308 (education-teaching) - fetching page 21/50
[2026-06-08T08:11:41.505+0000] {subprocess.py:93} INFO - 2026-06-08 08:11:41,504 - common.tiki_product - INFO - Category 5308 (education-teaching) - fetching page 22/50
[2026-06-08T08:11:44.015+0000] {subprocess.py:93} INFO - 2026-06-08 08:11:44,015 - common.tiki_product - INFO - Category 5308 (education-teaching) - fetching page 23/50
[2026-06-08T08:11:46.453+0000] {subprocess.py:93} INFO - 2026-06-08 08:11:46,452 - common.tiki_product - INFO - Category 5308 (education-teaching) - fetching page 24/50
[2026-06-08T08:11:49.097+0000] {subprocess.py:93} INFO - 2026-06-08 08:11:49,097 - common.tiki_product - INFO - Category 5308 (education-teaching) - fetching page 25/50
[2026-06-08T08:11:51.445+0000] {subprocess.py:93} INFO - 2026-06-08 08:11:51,445 - common.tiki_product - INFO - Category 5308 (education-teaching) - fetching page 26/50
[2026-06-08T08:11:54.047+0000] {subprocess.py:93} INFO - 2026-06-08 08:11:54,046 - common.tiki_product - INFO - Category 5308 (education-teaching) - fetching page 27/50
[2026-06-08T08:11:56.333+0000] {subprocess.py:93} INFO - 2026-06-08 08:11:56,331 - common.tiki_product - INFO - Category 5308 (education-teaching) - fetching page 28/50
[2026-06-08T08:11:58.703+0000] {subprocess.py:93} INFO - 2026-06-08 08:11:58,698 - common.tiki_product - INFO - Category 5308 (education-teaching) - fetching page 29/50
[2026-06-08T08:12:01.266+0000] {subprocess.py:93} INFO - 2026-06-08 08:12:01,266 - common.tiki_product - INFO - Category 5308 (education-teaching) - fetching page 30/50
[2026-06-08T08:12:03.947+0000] {subprocess.py:93} INFO - 2026-06-08 08:12:03,946 - common.tiki_product - INFO - Category 5308 (education-teaching) - fetching page 31/50
[2026-06-08T08:12:07.345+0000] {subprocess.py:93} INFO - 2026-06-08 08:12:07,345 - common.tiki_product - INFO - Category 5308 (education-teaching) - fetching page 32/50
[2026-06-08T08:12:09.670+0000] {subprocess.py:93} INFO - 2026-06-08 08:12:09,670 - common.tiki_product - INFO - Category 5308 (education-teaching) - fetching page 33/50
[2026-06-08T08:12:12.059+0000] {subprocess.py:93} INFO - 2026-06-08 08:12:12,059 - common.tiki_product - INFO - Category 5308 (education-teaching) - fetching page 34/50
[2026-06-08T08:12:14.503+0000] {subprocess.py:93} INFO - 2026-06-08 08:12:14,503 - common.tiki_product - INFO - Category 5308 (education-teaching) - fetching page 35/50
[2026-06-08T08:12:17.635+0000] {subprocess.py:93} INFO - 2026-06-08 08:12:17,634 - common.tiki_product - INFO - Category 5308 (education-teaching) - fetching page 36/50
[2026-06-08T08:12:20.088+0000] {subprocess.py:93} INFO - 2026-06-08 08:12:20,087 - common.tiki_product - INFO - Category 5308 (education-teaching) - fetching page 37/50
[2026-06-08T08:12:22.484+0000] {subprocess.py:93} INFO - 2026-06-08 08:12:22,483 - common.tiki_product - INFO - Category 5308 (education-teaching) - fetching page 38/50
[2026-06-08T08:12:25.467+0000] {subprocess.py:93} INFO - 2026-06-08 08:12:25,466 - common.tiki_product - INFO - Category 5308 (education-teaching) - fetching page 39/50
[2026-06-08T08:12:27.971+0000] {subprocess.py:93} INFO - 2026-06-08 08:12:27,970 - common.tiki_product - INFO - Category 5308 (education-teaching) - fetching page 40/50
[2026-06-08T08:12:30.355+0000] {subprocess.py:93} INFO - 2026-06-08 08:12:30,354 - common.tiki_product - INFO - Category 5308 (education-teaching) - fetching page 41/50
[2026-06-08T08:12:33.083+0000] {subprocess.py:93} INFO - 2026-06-08 08:12:33,082 - common.tiki_product - INFO - Category 5308 (education-teaching) - fetching page 42/50
[2026-06-08T08:12:35.552+0000] {subprocess.py:93} INFO - 2026-06-08 08:12:35,550 - common.tiki_product - INFO - Category 5308 (education-teaching) - fetching page 43/50
[2026-06-08T08:12:39.063+0000] {subprocess.py:93} INFO - 2026-06-08 08:12:39,062 - common.tiki_product - INFO - Category 5308 (education-teaching) - fetching page 44/50
[2026-06-08T08:12:42.007+0000] {subprocess.py:93} INFO - 2026-06-08 08:12:42,006 - common.tiki_product - INFO - Category 5308 (education-teaching) - fetching page 45/50
[2026-06-08T08:12:45.897+0000] {subprocess.py:93} INFO - 2026-06-08 08:12:45,896 - common.tiki_product - INFO - Category 5308 (education-teaching) - fetching page 46/50
[2026-06-08T08:12:48.488+0000] {subprocess.py:93} INFO - 2026-06-08 08:12:48,487 - common.tiki_product - INFO - Category 5308 (education-teaching) - fetching page 47/50
[2026-06-08T08:12:50.778+0000] {subprocess.py:93} INFO - 2026-06-08 08:12:50,777 - common.tiki_product - INFO - Category 5308 (education-teaching) - fetching page 48/50
[2026-06-08T08:12:53.100+0000] {subprocess.py:93} INFO - 2026-06-08 08:12:53,099 - common.tiki_product - INFO - Category 5308 (education-teaching) - fetching page 49/50
[2026-06-08T08:12:55.486+0000] {subprocess.py:93} INFO - 2026-06-08 08:12:55,486 - common.tiki_product - INFO - Category 5308 (education-teaching) - fetching page 50/50
[2026-06-08T08:12:59.062+0000] {subprocess.py:93} INFO - 2026-06-08 08:12:59,062 - common.tiki_product - INFO - Reached last page (50). Finished category 5308.
[2026-06-08T08:12:59.064+0000] {subprocess.py:93} INFO - 2026-06-08 08:12:59,062 - __main__ - INFO - [8/1219] Processing: Fiction - Literature
[2026-06-08T08:12:59.066+0000] {subprocess.py:93} INFO - 2026-06-08 08:12:59,062 - common.tiki_product - INFO - Category 9 (fiction-literature) - fetching page 1/1
[2026-06-08T08:13:01.558+0000] {subprocess.py:93} INFO - 2026-06-08 08:13:01,558 - common.tiki_product - INFO - Category 9 (fiction-literature) - fetching page 2/50
[2026-06-08T08:13:04.300+0000] {subprocess.py:93} INFO - 2026-06-08 08:13:04,298 - common.tiki_product - INFO - Category 9 (fiction-literature) - fetching page 3/50
[2026-06-08T08:13:06.735+0000] {subprocess.py:93} INFO - 2026-06-08 08:13:06,734 - common.tiki_product - INFO - Category 9 (fiction-literature) - fetching page 4/50
[2026-06-08T08:13:09.903+0000] {subprocess.py:93} INFO - 2026-06-08 08:13:09,902 - common.tiki_product - INFO - Category 9 (fiction-literature) - fetching page 5/50
[2026-06-08T08:13:12.339+0000] {subprocess.py:93} INFO - 2026-06-08 08:13:12,338 - common.tiki_product - INFO - Category 9 (fiction-literature) - fetching page 6/50
[2026-06-08T08:13:14.826+0000] {subprocess.py:93} INFO - 2026-06-08 08:13:14,825 - common.tiki_product - INFO - Category 9 (fiction-literature) - fetching page 7/50
[2026-06-08T08:13:17.226+0000] {subprocess.py:93} INFO - 2026-06-08 08:13:17,225 - common.tiki_product - INFO - Category 9 (fiction-literature) - fetching page 8/50
[2026-06-08T08:13:22.873+0000] {subprocess.py:93} INFO - 2026-06-08 08:13:22,871 - common.tiki_product - INFO - Category 9 (fiction-literature) - fetching page 9/50
[2026-06-08T08:13:26.746+0000] {subprocess.py:93} INFO - 2026-06-08 08:13:26,746 - common.tiki_product - INFO - Category 9 (fiction-literature) - fetching page 10/50
[2026-06-08T08:13:29.700+0000] {subprocess.py:93} INFO - 2026-06-08 08:13:29,699 - common.tiki_product - INFO - Category 9 (fiction-literature) - fetching page 11/50
[2026-06-08T08:13:34.924+0000] {subprocess.py:93} INFO - 2026-06-08 08:13:34,923 - common.tiki_product - INFO - Category 9 (fiction-literature) - fetching page 12/50
[2026-06-08T08:13:38.028+0000] {subprocess.py:93} INFO - 2026-06-08 08:13:38,027 - common.tiki_product - INFO - Category 9 (fiction-literature) - fetching page 13/50
[2026-06-08T08:13:40.726+0000] {subprocess.py:93} INFO - 2026-06-08 08:13:40,725 - common.tiki_product - INFO - Category 9 (fiction-literature) - fetching page 14/50
[2026-06-08T08:13:43.234+0000] {subprocess.py:93} INFO - 2026-06-08 08:13:43,233 - common.tiki_product - INFO - Category 9 (fiction-literature) - fetching page 15/50
[2026-06-08T08:13:45.808+0000] {subprocess.py:93} INFO - 2026-06-08 08:13:45,808 - common.tiki_product - INFO - Category 9 (fiction-literature) - fetching page 16/50
[2026-06-08T08:13:48.337+0000] {subprocess.py:93} INFO - 2026-06-08 08:13:48,337 - common.tiki_product - INFO - Category 9 (fiction-literature) - fetching page 17/50
[2026-06-08T08:13:50.747+0000] {subprocess.py:93} INFO - 2026-06-08 08:13:50,747 - common.tiki_product - INFO - Category 9 (fiction-literature) - fetching page 18/50
[2026-06-08T08:13:53.705+0000] {subprocess.py:93} INFO - 2026-06-08 08:13:53,704 - common.tiki_product - INFO - Category 9 (fiction-literature) - fetching page 19/50
[2026-06-08T08:13:57.115+0000] {subprocess.py:93} INFO - 2026-06-08 08:13:57,114 - common.tiki_product - INFO - Category 9 (fiction-literature) - fetching page 20/50
[2026-06-08T08:14:00.012+0000] {subprocess.py:93} INFO - 2026-06-08 08:14:00,009 - common.tiki_product - INFO - Category 9 (fiction-literature) - fetching page 21/50
[2026-06-08T08:14:03.134+0000] {subprocess.py:93} INFO - 2026-06-08 08:14:03,133 - common.tiki_product - INFO - Category 9 (fiction-literature) - fetching page 22/50
[2026-06-08T08:14:05.559+0000] {subprocess.py:93} INFO - 2026-06-08 08:14:05,558 - common.tiki_product - INFO - Category 9 (fiction-literature) - fetching page 23/50
[2026-06-08T08:14:08.446+0000] {subprocess.py:93} INFO - 2026-06-08 08:14:08,446 - common.tiki_product - INFO - Category 9 (fiction-literature) - fetching page 24/50
[2026-06-08T08:14:11.095+0000] {subprocess.py:93} INFO - 2026-06-08 08:14:11,095 - common.tiki_product - INFO - Category 9 (fiction-literature) - fetching page 25/50
[2026-06-08T08:14:13.568+0000] {subprocess.py:93} INFO - 2026-06-08 08:14:13,567 - common.tiki_product - INFO - Category 9 (fiction-literature) - fetching page 26/50
[2026-06-08T08:14:16.511+0000] {subprocess.py:93} INFO - 2026-06-08 08:14:16,510 - common.tiki_product - INFO - Category 9 (fiction-literature) - fetching page 27/50
[2026-06-08T08:14:18.996+0000] {subprocess.py:93} INFO - 2026-06-08 08:14:18,994 - common.tiki_product - INFO - Category 9 (fiction-literature) - fetching page 28/50
[2026-06-08T08:14:21.615+0000] {subprocess.py:93} INFO - 2026-06-08 08:14:21,614 - common.tiki_product - INFO - Category 9 (fiction-literature) - fetching page 29/50
[2026-06-08T08:14:24.116+0000] {subprocess.py:93} INFO - 2026-06-08 08:14:24,115 - common.tiki_product - INFO - Category 9 (fiction-literature) - fetching page 30/50
[2026-06-08T08:14:26.591+0000] {subprocess.py:93} INFO - 2026-06-08 08:14:26,591 - common.tiki_product - INFO - Category 9 (fiction-literature) - fetching page 31/50
[2026-06-08T08:14:29.500+0000] {subprocess.py:93} INFO - 2026-06-08 08:14:29,500 - common.tiki_product - INFO - Category 9 (fiction-literature) - fetching page 32/50
[2026-06-08T08:14:32.202+0000] {subprocess.py:93} INFO - 2026-06-08 08:14:32,202 - common.tiki_product - INFO - Category 9 (fiction-literature) - fetching page 33/50
[2026-06-08T08:14:34.779+0000] {subprocess.py:93} INFO - 2026-06-08 08:14:34,779 - common.tiki_product - INFO - Category 9 (fiction-literature) - fetching page 34/50
[2026-06-08T08:14:37.321+0000] {subprocess.py:93} INFO - 2026-06-08 08:14:37,320 - common.tiki_product - INFO - Category 9 (fiction-literature) - fetching page 35/50
[2026-06-08T08:14:39.701+0000] {subprocess.py:93} INFO - 2026-06-08 08:14:39,701 - common.tiki_product - INFO - Category 9 (fiction-literature) - fetching page 36/50
[2026-06-08T08:14:42.509+0000] {subprocess.py:93} INFO - 2026-06-08 08:14:42,508 - common.tiki_product - INFO - Category 9 (fiction-literature) - fetching page 37/50
[2026-06-08T08:14:45.164+0000] {subprocess.py:93} INFO - 2026-06-08 08:14:45,163 - common.tiki_product - INFO - Category 9 (fiction-literature) - fetching page 38/50
[2026-06-08T08:14:48.684+0000] {subprocess.py:93} INFO - 2026-06-08 08:14:48,683 - common.tiki_product - INFO - Category 9 (fiction-literature) - fetching page 39/50
[2026-06-08T08:14:52.878+0000] {subprocess.py:93} INFO - 2026-06-08 08:14:52,872 - common.tiki_product - INFO - Category 9 (fiction-literature) - fetching page 40/50
[2026-06-08T08:15:01.707+0000] {subprocess.py:93} INFO - 2026-06-08 08:15:01,704 - common.tiki_product - INFO - Category 9 (fiction-literature) - fetching page 41/50
[2026-06-08T08:15:07.518+0000] {subprocess.py:93} INFO - 2026-06-08 08:15:07,517 - common.tiki_product - INFO - Category 9 (fiction-literature) - fetching page 42/50
[2026-06-08T08:15:19.350+0000] {subprocess.py:93} INFO - 2026-06-08 08:15:19,350 - common.tiki_product - INFO - Category 9 (fiction-literature) - fetching page 43/50
[2026-06-08T08:15:21.684+0000] {subprocess.py:93} INFO - 2026-06-08 08:15:21,684 - common.tiki_product - INFO - Category 9 (fiction-literature) - fetching page 44/50
[2026-06-08T08:15:24.036+0000] {subprocess.py:93} INFO - 2026-06-08 08:15:24,034 - common.tiki_product - INFO - Category 9 (fiction-literature) - fetching page 45/50
[2026-06-08T08:15:26.548+0000] {subprocess.py:93} INFO - 2026-06-08 08:15:26,548 - common.tiki_product - INFO - Category 9 (fiction-literature) - fetching page 46/50
[2026-06-08T08:15:28.867+0000] {subprocess.py:93} INFO - 2026-06-08 08:15:28,866 - common.tiki_product - INFO - Category 9 (fiction-literature) - fetching page 47/50
[2026-06-08T08:15:31.234+0000] {subprocess.py:93} INFO - 2026-06-08 08:15:31,234 - common.tiki_product - INFO - Category 9 (fiction-literature) - fetching page 48/50
[2026-06-08T08:15:33.605+0000] {subprocess.py:93} INFO - 2026-06-08 08:15:33,604 - common.tiki_product - INFO - Category 9 (fiction-literature) - fetching page 49/50
[2026-06-08T08:15:35.879+0000] {subprocess.py:93} INFO - 2026-06-08 08:15:35,878 - common.tiki_product - INFO - Category 9 (fiction-literature) - fetching page 50/50
[2026-06-08T08:15:36.248+0000] {subprocess.py:93} INFO - 2026-06-08 08:15:36,247 - common.tiki_product - INFO - Reached last page (50). Finished category 9.
[2026-06-08T08:15:36.253+0000] {subprocess.py:93} INFO - 2026-06-08 08:15:36,249 - __main__ - INFO - [9/1219] Processing: Magazines
[2026-06-08T08:15:36.256+0000] {subprocess.py:93} INFO - 2026-06-08 08:15:36,250 - common.tiki_product - INFO - Category 6445 (magazines) - fetching page 1/1
[2026-06-08T08:15:36.551+0000] {subprocess.py:93} INFO - 2026-06-08 08:15:36,548 - common.tiki_product - INFO - Reached last page (1). Finished category 6445.
[2026-06-08T08:15:36.555+0000] {subprocess.py:93} INFO - 2026-06-08 08:15:36,553 - __main__ - INFO - [10/1219] Processing: Medical Books
[2026-06-08T08:15:36.557+0000] {subprocess.py:93} INFO - 2026-06-08 08:15:36,554 - common.tiki_product - INFO - Category 218 (medical-books) - fetching page 1/1
[2026-06-08T08:15:36.830+0000] {subprocess.py:93} INFO - 2026-06-08 08:15:36,830 - common.tiki_product - INFO - Reached last page (1). Finished category 218.
[2026-06-08T08:15:36.832+0000] {subprocess.py:93} INFO - 2026-06-08 08:15:36,830 - __main__ - INFO - [11/1219] Processing: Parenting & Relationships
[2026-06-08T08:15:36.834+0000] {subprocess.py:93} INFO - 2026-06-08 08:15:36,830 - common.tiki_product - INFO - Category 28 (parenting-relationships) - fetching page 1/1
[2026-06-08T08:15:37.138+0000] {subprocess.py:93} INFO - 2026-06-08 08:15:37,136 - common.tiki_product - INFO - Reached last page (1). Finished category 28.
[2026-06-08T08:15:37.143+0000] {subprocess.py:93} INFO - 2026-06-08 08:15:37,141 - __main__ - INFO - [12/1219] Processing: Reference
[2026-06-08T08:15:37.145+0000] {subprocess.py:93} INFO - 2026-06-08 08:15:37,143 - common.tiki_product - INFO - Category 5309 (reference) - fetching page 1/1
[2026-06-08T08:15:39.711+0000] {subprocess.py:93} INFO - 2026-06-08 08:15:39,711 - common.tiki_product - INFO - Category 5309 (reference) - fetching page 2/10
[2026-06-08T08:15:42.269+0000] {subprocess.py:93} INFO - 2026-06-08 08:15:42,268 - common.tiki_product - INFO - Category 5309 (reference) - fetching page 3/10
[2026-06-08T08:15:44.565+0000] {subprocess.py:93} INFO - 2026-06-08 08:15:44,565 - common.tiki_product - INFO - Category 5309 (reference) - fetching page 4/10
[2026-06-08T08:15:46.922+0000] {subprocess.py:93} INFO - 2026-06-08 08:15:46,920 - common.tiki_product - INFO - Category 5309 (reference) - fetching page 5/10
[2026-06-08T08:15:49.283+0000] {subprocess.py:93} INFO - 2026-06-08 08:15:49,282 - common.tiki_product - INFO - Category 5309 (reference) - fetching page 6/10
[2026-06-08T08:15:51.616+0000] {subprocess.py:93} INFO - 2026-06-08 08:15:51,616 - common.tiki_product - INFO - Category 5309 (reference) - fetching page 7/10
[2026-06-08T08:15:53.958+0000] {subprocess.py:93} INFO - 2026-06-08 08:15:53,958 - common.tiki_product - INFO - Category 5309 (reference) - fetching page 8/10
[2026-06-08T08:15:56.310+0000] {subprocess.py:93} INFO - 2026-06-08 08:15:56,309 - common.tiki_product - INFO - Category 5309 (reference) - fetching page 9/10
[2026-06-08T08:15:58.814+0000] {subprocess.py:93} INFO - 2026-06-08 08:15:58,814 - common.tiki_product - INFO - Category 5309 (reference) - fetching page 10/10
[2026-06-08T08:15:59.191+0000] {subprocess.py:93} INFO - 2026-06-08 08:15:59,191 - common.tiki_product - INFO - Reached last page (10). Finished category 5309.
[2026-06-08T08:15:59.192+0000] {subprocess.py:93} INFO - 2026-06-08 08:15:59,191 - __main__ - INFO - [13/1219] Processing: Science - Technology
[2026-06-08T08:15:59.193+0000] {subprocess.py:93} INFO - 2026-06-08 08:15:59,191 - common.tiki_product - INFO - Category 269 (science-technology) - fetching page 1/1
[2026-06-08T08:16:01.458+0000] {subprocess.py:93} INFO - 2026-06-08 08:16:01,457 - common.tiki_product - INFO - Category 269 (science-technology) - fetching page 2/4
[2026-06-08T08:16:03.754+0000] {subprocess.py:93} INFO - 2026-06-08 08:16:03,754 - common.tiki_product - INFO - Category 269 (science-technology) - fetching page 3/4
[2026-06-08T08:16:06.047+0000] {subprocess.py:93} INFO - 2026-06-08 08:16:06,046 - common.tiki_product - INFO - Category 269 (science-technology) - fetching page 4/4
[2026-06-08T08:16:06.502+0000] {subprocess.py:93} INFO - 2026-06-08 08:16:06,501 - common.tiki_product - INFO - Reached last page (4). Finished category 269.
[2026-06-08T08:16:06.508+0000] {subprocess.py:93} INFO - 2026-06-08 08:16:06,502 - __main__ - INFO - [14/1219] Processing: History, Politics & Social Sciences
[2026-06-08T08:16:06.511+0000] {subprocess.py:93} INFO - 2026-06-08 08:16:06,502 - common.tiki_product - INFO - Category 632 (history-politics-social-sciences) - fetching page 1/1
[2026-06-08T08:16:08.938+0000] {subprocess.py:93} INFO - 2026-06-08 08:16:08,937 - common.tiki_product - INFO - Category 632 (history-politics-social-sciences) - fetching page 2/9
[2026-06-08T08:16:11.390+0000] {subprocess.py:93} INFO - 2026-06-08 08:16:11,390 - common.tiki_product - INFO - Category 632 (history-politics-social-sciences) - fetching page 3/9
[2026-06-08T08:16:13.751+0000] {subprocess.py:93} INFO - 2026-06-08 08:16:13,750 - common.tiki_product - INFO - Category 632 (history-politics-social-sciences) - fetching page 4/9
[2026-06-08T08:16:16.121+0000] {subprocess.py:93} INFO - 2026-06-08 08:16:16,120 - common.tiki_product - INFO - Category 632 (history-politics-social-sciences) - fetching page 5/9
[2026-06-08T08:16:18.431+0000] {subprocess.py:93} INFO - 2026-06-08 08:16:18,430 - common.tiki_product - INFO - Category 632 (history-politics-social-sciences) - fetching page 6/9
[2026-06-08T08:16:20.791+0000] {subprocess.py:93} INFO - 2026-06-08 08:16:20,790 - common.tiki_product - INFO - Category 632 (history-politics-social-sciences) - fetching page 7/9
[2026-06-08T08:16:23.160+0000] {subprocess.py:93} INFO - 2026-06-08 08:16:23,159 - common.tiki_product - INFO - Category 632 (history-politics-social-sciences) - fetching page 8/9
[2026-06-08T08:16:25.597+0000] {subprocess.py:93} INFO - 2026-06-08 08:16:25,596 - common.tiki_product - INFO - Category 632 (history-politics-social-sciences) - fetching page 9/9
[2026-06-08T08:16:25.876+0000] {subprocess.py:93} INFO - 2026-06-08 08:16:25,876 - common.tiki_product - INFO - Reached last page (9). Finished category 632.
[2026-06-08T08:16:25.878+0000] {subprocess.py:93} INFO - 2026-06-08 08:16:25,876 - __main__ - INFO - [15/1219] Processing: Travel & Holiday
[2026-06-08T08:16:25.880+0000] {subprocess.py:93} INFO - 2026-06-08 08:16:25,877 - common.tiki_product - INFO - Category 32 (travel-holiday) - fetching page 1/1
[2026-06-08T08:16:26.315+0000] {subprocess.py:93} INFO - 2026-06-08 08:16:26,314 - common.tiki_product - INFO - Reached last page (1). Finished category 32.
[2026-06-08T08:16:26.317+0000] {subprocess.py:93} INFO - 2026-06-08 08:16:26,315 - __main__ - INFO - [16/1219] Processing: Cookbooks, Food & Wine
[2026-06-08T08:16:26.319+0000] {subprocess.py:93} INFO - 2026-06-08 08:16:26,315 - common.tiki_product - INFO - Category 21 (cookbooks-food-wine) - fetching page 1/1
[2026-06-08T08:16:28.595+0000] {subprocess.py:93} INFO - 2026-06-08 08:16:28,594 - common.tiki_product - INFO - Category 21 (cookbooks-food-wine) - fetching page 2/2
[2026-06-08T08:16:29.019+0000] {subprocess.py:93} INFO - 2026-06-08 08:16:29,018 - common.tiki_product - INFO - Reached last page (2). Finished category 21.
[2026-06-08T08:16:29.020+0000] {subprocess.py:93} INFO - 2026-06-08 08:16:29,019 - __main__ - INFO - [17/1219] Processing: Sách văn học
[2026-06-08T08:16:29.021+0000] {subprocess.py:93} INFO - 2026-06-08 08:16:29,020 - common.tiki_product - INFO - Category 839 (sach-van-hoc) - fetching page 1/1
[2026-06-08T08:16:31.303+0000] {subprocess.py:93} INFO - 2026-06-08 08:16:31,302 - common.tiki_product - INFO - Category 839 (sach-van-hoc) - fetching page 2/50
[2026-06-08T08:16:33.530+0000] {subprocess.py:93} INFO - 2026-06-08 08:16:33,530 - common.tiki_product - INFO - Category 839 (sach-van-hoc) - fetching page 3/50
[2026-06-08T08:16:35.794+0000] {subprocess.py:93} INFO - 2026-06-08 08:16:35,793 - common.tiki_product - INFO - Category 839 (sach-van-hoc) - fetching page 4/50
[2026-06-08T08:16:38.073+0000] {subprocess.py:93} INFO - 2026-06-08 08:16:38,072 - common.tiki_product - INFO - Category 839 (sach-van-hoc) - fetching page 5/50
[2026-06-08T08:16:40.339+0000] {subprocess.py:93} INFO - 2026-06-08 08:16:40,338 - common.tiki_product - INFO - Category 839 (sach-van-hoc) - fetching page 6/50
[2026-06-08T08:16:42.583+0000] {subprocess.py:93} INFO - 2026-06-08 08:16:42,582 - common.tiki_product - INFO - Category 839 (sach-van-hoc) - fetching page 7/50
[2026-06-08T08:16:44.896+0000] {subprocess.py:93} INFO - 2026-06-08 08:16:44,895 - common.tiki_product - INFO - Category 839 (sach-van-hoc) - fetching page 8/50
[2026-06-08T08:16:47.173+0000] {subprocess.py:93} INFO - 2026-06-08 08:16:47,172 - common.tiki_product - INFO - Category 839 (sach-van-hoc) - fetching page 9/50
[2026-06-08T08:16:49.492+0000] {subprocess.py:93} INFO - 2026-06-08 08:16:49,492 - common.tiki_product - INFO - Category 839 (sach-van-hoc) - fetching page 10/50
[2026-06-08T08:16:51.786+0000] {subprocess.py:93} INFO - 2026-06-08 08:16:51,785 - common.tiki_product - INFO - Category 839 (sach-van-hoc) - fetching page 11/50
[2026-06-08T08:16:54.114+0000] {subprocess.py:93} INFO - 2026-06-08 08:16:54,112 - common.tiki_product - INFO - Category 839 (sach-van-hoc) - fetching page 12/50
[2026-06-08T08:16:56.411+0000] {subprocess.py:93} INFO - 2026-06-08 08:16:56,410 - common.tiki_product - INFO - Category 839 (sach-van-hoc) - fetching page 13/50
[2026-06-08T08:16:58.689+0000] {subprocess.py:93} INFO - 2026-06-08 08:16:58,688 - common.tiki_product - INFO - Category 839 (sach-van-hoc) - fetching page 14/50
[2026-06-08T08:17:00.984+0000] {subprocess.py:93} INFO - 2026-06-08 08:17:00,983 - common.tiki_product - INFO - Category 839 (sach-van-hoc) - fetching page 15/50
[2026-06-08T08:17:03.251+0000] {subprocess.py:93} INFO - 2026-06-08 08:17:03,251 - common.tiki_product - INFO - Category 839 (sach-van-hoc) - fetching page 16/50
[2026-06-08T08:17:05.485+0000] {subprocess.py:93} INFO - 2026-06-08 08:17:05,484 - common.tiki_product - INFO - Category 839 (sach-van-hoc) - fetching page 17/50
[2026-06-08T08:17:07.888+0000] {subprocess.py:93} INFO - 2026-06-08 08:17:07,888 - common.tiki_product - INFO - Category 839 (sach-van-hoc) - fetching page 18/50
[2026-06-08T08:17:10.158+0000] {subprocess.py:93} INFO - 2026-06-08 08:17:10,158 - common.tiki_product - INFO - Category 839 (sach-van-hoc) - fetching page 19/50
[2026-06-08T08:17:12.388+0000] {subprocess.py:93} INFO - 2026-06-08 08:17:12,388 - common.tiki_product - INFO - Category 839 (sach-van-hoc) - fetching page 20/50
[2026-06-08T08:17:14.668+0000] {subprocess.py:93} INFO - 2026-06-08 08:17:14,666 - common.tiki_product - INFO - Category 839 (sach-van-hoc) - fetching page 21/50
[2026-06-08T08:17:17.021+0000] {subprocess.py:93} INFO - 2026-06-08 08:17:17,020 - common.tiki_product - INFO - Category 839 (sach-van-hoc) - fetching page 22/50
[2026-06-08T08:17:19.357+0000] {subprocess.py:93} INFO - 2026-06-08 08:17:19,356 - common.tiki_product - INFO - Category 839 (sach-van-hoc) - fetching page 23/50
[2026-06-08T08:17:21.792+0000] {subprocess.py:93} INFO - 2026-06-08 08:17:21,791 - common.tiki_product - INFO - Category 839 (sach-van-hoc) - fetching page 24/50
[2026-06-08T08:17:24.044+0000] {subprocess.py:93} INFO - 2026-06-08 08:17:24,044 - common.tiki_product - INFO - Category 839 (sach-van-hoc) - fetching page 25/50
[2026-06-08T08:17:26.347+0000] {subprocess.py:93} INFO - 2026-06-08 08:17:26,347 - common.tiki_product - INFO - Category 839 (sach-van-hoc) - fetching page 26/50
[2026-06-08T08:17:28.656+0000] {subprocess.py:93} INFO - 2026-06-08 08:17:28,656 - common.tiki_product - INFO - Category 839 (sach-van-hoc) - fetching page 27/50
[2026-06-08T08:17:31.010+0000] {subprocess.py:93} INFO - 2026-06-08 08:17:31,009 - common.tiki_product - INFO - Category 839 (sach-van-hoc) - fetching page 28/50
[2026-06-08T08:17:33.276+0000] {subprocess.py:93} INFO - 2026-06-08 08:17:33,275 - common.tiki_product - INFO - Category 839 (sach-van-hoc) - fetching page 29/50
[2026-06-08T08:17:35.632+0000] {subprocess.py:93} INFO - 2026-06-08 08:17:35,631 - common.tiki_product - INFO - Category 839 (sach-van-hoc) - fetching page 30/50
[2026-06-08T08:17:37.942+0000] {subprocess.py:93} INFO - 2026-06-08 08:17:37,941 - common.tiki_product - INFO - Category 839 (sach-van-hoc) - fetching page 31/50
[2026-06-08T08:17:40.219+0000] {subprocess.py:93} INFO - 2026-06-08 08:17:40,218 - common.tiki_product - INFO - Category 839 (sach-van-hoc) - fetching page 32/50
[2026-06-08T08:17:42.497+0000] {subprocess.py:93} INFO - 2026-06-08 08:17:42,496 - common.tiki_product - INFO - Category 839 (sach-van-hoc) - fetching page 33/50
[2026-06-08T08:17:44.807+0000] {subprocess.py:93} INFO - 2026-06-08 08:17:44,806 - common.tiki_product - INFO - Category 839 (sach-van-hoc) - fetching page 34/50
[2026-06-08T08:17:47.054+0000] {subprocess.py:93} INFO - 2026-06-08 08:17:47,054 - common.tiki_product - INFO - Category 839 (sach-van-hoc) - fetching page 35/50
[2026-06-08T08:17:49.348+0000] {subprocess.py:93} INFO - 2026-06-08 08:17:49,347 - common.tiki_product - INFO - Category 839 (sach-van-hoc) - fetching page 36/50
[2026-06-08T08:17:51.646+0000] {subprocess.py:93} INFO - 2026-06-08 08:17:51,645 - common.tiki_product - INFO - Category 839 (sach-van-hoc) - fetching page 37/50
[2026-06-08T08:17:53.962+0000] {subprocess.py:93} INFO - 2026-06-08 08:17:53,961 - common.tiki_product - INFO - Category 839 (sach-van-hoc) - fetching page 38/50
[2026-06-08T08:17:56.237+0000] {subprocess.py:93} INFO - 2026-06-08 08:17:56,237 - common.tiki_product - INFO - Category 839 (sach-van-hoc) - fetching page 39/50
[2026-06-08T08:17:58.552+0000] {subprocess.py:93} INFO - 2026-06-08 08:17:58,552 - common.tiki_product - INFO - Category 839 (sach-van-hoc) - fetching page 40/50
[2026-06-08T08:18:01.027+0000] {subprocess.py:93} INFO - 2026-06-08 08:18:01,027 - common.tiki_product - INFO - Category 839 (sach-van-hoc) - fetching page 41/50
[2026-06-08T08:18:03.293+0000] {subprocess.py:93} INFO - 2026-06-08 08:18:03,293 - common.tiki_product - INFO - Category 839 (sach-van-hoc) - fetching page 42/50
[2026-06-08T08:18:05.544+0000] {subprocess.py:93} INFO - 2026-06-08 08:18:05,544 - common.tiki_product - INFO - Category 839 (sach-van-hoc) - fetching page 43/50
[2026-06-08T08:18:07.804+0000] {subprocess.py:93} INFO - 2026-06-08 08:18:07,803 - common.tiki_product - INFO - Category 839 (sach-van-hoc) - fetching page 44/50
[2026-06-08T08:18:10.066+0000] {subprocess.py:93} INFO - 2026-06-08 08:18:10,064 - common.tiki_product - INFO - Category 839 (sach-van-hoc) - fetching page 45/50
[2026-06-08T08:18:12.311+0000] {subprocess.py:93} INFO - 2026-06-08 08:18:12,311 - common.tiki_product - INFO - Category 839 (sach-van-hoc) - fetching page 46/50
[2026-06-08T08:18:14.720+0000] {subprocess.py:93} INFO - 2026-06-08 08:18:14,720 - common.tiki_product - INFO - Category 839 (sach-van-hoc) - fetching page 47/50
[2026-06-08T08:18:16.997+0000] {subprocess.py:93} INFO - 2026-06-08 08:18:16,996 - common.tiki_product - INFO - Category 839 (sach-van-hoc) - fetching page 48/50
[2026-06-08T08:18:19.271+0000] {subprocess.py:93} INFO - 2026-06-08 08:18:19,271 - common.tiki_product - INFO - Category 839 (sach-van-hoc) - fetching page 49/50
[2026-06-08T08:18:21.512+0000] {subprocess.py:93} INFO - 2026-06-08 08:18:21,511 - common.tiki_product - INFO - Category 839 (sach-van-hoc) - fetching page 50/50
[2026-06-08T08:18:21.826+0000] {subprocess.py:93} INFO - 2026-06-08 08:18:21,825 - common.tiki_product - INFO - Reached last page (50). Finished category 839.
[2026-06-08T08:18:21.831+0000] {subprocess.py:93} INFO - 2026-06-08 08:18:21,826 - __main__ - INFO - [18/1219] Processing: Sách kinh tế
[2026-06-08T08:18:21.836+0000] {subprocess.py:93} INFO - 2026-06-08 08:18:21,826 - common.tiki_product - INFO - Category 846 (sach-kinh-te) - fetching page 1/1
[2026-06-08T08:18:24.096+0000] {subprocess.py:93} INFO - 2026-06-08 08:18:24,095 - common.tiki_product - INFO - Category 846 (sach-kinh-te) - fetching page 2/50
[2026-06-08T08:18:26.491+0000] {subprocess.py:93} INFO - 2026-06-08 08:18:26,490 - common.tiki_product - INFO - Category 846 (sach-kinh-te) - fetching page 3/50
[2026-06-08T08:18:28.914+0000] {subprocess.py:93} INFO - 2026-06-08 08:18:28,913 - common.tiki_product - INFO - Category 846 (sach-kinh-te) - fetching page 4/50
[2026-06-08T08:18:31.235+0000] {subprocess.py:93} INFO - 2026-06-08 08:18:31,234 - common.tiki_product - INFO - Category 846 (sach-kinh-te) - fetching page 5/50
[2026-06-08T08:18:33.473+0000] {subprocess.py:93} INFO - 2026-06-08 08:18:33,473 - common.tiki_product - INFO - Category 846 (sach-kinh-te) - fetching page 6/50
[2026-06-08T08:18:35.869+0000] {subprocess.py:93} INFO - 2026-06-08 08:18:35,869 - common.tiki_product - INFO - Category 846 (sach-kinh-te) - fetching page 7/50
[2026-06-08T08:18:38.210+0000] {subprocess.py:93} INFO - 2026-06-08 08:18:38,209 - common.tiki_product - INFO - Category 846 (sach-kinh-te) - fetching page 8/50
[2026-06-08T08:18:40.820+0000] {subprocess.py:93} INFO - 2026-06-08 08:18:40,820 - common.tiki_product - INFO - Category 846 (sach-kinh-te) - fetching page 9/50
[2026-06-08T08:18:43.100+0000] {subprocess.py:93} INFO - 2026-06-08 08:18:43,100 - common.tiki_product - INFO - Category 846 (sach-kinh-te) - fetching page 10/50
[2026-06-08T08:18:45.398+0000] {subprocess.py:93} INFO - 2026-06-08 08:18:45,398 - common.tiki_product - INFO - Category 846 (sach-kinh-te) - fetching page 11/50
[2026-06-08T08:18:47.832+0000] {subprocess.py:93} INFO - 2026-06-08 08:18:47,832 - common.tiki_product - INFO - Category 846 (sach-kinh-te) - fetching page 12/50
[2026-06-08T08:18:50.189+0000] {subprocess.py:93} INFO - 2026-06-08 08:18:50,188 - common.tiki_product - INFO - Category 846 (sach-kinh-te) - fetching page 13/50
[2026-06-08T08:18:52.546+0000] {subprocess.py:93} INFO - 2026-06-08 08:18:52,546 - common.tiki_product - INFO - Category 846 (sach-kinh-te) - fetching page 14/50
[2026-06-08T08:18:54.963+0000] {subprocess.py:93} INFO - 2026-06-08 08:18:54,962 - common.tiki_product - INFO - Category 846 (sach-kinh-te) - fetching page 15/50
[2026-06-08T08:18:57.286+0000] {subprocess.py:93} INFO - 2026-06-08 08:18:57,286 - common.tiki_product - INFO - Category 846 (sach-kinh-te) - fetching page 16/50
[2026-06-08T08:18:59.679+0000] {subprocess.py:93} INFO - 2026-06-08 08:18:59,679 - common.tiki_product - INFO - Category 846 (sach-kinh-te) - fetching page 17/50
[2026-06-08T08:19:02.068+0000] {subprocess.py:93} INFO - 2026-06-08 08:19:02,068 - common.tiki_product - INFO - Category 846 (sach-kinh-te) - fetching page 18/50
[2026-06-08T08:19:04.539+0000] {subprocess.py:93} INFO - 2026-06-08 08:19:04,538 - common.tiki_product - INFO - Category 846 (sach-kinh-te) - fetching page 19/50
[2026-06-08T08:19:13.901+0000] {subprocess.py:93} INFO - 2026-06-08 08:19:13,900 - common.tiki_product - INFO - Category 846 (sach-kinh-te) - fetching page 20/50
[2026-06-08T08:19:16.273+0000] {subprocess.py:93} INFO - 2026-06-08 08:19:16,273 - common.tiki_product - INFO - Category 846 (sach-kinh-te) - fetching page 21/50
[2026-06-08T08:19:18.635+0000] {subprocess.py:93} INFO - 2026-06-08 08:19:18,634 - common.tiki_product - INFO - Category 846 (sach-kinh-te) - fetching page 22/50
[2026-06-08T08:19:21.077+0000] {subprocess.py:93} INFO - 2026-06-08 08:19:21,076 - common.tiki_product - INFO - Category 846 (sach-kinh-te) - fetching page 23/50
[2026-06-08T08:19:23.458+0000] {subprocess.py:93} INFO - 2026-06-08 08:19:23,458 - common.tiki_product - INFO - Category 846 (sach-kinh-te) - fetching page 24/50
[2026-06-08T08:19:25.853+0000] {subprocess.py:93} INFO - 2026-06-08 08:19:25,852 - common.tiki_product - INFO - Category 846 (sach-kinh-te) - fetching page 25/50
[2026-06-08T08:19:28.360+0000] {subprocess.py:93} INFO - 2026-06-08 08:19:28,359 - common.tiki_product - INFO - Category 846 (sach-kinh-te) - fetching page 26/50
[2026-06-08T08:19:31.202+0000] {subprocess.py:93} INFO - 2026-06-08 08:19:31,201 - common.tiki_product - INFO - Category 846 (sach-kinh-te) - fetching page 27/50
[2026-06-08T08:19:33.595+0000] {subprocess.py:93} INFO - 2026-06-08 08:19:33,593 - common.tiki_product - INFO - Category 846 (sach-kinh-te) - fetching page 28/50
[2026-06-08T08:19:35.956+0000] {subprocess.py:93} INFO - 2026-06-08 08:19:35,956 - common.tiki_product - INFO - Category 846 (sach-kinh-te) - fetching page 29/50
[2026-06-08T08:19:38.330+0000] {subprocess.py:93} INFO - 2026-06-08 08:19:38,329 - common.tiki_product - INFO - Category 846 (sach-kinh-te) - fetching page 30/50
[2026-06-08T08:19:40.868+0000] {subprocess.py:93} INFO - 2026-06-08 08:19:40,868 - common.tiki_product - INFO - Category 846 (sach-kinh-te) - fetching page 31/50
[2026-06-08T08:19:43.300+0000] {subprocess.py:93} INFO - 2026-06-08 08:19:43,299 - common.tiki_product - INFO - Category 846 (sach-kinh-te) - fetching page 32/50
[2026-06-08T08:19:45.777+0000] {subprocess.py:93} INFO - 2026-06-08 08:19:45,776 - common.tiki_product - INFO - Category 846 (sach-kinh-te) - fetching page 33/50
[2026-06-08T08:19:48.148+0000] {subprocess.py:93} INFO - 2026-06-08 08:19:48,147 - common.tiki_product - INFO - Category 846 (sach-kinh-te) - fetching page 34/50
[2026-06-08T08:19:50.568+0000] {subprocess.py:93} INFO - 2026-06-08 08:19:50,567 - common.tiki_product - INFO - Category 846 (sach-kinh-te) - fetching page 35/50
[2026-06-08T08:19:52.943+0000] {subprocess.py:93} INFO - 2026-06-08 08:19:52,943 - common.tiki_product - INFO - Category 846 (sach-kinh-te) - fetching page 36/50
[2026-06-08T08:19:55.339+0000] {subprocess.py:93} INFO - 2026-06-08 08:19:55,338 - common.tiki_product - INFO - Category 846 (sach-kinh-te) - fetching page 37/50
[2026-06-08T08:19:57.694+0000] {subprocess.py:93} INFO - 2026-06-08 08:19:57,693 - common.tiki_product - INFO - Category 846 (sach-kinh-te) - fetching page 38/50
[2026-06-08T08:20:00.127+0000] {subprocess.py:93} INFO - 2026-06-08 08:20:00,126 - common.tiki_product - INFO - Category 846 (sach-kinh-te) - fetching page 39/50
[2026-06-08T08:20:02.630+0000] {subprocess.py:93} INFO - 2026-06-08 08:20:02,629 - common.tiki_product - INFO - Category 846 (sach-kinh-te) - fetching page 40/50
[2026-06-08T08:20:05.036+0000] {subprocess.py:93} INFO - 2026-06-08 08:20:05,035 - common.tiki_product - INFO - Category 846 (sach-kinh-te) - fetching page 41/50
[2026-06-08T08:20:07.540+0000] {subprocess.py:93} INFO - 2026-06-08 08:20:07,538 - common.tiki_product - INFO - Category 846 (sach-kinh-te) - fetching page 42/50
[2026-06-08T08:20:09.912+0000] {subprocess.py:93} INFO - 2026-06-08 08:20:09,911 - common.tiki_product - INFO - Category 846 (sach-kinh-te) - fetching page 43/50
[2026-06-08T08:20:12.342+0000] {subprocess.py:93} INFO - 2026-06-08 08:20:12,342 - common.tiki_product - INFO - Category 846 (sach-kinh-te) - fetching page 44/50
[2026-06-08T08:20:14.777+0000] {subprocess.py:93} INFO - 2026-06-08 08:20:14,776 - common.tiki_product - INFO - Category 846 (sach-kinh-te) - fetching page 45/50
[2026-06-08T08:20:17.220+0000] {subprocess.py:93} INFO - 2026-06-08 08:20:17,219 - common.tiki_product - INFO - Category 846 (sach-kinh-te) - fetching page 46/50
[2026-06-08T08:20:19.640+0000] {subprocess.py:93} INFO - 2026-06-08 08:20:19,639 - common.tiki_product - INFO - Category 846 (sach-kinh-te) - fetching page 47/50
[2026-06-08T08:20:22.113+0000] {subprocess.py:93} INFO - 2026-06-08 08:20:22,112 - common.tiki_product - INFO - Category 846 (sach-kinh-te) - fetching page 48/50
[2026-06-08T08:20:24.562+0000] {subprocess.py:93} INFO - 2026-06-08 08:20:24,561 - common.tiki_product - INFO - Category 846 (sach-kinh-te) - fetching page 49/50
[2026-06-08T08:20:27.204+0000] {subprocess.py:93} INFO - 2026-06-08 08:20:27,204 - common.tiki_product - INFO - Category 846 (sach-kinh-te) - fetching page 50/50
[2026-06-08T08:20:27.653+0000] {subprocess.py:93} INFO - 2026-06-08 08:20:27,652 - common.tiki_product - INFO - Reached last page (50). Finished category 846.
[2026-06-08T08:20:27.654+0000] {subprocess.py:93} INFO - 2026-06-08 08:20:27,653 - __main__ - INFO - [19/1219] Processing: Sách thiếu nhi
[2026-06-08T08:20:27.654+0000] {subprocess.py:93} INFO - 2026-06-08 08:20:27,653 - common.tiki_product - INFO - Category 393 (sach-truyen-thieu-nhi) - fetching page 1/1
[2026-06-08T08:20:30.226+0000] {subprocess.py:93} INFO - 2026-06-08 08:20:30,225 - common.tiki_product - INFO - Category 393 (sach-truyen-thieu-nhi) - fetching page 2/50
[2026-06-08T08:20:32.686+0000] {subprocess.py:93} INFO - 2026-06-08 08:20:32,685 - common.tiki_product - INFO - Category 393 (sach-truyen-thieu-nhi) - fetching page 3/50
[2026-06-08T08:20:35.046+0000] {subprocess.py:93} INFO - 2026-06-08 08:20:35,045 - common.tiki_product - INFO - Category 393 (sach-truyen-thieu-nhi) - fetching page 4/50
[2026-06-08T08:20:37.449+0000] {subprocess.py:93} INFO - 2026-06-08 08:20:37,448 - common.tiki_product - INFO - Category 393 (sach-truyen-thieu-nhi) - fetching page 5/50
[2026-06-08T08:20:39.881+0000] {subprocess.py:93} INFO - 2026-06-08 08:20:39,881 - common.tiki_product - INFO - Category 393 (sach-truyen-thieu-nhi) - fetching page 6/50
[2026-06-08T08:20:42.357+0000] {subprocess.py:93} INFO - 2026-06-08 08:20:42,356 - common.tiki_product - INFO - Category 393 (sach-truyen-thieu-nhi) - fetching page 7/50
[2026-06-08T08:20:44.768+0000] {subprocess.py:93} INFO - 2026-06-08 08:20:44,767 - common.tiki_product - INFO - Category 393 (sach-truyen-thieu-nhi) - fetching page 8/50
[2026-06-08T08:20:47.219+0000] {subprocess.py:93} INFO - 2026-06-08 08:20:47,219 - common.tiki_product - INFO - Category 393 (sach-truyen-thieu-nhi) - fetching page 9/50
[2026-06-08T08:20:49.612+0000] {subprocess.py:93} INFO - 2026-06-08 08:20:49,611 - common.tiki_product - INFO - Category 393 (sach-truyen-thieu-nhi) - fetching page 10/50
[2026-06-08T08:20:52.053+0000] {subprocess.py:93} INFO - 2026-06-08 08:20:52,052 - common.tiki_product - INFO - Category 393 (sach-truyen-thieu-nhi) - fetching page 11/50
[2026-06-08T08:20:54.475+0000] {subprocess.py:93} INFO - 2026-06-08 08:20:54,474 - common.tiki_product - INFO - Category 393 (sach-truyen-thieu-nhi) - fetching page 12/50
[2026-06-08T08:20:56.941+0000] {subprocess.py:93} INFO - 2026-06-08 08:20:56,941 - common.tiki_product - INFO - Category 393 (sach-truyen-thieu-nhi) - fetching page 13/50
[2026-06-08T08:20:59.328+0000] {subprocess.py:93} INFO - 2026-06-08 08:20:59,326 - common.tiki_product - INFO - Category 393 (sach-truyen-thieu-nhi) - fetching page 14/50
[2026-06-08T08:21:01.862+0000] {subprocess.py:93} INFO - 2026-06-08 08:21:01,861 - common.tiki_product - INFO - Category 393 (sach-truyen-thieu-nhi) - fetching page 15/50
[2026-06-08T08:21:04.329+0000] {subprocess.py:93} INFO - 2026-06-08 08:21:04,328 - common.tiki_product - INFO - Category 393 (sach-truyen-thieu-nhi) - fetching page 16/50
[2026-06-08T08:21:06.935+0000] {subprocess.py:93} INFO - 2026-06-08 08:21:06,934 - common.tiki_product - INFO - Category 393 (sach-truyen-thieu-nhi) - fetching page 17/50
[2026-06-08T08:21:09.413+0000] {subprocess.py:93} INFO - 2026-06-08 08:21:09,413 - common.tiki_product - INFO - Category 393 (sach-truyen-thieu-nhi) - fetching page 18/50
[2026-06-08T08:21:11.908+0000] {subprocess.py:93} INFO - 2026-06-08 08:21:11,906 - common.tiki_product - INFO - Category 393 (sach-truyen-thieu-nhi) - fetching page 19/50
[2026-06-08T08:21:14.480+0000] {subprocess.py:93} INFO - 2026-06-08 08:21:14,479 - common.tiki_product - INFO - Category 393 (sach-truyen-thieu-nhi) - fetching page 20/50
[2026-06-08T08:21:16.941+0000] {subprocess.py:93} INFO - 2026-06-08 08:21:16,940 - common.tiki_product - INFO - Category 393 (sach-truyen-thieu-nhi) - fetching page 21/50
[2026-06-08T08:21:19.320+0000] {subprocess.py:93} INFO - 2026-06-08 08:21:19,319 - common.tiki_product - INFO - Category 393 (sach-truyen-thieu-nhi) - fetching page 22/50
[2026-06-08T08:21:21.792+0000] {subprocess.py:93} INFO - 2026-06-08 08:21:21,792 - common.tiki_product - INFO - Category 393 (sach-truyen-thieu-nhi) - fetching page 23/50
[2026-06-08T08:21:24.173+0000] {subprocess.py:93} INFO - 2026-06-08 08:21:24,172 - common.tiki_product - INFO - Category 393 (sach-truyen-thieu-nhi) - fetching page 24/50
[2026-06-08T08:21:26.667+0000] {subprocess.py:93} INFO - 2026-06-08 08:21:26,667 - common.tiki_product - INFO - Category 393 (sach-truyen-thieu-nhi) - fetching page 25/50
[2026-06-08T08:21:29.059+0000] {subprocess.py:93} INFO - 2026-06-08 08:21:29,058 - common.tiki_product - INFO - Category 393 (sach-truyen-thieu-nhi) - fetching page 26/50
[2026-06-08T08:21:31.814+0000] {subprocess.py:93} INFO - 2026-06-08 08:21:31,814 - common.tiki_product - INFO - Category 393 (sach-truyen-thieu-nhi) - fetching page 27/50
[2026-06-08T08:21:34.220+0000] {subprocess.py:93} INFO - 2026-06-08 08:21:34,219 - common.tiki_product - INFO - Category 393 (sach-truyen-thieu-nhi) - fetching page 28/50
[2026-06-08T08:21:36.592+0000] {subprocess.py:93} INFO - 2026-06-08 08:21:36,592 - common.tiki_product - INFO - Category 393 (sach-truyen-thieu-nhi) - fetching page 29/50
[2026-06-08T08:21:38.984+0000] {subprocess.py:93} INFO - 2026-06-08 08:21:38,984 - common.tiki_product - INFO - Category 393 (sach-truyen-thieu-nhi) - fetching page 30/50
[2026-06-08T08:21:41.344+0000] {subprocess.py:93} INFO - 2026-06-08 08:21:41,344 - common.tiki_product - INFO - Category 393 (sach-truyen-thieu-nhi) - fetching page 31/50
[2026-06-08T08:21:43.808+0000] {subprocess.py:93} INFO - 2026-06-08 08:21:43,807 - common.tiki_product - INFO - Category 393 (sach-truyen-thieu-nhi) - fetching page 32/50
[2026-06-08T08:21:46.204+0000] {subprocess.py:93} INFO - 2026-06-08 08:21:46,204 - common.tiki_product - INFO - Category 393 (sach-truyen-thieu-nhi) - fetching page 33/50
[2026-06-08T08:21:48.616+0000] {subprocess.py:93} INFO - 2026-06-08 08:21:48,616 - common.tiki_product - INFO - Category 393 (sach-truyen-thieu-nhi) - fetching page 34/50
[2026-06-08T08:21:50.951+0000] {subprocess.py:93} INFO - 2026-06-08 08:21:50,950 - common.tiki_product - INFO - Category 393 (sach-truyen-thieu-nhi) - fetching page 35/50
[2026-06-08T08:21:53.315+0000] {subprocess.py:93} INFO - 2026-06-08 08:21:53,314 - common.tiki_product - INFO - Category 393 (sach-truyen-thieu-nhi) - fetching page 36/50
[2026-06-08T08:21:55.799+0000] {subprocess.py:93} INFO - 2026-06-08 08:21:55,797 - common.tiki_product - INFO - Category 393 (sach-truyen-thieu-nhi) - fetching page 37/50
[2026-06-08T08:21:58.608+0000] {subprocess.py:93} INFO - 2026-06-08 08:21:58,607 - common.tiki_product - INFO - Category 393 (sach-truyen-thieu-nhi) - fetching page 38/50
[2026-06-08T08:22:01.190+0000] {subprocess.py:93} INFO - 2026-06-08 08:22:01,189 - common.tiki_product - INFO - Category 393 (sach-truyen-thieu-nhi) - fetching page 39/50
[2026-06-08T08:22:03.758+0000] {subprocess.py:93} INFO - 2026-06-08 08:22:03,758 - common.tiki_product - INFO - Category 393 (sach-truyen-thieu-nhi) - fetching page 40/50
[2026-06-08T08:22:06.130+0000] {subprocess.py:93} INFO - 2026-06-08 08:22:06,129 - common.tiki_product - INFO - Category 393 (sach-truyen-thieu-nhi) - fetching page 41/50
[2026-06-08T08:22:08.578+0000] {subprocess.py:93} INFO - 2026-06-08 08:22:08,577 - common.tiki_product - INFO - Category 393 (sach-truyen-thieu-nhi) - fetching page 42/50
[2026-06-08T08:22:11.071+0000] {subprocess.py:93} INFO - 2026-06-08 08:22:11,070 - common.tiki_product - INFO - Category 393 (sach-truyen-thieu-nhi) - fetching page 43/50
[2026-06-08T08:22:13.445+0000] {subprocess.py:93} INFO - 2026-06-08 08:22:13,445 - common.tiki_product - INFO - Category 393 (sach-truyen-thieu-nhi) - fetching page 44/50
[2026-06-08T08:22:15.801+0000] {subprocess.py:93} INFO - 2026-06-08 08:22:15,801 - common.tiki_product - INFO - Category 393 (sach-truyen-thieu-nhi) - fetching page 45/50
[2026-06-08T08:22:18.178+0000] {subprocess.py:93} INFO - 2026-06-08 08:22:18,177 - common.tiki_product - INFO - Category 393 (sach-truyen-thieu-nhi) - fetching page 46/50
[2026-06-08T08:22:20.591+0000] {subprocess.py:93} INFO - 2026-06-08 08:22:20,591 - common.tiki_product - INFO - Category 393 (sach-truyen-thieu-nhi) - fetching page 47/50
[2026-06-08T08:22:23.009+0000] {subprocess.py:93} INFO - 2026-06-08 08:22:23,009 - common.tiki_product - INFO - Category 393 (sach-truyen-thieu-nhi) - fetching page 48/50
[2026-06-08T08:22:25.472+0000] {subprocess.py:93} INFO - 2026-06-08 08:22:25,471 - common.tiki_product - INFO - Category 393 (sach-truyen-thieu-nhi) - fetching page 49/50
[2026-06-08T08:22:27.913+0000] {subprocess.py:93} INFO - 2026-06-08 08:22:27,912 - common.tiki_product - INFO - Category 393 (sach-truyen-thieu-nhi) - fetching page 50/50
[2026-06-08T08:22:28.444+0000] {subprocess.py:93} INFO - 2026-06-08 08:22:28,443 - common.tiki_product - INFO - Reached last page (50). Finished category 393.
[2026-06-08T08:22:28.447+0000] {subprocess.py:93} INFO - 2026-06-08 08:22:28,444 - __main__ - INFO - [20/1219] Processing: Sách kỹ năng sống
[2026-06-08T08:22:28.448+0000] {subprocess.py:93} INFO - 2026-06-08 08:22:28,445 - common.tiki_product - INFO - Category 870 (sach-ky-nang-song) - fetching page 1/1
[2026-06-08T08:22:31.075+0000] {subprocess.py:93} INFO - 2026-06-08 08:22:31,075 - common.tiki_product - INFO - Category 870 (sach-ky-nang-song) - fetching page 2/50
[2026-06-08T08:22:33.399+0000] {subprocess.py:93} INFO - 2026-06-08 08:22:33,398 - common.tiki_product - INFO - Category 870 (sach-ky-nang-song) - fetching page 3/50
[2026-06-08T08:22:35.910+0000] {subprocess.py:93} INFO - 2026-06-08 08:22:35,910 - common.tiki_product - INFO - Category 870 (sach-ky-nang-song) - fetching page 4/50
[2026-06-08T08:22:38.302+0000] {subprocess.py:93} INFO - 2026-06-08 08:22:38,301 - common.tiki_product - INFO - Category 870 (sach-ky-nang-song) - fetching page 5/50
[2026-06-08T08:22:40.576+0000] {subprocess.py:93} INFO - 2026-06-08 08:22:40,575 - common.tiki_product - INFO - Category 870 (sach-ky-nang-song) - fetching page 6/50
[2026-06-08T08:22:42.934+0000] {subprocess.py:93} INFO - 2026-06-08 08:22:42,933 - common.tiki_product - INFO - Category 870 (sach-ky-nang-song) - fetching page 7/50
[2026-06-08T08:22:45.508+0000] {subprocess.py:93} INFO - 2026-06-08 08:22:45,507 - common.tiki_product - INFO - Category 870 (sach-ky-nang-song) - fetching page 8/50
[2026-06-08T08:22:48.011+0000] {subprocess.py:93} INFO - 2026-06-08 08:22:48,010 - common.tiki_product - INFO - Category 870 (sach-ky-nang-song) - fetching page 9/50
[2026-06-08T08:22:50.368+0000] {subprocess.py:93} INFO - 2026-06-08 08:22:50,367 - common.tiki_product - INFO - Category 870 (sach-ky-nang-song) - fetching page 10/50
[2026-06-08T08:22:52.859+0000] {subprocess.py:93} INFO - 2026-06-08 08:22:52,859 - common.tiki_product - INFO - Category 870 (sach-ky-nang-song) - fetching page 11/50
[2026-06-08T08:22:55.157+0000] {subprocess.py:93} INFO - 2026-06-08 08:22:55,156 - common.tiki_product - INFO - Category 870 (sach-ky-nang-song) - fetching page 12/50
[2026-06-08T08:22:57.440+0000] {subprocess.py:93} INFO - 2026-06-08 08:22:57,439 - common.tiki_product - INFO - Category 870 (sach-ky-nang-song) - fetching page 13/50
[2026-06-08T08:22:59.780+0000] {subprocess.py:93} INFO - 2026-06-08 08:22:59,779 - common.tiki_product - INFO - Category 870 (sach-ky-nang-song) - fetching page 14/50
[2026-06-08T08:23:02.621+0000] {subprocess.py:93} INFO - 2026-06-08 08:23:02,621 - common.tiki_product - INFO - Category 870 (sach-ky-nang-song) - fetching page 15/50
[2026-06-08T08:23:04.936+0000] {subprocess.py:93} INFO - 2026-06-08 08:23:04,935 - common.tiki_product - INFO - Category 870 (sach-ky-nang-song) - fetching page 16/50
[2026-06-08T08:23:07.555+0000] {subprocess.py:93} INFO - 2026-06-08 08:23:07,555 - common.tiki_product - INFO - Category 870 (sach-ky-nang-song) - fetching page 17/50
[2026-06-08T08:23:09.965+0000] {subprocess.py:93} INFO - 2026-06-08 08:23:09,964 - common.tiki_product - INFO - Category 870 (sach-ky-nang-song) - fetching page 18/50
[2026-06-08T08:23:12.516+0000] {subprocess.py:93} INFO - 2026-06-08 08:23:12,515 - common.tiki_product - INFO - Category 870 (sach-ky-nang-song) - fetching page 19/50
[2026-06-08T08:23:14.982+0000] {subprocess.py:93} INFO - 2026-06-08 08:23:14,981 - common.tiki_product - INFO - Category 870 (sach-ky-nang-song) - fetching page 20/50
[2026-06-08T08:23:17.885+0000] {subprocess.py:93} INFO - 2026-06-08 08:23:17,884 - common.tiki_product - INFO - Category 870 (sach-ky-nang-song) - fetching page 21/50
[2026-06-08T08:23:20.274+0000] {subprocess.py:93} INFO - 2026-06-08 08:23:20,272 - common.tiki_product - INFO - Category 870 (sach-ky-nang-song) - fetching page 22/50
[2026-06-08T08:23:22.816+0000] {subprocess.py:93} INFO - 2026-06-08 08:23:22,812 - common.tiki_product - INFO - Category 870 (sach-ky-nang-song) - fetching page 23/50
[2026-06-08T08:23:25.296+0000] {subprocess.py:93} INFO - 2026-06-08 08:23:25,295 - common.tiki_product - INFO - Category 870 (sach-ky-nang-song) - fetching page 24/50
[2026-06-08T08:23:27.671+0000] {subprocess.py:93} INFO - 2026-06-08 08:23:27,670 - common.tiki_product - INFO - Category 870 (sach-ky-nang-song) - fetching page 25/50
[2026-06-08T08:23:30.246+0000] {subprocess.py:93} INFO - 2026-06-08 08:23:30,245 - common.tiki_product - INFO - Category 870 (sach-ky-nang-song) - fetching page 26/50
[2026-06-08T08:23:33.932+0000] {subprocess.py:93} INFO - 2026-06-08 08:23:33,932 - common.tiki_product - INFO - Category 870 (sach-ky-nang-song) - fetching page 27/50
[2026-06-08T08:23:36.540+0000] {subprocess.py:93} INFO - 2026-06-08 08:23:36,540 - common.tiki_product - INFO - Category 870 (sach-ky-nang-song) - fetching page 28/50
[2026-06-08T08:23:38.992+0000] {subprocess.py:93} INFO - 2026-06-08 08:23:38,992 - common.tiki_product - INFO - Category 870 (sach-ky-nang-song) - fetching page 29/50
[2026-06-08T08:23:41.453+0000] {subprocess.py:93} INFO - 2026-06-08 08:23:41,452 - common.tiki_product - INFO - Category 870 (sach-ky-nang-song) - fetching page 30/50
[2026-06-08T08:23:44.062+0000] {subprocess.py:93} INFO - 2026-06-08 08:23:44,062 - common.tiki_product - INFO - Category 870 (sach-ky-nang-song) - fetching page 31/50
[2026-06-08T08:23:46.571+0000] {subprocess.py:93} INFO - 2026-06-08 08:23:46,570 - common.tiki_product - INFO - Category 870 (sach-ky-nang-song) - fetching page 32/50
[2026-06-08T08:23:55.021+0000] {subprocess.py:93} INFO - 2026-06-08 08:23:55,020 - common.tiki_product - INFO - Category 870 (sach-ky-nang-song) - fetching page 33/50
[2026-06-08T08:23:57.425+0000] {subprocess.py:93} INFO - 2026-06-08 08:23:57,423 - common.tiki_product - INFO - Category 870 (sach-ky-nang-song) - fetching page 34/50
[2026-06-08T08:24:00.224+0000] {subprocess.py:93} INFO - 2026-06-08 08:24:00,223 - common.tiki_product - INFO - Category 870 (sach-ky-nang-song) - fetching page 35/50
[2026-06-08T08:24:02.583+0000] {subprocess.py:93} INFO - 2026-06-08 08:24:02,582 - common.tiki_product - INFO - Category 870 (sach-ky-nang-song) - fetching page 36/50
[2026-06-08T08:24:04.996+0000] {subprocess.py:93} INFO - 2026-06-08 08:24:04,996 - common.tiki_product - INFO - Category 870 (sach-ky-nang-song) - fetching page 37/50
[2026-06-08T08:24:07.752+0000] {subprocess.py:93} INFO - 2026-06-08 08:24:07,752 - common.tiki_product - INFO - Category 870 (sach-ky-nang-song) - fetching page 38/50
[2026-06-08T08:24:10.229+0000] {subprocess.py:93} INFO - 2026-06-08 08:24:10,228 - common.tiki_product - INFO - Category 870 (sach-ky-nang-song) - fetching page 39/50
[2026-06-08T08:24:12.854+0000] {subprocess.py:93} INFO - 2026-06-08 08:24:12,854 - common.tiki_product - INFO - Category 870 (sach-ky-nang-song) - fetching page 40/50
[2026-06-08T08:24:15.418+0000] {subprocess.py:93} INFO - 2026-06-08 08:24:15,417 - common.tiki_product - INFO - Category 870 (sach-ky-nang-song) - fetching page 41/50
[2026-06-08T08:24:18.326+0000] {subprocess.py:93} INFO - 2026-06-08 08:24:18,326 - common.tiki_product - INFO - Category 870 (sach-ky-nang-song) - fetching page 42/50
[2026-06-08T08:24:20.730+0000] {subprocess.py:93} INFO - 2026-06-08 08:24:20,730 - common.tiki_product - INFO - Category 870 (sach-ky-nang-song) - fetching page 43/50
[2026-06-08T08:24:23.413+0000] {subprocess.py:93} INFO - 2026-06-08 08:24:23,412 - common.tiki_product - INFO - Category 870 (sach-ky-nang-song) - fetching page 44/50
[2026-06-08T08:24:25.801+0000] {subprocess.py:93} INFO - 2026-06-08 08:24:25,800 - common.tiki_product - INFO - Category 870 (sach-ky-nang-song) - fetching page 45/50
[2026-06-08T08:24:28.327+0000] {subprocess.py:93} INFO - 2026-06-08 08:24:28,326 - common.tiki_product - INFO - Category 870 (sach-ky-nang-song) - fetching page 46/50
[2026-06-08T08:24:30.683+0000] {subprocess.py:93} INFO - 2026-06-08 08:24:30,682 - common.tiki_product - INFO - Category 870 (sach-ky-nang-song) - fetching page 47/50
[2026-06-08T08:24:33.219+0000] {subprocess.py:93} INFO - 2026-06-08 08:24:33,217 - common.tiki_product - INFO - Category 870 (sach-ky-nang-song) - fetching page 48/50
[2026-06-08T08:24:35.593+0000] {subprocess.py:93} INFO - 2026-06-08 08:24:35,593 - common.tiki_product - INFO - Category 870 (sach-ky-nang-song) - fetching page 49/50
[2026-06-08T08:24:38.310+0000] {subprocess.py:93} INFO - 2026-06-08 08:24:38,309 - common.tiki_product - INFO - Category 870 (sach-ky-nang-song) - fetching page 50/50
[2026-06-08T08:24:38.725+0000] {subprocess.py:93} INFO - 2026-06-08 08:24:38,725 - common.tiki_product - INFO - Reached last page (50). Finished category 870.
[2026-06-08T08:24:38.726+0000] {subprocess.py:93} INFO - 2026-06-08 08:24:38,726 - __main__ - INFO - [21/1219] Processing: Nuôi dạy con
[2026-06-08T08:24:38.727+0000] {subprocess.py:93} INFO - 2026-06-08 08:24:38,726 - common.tiki_product - INFO - Category 2527 (nuoi-day-con) - fetching page 1/1
[2026-06-08T08:24:41.174+0000] {subprocess.py:93} INFO - 2026-06-08 08:24:41,173 - common.tiki_product - INFO - Category 2527 (nuoi-day-con) - fetching page 2/50
[2026-06-08T08:24:44.298+0000] {subprocess.py:93} INFO - 2026-06-08 08:24:44,297 - common.tiki_product - INFO - Category 2527 (nuoi-day-con) - fetching page 3/50
[2026-06-08T08:24:46.709+0000] {subprocess.py:93} INFO - 2026-06-08 08:24:46,708 - common.tiki_product - INFO - Category 2527 (nuoi-day-con) - fetching page 4/50
[2026-06-08T08:24:49.399+0000] {subprocess.py:93} INFO - 2026-06-08 08:24:49,398 - common.tiki_product - INFO - Category 2527 (nuoi-day-con) - fetching page 5/50
[2026-06-08T08:24:52.040+0000] {subprocess.py:93} INFO - 2026-06-08 08:24:52,039 - common.tiki_product - INFO - Category 2527 (nuoi-day-con) - fetching page 6/50
[2026-06-08T08:24:54.422+0000] {subprocess.py:93} INFO - 2026-06-08 08:24:54,421 - common.tiki_product - INFO - Category 2527 (nuoi-day-con) - fetching page 7/50
[2026-06-08T08:24:57.066+0000] {subprocess.py:93} INFO - 2026-06-08 08:24:57,064 - common.tiki_product - INFO - Category 2527 (nuoi-day-con) - fetching page 8/50
[2026-06-08T08:24:59.504+0000] {subprocess.py:93} INFO - 2026-06-08 08:24:59,503 - common.tiki_product - INFO - Category 2527 (nuoi-day-con) - fetching page 9/50
[2026-06-08T08:25:02.127+0000] {subprocess.py:93} INFO - 2026-06-08 08:25:02,126 - common.tiki_product - INFO - Category 2527 (nuoi-day-con) - fetching page 10/50
[2026-06-08T08:25:04.604+0000] {subprocess.py:93} INFO - 2026-06-08 08:25:04,603 - common.tiki_product - INFO - Category 2527 (nuoi-day-con) - fetching page 11/50
[2026-06-08T08:25:07.005+0000] {subprocess.py:93} INFO - 2026-06-08 08:25:07,005 - common.tiki_product - INFO - Category 2527 (nuoi-day-con) - fetching page 12/50
[2026-06-08T08:25:10.419+0000] {subprocess.py:93} INFO - 2026-06-08 08:25:10,417 - common.tiki_product - INFO - Category 2527 (nuoi-day-con) - fetching page 13/50
[2026-06-08T08:25:12.918+0000] {subprocess.py:93} INFO - 2026-06-08 08:25:12,917 - common.tiki_product - INFO - Category 2527 (nuoi-day-con) - fetching page 14/50
[2026-06-08T08:25:15.331+0000] {subprocess.py:93} INFO - 2026-06-08 08:25:15,330 - common.tiki_product - INFO - Category 2527 (nuoi-day-con) - fetching page 15/50
[2026-06-08T08:25:19.926+0000] {subprocess.py:93} INFO - 2026-06-08 08:25:19,926 - common.tiki_product - INFO - Category 2527 (nuoi-day-con) - fetching page 16/50
[2026-06-08T08:25:23.507+0000] {subprocess.py:93} INFO - 2026-06-08 08:25:23,506 - common.tiki_product - INFO - Category 2527 (nuoi-day-con) - fetching page 17/50
[2026-06-08T08:25:26.477+0000] {subprocess.py:93} INFO - 2026-06-08 08:25:26,476 - common.tiki_product - INFO - Category 2527 (nuoi-day-con) - fetching page 18/50
[2026-06-08T08:25:30.353+0000] {subprocess.py:93} INFO - 2026-06-08 08:25:30,353 - common.tiki_product - INFO - Category 2527 (nuoi-day-con) - fetching page 19/50
[2026-06-08T08:25:33.114+0000] {subprocess.py:93} INFO - 2026-06-08 08:25:33,113 - common.tiki_product - INFO - Category 2527 (nuoi-day-con) - fetching page 20/50
[2026-06-08T08:25:35.528+0000] {subprocess.py:93} INFO - 2026-06-08 08:25:35,528 - common.tiki_product - INFO - Category 2527 (nuoi-day-con) - fetching page 21/50
[2026-06-08T08:25:38.209+0000] {subprocess.py:93} INFO - 2026-06-08 08:25:38,208 - common.tiki_product - INFO - Category 2527 (nuoi-day-con) - fetching page 22/50
[2026-06-08T08:25:40.583+0000] {subprocess.py:93} INFO - 2026-06-08 08:25:40,583 - common.tiki_product - INFO - Category 2527 (nuoi-day-con) - fetching page 23/50
[2026-06-08T08:25:47.955+0000] {subprocess.py:93} INFO - 2026-06-08 08:25:47,954 - common.tiki_product - INFO - Category 2527 (nuoi-day-con) - fetching page 24/50
[2026-06-08T08:25:51.164+0000] {subprocess.py:93} INFO - 2026-06-08 08:25:51,164 - common.tiki_product - INFO - Category 2527 (nuoi-day-con) - fetching page 25/50
[2026-06-08T08:25:53.586+0000] {subprocess.py:93} INFO - 2026-06-08 08:25:53,585 - common.tiki_product - INFO - Category 2527 (nuoi-day-con) - fetching page 26/50
[2026-06-08T08:25:56.428+0000] {subprocess.py:93} INFO - 2026-06-08 08:25:56,427 - common.tiki_product - INFO - Category 2527 (nuoi-day-con) - fetching page 27/50
[2026-06-08T08:25:58.821+0000] {subprocess.py:93} INFO - 2026-06-08 08:25:58,821 - common.tiki_product - INFO - Category 2527 (nuoi-day-con) - fetching page 28/50
[2026-06-08T08:26:02.231+0000] {subprocess.py:93} INFO - 2026-06-08 08:26:02,229 - common.tiki_product - INFO - Category 2527 (nuoi-day-con) - fetching page 29/50
[2026-06-08T08:26:04.720+0000] {subprocess.py:93} INFO - 2026-06-08 08:26:04,718 - common.tiki_product - INFO - Category 2527 (nuoi-day-con) - fetching page 30/50
[2026-06-08T08:26:07.149+0000] {subprocess.py:93} INFO - 2026-06-08 08:26:07,149 - common.tiki_product - INFO - Category 2527 (nuoi-day-con) - fetching page 31/50
[2026-06-08T08:26:09.520+0000] {subprocess.py:93} INFO - 2026-06-08 08:26:09,519 - common.tiki_product - INFO - Category 2527 (nuoi-day-con) - fetching page 32/50
[2026-06-08T08:26:12.302+0000] {subprocess.py:93} INFO - 2026-06-08 08:26:12,301 - common.tiki_product - INFO - Category 2527 (nuoi-day-con) - fetching page 33/50
[2026-06-08T08:26:14.690+0000] {subprocess.py:93} INFO - 2026-06-08 08:26:14,690 - common.tiki_product - INFO - Category 2527 (nuoi-day-con) - fetching page 34/50
[2026-06-08T08:26:17.097+0000] {subprocess.py:93} INFO - 2026-06-08 08:26:17,095 - common.tiki_product - INFO - Category 2527 (nuoi-day-con) - fetching page 35/50
[2026-06-08T08:26:19.498+0000] {subprocess.py:93} INFO - 2026-06-08 08:26:19,497 - common.tiki_product - INFO - Category 2527 (nuoi-day-con) - fetching page 36/50
[2026-06-08T08:26:21.834+0000] {subprocess.py:93} INFO - 2026-06-08 08:26:21,833 - common.tiki_product - INFO - Category 2527 (nuoi-day-con) - fetching page 37/50
[2026-06-08T08:26:24.306+0000] {subprocess.py:93} INFO - 2026-06-08 08:26:24,305 - common.tiki_product - INFO - Category 2527 (nuoi-day-con) - fetching page 38/50
[2026-06-08T08:26:26.683+0000] {subprocess.py:93} INFO - 2026-06-08 08:26:26,682 - common.tiki_product - INFO - Category 2527 (nuoi-day-con) - fetching page 39/50
[2026-06-08T08:26:29.118+0000] {subprocess.py:93} INFO - 2026-06-08 08:26:29,115 - common.tiki_product - INFO - Category 2527 (nuoi-day-con) - fetching page 40/50
[2026-06-08T08:26:33.166+0000] {subprocess.py:93} INFO - 2026-06-08 08:26:33,166 - common.tiki_product - INFO - Category 2527 (nuoi-day-con) - fetching page 41/50
[2026-06-08T08:26:35.598+0000] {subprocess.py:93} INFO - 2026-06-08 08:26:35,597 - common.tiki_product - INFO - Category 2527 (nuoi-day-con) - fetching page 42/50
[2026-06-08T08:26:37.978+0000] {subprocess.py:93} INFO - 2026-06-08 08:26:37,978 - common.tiki_product - INFO - Category 2527 (nuoi-day-con) - fetching page 43/50
[2026-06-08T08:26:40.281+0000] {subprocess.py:93} INFO - 2026-06-08 08:26:40,280 - common.tiki_product - INFO - Category 2527 (nuoi-day-con) - fetching page 44/50
[2026-06-08T08:26:42.783+0000] {subprocess.py:93} INFO - 2026-06-08 08:26:42,783 - common.tiki_product - INFO - Category 2527 (nuoi-day-con) - fetching page 45/50
[2026-06-08T08:26:45.118+0000] {subprocess.py:93} INFO - 2026-06-08 08:26:45,117 - common.tiki_product - INFO - Category 2527 (nuoi-day-con) - fetching page 46/50
[2026-06-08T08:26:48.276+0000] {subprocess.py:93} INFO - 2026-06-08 08:26:48,275 - common.tiki_product - INFO - Category 2527 (nuoi-day-con) - fetching page 47/50
[2026-06-08T08:26:50.636+0000] {subprocess.py:93} INFO - 2026-06-08 08:26:50,635 - common.tiki_product - INFO - Category 2527 (nuoi-day-con) - fetching page 48/50
[2026-06-08T08:26:53.011+0000] {subprocess.py:93} INFO - 2026-06-08 08:26:53,010 - common.tiki_product - INFO - Category 2527 (nuoi-day-con) - fetching page 49/50
[2026-06-08T08:26:55.352+0000] {subprocess.py:93} INFO - 2026-06-08 08:26:55,351 - common.tiki_product - INFO - Category 2527 (nuoi-day-con) - fetching page 50/50
[2026-06-08T08:26:56.861+0000] {subprocess.py:93} INFO - 2026-06-08 08:26:56,860 - common.tiki_product - INFO - Reached last page (50). Finished category 2527.
[2026-06-08T08:26:56.864+0000] {subprocess.py:93} INFO - 2026-06-08 08:26:56,861 - __main__ - INFO - [22/1219] Processing: Sách Giáo Khoa - Giáo Trình
[2026-06-08T08:26:56.868+0000] {subprocess.py:93} INFO - 2026-06-08 08:26:56,862 - common.tiki_product - INFO - Category 2321 (sach-giao-khoa-giao-trinh) - fetching page 1/1
[2026-06-08T08:26:59.420+0000] {subprocess.py:93} INFO - 2026-06-08 08:26:59,419 - common.tiki_product - INFO - Category 2321 (sach-giao-khoa-giao-trinh) - fetching page 2/50
[2026-06-08T08:27:02.142+0000] {subprocess.py:93} INFO - 2026-06-08 08:27:02,141 - common.tiki_product - INFO - Category 2321 (sach-giao-khoa-giao-trinh) - fetching page 3/50
[2026-06-08T08:27:04.630+0000] {subprocess.py:93} INFO - 2026-06-08 08:27:04,629 - common.tiki_product - INFO - Category 2321 (sach-giao-khoa-giao-trinh) - fetching page 4/50
[2026-06-08T08:27:07.113+0000] {subprocess.py:93} INFO - 2026-06-08 08:27:07,113 - common.tiki_product - INFO - Category 2321 (sach-giao-khoa-giao-trinh) - fetching page 5/50
[2026-06-08T08:27:09.973+0000] {subprocess.py:93} INFO - 2026-06-08 08:27:09,973 - common.tiki_product - INFO - Category 2321 (sach-giao-khoa-giao-trinh) - fetching page 6/50
[2026-06-08T08:27:12.374+0000] {subprocess.py:93} INFO - 2026-06-08 08:27:12,373 - common.tiki_product - INFO - Category 2321 (sach-giao-khoa-giao-trinh) - fetching page 7/50
[2026-06-08T08:27:15.164+0000] {subprocess.py:93} INFO - 2026-06-08 08:27:15,163 - common.tiki_product - INFO - Category 2321 (sach-giao-khoa-giao-trinh) - fetching page 8/50
[2026-06-08T08:27:18.345+0000] {subprocess.py:93} INFO - 2026-06-08 08:27:18,344 - common.tiki_product - INFO - Category 2321 (sach-giao-khoa-giao-trinh) - fetching page 9/50
[2026-06-08T08:27:20.842+0000] {subprocess.py:93} INFO - 2026-06-08 08:27:20,841 - common.tiki_product - INFO - Category 2321 (sach-giao-khoa-giao-trinh) - fetching page 10/50
[2026-06-08T08:27:23.240+0000] {subprocess.py:93} INFO - 2026-06-08 08:27:23,240 - common.tiki_product - INFO - Category 2321 (sach-giao-khoa-giao-trinh) - fetching page 11/50
[2026-06-08T08:27:25.610+0000] {subprocess.py:93} INFO - 2026-06-08 08:27:25,609 - common.tiki_product - INFO - Category 2321 (sach-giao-khoa-giao-trinh) - fetching page 12/50
[2026-06-08T08:27:28.398+0000] {subprocess.py:93} INFO - 2026-06-08 08:27:28,397 - common.tiki_product - INFO - Category 2321 (sach-giao-khoa-giao-trinh) - fetching page 13/50
[2026-06-08T08:27:31.235+0000] {subprocess.py:93} INFO - 2026-06-08 08:27:31,234 - common.tiki_product - INFO - Category 2321 (sach-giao-khoa-giao-trinh) - fetching page 14/50
[2026-06-08T08:27:33.665+0000] {subprocess.py:93} INFO - 2026-06-08 08:27:33,665 - common.tiki_product - INFO - Category 2321 (sach-giao-khoa-giao-trinh) - fetching page 15/50
[2026-06-08T08:27:36.935+0000] {subprocess.py:93} INFO - 2026-06-08 08:27:36,935 - common.tiki_product - INFO - Category 2321 (sach-giao-khoa-giao-trinh) - fetching page 16/50
[2026-06-08T08:27:40.513+0000] {subprocess.py:93} INFO - 2026-06-08 08:27:40,512 - common.tiki_product - INFO - Category 2321 (sach-giao-khoa-giao-trinh) - fetching page 17/50
[2026-06-08T08:27:42.919+0000] {subprocess.py:93} INFO - 2026-06-08 08:27:42,919 - common.tiki_product - INFO - Category 2321 (sach-giao-khoa-giao-trinh) - fetching page 18/50
[2026-06-08T08:27:45.322+0000] {subprocess.py:93} INFO - 2026-06-08 08:27:45,322 - common.tiki_product - INFO - Category 2321 (sach-giao-khoa-giao-trinh) - fetching page 19/50
[2026-06-08T08:27:47.647+0000] {subprocess.py:93} INFO - 2026-06-08 08:27:47,646 - common.tiki_product - INFO - Category 2321 (sach-giao-khoa-giao-trinh) - fetching page 20/50
[2026-06-08T08:27:49.985+0000] {subprocess.py:93} INFO - 2026-06-08 08:27:49,985 - common.tiki_product - INFO - Category 2321 (sach-giao-khoa-giao-trinh) - fetching page 21/50
[2026-06-08T08:27:57.903+0000] {subprocess.py:93} INFO - 2026-06-08 08:27:57,903 - common.tiki_product - INFO - Category 2321 (sach-giao-khoa-giao-trinh) - fetching page 22/50
[2026-06-08T08:28:05.166+0000] {subprocess.py:93} INFO - 2026-06-08 08:28:05,166 - common.tiki_product - INFO - Category 2321 (sach-giao-khoa-giao-trinh) - fetching page 23/50
[2026-06-08T08:28:15.533+0000] {subprocess.py:93} INFO - 2026-06-08 08:28:15,532 - common.tiki_product - INFO - Category 2321 (sach-giao-khoa-giao-trinh) - fetching page 24/50
[2026-06-08T08:28:19.561+0000] {subprocess.py:93} INFO - 2026-06-08 08:28:19,556 - common.http_client - ERROR - Connection error: Failed to perform, curl: (6) Could not resolve host: tiki.vn. See https://curl.se/libcurl/c/libcurl-errors.html first for more details.
[2026-06-08T08:28:26.879+0000] {local_task_job_runner.py:121} ERROR - Received SIGTERM. Terminating subprocesses
[2026-06-08T08:28:26.909+0000] {process_utils.py:131} INFO - Sending 15 to group 348. PIDs of all processes in the group: [349, 348]
[2026-06-08T08:28:26.913+0000] {process_utils.py:86} INFO - Sending the signal 15 to group 348
[2026-06-08T08:28:26.926+0000] {taskinstance.py:2450} ERROR - Received SIGTERM. Terminating subprocesses.
[2026-06-08T08:28:26.938+0000] {subprocess.py:104} INFO - Sending SIGTERM signal to process group
[2026-06-08T08:28:27.148+0000] {taskinstance.py:2698} ERROR - Task failed with exception
Traceback (most recent call last):
  File "/home/airflow/.local/lib/python3.8/site-packages/airflow/models/taskinstance.py", line 433, in _execute_task
    result = execute_callable(context=context, **execute_callable_kwargs)
  File "/home/airflow/.local/lib/python3.8/site-packages/airflow/operators/bash.py", line 203, in execute
    result = self.subprocess_hook.run_command(
  File "/home/airflow/.local/lib/python3.8/site-packages/airflow/hooks/subprocess.py", line 91, in run_command
    for raw_line in iter(self.sub_process.stdout.readline, b""):
  File "/home/airflow/.local/lib/python3.8/site-packages/airflow/models/taskinstance.py", line 2452, in signal_handler
    raise AirflowException("Task received SIGTERM signal")
airflow.exceptions.AirflowException: Task received SIGTERM signal
[2026-06-08T08:28:27.177+0000] {taskinstance.py:1138} INFO - Marking task as FAILED. dag_id=tiki_beauty_lakehouse_pipeline, task_id=extract_tiki_data, execution_date=20260608T080348, start_date=20260608T080611, end_date=20260608T082827
[2026-06-08T08:28:27.241+0000] {standard_task_runner.py:107} ERROR - Failed to execute job 109 for task extract_tiki_data (Task received SIGTERM signal; 348)
[2026-06-08T08:28:27.279+0000] {process_utils.py:79} INFO - Process psutil.Process(pid=348, status='terminated', exitcode=1, started='08:06:10') (348) terminated with exit code 1
[2026-06-08T08:28:27.281+0000] {process_utils.py:79} INFO - Process psutil.Process(pid=349, status='terminated', started='08:06:11') (349) terminated with exit code None
[2026-06-08T08:28:27.283+0000] {local_task_job_runner.py:234} INFO - Task exited with return code 143
[2026-06-08T08:28:27.349+0000] {taskinstance.py:3280} INFO - 0 downstream tasks scheduled from follow-on schedule check
