[2026-06-08T07:56:51.239+0000] {processor.py:161} INFO - Started process (PID=173) to work on /opt/airflow/dags/tiki_pipeline_dag.py
[2026-06-08T07:56:51.241+0000] {processor.py:830} INFO - Processing file /opt/airflow/dags/tiki_pipeline_dag.py for tasks to queue
[2026-06-08T07:56:51.243+0000] {logging_mixin.py:188} INFO - [2026-06-08T07:56:51.243+0000] {dagbag.py:538} INFO - Filling up the DagBag from /opt/airflow/dags/tiki_pipeline_dag.py
[2026-06-08T07:56:51.311+0000] {processor.py:840} INFO - DAG(s) 'tiki_beauty_lakehouse_pipeline' retrieved from /opt/airflow/dags/tiki_pipeline_dag.py
[2026-06-08T07:56:51.682+0000] {logging_mixin.py:188} INFO - [2026-06-08T07:56:51.681+0000] {dag.py:3036} INFO - Sync 1 DAGs
[2026-06-08T07:56:51.714+0000] {logging_mixin.py:188} INFO - [2026-06-08T07:56:51.714+0000] {dag.py:3823} INFO - Setting next_dagrun for tiki_beauty_lakehouse_pipeline to 2026-06-07 08:00:00+00:00, run_after=2026-06-08 08:00:00+00:00
[2026-06-08T07:56:51.755+0000] {processor.py:183} INFO - Processing /opt/airflow/dags/tiki_pipeline_dag.py took 0.522 seconds
[2026-06-08T07:57:21.987+0000] {processor.py:161} INFO - Started process (PID=178) to work on /opt/airflow/dags/tiki_pipeline_dag.py
[2026-06-08T07:57:21.989+0000] {processor.py:830} INFO - Processing file /opt/airflow/dags/tiki_pipeline_dag.py for tasks to queue
[2026-06-08T07:57:21.992+0000] {logging_mixin.py:188} INFO - [2026-06-08T07:57:21.991+0000] {dagbag.py:538} INFO - Filling up the DagBag from /opt/airflow/dags/tiki_pipeline_dag.py
[2026-06-08T07:57:22.031+0000] {processor.py:840} INFO - DAG(s) 'tiki_beauty_lakehouse_pipeline' retrieved from /opt/airflow/dags/tiki_pipeline_dag.py
[2026-06-08T07:57:22.075+0000] {logging_mixin.py:188} INFO - [2026-06-08T07:57:22.075+0000] {dag.py:3036} INFO - Sync 1 DAGs
[2026-06-08T07:57:22.105+0000] {logging_mixin.py:188} INFO - [2026-06-08T07:57:22.104+0000] {dag.py:3823} INFO - Setting next_dagrun for tiki_beauty_lakehouse_pipeline to 2026-06-07 08:00:00+00:00, run_after=2026-06-08 08:00:00+00:00
[2026-06-08T07:57:22.135+0000] {processor.py:183} INFO - Processing /opt/airflow/dags/tiki_pipeline_dag.py took 0.152 seconds
[2026-06-08T07:57:52.463+0000] {processor.py:161} INFO - Started process (PID=183) to work on /opt/airflow/dags/tiki_pipeline_dag.py
[2026-06-08T07:57:52.465+0000] {processor.py:830} INFO - Processing file /opt/airflow/dags/tiki_pipeline_dag.py for tasks to queue
[2026-06-08T07:57:52.468+0000] {logging_mixin.py:188} INFO - [2026-06-08T07:57:52.467+0000] {dagbag.py:538} INFO - Filling up the DagBag from /opt/airflow/dags/tiki_pipeline_dag.py
[2026-06-08T07:57:52.513+0000] {processor.py:840} INFO - DAG(s) 'tiki_beauty_lakehouse_pipeline' retrieved from /opt/airflow/dags/tiki_pipeline_dag.py
[2026-06-08T07:57:52.598+0000] {logging_mixin.py:188} INFO - [2026-06-08T07:57:52.597+0000] {dag.py:3036} INFO - Sync 1 DAGs
[2026-06-08T07:57:52.625+0000] {logging_mixin.py:188} INFO - [2026-06-08T07:57:52.625+0000] {dag.py:3823} INFO - Setting next_dagrun for tiki_beauty_lakehouse_pipeline to 2026-06-07 08:00:00+00:00, run_after=2026-06-08 08:00:00+00:00
[2026-06-08T07:57:52.654+0000] {processor.py:183} INFO - Processing /opt/airflow/dags/tiki_pipeline_dag.py took 0.200 seconds
[2026-06-08T07:58:23.094+0000] {processor.py:161} INFO - Started process (PID=188) to work on /opt/airflow/dags/tiki_pipeline_dag.py
[2026-06-08T07:58:23.096+0000] {processor.py:830} INFO - Processing file /opt/airflow/dags/tiki_pipeline_dag.py for tasks to queue
[2026-06-08T07:58:23.098+0000] {logging_mixin.py:188} INFO - [2026-06-08T07:58:23.098+0000] {dagbag.py:538} INFO - Filling up the DagBag from /opt/airflow/dags/tiki_pipeline_dag.py
[2026-06-08T07:58:23.144+0000] {processor.py:840} INFO - DAG(s) 'tiki_beauty_lakehouse_pipeline' retrieved from /opt/airflow/dags/tiki_pipeline_dag.py
[2026-06-08T07:58:23.181+0000] {logging_mixin.py:188} INFO - [2026-06-08T07:58:23.181+0000] {dag.py:3036} INFO - Sync 1 DAGs
[2026-06-08T07:58:23.219+0000] {logging_mixin.py:188} INFO - [2026-06-08T07:58:23.219+0000] {dag.py:3823} INFO - Setting next_dagrun for tiki_beauty_lakehouse_pipeline to 2026-06-07 08:00:00+00:00, run_after=2026-06-08 08:00:00+00:00
[2026-06-08T07:58:23.260+0000] {processor.py:183} INFO - Processing /opt/airflow/dags/tiki_pipeline_dag.py took 0.172 seconds
[2026-06-08T07:58:53.939+0000] {processor.py:161} INFO - Started process (PID=193) to work on /opt/airflow/dags/tiki_pipeline_dag.py
[2026-06-08T07:58:53.943+0000] {processor.py:830} INFO - Processing file /opt/airflow/dags/tiki_pipeline_dag.py for tasks to queue
[2026-06-08T07:58:53.946+0000] {logging_mixin.py:188} INFO - [2026-06-08T07:58:53.945+0000] {dagbag.py:538} INFO - Filling up the DagBag from /opt/airflow/dags/tiki_pipeline_dag.py
[2026-06-08T07:58:54.084+0000] {processor.py:840} INFO - DAG(s) 'tiki_beauty_lakehouse_pipeline' retrieved from /opt/airflow/dags/tiki_pipeline_dag.py
[2026-06-08T07:58:54.111+0000] {logging_mixin.py:188} INFO - [2026-06-08T07:58:54.110+0000] {dag.py:3036} INFO - Sync 1 DAGs
[2026-06-08T07:58:54.148+0000] {logging_mixin.py:188} INFO - [2026-06-08T07:58:54.147+0000] {dag.py:3823} INFO - Setting next_dagrun for tiki_beauty_lakehouse_pipeline to 2026-06-07 08:00:00+00:00, run_after=2026-06-08 08:00:00+00:00
[2026-06-08T07:58:54.195+0000] {processor.py:183} INFO - Processing /opt/airflow/dags/tiki_pipeline_dag.py took 0.268 seconds
[2026-06-08T07:59:24.528+0000] {processor.py:161} INFO - Started process (PID=198) to work on /opt/airflow/dags/tiki_pipeline_dag.py
[2026-06-08T07:59:24.530+0000] {processor.py:830} INFO - Processing file /opt/airflow/dags/tiki_pipeline_dag.py for tasks to queue
[2026-06-08T07:59:24.533+0000] {logging_mixin.py:188} INFO - [2026-06-08T07:59:24.532+0000] {dagbag.py:538} INFO - Filling up the DagBag from /opt/airflow/dags/tiki_pipeline_dag.py
[2026-06-08T07:59:24.645+0000] {processor.py:840} INFO - DAG(s) 'tiki_beauty_lakehouse_pipeline' retrieved from /opt/airflow/dags/tiki_pipeline_dag.py
[2026-06-08T07:59:24.681+0000] {logging_mixin.py:188} INFO - [2026-06-08T07:59:24.681+0000] {dag.py:3036} INFO - Sync 1 DAGs
[2026-06-08T07:59:24.712+0000] {logging_mixin.py:188} INFO - [2026-06-08T07:59:24.712+0000] {dag.py:3823} INFO - Setting next_dagrun for tiki_beauty_lakehouse_pipeline to 2026-06-07 08:00:00+00:00, run_after=2026-06-08 08:00:00+00:00
[2026-06-08T07:59:24.745+0000] {processor.py:183} INFO - Processing /opt/airflow/dags/tiki_pipeline_dag.py took 0.224 seconds
[2026-06-08T07:59:55.411+0000] {processor.py:161} INFO - Started process (PID=203) to work on /opt/airflow/dags/tiki_pipeline_dag.py
[2026-06-08T07:59:55.413+0000] {processor.py:830} INFO - Processing file /opt/airflow/dags/tiki_pipeline_dag.py for tasks to queue
[2026-06-08T07:59:55.414+0000] {logging_mixin.py:188} INFO - [2026-06-08T07:59:55.414+0000] {dagbag.py:538} INFO - Filling up the DagBag from /opt/airflow/dags/tiki_pipeline_dag.py
[2026-06-08T07:59:55.515+0000] {processor.py:840} INFO - DAG(s) 'tiki_beauty_lakehouse_pipeline' retrieved from /opt/airflow/dags/tiki_pipeline_dag.py
[2026-06-08T07:59:55.548+0000] {logging_mixin.py:188} INFO - [2026-06-08T07:59:55.547+0000] {dag.py:3036} INFO - Sync 1 DAGs
[2026-06-08T07:59:55.584+0000] {logging_mixin.py:188} INFO - [2026-06-08T07:59:55.584+0000] {dag.py:3823} INFO - Setting next_dagrun for tiki_beauty_lakehouse_pipeline to 2026-06-07 08:00:00+00:00, run_after=2026-06-08 08:00:00+00:00
[2026-06-08T07:59:55.622+0000] {processor.py:183} INFO - Processing /opt/airflow/dags/tiki_pipeline_dag.py took 0.214 seconds
[2026-06-08T08:00:26.057+0000] {processor.py:161} INFO - Started process (PID=214) to work on /opt/airflow/dags/tiki_pipeline_dag.py
[2026-06-08T08:00:26.059+0000] {processor.py:830} INFO - Processing file /opt/airflow/dags/tiki_pipeline_dag.py for tasks to queue
[2026-06-08T08:00:26.064+0000] {logging_mixin.py:188} INFO - [2026-06-08T08:00:26.063+0000] {dagbag.py:538} INFO - Filling up the DagBag from /opt/airflow/dags/tiki_pipeline_dag.py
[2026-06-08T08:00:26.136+0000] {processor.py:840} INFO - DAG(s) 'tiki_beauty_lakehouse_pipeline' retrieved from /opt/airflow/dags/tiki_pipeline_dag.py
[2026-06-08T08:00:26.169+0000] {logging_mixin.py:188} INFO - [2026-06-08T08:00:26.169+0000] {dag.py:3036} INFO - Sync 1 DAGs
[2026-06-08T08:00:26.199+0000] {logging_mixin.py:188} INFO - [2026-06-08T08:00:26.199+0000] {dag.py:3823} INFO - Setting next_dagrun for tiki_beauty_lakehouse_pipeline to 2026-06-08 08:00:00+00:00, run_after=2026-06-09 08:00:00+00:00
[2026-06-08T08:00:26.236+0000] {processor.py:183} INFO - Processing /opt/airflow/dags/tiki_pipeline_dag.py took 0.195 seconds
[2026-06-08T08:00:56.588+0000] {processor.py:161} INFO - Started process (PID=221) to work on /opt/airflow/dags/tiki_pipeline_dag.py
[2026-06-08T08:00:56.591+0000] {processor.py:830} INFO - Processing file /opt/airflow/dags/tiki_pipeline_dag.py for tasks to queue
[2026-06-08T08:00:56.593+0000] {logging_mixin.py:188} INFO - [2026-06-08T08:00:56.593+0000] {dagbag.py:538} INFO - Filling up the DagBag from /opt/airflow/dags/tiki_pipeline_dag.py
[2026-06-08T08:00:56.665+0000] {processor.py:840} INFO - DAG(s) 'tiki_beauty_lakehouse_pipeline' retrieved from /opt/airflow/dags/tiki_pipeline_dag.py
[2026-06-08T08:00:56.716+0000] {logging_mixin.py:188} INFO - [2026-06-08T08:00:56.716+0000] {dag.py:3036} INFO - Sync 1 DAGs
[2026-06-08T08:00:56.749+0000] {logging_mixin.py:188} INFO - [2026-06-08T08:00:56.749+0000] {dag.py:3823} INFO - Setting next_dagrun for tiki_beauty_lakehouse_pipeline to 2026-06-08 08:00:00+00:00, run_after=2026-06-09 08:00:00+00:00
[2026-06-08T08:00:56.777+0000] {processor.py:183} INFO - Processing /opt/airflow/dags/tiki_pipeline_dag.py took 0.196 seconds
[2026-06-08T08:01:27.379+0000] {processor.py:161} INFO - Started process (PID=234) to work on /opt/airflow/dags/tiki_pipeline_dag.py
[2026-06-08T08:01:27.381+0000] {processor.py:830} INFO - Processing file /opt/airflow/dags/tiki_pipeline_dag.py for tasks to queue
[2026-06-08T08:01:27.384+0000] {logging_mixin.py:188} INFO - [2026-06-08T08:01:27.384+0000] {dagbag.py:538} INFO - Filling up the DagBag from /opt/airflow/dags/tiki_pipeline_dag.py
[2026-06-08T08:01:27.448+0000] {processor.py:840} INFO - DAG(s) 'tiki_beauty_lakehouse_pipeline' retrieved from /opt/airflow/dags/tiki_pipeline_dag.py
[2026-06-08T08:01:27.488+0000] {logging_mixin.py:188} INFO - [2026-06-08T08:01:27.488+0000] {dag.py:3036} INFO - Sync 1 DAGs
[2026-06-08T08:01:27.528+0000] {logging_mixin.py:188} INFO - [2026-06-08T08:01:27.528+0000] {dag.py:3823} INFO - Setting next_dagrun for tiki_beauty_lakehouse_pipeline to 2026-06-08 08:00:00+00:00, run_after=2026-06-09 08:00:00+00:00
[2026-06-08T08:01:27.569+0000] {processor.py:183} INFO - Processing /opt/airflow/dags/tiki_pipeline_dag.py took 0.193 seconds
[2026-06-08T08:01:57.892+0000] {processor.py:161} INFO - Started process (PID=248) to work on /opt/airflow/dags/tiki_pipeline_dag.py
[2026-06-08T08:01:57.894+0000] {processor.py:830} INFO - Processing file /opt/airflow/dags/tiki_pipeline_dag.py for tasks to queue
[2026-06-08T08:01:57.895+0000] {logging_mixin.py:188} INFO - [2026-06-08T08:01:57.895+0000] {dagbag.py:538} INFO - Filling up the DagBag from /opt/airflow/dags/tiki_pipeline_dag.py
[2026-06-08T08:01:57.942+0000] {processor.py:840} INFO - DAG(s) 'tiki_beauty_lakehouse_pipeline' retrieved from /opt/airflow/dags/tiki_pipeline_dag.py
[2026-06-08T08:01:57.976+0000] {logging_mixin.py:188} INFO - [2026-06-08T08:01:57.976+0000] {dag.py:3036} INFO - Sync 1 DAGs
[2026-06-08T08:01:58.008+0000] {logging_mixin.py:188} INFO - [2026-06-08T08:01:58.008+0000] {dag.py:3823} INFO - Setting next_dagrun for tiki_beauty_lakehouse_pipeline to 2026-06-08 08:00:00+00:00, run_after=2026-06-09 08:00:00+00:00
[2026-06-08T08:01:58.036+0000] {processor.py:183} INFO - Processing /opt/airflow/dags/tiki_pipeline_dag.py took 0.150 seconds
[2026-06-08T08:02:28.539+0000] {processor.py:161} INFO - Started process (PID=263) to work on /opt/airflow/dags/tiki_pipeline_dag.py
[2026-06-08T08:02:28.544+0000] {processor.py:830} INFO - Processing file /opt/airflow/dags/tiki_pipeline_dag.py for tasks to queue
[2026-06-08T08:02:28.552+0000] {logging_mixin.py:188} INFO - [2026-06-08T08:02:28.551+0000] {dagbag.py:538} INFO - Filling up the DagBag from /opt/airflow/dags/tiki_pipeline_dag.py
[2026-06-08T08:02:28.648+0000] {processor.py:840} INFO - DAG(s) 'tiki_beauty_lakehouse_pipeline' retrieved from /opt/airflow/dags/tiki_pipeline_dag.py
[2026-06-08T08:02:28.677+0000] {logging_mixin.py:188} INFO - [2026-06-08T08:02:28.677+0000] {dag.py:3036} INFO - Sync 1 DAGs
[2026-06-08T08:02:28.709+0000] {logging_mixin.py:188} INFO - [2026-06-08T08:02:28.709+0000] {dag.py:3823} INFO - Setting next_dagrun for tiki_beauty_lakehouse_pipeline to 2026-06-08 08:00:00+00:00, run_after=2026-06-09 08:00:00+00:00
[2026-06-08T08:02:28.771+0000] {processor.py:183} INFO - Processing /opt/airflow/dags/tiki_pipeline_dag.py took 0.254 seconds
[2026-06-08T08:02:59.312+0000] {processor.py:161} INFO - Started process (PID=281) to work on /opt/airflow/dags/tiki_pipeline_dag.py
[2026-06-08T08:02:59.313+0000] {processor.py:830} INFO - Processing file /opt/airflow/dags/tiki_pipeline_dag.py for tasks to queue
[2026-06-08T08:02:59.315+0000] {logging_mixin.py:188} INFO - [2026-06-08T08:02:59.315+0000] {dagbag.py:538} INFO - Filling up the DagBag from /opt/airflow/dags/tiki_pipeline_dag.py
[2026-06-08T08:02:59.358+0000] {processor.py:840} INFO - DAG(s) 'tiki_beauty_lakehouse_pipeline' retrieved from /opt/airflow/dags/tiki_pipeline_dag.py
[2026-06-08T08:02:59.393+0000] {logging_mixin.py:188} INFO - [2026-06-08T08:02:59.393+0000] {dag.py:3036} INFO - Sync 1 DAGs
[2026-06-08T08:02:59.428+0000] {logging_mixin.py:188} INFO - [2026-06-08T08:02:59.427+0000] {dag.py:3823} INFO - Setting next_dagrun for tiki_beauty_lakehouse_pipeline to 2026-06-08 08:00:00+00:00, run_after=2026-06-09 08:00:00+00:00
[2026-06-08T08:02:59.466+0000] {processor.py:183} INFO - Processing /opt/airflow/dags/tiki_pipeline_dag.py took 0.158 seconds
[2026-06-08T08:03:29.898+0000] {processor.py:161} INFO - Started process (PID=293) to work on /opt/airflow/dags/tiki_pipeline_dag.py
[2026-06-08T08:03:29.900+0000] {processor.py:830} INFO - Processing file /opt/airflow/dags/tiki_pipeline_dag.py for tasks to queue
[2026-06-08T08:03:29.906+0000] {logging_mixin.py:188} INFO - [2026-06-08T08:03:29.905+0000] {dagbag.py:538} INFO - Filling up the DagBag from /opt/airflow/dags/tiki_pipeline_dag.py
[2026-06-08T08:03:29.985+0000] {processor.py:840} INFO - DAG(s) 'tiki_beauty_lakehouse_pipeline' retrieved from /opt/airflow/dags/tiki_pipeline_dag.py
[2026-06-08T08:03:30.024+0000] {logging_mixin.py:188} INFO - [2026-06-08T08:03:30.023+0000] {dag.py:3036} INFO - Sync 1 DAGs
[2026-06-08T08:03:30.058+0000] {logging_mixin.py:188} INFO - [2026-06-08T08:03:30.057+0000] {dag.py:3823} INFO - Setting next_dagrun for tiki_beauty_lakehouse_pipeline to 2026-06-08 08:00:00+00:00, run_after=2026-06-09 08:00:00+00:00
[2026-06-08T08:03:30.094+0000] {processor.py:183} INFO - Processing /opt/airflow/dags/tiki_pipeline_dag.py took 0.205 seconds
[2026-06-08T08:04:00.584+0000] {processor.py:161} INFO - Started process (PID=307) to work on /opt/airflow/dags/tiki_pipeline_dag.py
[2026-06-08T08:04:00.586+0000] {processor.py:830} INFO - Processing file /opt/airflow/dags/tiki_pipeline_dag.py for tasks to queue
[2026-06-08T08:04:00.589+0000] {logging_mixin.py:188} INFO - [2026-06-08T08:04:00.588+0000] {dagbag.py:538} INFO - Filling up the DagBag from /opt/airflow/dags/tiki_pipeline_dag.py
[2026-06-08T08:04:00.633+0000] {processor.py:840} INFO - DAG(s) 'tiki_beauty_lakehouse_pipeline' retrieved from /opt/airflow/dags/tiki_pipeline_dag.py
[2026-06-08T08:04:00.674+0000] {logging_mixin.py:188} INFO - [2026-06-08T08:04:00.674+0000] {dag.py:3036} INFO - Sync 1 DAGs
[2026-06-08T08:04:00.711+0000] {logging_mixin.py:188} INFO - [2026-06-08T08:04:00.711+0000] {dag.py:3823} INFO - Setting next_dagrun for tiki_beauty_lakehouse_pipeline to 2026-06-08 08:00:00+00:00, run_after=2026-06-09 08:00:00+00:00
[2026-06-08T08:04:00.745+0000] {processor.py:183} INFO - Processing /opt/airflow/dags/tiki_pipeline_dag.py took 0.167 seconds
[2026-06-08T08:04:31.239+0000] {processor.py:161} INFO - Started process (PID=320) to work on /opt/airflow/dags/tiki_pipeline_dag.py
[2026-06-08T08:04:31.240+0000] {processor.py:830} INFO - Processing file /opt/airflow/dags/tiki_pipeline_dag.py for tasks to queue
[2026-06-08T08:04:31.242+0000] {logging_mixin.py:188} INFO - [2026-06-08T08:04:31.242+0000] {dagbag.py:538} INFO - Filling up the DagBag from /opt/airflow/dags/tiki_pipeline_dag.py
[2026-06-08T08:04:31.339+0000] {processor.py:840} INFO - DAG(s) 'tiki_beauty_lakehouse_pipeline' retrieved from /opt/airflow/dags/tiki_pipeline_dag.py
[2026-06-08T08:04:31.381+0000] {logging_mixin.py:188} INFO - [2026-06-08T08:04:31.381+0000] {dag.py:3036} INFO - Sync 1 DAGs
[2026-06-08T08:04:31.406+0000] {logging_mixin.py:188} INFO - [2026-06-08T08:04:31.406+0000] {dag.py:3823} INFO - Setting next_dagrun for tiki_beauty_lakehouse_pipeline to 2026-06-08 08:00:00+00:00, run_after=2026-06-09 08:00:00+00:00
[2026-06-08T08:04:31.450+0000] {processor.py:183} INFO - Processing /opt/airflow/dags/tiki_pipeline_dag.py took 0.217 seconds
[2026-06-08T08:05:01.853+0000] {processor.py:161} INFO - Started process (PID=327) to work on /opt/airflow/dags/tiki_pipeline_dag.py
[2026-06-08T08:05:01.855+0000] {processor.py:830} INFO - Processing file /opt/airflow/dags/tiki_pipeline_dag.py for tasks to queue
[2026-06-08T08:05:01.856+0000] {logging_mixin.py:188} INFO - [2026-06-08T08:05:01.856+0000] {dagbag.py:538} INFO - Filling up the DagBag from /opt/airflow/dags/tiki_pipeline_dag.py
[2026-06-08T08:05:01.933+0000] {processor.py:840} INFO - DAG(s) 'tiki_beauty_lakehouse_pipeline' retrieved from /opt/airflow/dags/tiki_pipeline_dag.py
[2026-06-08T08:05:01.967+0000] {logging_mixin.py:188} INFO - [2026-06-08T08:05:01.967+0000] {dag.py:3036} INFO - Sync 1 DAGs
[2026-06-08T08:05:01.995+0000] {logging_mixin.py:188} INFO - [2026-06-08T08:05:01.995+0000] {dag.py:3823} INFO - Setting next_dagrun for tiki_beauty_lakehouse_pipeline to 2026-06-08 08:00:00+00:00, run_after=2026-06-09 08:00:00+00:00
[2026-06-08T08:05:02.039+0000] {processor.py:183} INFO - Processing /opt/airflow/dags/tiki_pipeline_dag.py took 0.190 seconds
[2026-06-08T08:05:32.357+0000] {processor.py:161} INFO - Started process (PID=334) to work on /opt/airflow/dags/tiki_pipeline_dag.py
[2026-06-08T08:05:32.359+0000] {processor.py:830} INFO - Processing file /opt/airflow/dags/tiki_pipeline_dag.py for tasks to queue
[2026-06-08T08:05:32.361+0000] {logging_mixin.py:188} INFO - [2026-06-08T08:05:32.360+0000] {dagbag.py:538} INFO - Filling up the DagBag from /opt/airflow/dags/tiki_pipeline_dag.py
[2026-06-08T08:05:32.419+0000] {processor.py:840} INFO - DAG(s) 'tiki_beauty_lakehouse_pipeline' retrieved from /opt/airflow/dags/tiki_pipeline_dag.py
[2026-06-08T08:05:32.456+0000] {logging_mixin.py:188} INFO - [2026-06-08T08:05:32.455+0000] {dag.py:3036} INFO - Sync 1 DAGs
[2026-06-08T08:05:32.490+0000] {logging_mixin.py:188} INFO - [2026-06-08T08:05:32.490+0000] {dag.py:3823} INFO - Setting next_dagrun for tiki_beauty_lakehouse_pipeline to 2026-06-08 08:00:00+00:00, run_after=2026-06-09 08:00:00+00:00
[2026-06-08T08:05:32.528+0000] {processor.py:183} INFO - Processing /opt/airflow/dags/tiki_pipeline_dag.py took 0.174 seconds
[2026-06-08T08:06:02.933+0000] {processor.py:161} INFO - Started process (PID=342) to work on /opt/airflow/dags/tiki_pipeline_dag.py
[2026-06-08T08:06:02.935+0000] {processor.py:830} INFO - Processing file /opt/airflow/dags/tiki_pipeline_dag.py for tasks to queue
[2026-06-08T08:06:02.937+0000] {logging_mixin.py:188} INFO - [2026-06-08T08:06:02.936+0000] {dagbag.py:538} INFO - Filling up the DagBag from /opt/airflow/dags/tiki_pipeline_dag.py
[2026-06-08T08:06:02.999+0000] {processor.py:840} INFO - DAG(s) 'tiki_beauty_lakehouse_pipeline' retrieved from /opt/airflow/dags/tiki_pipeline_dag.py
[2026-06-08T08:06:03.039+0000] {logging_mixin.py:188} INFO - [2026-06-08T08:06:03.038+0000] {dag.py:3036} INFO - Sync 1 DAGs
[2026-06-08T08:06:03.070+0000] {logging_mixin.py:188} INFO - [2026-06-08T08:06:03.069+0000] {dag.py:3823} INFO - Setting next_dagrun for tiki_beauty_lakehouse_pipeline to 2026-06-08 08:00:00+00:00, run_after=2026-06-09 08:00:00+00:00
[2026-06-08T08:06:03.107+0000] {processor.py:183} INFO - Processing /opt/airflow/dags/tiki_pipeline_dag.py took 0.178 seconds
[2026-06-08T08:06:33.368+0000] {processor.py:161} INFO - Started process (PID=354) to work on /opt/airflow/dags/tiki_pipeline_dag.py
[2026-06-08T08:06:33.371+0000] {processor.py:830} INFO - Processing file /opt/airflow/dags/tiki_pipeline_dag.py for tasks to queue
[2026-06-08T08:06:33.377+0000] {logging_mixin.py:188} INFO - [2026-06-08T08:06:33.376+0000] {dagbag.py:538} INFO - Filling up the DagBag from /opt/airflow/dags/tiki_pipeline_dag.py
[2026-06-08T08:06:33.466+0000] {processor.py:840} INFO - DAG(s) 'tiki_beauty_lakehouse_pipeline' retrieved from /opt/airflow/dags/tiki_pipeline_dag.py
[2026-06-08T08:06:33.500+0000] {logging_mixin.py:188} INFO - [2026-06-08T08:06:33.500+0000] {dag.py:3036} INFO - Sync 1 DAGs
[2026-06-08T08:06:33.531+0000] {logging_mixin.py:188} INFO - [2026-06-08T08:06:33.531+0000] {dag.py:3823} INFO - Setting next_dagrun for tiki_beauty_lakehouse_pipeline to 2026-06-08 08:00:00+00:00, run_after=2026-06-09 08:00:00+00:00
[2026-06-08T08:06:33.614+0000] {processor.py:183} INFO - Processing /opt/airflow/dags/tiki_pipeline_dag.py took 0.253 seconds
[2026-06-08T08:07:04.034+0000] {processor.py:161} INFO - Started process (PID=363) to work on /opt/airflow/dags/tiki_pipeline_dag.py
[2026-06-08T08:07:04.036+0000] {processor.py:830} INFO - Processing file /opt/airflow/dags/tiki_pipeline_dag.py for tasks to queue
[2026-06-08T08:07:04.038+0000] {logging_mixin.py:188} INFO - [2026-06-08T08:07:04.038+0000] {dagbag.py:538} INFO - Filling up the DagBag from /opt/airflow/dags/tiki_pipeline_dag.py
[2026-06-08T08:07:04.123+0000] {processor.py:840} INFO - DAG(s) 'tiki_beauty_lakehouse_pipeline' retrieved from /opt/airflow/dags/tiki_pipeline_dag.py
[2026-06-08T08:07:04.161+0000] {logging_mixin.py:188} INFO - [2026-06-08T08:07:04.161+0000] {dag.py:3036} INFO - Sync 1 DAGs
[2026-06-08T08:07:04.187+0000] {logging_mixin.py:188} INFO - [2026-06-08T08:07:04.187+0000] {dag.py:3823} INFO - Setting next_dagrun for tiki_beauty_lakehouse_pipeline to 2026-06-08 08:00:00+00:00, run_after=2026-06-09 08:00:00+00:00
[2026-06-08T08:07:04.218+0000] {processor.py:183} INFO - Processing /opt/airflow/dags/tiki_pipeline_dag.py took 0.191 seconds
[2026-06-08T08:07:34.646+0000] {processor.py:161} INFO - Started process (PID=374) to work on /opt/airflow/dags/tiki_pipeline_dag.py
[2026-06-08T08:07:34.648+0000] {processor.py:830} INFO - Processing file /opt/airflow/dags/tiki_pipeline_dag.py for tasks to queue
[2026-06-08T08:07:34.651+0000] {logging_mixin.py:188} INFO - [2026-06-08T08:07:34.650+0000] {dagbag.py:538} INFO - Filling up the DagBag from /opt/airflow/dags/tiki_pipeline_dag.py
[2026-06-08T08:07:34.756+0000] {processor.py:840} INFO - DAG(s) 'tiki_beauty_lakehouse_pipeline' retrieved from /opt/airflow/dags/tiki_pipeline_dag.py
[2026-06-08T08:07:34.809+0000] {logging_mixin.py:188} INFO - [2026-06-08T08:07:34.809+0000] {dag.py:3036} INFO - Sync 1 DAGs
[2026-06-08T08:07:34.840+0000] {logging_mixin.py:188} INFO - [2026-06-08T08:07:34.839+0000] {dag.py:3823} INFO - Setting next_dagrun for tiki_beauty_lakehouse_pipeline to 2026-06-08 08:00:00+00:00, run_after=2026-06-09 08:00:00+00:00
[2026-06-08T08:07:34.889+0000] {processor.py:183} INFO - Processing /opt/airflow/dags/tiki_pipeline_dag.py took 0.251 seconds
[2026-06-08T08:08:05.270+0000] {processor.py:161} INFO - Started process (PID=385) to work on /opt/airflow/dags/tiki_pipeline_dag.py
[2026-06-08T08:08:05.274+0000] {processor.py:830} INFO - Processing file /opt/airflow/dags/tiki_pipeline_dag.py for tasks to queue
[2026-06-08T08:08:05.276+0000] {logging_mixin.py:188} INFO - [2026-06-08T08:08:05.276+0000] {dagbag.py:538} INFO - Filling up the DagBag from /opt/airflow/dags/tiki_pipeline_dag.py
[2026-06-08T08:08:05.333+0000] {processor.py:840} INFO - DAG(s) 'tiki_beauty_lakehouse_pipeline' retrieved from /opt/airflow/dags/tiki_pipeline_dag.py
[2026-06-08T08:08:05.375+0000] {logging_mixin.py:188} INFO - [2026-06-08T08:08:05.375+0000] {dag.py:3036} INFO - Sync 1 DAGs
[2026-06-08T08:08:05.408+0000] {logging_mixin.py:188} INFO - [2026-06-08T08:08:05.407+0000] {dag.py:3823} INFO - Setting next_dagrun for tiki_beauty_lakehouse_pipeline to 2026-06-08 08:00:00+00:00, run_after=2026-06-09 08:00:00+00:00
[2026-06-08T08:08:05.438+0000] {processor.py:183} INFO - Processing /opt/airflow/dags/tiki_pipeline_dag.py took 0.173 seconds
[2026-06-08T08:08:35.829+0000] {processor.py:161} INFO - Started process (PID=394) to work on /opt/airflow/dags/tiki_pipeline_dag.py
[2026-06-08T08:08:35.833+0000] {processor.py:830} INFO - Processing file /opt/airflow/dags/tiki_pipeline_dag.py for tasks to queue
[2026-06-08T08:08:35.836+0000] {logging_mixin.py:188} INFO - [2026-06-08T08:08:35.836+0000] {dagbag.py:538} INFO - Filling up the DagBag from /opt/airflow/dags/tiki_pipeline_dag.py
[2026-06-08T08:08:35.924+0000] {processor.py:840} INFO - DAG(s) 'tiki_beauty_lakehouse_pipeline' retrieved from /opt/airflow/dags/tiki_pipeline_dag.py
[2026-06-08T08:08:35.956+0000] {logging_mixin.py:188} INFO - [2026-06-08T08:08:35.956+0000] {dag.py:3036} INFO - Sync 1 DAGs
[2026-06-08T08:08:35.983+0000] {logging_mixin.py:188} INFO - [2026-06-08T08:08:35.983+0000] {dag.py:3823} INFO - Setting next_dagrun for tiki_beauty_lakehouse_pipeline to 2026-06-08 08:00:00+00:00, run_after=2026-06-09 08:00:00+00:00
[2026-06-08T08:08:36.014+0000] {processor.py:183} INFO - Processing /opt/airflow/dags/tiki_pipeline_dag.py took 0.189 seconds
[2026-06-08T08:09:06.435+0000] {processor.py:161} INFO - Started process (PID=405) to work on /opt/airflow/dags/tiki_pipeline_dag.py
[2026-06-08T08:09:06.440+0000] {processor.py:830} INFO - Processing file /opt/airflow/dags/tiki_pipeline_dag.py for tasks to queue
[2026-06-08T08:09:06.444+0000] {logging_mixin.py:188} INFO - [2026-06-08T08:09:06.443+0000] {dagbag.py:538} INFO - Filling up the DagBag from /opt/airflow/dags/tiki_pipeline_dag.py
[2026-06-08T08:09:06.557+0000] {processor.py:840} INFO - DAG(s) 'tiki_beauty_lakehouse_pipeline' retrieved from /opt/airflow/dags/tiki_pipeline_dag.py
[2026-06-08T08:09:06.585+0000] {logging_mixin.py:188} INFO - [2026-06-08T08:09:06.585+0000] {dag.py:3036} INFO - Sync 1 DAGs
[2026-06-08T08:09:06.611+0000] {logging_mixin.py:188} INFO - [2026-06-08T08:09:06.611+0000] {dag.py:3823} INFO - Setting next_dagrun for tiki_beauty_lakehouse_pipeline to 2026-06-08 08:00:00+00:00, run_after=2026-06-09 08:00:00+00:00
[2026-06-08T08:09:06.640+0000] {processor.py:183} INFO - Processing /opt/airflow/dags/tiki_pipeline_dag.py took 0.216 seconds
[2026-06-08T08:09:37.137+0000] {processor.py:161} INFO - Started process (PID=414) to work on /opt/airflow/dags/tiki_pipeline_dag.py
[2026-06-08T08:09:37.139+0000] {processor.py:830} INFO - Processing file /opt/airflow/dags/tiki_pipeline_dag.py for tasks to queue
[2026-06-08T08:09:37.142+0000] {logging_mixin.py:188} INFO - [2026-06-08T08:09:37.141+0000] {dagbag.py:538} INFO - Filling up the DagBag from /opt/airflow/dags/tiki_pipeline_dag.py
[2026-06-08T08:09:37.179+0000] {processor.py:840} INFO - DAG(s) 'tiki_beauty_lakehouse_pipeline' retrieved from /opt/airflow/dags/tiki_pipeline_dag.py
[2026-06-08T08:09:37.213+0000] {logging_mixin.py:188} INFO - [2026-06-08T08:09:37.213+0000] {dag.py:3036} INFO - Sync 1 DAGs
[2026-06-08T08:09:37.240+0000] {logging_mixin.py:188} INFO - [2026-06-08T08:09:37.240+0000] {dag.py:3823} INFO - Setting next_dagrun for tiki_beauty_lakehouse_pipeline to 2026-06-08 08:00:00+00:00, run_after=2026-06-09 08:00:00+00:00
[2026-06-08T08:09:37.279+0000] {processor.py:183} INFO - Processing /opt/airflow/dags/tiki_pipeline_dag.py took 0.149 seconds
[2026-06-08T08:10:07.573+0000] {processor.py:161} INFO - Started process (PID=423) to work on /opt/airflow/dags/tiki_pipeline_dag.py
[2026-06-08T08:10:07.575+0000] {processor.py:830} INFO - Processing file /opt/airflow/dags/tiki_pipeline_dag.py for tasks to queue
[2026-06-08T08:10:07.578+0000] {logging_mixin.py:188} INFO - [2026-06-08T08:10:07.577+0000] {dagbag.py:538} INFO - Filling up the DagBag from /opt/airflow/dags/tiki_pipeline_dag.py
[2026-06-08T08:10:07.618+0000] {processor.py:840} INFO - DAG(s) 'tiki_beauty_lakehouse_pipeline' retrieved from /opt/airflow/dags/tiki_pipeline_dag.py
[2026-06-08T08:10:07.663+0000] {logging_mixin.py:188} INFO - [2026-06-08T08:10:07.662+0000] {dag.py:3036} INFO - Sync 1 DAGs
[2026-06-08T08:10:07.701+0000] {logging_mixin.py:188} INFO - [2026-06-08T08:10:07.701+0000] {dag.py:3823} INFO - Setting next_dagrun for tiki_beauty_lakehouse_pipeline to 2026-06-08 08:00:00+00:00, run_after=2026-06-09 08:00:00+00:00
[2026-06-08T08:10:07.727+0000] {processor.py:183} INFO - Processing /opt/airflow/dags/tiki_pipeline_dag.py took 0.159 seconds
[2026-06-08T08:10:38.363+0000] {processor.py:161} INFO - Started process (PID=434) to work on /opt/airflow/dags/tiki_pipeline_dag.py
[2026-06-08T08:10:38.366+0000] {processor.py:830} INFO - Processing file /opt/airflow/dags/tiki_pipeline_dag.py for tasks to queue
[2026-06-08T08:10:38.370+0000] {logging_mixin.py:188} INFO - [2026-06-08T08:10:38.369+0000] {dagbag.py:538} INFO - Filling up the DagBag from /opt/airflow/dags/tiki_pipeline_dag.py
[2026-06-08T08:10:38.501+0000] {processor.py:840} INFO - DAG(s) 'tiki_beauty_lakehouse_pipeline' retrieved from /opt/airflow/dags/tiki_pipeline_dag.py
[2026-06-08T08:10:38.530+0000] {logging_mixin.py:188} INFO - [2026-06-08T08:10:38.529+0000] {dag.py:3036} INFO - Sync 1 DAGs
[2026-06-08T08:10:38.557+0000] {logging_mixin.py:188} INFO - [2026-06-08T08:10:38.557+0000] {dag.py:3823} INFO - Setting next_dagrun for tiki_beauty_lakehouse_pipeline to 2026-06-08 08:00:00+00:00, run_after=2026-06-09 08:00:00+00:00
[2026-06-08T08:10:38.588+0000] {processor.py:183} INFO - Processing /opt/airflow/dags/tiki_pipeline_dag.py took 0.233 seconds
[2026-06-08T08:11:08.934+0000] {processor.py:161} INFO - Started process (PID=459) to work on /opt/airflow/dags/tiki_pipeline_dag.py
[2026-06-08T08:11:08.944+0000] {processor.py:830} INFO - Processing file /opt/airflow/dags/tiki_pipeline_dag.py for tasks to queue
[2026-06-08T08:11:08.949+0000] {logging_mixin.py:188} INFO - [2026-06-08T08:11:08.947+0000] {dagbag.py:538} INFO - Filling up the DagBag from /opt/airflow/dags/tiki_pipeline_dag.py
[2026-06-08T08:11:09.053+0000] {processor.py:840} INFO - DAG(s) 'tiki_beauty_lakehouse_pipeline' retrieved from /opt/airflow/dags/tiki_pipeline_dag.py
[2026-06-08T08:11:09.087+0000] {logging_mixin.py:188} INFO - [2026-06-08T08:11:09.087+0000] {dag.py:3036} INFO - Sync 1 DAGs
[2026-06-08T08:11:09.116+0000] {logging_mixin.py:188} INFO - [2026-06-08T08:11:09.116+0000] {dag.py:3823} INFO - Setting next_dagrun for tiki_beauty_lakehouse_pipeline to 2026-06-08 08:00:00+00:00, run_after=2026-06-09 08:00:00+00:00
[2026-06-08T08:11:09.162+0000] {processor.py:183} INFO - Processing /opt/airflow/dags/tiki_pipeline_dag.py took 0.253 seconds
[2026-06-08T08:11:39.588+0000] {processor.py:161} INFO - Started process (PID=490) to work on /opt/airflow/dags/tiki_pipeline_dag.py
[2026-06-08T08:11:39.591+0000] {processor.py:830} INFO - Processing file /opt/airflow/dags/tiki_pipeline_dag.py for tasks to queue
[2026-06-08T08:11:39.593+0000] {logging_mixin.py:188} INFO - [2026-06-08T08:11:39.592+0000] {dagbag.py:538} INFO - Filling up the DagBag from /opt/airflow/dags/tiki_pipeline_dag.py
[2026-06-08T08:11:39.654+0000] {processor.py:840} INFO - DAG(s) 'tiki_beauty_lakehouse_pipeline' retrieved from /opt/airflow/dags/tiki_pipeline_dag.py
[2026-06-08T08:11:39.724+0000] {logging_mixin.py:188} INFO - [2026-06-08T08:11:39.724+0000] {dag.py:3036} INFO - Sync 1 DAGs
[2026-06-08T08:11:39.789+0000] {logging_mixin.py:188} INFO - [2026-06-08T08:11:39.789+0000] {dag.py:3823} INFO - Setting next_dagrun for tiki_beauty_lakehouse_pipeline to 2026-06-08 08:00:00+00:00, run_after=2026-06-09 08:00:00+00:00
[2026-06-08T08:11:39.820+0000] {processor.py:183} INFO - Processing /opt/airflow/dags/tiki_pipeline_dag.py took 0.241 seconds
[2026-06-08T08:12:10.061+0000] {processor.py:161} INFO - Started process (PID=521) to work on /opt/airflow/dags/tiki_pipeline_dag.py
[2026-06-08T08:12:10.064+0000] {processor.py:830} INFO - Processing file /opt/airflow/dags/tiki_pipeline_dag.py for tasks to queue
[2026-06-08T08:12:10.066+0000] {logging_mixin.py:188} INFO - [2026-06-08T08:12:10.065+0000] {dagbag.py:538} INFO - Filling up the DagBag from /opt/airflow/dags/tiki_pipeline_dag.py
[2026-06-08T08:12:10.113+0000] {processor.py:840} INFO - DAG(s) 'tiki_beauty_lakehouse_pipeline' retrieved from /opt/airflow/dags/tiki_pipeline_dag.py
[2026-06-08T08:12:10.147+0000] {logging_mixin.py:188} INFO - [2026-06-08T08:12:10.147+0000] {dag.py:3036} INFO - Sync 1 DAGs
[2026-06-08T08:12:10.176+0000] {logging_mixin.py:188} INFO - [2026-06-08T08:12:10.176+0000] {dag.py:3823} INFO - Setting next_dagrun for tiki_beauty_lakehouse_pipeline to 2026-06-08 08:00:00+00:00, run_after=2026-06-09 08:00:00+00:00
[2026-06-08T08:12:10.210+0000] {processor.py:183} INFO - Processing /opt/airflow/dags/tiki_pipeline_dag.py took 0.156 seconds
[2026-06-08T08:12:40.579+0000] {processor.py:161} INFO - Started process (PID=552) to work on /opt/airflow/dags/tiki_pipeline_dag.py
[2026-06-08T08:12:40.581+0000] {processor.py:830} INFO - Processing file /opt/airflow/dags/tiki_pipeline_dag.py for tasks to queue
[2026-06-08T08:12:40.582+0000] {logging_mixin.py:188} INFO - [2026-06-08T08:12:40.582+0000] {dagbag.py:538} INFO - Filling up the DagBag from /opt/airflow/dags/tiki_pipeline_dag.py
[2026-06-08T08:12:40.662+0000] {processor.py:840} INFO - DAG(s) 'tiki_beauty_lakehouse_pipeline' retrieved from /opt/airflow/dags/tiki_pipeline_dag.py
[2026-06-08T08:12:40.693+0000] {logging_mixin.py:188} INFO - [2026-06-08T08:12:40.693+0000] {dag.py:3036} INFO - Sync 1 DAGs
[2026-06-08T08:12:40.739+0000] {logging_mixin.py:188} INFO - [2026-06-08T08:12:40.739+0000] {dag.py:3823} INFO - Setting next_dagrun for tiki_beauty_lakehouse_pipeline to 2026-06-08 08:00:00+00:00, run_after=2026-06-09 08:00:00+00:00
[2026-06-08T08:12:40.779+0000] {processor.py:183} INFO - Processing /opt/airflow/dags/tiki_pipeline_dag.py took 0.203 seconds
[2026-06-08T08:13:11.203+0000] {processor.py:161} INFO - Started process (PID=578) to work on /opt/airflow/dags/tiki_pipeline_dag.py
[2026-06-08T08:13:11.205+0000] {processor.py:830} INFO - Processing file /opt/airflow/dags/tiki_pipeline_dag.py for tasks to queue
[2026-06-08T08:13:11.208+0000] {logging_mixin.py:188} INFO - [2026-06-08T08:13:11.207+0000] {dagbag.py:538} INFO - Filling up the DagBag from /opt/airflow/dags/tiki_pipeline_dag.py
[2026-06-08T08:13:11.259+0000] {processor.py:840} INFO - DAG(s) 'tiki_beauty_lakehouse_pipeline' retrieved from /opt/airflow/dags/tiki_pipeline_dag.py
[2026-06-08T08:13:11.378+0000] {logging_mixin.py:188} INFO - [2026-06-08T08:13:11.378+0000] {dag.py:3036} INFO - Sync 1 DAGs
[2026-06-08T08:13:11.448+0000] {logging_mixin.py:188} INFO - [2026-06-08T08:13:11.448+0000] {dag.py:3823} INFO - Setting next_dagrun for tiki_beauty_lakehouse_pipeline to 2026-06-08 08:00:00+00:00, run_after=2026-06-09 08:00:00+00:00
[2026-06-08T08:13:11.496+0000] {processor.py:183} INFO - Processing /opt/airflow/dags/tiki_pipeline_dag.py took 0.299 seconds
[2026-06-08T08:13:41.700+0000] {processor.py:161} INFO - Started process (PID=604) to work on /opt/airflow/dags/tiki_pipeline_dag.py
[2026-06-08T08:13:41.701+0000] {processor.py:830} INFO - Processing file /opt/airflow/dags/tiki_pipeline_dag.py for tasks to queue
[2026-06-08T08:13:41.703+0000] {logging_mixin.py:188} INFO - [2026-06-08T08:13:41.702+0000] {dagbag.py:538} INFO - Filling up the DagBag from /opt/airflow/dags/tiki_pipeline_dag.py
[2026-06-08T08:13:41.779+0000] {processor.py:840} INFO - DAG(s) 'tiki_beauty_lakehouse_pipeline' retrieved from /opt/airflow/dags/tiki_pipeline_dag.py
[2026-06-08T08:13:41.852+0000] {logging_mixin.py:188} INFO - [2026-06-08T08:13:41.852+0000] {dag.py:3036} INFO - Sync 1 DAGs
[2026-06-08T08:13:41.893+0000] {logging_mixin.py:188} INFO - [2026-06-08T08:13:41.893+0000] {dag.py:3823} INFO - Setting next_dagrun for tiki_beauty_lakehouse_pipeline to 2026-06-08 08:00:00+00:00, run_after=2026-06-09 08:00:00+00:00
[2026-06-08T08:13:41.934+0000] {processor.py:183} INFO - Processing /opt/airflow/dags/tiki_pipeline_dag.py took 0.240 seconds
[2026-06-08T08:14:12.136+0000] {processor.py:161} INFO - Started process (PID=633) to work on /opt/airflow/dags/tiki_pipeline_dag.py
[2026-06-08T08:14:12.138+0000] {processor.py:830} INFO - Processing file /opt/airflow/dags/tiki_pipeline_dag.py for tasks to queue
[2026-06-08T08:14:12.140+0000] {logging_mixin.py:188} INFO - [2026-06-08T08:14:12.140+0000] {dagbag.py:538} INFO - Filling up the DagBag from /opt/airflow/dags/tiki_pipeline_dag.py
[2026-06-08T08:14:12.213+0000] {processor.py:840} INFO - DAG(s) 'tiki_beauty_lakehouse_pipeline' retrieved from /opt/airflow/dags/tiki_pipeline_dag.py
[2026-06-08T08:14:12.241+0000] {logging_mixin.py:188} INFO - [2026-06-08T08:14:12.241+0000] {dag.py:3036} INFO - Sync 1 DAGs
[2026-06-08T08:14:12.278+0000] {logging_mixin.py:188} INFO - [2026-06-08T08:14:12.277+0000] {dag.py:3823} INFO - Setting next_dagrun for tiki_beauty_lakehouse_pipeline to 2026-06-08 08:00:00+00:00, run_after=2026-06-09 08:00:00+00:00
[2026-06-08T08:14:12.320+0000] {processor.py:183} INFO - Processing /opt/airflow/dags/tiki_pipeline_dag.py took 0.188 seconds
[2026-06-08T08:14:42.673+0000] {processor.py:161} INFO - Started process (PID=675) to work on /opt/airflow/dags/tiki_pipeline_dag.py
[2026-06-08T08:14:42.676+0000] {processor.py:830} INFO - Processing file /opt/airflow/dags/tiki_pipeline_dag.py for tasks to queue
[2026-06-08T08:14:42.678+0000] {logging_mixin.py:188} INFO - [2026-06-08T08:14:42.678+0000] {dagbag.py:538} INFO - Filling up the DagBag from /opt/airflow/dags/tiki_pipeline_dag.py
[2026-06-08T08:14:42.738+0000] {processor.py:840} INFO - DAG(s) 'tiki_beauty_lakehouse_pipeline' retrieved from /opt/airflow/dags/tiki_pipeline_dag.py
[2026-06-08T08:14:42.781+0000] {logging_mixin.py:188} INFO - [2026-06-08T08:14:42.780+0000] {dag.py:3036} INFO - Sync 1 DAGs
[2026-06-08T08:14:42.827+0000] {logging_mixin.py:188} INFO - [2026-06-08T08:14:42.827+0000] {dag.py:3823} INFO - Setting next_dagrun for tiki_beauty_lakehouse_pipeline to 2026-06-08 08:00:00+00:00, run_after=2026-06-09 08:00:00+00:00
[2026-06-08T08:14:42.859+0000] {processor.py:183} INFO - Processing /opt/airflow/dags/tiki_pipeline_dag.py took 0.193 seconds
[2026-06-08T08:15:13.382+0000] {processor.py:161} INFO - Started process (PID=691) to work on /opt/airflow/dags/tiki_pipeline_dag.py
[2026-06-08T08:15:13.385+0000] {processor.py:830} INFO - Processing file /opt/airflow/dags/tiki_pipeline_dag.py for tasks to queue
[2026-06-08T08:15:13.391+0000] {logging_mixin.py:188} INFO - [2026-06-08T08:15:13.388+0000] {dagbag.py:538} INFO - Filling up the DagBag from /opt/airflow/dags/tiki_pipeline_dag.py
[2026-06-08T08:15:13.460+0000] {processor.py:840} INFO - DAG(s) 'tiki_beauty_lakehouse_pipeline' retrieved from /opt/airflow/dags/tiki_pipeline_dag.py
[2026-06-08T08:15:13.511+0000] {logging_mixin.py:188} INFO - [2026-06-08T08:15:13.510+0000] {dag.py:3036} INFO - Sync 1 DAGs
[2026-06-08T08:15:13.541+0000] {logging_mixin.py:188} INFO - [2026-06-08T08:15:13.541+0000] {dag.py:3823} INFO - Setting next_dagrun for tiki_beauty_lakehouse_pipeline to 2026-06-08 08:00:00+00:00, run_after=2026-06-09 08:00:00+00:00
[2026-06-08T08:15:13.570+0000] {processor.py:183} INFO - Processing /opt/airflow/dags/tiki_pipeline_dag.py took 0.201 seconds
[2026-06-08T08:15:44.028+0000] {processor.py:161} INFO - Started process (PID=739) to work on /opt/airflow/dags/tiki_pipeline_dag.py
[2026-06-08T08:15:44.031+0000] {processor.py:830} INFO - Processing file /opt/airflow/dags/tiki_pipeline_dag.py for tasks to queue
[2026-06-08T08:15:44.039+0000] {logging_mixin.py:188} INFO - [2026-06-08T08:15:44.038+0000] {dagbag.py:538} INFO - Filling up the DagBag from /opt/airflow/dags/tiki_pipeline_dag.py
[2026-06-08T08:15:44.131+0000] {processor.py:840} INFO - DAG(s) 'tiki_beauty_lakehouse_pipeline' retrieved from /opt/airflow/dags/tiki_pipeline_dag.py
[2026-06-08T08:15:44.181+0000] {logging_mixin.py:188} INFO - [2026-06-08T08:15:44.181+0000] {dag.py:3036} INFO - Sync 1 DAGs
[2026-06-08T08:15:44.214+0000] {logging_mixin.py:188} INFO - [2026-06-08T08:15:44.213+0000] {dag.py:3823} INFO - Setting next_dagrun for tiki_beauty_lakehouse_pipeline to 2026-06-08 08:00:00+00:00, run_after=2026-06-09 08:00:00+00:00
[2026-06-08T08:15:44.251+0000] {processor.py:183} INFO - Processing /opt/airflow/dags/tiki_pipeline_dag.py took 0.228 seconds
[2026-06-08T08:16:14.573+0000] {processor.py:161} INFO - Started process (PID=791) to work on /opt/airflow/dags/tiki_pipeline_dag.py
[2026-06-08T08:16:14.575+0000] {processor.py:830} INFO - Processing file /opt/airflow/dags/tiki_pipeline_dag.py for tasks to queue
[2026-06-08T08:16:14.577+0000] {logging_mixin.py:188} INFO - [2026-06-08T08:16:14.577+0000] {dagbag.py:538} INFO - Filling up the DagBag from /opt/airflow/dags/tiki_pipeline_dag.py
[2026-06-08T08:16:14.614+0000] {processor.py:840} INFO - DAG(s) 'tiki_beauty_lakehouse_pipeline' retrieved from /opt/airflow/dags/tiki_pipeline_dag.py
[2026-06-08T08:16:14.654+0000] {logging_mixin.py:188} INFO - [2026-06-08T08:16:14.653+0000] {dag.py:3036} INFO - Sync 1 DAGs
[2026-06-08T08:16:14.694+0000] {logging_mixin.py:188} INFO - [2026-06-08T08:16:14.694+0000] {dag.py:3823} INFO - Setting next_dagrun for tiki_beauty_lakehouse_pipeline to 2026-06-08 08:00:00+00:00, run_after=2026-06-09 08:00:00+00:00
[2026-06-08T08:16:14.731+0000] {processor.py:183} INFO - Processing /opt/airflow/dags/tiki_pipeline_dag.py took 0.164 seconds
[2026-06-08T08:16:45.224+0000] {processor.py:161} INFO - Started process (PID=840) to work on /opt/airflow/dags/tiki_pipeline_dag.py
[2026-06-08T08:16:45.227+0000] {processor.py:830} INFO - Processing file /opt/airflow/dags/tiki_pipeline_dag.py for tasks to queue
[2026-06-08T08:16:45.228+0000] {logging_mixin.py:188} INFO - [2026-06-08T08:16:45.228+0000] {dagbag.py:538} INFO - Filling up the DagBag from /opt/airflow/dags/tiki_pipeline_dag.py
[2026-06-08T08:16:45.303+0000] {processor.py:840} INFO - DAG(s) 'tiki_beauty_lakehouse_pipeline' retrieved from /opt/airflow/dags/tiki_pipeline_dag.py
[2026-06-08T08:16:45.346+0000] {logging_mixin.py:188} INFO - [2026-06-08T08:16:45.345+0000] {dag.py:3036} INFO - Sync 1 DAGs
[2026-06-08T08:16:45.390+0000] {logging_mixin.py:188} INFO - [2026-06-08T08:16:45.389+0000] {dag.py:3823} INFO - Setting next_dagrun for tiki_beauty_lakehouse_pipeline to 2026-06-08 08:00:00+00:00, run_after=2026-06-09 08:00:00+00:00
[2026-06-08T08:16:45.447+0000] {processor.py:183} INFO - Processing /opt/airflow/dags/tiki_pipeline_dag.py took 0.230 seconds
[2026-06-08T08:17:15.767+0000] {processor.py:161} INFO - Started process (PID=873) to work on /opt/airflow/dags/tiki_pipeline_dag.py
[2026-06-08T08:17:15.776+0000] {processor.py:830} INFO - Processing file /opt/airflow/dags/tiki_pipeline_dag.py for tasks to queue
[2026-06-08T08:17:15.782+0000] {logging_mixin.py:188} INFO - [2026-06-08T08:17:15.780+0000] {dagbag.py:538} INFO - Filling up the DagBag from /opt/airflow/dags/tiki_pipeline_dag.py
[2026-06-08T08:17:15.854+0000] {processor.py:840} INFO - DAG(s) 'tiki_beauty_lakehouse_pipeline' retrieved from /opt/airflow/dags/tiki_pipeline_dag.py
[2026-06-08T08:17:15.891+0000] {logging_mixin.py:188} INFO - [2026-06-08T08:17:15.891+0000] {dag.py:3036} INFO - Sync 1 DAGs
[2026-06-08T08:17:15.920+0000] {logging_mixin.py:188} INFO - [2026-06-08T08:17:15.919+0000] {dag.py:3823} INFO - Setting next_dagrun for tiki_beauty_lakehouse_pipeline to 2026-06-08 08:00:00+00:00, run_after=2026-06-09 08:00:00+00:00
[2026-06-08T08:17:15.949+0000] {processor.py:183} INFO - Processing /opt/airflow/dags/tiki_pipeline_dag.py took 0.189 seconds
[2026-06-08T08:17:46.502+0000] {processor.py:161} INFO - Started process (PID=904) to work on /opt/airflow/dags/tiki_pipeline_dag.py
[2026-06-08T08:17:46.509+0000] {processor.py:830} INFO - Processing file /opt/airflow/dags/tiki_pipeline_dag.py for tasks to queue
[2026-06-08T08:17:46.512+0000] {logging_mixin.py:188} INFO - [2026-06-08T08:17:46.512+0000] {dagbag.py:538} INFO - Filling up the DagBag from /opt/airflow/dags/tiki_pipeline_dag.py
[2026-06-08T08:17:46.623+0000] {processor.py:840} INFO - DAG(s) 'tiki_beauty_lakehouse_pipeline' retrieved from /opt/airflow/dags/tiki_pipeline_dag.py
[2026-06-08T08:17:46.668+0000] {logging_mixin.py:188} INFO - [2026-06-08T08:17:46.668+0000] {dag.py:3036} INFO - Sync 1 DAGs
[2026-06-08T08:17:46.703+0000] {logging_mixin.py:188} INFO - [2026-06-08T08:17:46.703+0000] {dag.py:3823} INFO - Setting next_dagrun for tiki_beauty_lakehouse_pipeline to 2026-06-08 08:00:00+00:00, run_after=2026-06-09 08:00:00+00:00
[2026-06-08T08:17:46.743+0000] {processor.py:183} INFO - Processing /opt/airflow/dags/tiki_pipeline_dag.py took 0.255 seconds
[2026-06-08T08:18:16.919+0000] {processor.py:161} INFO - Started process (PID=938) to work on /opt/airflow/dags/tiki_pipeline_dag.py
[2026-06-08T08:18:16.921+0000] {processor.py:830} INFO - Processing file /opt/airflow/dags/tiki_pipeline_dag.py for tasks to queue
[2026-06-08T08:18:16.922+0000] {logging_mixin.py:188} INFO - [2026-06-08T08:18:16.922+0000] {dagbag.py:538} INFO - Filling up the DagBag from /opt/airflow/dags/tiki_pipeline_dag.py
[2026-06-08T08:18:16.966+0000] {processor.py:840} INFO - DAG(s) 'tiki_beauty_lakehouse_pipeline' retrieved from /opt/airflow/dags/tiki_pipeline_dag.py
[2026-06-08T08:18:17.008+0000] {logging_mixin.py:188} INFO - [2026-06-08T08:18:17.007+0000] {dag.py:3036} INFO - Sync 1 DAGs
[2026-06-08T08:18:17.042+0000] {logging_mixin.py:188} INFO - [2026-06-08T08:18:17.041+0000] {dag.py:3823} INFO - Setting next_dagrun for tiki_beauty_lakehouse_pipeline to 2026-06-08 08:00:00+00:00, run_after=2026-06-09 08:00:00+00:00
[2026-06-08T08:18:17.069+0000] {processor.py:183} INFO - Processing /opt/airflow/dags/tiki_pipeline_dag.py took 0.154 seconds
[2026-06-08T08:18:47.424+0000] {processor.py:161} INFO - Started process (PID=981) to work on /opt/airflow/dags/tiki_pipeline_dag.py
[2026-06-08T08:18:47.428+0000] {processor.py:830} INFO - Processing file /opt/airflow/dags/tiki_pipeline_dag.py for tasks to queue
[2026-06-08T08:18:47.432+0000] {logging_mixin.py:188} INFO - [2026-06-08T08:18:47.431+0000] {dagbag.py:538} INFO - Filling up the DagBag from /opt/airflow/dags/tiki_pipeline_dag.py
[2026-06-08T08:18:47.482+0000] {processor.py:840} INFO - DAG(s) 'tiki_beauty_lakehouse_pipeline' retrieved from /opt/airflow/dags/tiki_pipeline_dag.py
[2026-06-08T08:18:47.517+0000] {logging_mixin.py:188} INFO - [2026-06-08T08:18:47.517+0000] {dag.py:3036} INFO - Sync 1 DAGs
[2026-06-08T08:18:47.548+0000] {logging_mixin.py:188} INFO - [2026-06-08T08:18:47.548+0000] {dag.py:3823} INFO - Setting next_dagrun for tiki_beauty_lakehouse_pipeline to 2026-06-08 08:00:00+00:00, run_after=2026-06-09 08:00:00+00:00
[2026-06-08T08:18:47.575+0000] {processor.py:183} INFO - Processing /opt/airflow/dags/tiki_pipeline_dag.py took 0.165 seconds
[2026-06-08T08:19:18.015+0000] {processor.py:161} INFO - Started process (PID=1012) to work on /opt/airflow/dags/tiki_pipeline_dag.py
[2026-06-08T08:19:18.016+0000] {processor.py:830} INFO - Processing file /opt/airflow/dags/tiki_pipeline_dag.py for tasks to queue
[2026-06-08T08:19:18.018+0000] {logging_mixin.py:188} INFO - [2026-06-08T08:19:18.018+0000] {dagbag.py:538} INFO - Filling up the DagBag from /opt/airflow/dags/tiki_pipeline_dag.py
[2026-06-08T08:19:18.061+0000] {processor.py:840} INFO - DAG(s) 'tiki_beauty_lakehouse_pipeline' retrieved from /opt/airflow/dags/tiki_pipeline_dag.py
[2026-06-08T08:19:18.100+0000] {logging_mixin.py:188} INFO - [2026-06-08T08:19:18.099+0000] {dag.py:3036} INFO - Sync 1 DAGs
[2026-06-08T08:19:18.132+0000] {logging_mixin.py:188} INFO - [2026-06-08T08:19:18.132+0000] {dag.py:3823} INFO - Setting next_dagrun for tiki_beauty_lakehouse_pipeline to 2026-06-08 08:00:00+00:00, run_after=2026-06-09 08:00:00+00:00
[2026-06-08T08:19:18.161+0000] {processor.py:183} INFO - Processing /opt/airflow/dags/tiki_pipeline_dag.py took 0.150 seconds
[2026-06-08T08:19:48.748+0000] {processor.py:161} INFO - Started process (PID=1048) to work on /opt/airflow/dags/tiki_pipeline_dag.py
[2026-06-08T08:19:48.750+0000] {processor.py:830} INFO - Processing file /opt/airflow/dags/tiki_pipeline_dag.py for tasks to queue
[2026-06-08T08:19:48.751+0000] {logging_mixin.py:188} INFO - [2026-06-08T08:19:48.751+0000] {dagbag.py:538} INFO - Filling up the DagBag from /opt/airflow/dags/tiki_pipeline_dag.py
[2026-06-08T08:19:48.780+0000] {processor.py:840} INFO - DAG(s) 'tiki_beauty_lakehouse_pipeline' retrieved from /opt/airflow/dags/tiki_pipeline_dag.py
[2026-06-08T08:19:48.809+0000] {logging_mixin.py:188} INFO - [2026-06-08T08:19:48.809+0000] {dag.py:3036} INFO - Sync 1 DAGs
[2026-06-08T08:19:48.860+0000] {logging_mixin.py:188} INFO - [2026-06-08T08:19:48.860+0000] {dag.py:3823} INFO - Setting next_dagrun for tiki_beauty_lakehouse_pipeline to 2026-06-08 08:00:00+00:00, run_after=2026-06-09 08:00:00+00:00
[2026-06-08T08:19:48.899+0000] {processor.py:183} INFO - Processing /opt/airflow/dags/tiki_pipeline_dag.py took 0.157 seconds
[2026-06-08T08:20:19.278+0000] {processor.py:161} INFO - Started process (PID=1080) to work on /opt/airflow/dags/tiki_pipeline_dag.py
[2026-06-08T08:20:19.281+0000] {processor.py:830} INFO - Processing file /opt/airflow/dags/tiki_pipeline_dag.py for tasks to queue
[2026-06-08T08:20:19.282+0000] {logging_mixin.py:188} INFO - [2026-06-08T08:20:19.282+0000] {dagbag.py:538} INFO - Filling up the DagBag from /opt/airflow/dags/tiki_pipeline_dag.py
[2026-06-08T08:20:19.405+0000] {processor.py:840} INFO - DAG(s) 'tiki_beauty_lakehouse_pipeline' retrieved from /opt/airflow/dags/tiki_pipeline_dag.py
[2026-06-08T08:20:19.481+0000] {logging_mixin.py:188} INFO - [2026-06-08T08:20:19.481+0000] {dag.py:3036} INFO - Sync 1 DAGs
[2026-06-08T08:20:19.515+0000] {logging_mixin.py:188} INFO - [2026-06-08T08:20:19.515+0000] {dag.py:3823} INFO - Setting next_dagrun for tiki_beauty_lakehouse_pipeline to 2026-06-08 08:00:00+00:00, run_after=2026-06-09 08:00:00+00:00
[2026-06-08T08:20:19.552+0000] {processor.py:183} INFO - Processing /opt/airflow/dags/tiki_pipeline_dag.py took 0.283 seconds
[2026-06-08T08:20:50.092+0000] {processor.py:161} INFO - Started process (PID=1111) to work on /opt/airflow/dags/tiki_pipeline_dag.py
[2026-06-08T08:20:50.094+0000] {processor.py:830} INFO - Processing file /opt/airflow/dags/tiki_pipeline_dag.py for tasks to queue
[2026-06-08T08:20:50.096+0000] {logging_mixin.py:188} INFO - [2026-06-08T08:20:50.095+0000] {dagbag.py:538} INFO - Filling up the DagBag from /opt/airflow/dags/tiki_pipeline_dag.py
[2026-06-08T08:20:50.217+0000] {processor.py:840} INFO - DAG(s) 'tiki_beauty_lakehouse_pipeline' retrieved from /opt/airflow/dags/tiki_pipeline_dag.py
[2026-06-08T08:20:50.283+0000] {logging_mixin.py:188} INFO - [2026-06-08T08:20:50.282+0000] {dag.py:3036} INFO - Sync 1 DAGs
[2026-06-08T08:20:50.318+0000] {logging_mixin.py:188} INFO - [2026-06-08T08:20:50.318+0000] {dag.py:3823} INFO - Setting next_dagrun for tiki_beauty_lakehouse_pipeline to 2026-06-08 08:00:00+00:00, run_after=2026-06-09 08:00:00+00:00
[2026-06-08T08:20:50.353+0000] {processor.py:183} INFO - Processing /opt/airflow/dags/tiki_pipeline_dag.py took 0.263 seconds
[2026-06-08T08:21:20.714+0000] {processor.py:161} INFO - Started process (PID=1149) to work on /opt/airflow/dags/tiki_pipeline_dag.py
[2026-06-08T08:21:20.717+0000] {processor.py:830} INFO - Processing file /opt/airflow/dags/tiki_pipeline_dag.py for tasks to queue
[2026-06-08T08:21:20.718+0000] {logging_mixin.py:188} INFO - [2026-06-08T08:21:20.718+0000] {dagbag.py:538} INFO - Filling up the DagBag from /opt/airflow/dags/tiki_pipeline_dag.py
[2026-06-08T08:21:20.772+0000] {processor.py:840} INFO - DAG(s) 'tiki_beauty_lakehouse_pipeline' retrieved from /opt/airflow/dags/tiki_pipeline_dag.py
[2026-06-08T08:21:20.815+0000] {logging_mixin.py:188} INFO - [2026-06-08T08:21:20.814+0000] {dag.py:3036} INFO - Sync 1 DAGs
[2026-06-08T08:21:20.847+0000] {logging_mixin.py:188} INFO - [2026-06-08T08:21:20.847+0000] {dag.py:3823} INFO - Setting next_dagrun for tiki_beauty_lakehouse_pipeline to 2026-06-08 08:00:00+00:00, run_after=2026-06-09 08:00:00+00:00
[2026-06-08T08:21:20.875+0000] {processor.py:183} INFO - Processing /opt/airflow/dags/tiki_pipeline_dag.py took 0.166 seconds
[2026-06-08T08:21:51.325+0000] {processor.py:161} INFO - Started process (PID=1182) to work on /opt/airflow/dags/tiki_pipeline_dag.py
[2026-06-08T08:21:51.329+0000] {processor.py:830} INFO - Processing file /opt/airflow/dags/tiki_pipeline_dag.py for tasks to queue
[2026-06-08T08:21:51.332+0000] {logging_mixin.py:188} INFO - [2026-06-08T08:21:51.332+0000] {dagbag.py:538} INFO - Filling up the DagBag from /opt/airflow/dags/tiki_pipeline_dag.py
[2026-06-08T08:21:51.404+0000] {processor.py:840} INFO - DAG(s) 'tiki_beauty_lakehouse_pipeline' retrieved from /opt/airflow/dags/tiki_pipeline_dag.py
[2026-06-08T08:21:51.442+0000] {logging_mixin.py:188} INFO - [2026-06-08T08:21:51.442+0000] {dag.py:3036} INFO - Sync 1 DAGs
[2026-06-08T08:21:51.468+0000] {logging_mixin.py:188} INFO - [2026-06-08T08:21:51.468+0000] {dag.py:3823} INFO - Setting next_dagrun for tiki_beauty_lakehouse_pipeline to 2026-06-08 08:00:00+00:00, run_after=2026-06-09 08:00:00+00:00
[2026-06-08T08:21:51.499+0000] {processor.py:183} INFO - Processing /opt/airflow/dags/tiki_pipeline_dag.py took 0.180 seconds
[2026-06-08T08:22:21.983+0000] {processor.py:161} INFO - Started process (PID=1218) to work on /opt/airflow/dags/tiki_pipeline_dag.py
[2026-06-08T08:22:21.984+0000] {processor.py:830} INFO - Processing file /opt/airflow/dags/tiki_pipeline_dag.py for tasks to queue
[2026-06-08T08:22:21.985+0000] {logging_mixin.py:188} INFO - [2026-06-08T08:22:21.985+0000] {dagbag.py:538} INFO - Filling up the DagBag from /opt/airflow/dags/tiki_pipeline_dag.py
[2026-06-08T08:22:22.024+0000] {processor.py:840} INFO - DAG(s) 'tiki_beauty_lakehouse_pipeline' retrieved from /opt/airflow/dags/tiki_pipeline_dag.py
[2026-06-08T08:22:22.060+0000] {logging_mixin.py:188} INFO - [2026-06-08T08:22:22.060+0000] {dag.py:3036} INFO - Sync 1 DAGs
[2026-06-08T08:22:22.092+0000] {logging_mixin.py:188} INFO - [2026-06-08T08:22:22.092+0000] {dag.py:3823} INFO - Setting next_dagrun for tiki_beauty_lakehouse_pipeline to 2026-06-08 08:00:00+00:00, run_after=2026-06-09 08:00:00+00:00
[2026-06-08T08:22:22.122+0000] {processor.py:183} INFO - Processing /opt/airflow/dags/tiki_pipeline_dag.py took 0.143 seconds
[2026-06-08T08:22:52.445+0000] {processor.py:161} INFO - Started process (PID=1258) to work on /opt/airflow/dags/tiki_pipeline_dag.py
[2026-06-08T08:22:52.448+0000] {processor.py:830} INFO - Processing file /opt/airflow/dags/tiki_pipeline_dag.py for tasks to queue
[2026-06-08T08:22:52.450+0000] {logging_mixin.py:188} INFO - [2026-06-08T08:22:52.449+0000] {dagbag.py:538} INFO - Filling up the DagBag from /opt/airflow/dags/tiki_pipeline_dag.py
[2026-06-08T08:22:52.500+0000] {processor.py:840} INFO - DAG(s) 'tiki_beauty_lakehouse_pipeline' retrieved from /opt/airflow/dags/tiki_pipeline_dag.py
[2026-06-08T08:22:52.534+0000] {logging_mixin.py:188} INFO - [2026-06-08T08:22:52.534+0000] {dag.py:3036} INFO - Sync 1 DAGs
[2026-06-08T08:22:52.567+0000] {logging_mixin.py:188} INFO - [2026-06-08T08:22:52.566+0000] {dag.py:3823} INFO - Setting next_dagrun for tiki_beauty_lakehouse_pipeline to 2026-06-08 08:00:00+00:00, run_after=2026-06-09 08:00:00+00:00
[2026-06-08T08:22:52.610+0000] {processor.py:183} INFO - Processing /opt/airflow/dags/tiki_pipeline_dag.py took 0.172 seconds
[2026-06-08T08:23:23.296+0000] {processor.py:161} INFO - Started process (PID=1291) to work on /opt/airflow/dags/tiki_pipeline_dag.py
[2026-06-08T08:23:23.302+0000] {processor.py:830} INFO - Processing file /opt/airflow/dags/tiki_pipeline_dag.py for tasks to queue
[2026-06-08T08:23:23.305+0000] {logging_mixin.py:188} INFO - [2026-06-08T08:23:23.304+0000] {dagbag.py:538} INFO - Filling up the DagBag from /opt/airflow/dags/tiki_pipeline_dag.py
[2026-06-08T08:23:23.403+0000] {processor.py:840} INFO - DAG(s) 'tiki_beauty_lakehouse_pipeline' retrieved from /opt/airflow/dags/tiki_pipeline_dag.py
[2026-06-08T08:23:23.488+0000] {logging_mixin.py:188} INFO - [2026-06-08T08:23:23.488+0000] {dag.py:3036} INFO - Sync 1 DAGs
[2026-06-08T08:23:23.520+0000] {logging_mixin.py:188} INFO - [2026-06-08T08:23:23.520+0000] {dag.py:3823} INFO - Setting next_dagrun for tiki_beauty_lakehouse_pipeline to 2026-06-08 08:00:00+00:00, run_after=2026-06-09 08:00:00+00:00
[2026-06-08T08:23:23.593+0000] {processor.py:183} INFO - Processing /opt/airflow/dags/tiki_pipeline_dag.py took 0.319 seconds
[2026-06-08T08:23:54.133+0000] {processor.py:161} INFO - Started process (PID=1322) to work on /opt/airflow/dags/tiki_pipeline_dag.py
[2026-06-08T08:23:54.135+0000] {processor.py:830} INFO - Processing file /opt/airflow/dags/tiki_pipeline_dag.py for tasks to queue
[2026-06-08T08:23:54.137+0000] {logging_mixin.py:188} INFO - [2026-06-08T08:23:54.136+0000] {dagbag.py:538} INFO - Filling up the DagBag from /opt/airflow/dags/tiki_pipeline_dag.py
[2026-06-08T08:23:54.213+0000] {processor.py:840} INFO - DAG(s) 'tiki_beauty_lakehouse_pipeline' retrieved from /opt/airflow/dags/tiki_pipeline_dag.py
[2026-06-08T08:23:54.249+0000] {logging_mixin.py:188} INFO - [2026-06-08T08:23:54.248+0000] {dag.py:3036} INFO - Sync 1 DAGs
[2026-06-08T08:23:54.273+0000] {logging_mixin.py:188} INFO - [2026-06-08T08:23:54.273+0000] {dag.py:3823} INFO - Setting next_dagrun for tiki_beauty_lakehouse_pipeline to 2026-06-08 08:00:00+00:00, run_after=2026-06-09 08:00:00+00:00
[2026-06-08T08:23:54.304+0000] {processor.py:183} INFO - Processing /opt/airflow/dags/tiki_pipeline_dag.py took 0.176 seconds
[2026-06-08T08:24:24.652+0000] {processor.py:161} INFO - Started process (PID=1359) to work on /opt/airflow/dags/tiki_pipeline_dag.py
[2026-06-08T08:24:24.657+0000] {processor.py:830} INFO - Processing file /opt/airflow/dags/tiki_pipeline_dag.py for tasks to queue
[2026-06-08T08:24:24.660+0000] {logging_mixin.py:188} INFO - [2026-06-08T08:24:24.659+0000] {dagbag.py:538} INFO - Filling up the DagBag from /opt/airflow/dags/tiki_pipeline_dag.py
[2026-06-08T08:24:24.758+0000] {processor.py:840} INFO - DAG(s) 'tiki_beauty_lakehouse_pipeline' retrieved from /opt/airflow/dags/tiki_pipeline_dag.py
[2026-06-08T08:24:24.814+0000] {logging_mixin.py:188} INFO - [2026-06-08T08:24:24.814+0000] {dag.py:3036} INFO - Sync 1 DAGs
[2026-06-08T08:24:24.863+0000] {logging_mixin.py:188} INFO - [2026-06-08T08:24:24.863+0000] {dag.py:3823} INFO - Setting next_dagrun for tiki_beauty_lakehouse_pipeline to 2026-06-08 08:00:00+00:00, run_after=2026-06-09 08:00:00+00:00
[2026-06-08T08:24:24.912+0000] {processor.py:183} INFO - Processing /opt/airflow/dags/tiki_pipeline_dag.py took 0.273 seconds
[2026-06-08T08:24:55.433+0000] {processor.py:161} INFO - Started process (PID=1400) to work on /opt/airflow/dags/tiki_pipeline_dag.py
[2026-06-08T08:24:55.435+0000] {processor.py:830} INFO - Processing file /opt/airflow/dags/tiki_pipeline_dag.py for tasks to queue
[2026-06-08T08:24:55.436+0000] {logging_mixin.py:188} INFO - [2026-06-08T08:24:55.436+0000] {dagbag.py:538} INFO - Filling up the DagBag from /opt/airflow/dags/tiki_pipeline_dag.py
[2026-06-08T08:24:55.510+0000] {processor.py:840} INFO - DAG(s) 'tiki_beauty_lakehouse_pipeline' retrieved from /opt/airflow/dags/tiki_pipeline_dag.py
[2026-06-08T08:24:55.545+0000] {logging_mixin.py:188} INFO - [2026-06-08T08:24:55.544+0000] {dag.py:3036} INFO - Sync 1 DAGs
[2026-06-08T08:24:55.571+0000] {logging_mixin.py:188} INFO - [2026-06-08T08:24:55.571+0000] {dag.py:3823} INFO - Setting next_dagrun for tiki_beauty_lakehouse_pipeline to 2026-06-08 08:00:00+00:00, run_after=2026-06-09 08:00:00+00:00
[2026-06-08T08:24:55.604+0000] {processor.py:183} INFO - Processing /opt/airflow/dags/tiki_pipeline_dag.py took 0.175 seconds
[2026-06-08T08:25:26.115+0000] {processor.py:161} INFO - Started process (PID=1432) to work on /opt/airflow/dags/tiki_pipeline_dag.py
[2026-06-08T08:25:26.118+0000] {processor.py:830} INFO - Processing file /opt/airflow/dags/tiki_pipeline_dag.py for tasks to queue
[2026-06-08T08:25:26.120+0000] {logging_mixin.py:188} INFO - [2026-06-08T08:25:26.120+0000] {dagbag.py:538} INFO - Filling up the DagBag from /opt/airflow/dags/tiki_pipeline_dag.py
[2026-06-08T08:25:26.181+0000] {processor.py:840} INFO - DAG(s) 'tiki_beauty_lakehouse_pipeline' retrieved from /opt/airflow/dags/tiki_pipeline_dag.py
[2026-06-08T08:25:26.224+0000] {logging_mixin.py:188} INFO - [2026-06-08T08:25:26.224+0000] {dag.py:3036} INFO - Sync 1 DAGs
[2026-06-08T08:25:26.256+0000] {logging_mixin.py:188} INFO - [2026-06-08T08:25:26.256+0000] {dag.py:3823} INFO - Setting next_dagrun for tiki_beauty_lakehouse_pipeline to 2026-06-08 08:00:00+00:00, run_after=2026-06-09 08:00:00+00:00
[2026-06-08T08:25:26.297+0000] {processor.py:183} INFO - Processing /opt/airflow/dags/tiki_pipeline_dag.py took 0.194 seconds
[2026-06-08T08:25:56.713+0000] {processor.py:161} INFO - Started process (PID=1465) to work on /opt/airflow/dags/tiki_pipeline_dag.py
[2026-06-08T08:25:56.716+0000] {processor.py:830} INFO - Processing file /opt/airflow/dags/tiki_pipeline_dag.py for tasks to queue
[2026-06-08T08:25:56.718+0000] {logging_mixin.py:188} INFO - [2026-06-08T08:25:56.718+0000] {dagbag.py:538} INFO - Filling up the DagBag from /opt/airflow/dags/tiki_pipeline_dag.py
[2026-06-08T08:25:56.787+0000] {processor.py:840} INFO - DAG(s) 'tiki_beauty_lakehouse_pipeline' retrieved from /opt/airflow/dags/tiki_pipeline_dag.py
[2026-06-08T08:25:56.835+0000] {logging_mixin.py:188} INFO - [2026-06-08T08:25:56.835+0000] {dag.py:3036} INFO - Sync 1 DAGs
[2026-06-08T08:25:56.865+0000] {logging_mixin.py:188} INFO - [2026-06-08T08:25:56.864+0000] {dag.py:3823} INFO - Setting next_dagrun for tiki_beauty_lakehouse_pipeline to 2026-06-08 08:00:00+00:00, run_after=2026-06-09 08:00:00+00:00
[2026-06-08T08:25:56.930+0000] {processor.py:183} INFO - Processing /opt/airflow/dags/tiki_pipeline_dag.py took 0.225 seconds
[2026-06-08T08:26:27.221+0000] {processor.py:161} INFO - Started process (PID=1502) to work on /opt/airflow/dags/tiki_pipeline_dag.py
[2026-06-08T08:26:27.224+0000] {processor.py:830} INFO - Processing file /opt/airflow/dags/tiki_pipeline_dag.py for tasks to queue
[2026-06-08T08:26:27.226+0000] {logging_mixin.py:188} INFO - [2026-06-08T08:26:27.226+0000] {dagbag.py:538} INFO - Filling up the DagBag from /opt/airflow/dags/tiki_pipeline_dag.py
[2026-06-08T08:26:27.289+0000] {processor.py:840} INFO - DAG(s) 'tiki_beauty_lakehouse_pipeline' retrieved from /opt/airflow/dags/tiki_pipeline_dag.py
[2026-06-08T08:26:27.345+0000] {logging_mixin.py:188} INFO - [2026-06-08T08:26:27.345+0000] {dag.py:3036} INFO - Sync 1 DAGs
[2026-06-08T08:26:27.378+0000] {logging_mixin.py:188} INFO - [2026-06-08T08:26:27.378+0000] {dag.py:3823} INFO - Setting next_dagrun for tiki_beauty_lakehouse_pipeline to 2026-06-08 08:00:00+00:00, run_after=2026-06-09 08:00:00+00:00
[2026-06-08T08:26:27.421+0000] {processor.py:183} INFO - Processing /opt/airflow/dags/tiki_pipeline_dag.py took 0.207 seconds
[2026-06-08T08:26:58.157+0000] {processor.py:161} INFO - Started process (PID=1529) to work on /opt/airflow/dags/tiki_pipeline_dag.py
[2026-06-08T08:26:58.159+0000] {processor.py:830} INFO - Processing file /opt/airflow/dags/tiki_pipeline_dag.py for tasks to queue
[2026-06-08T08:26:58.161+0000] {logging_mixin.py:188} INFO - [2026-06-08T08:26:58.160+0000] {dagbag.py:538} INFO - Filling up the DagBag from /opt/airflow/dags/tiki_pipeline_dag.py
[2026-06-08T08:26:58.195+0000] {processor.py:840} INFO - DAG(s) 'tiki_beauty_lakehouse_pipeline' retrieved from /opt/airflow/dags/tiki_pipeline_dag.py
[2026-06-08T08:26:58.226+0000] {logging_mixin.py:188} INFO - [2026-06-08T08:26:58.226+0000] {dag.py:3036} INFO - Sync 1 DAGs
[2026-06-08T08:26:58.256+0000] {logging_mixin.py:188} INFO - [2026-06-08T08:26:58.256+0000] {dag.py:3823} INFO - Setting next_dagrun for tiki_beauty_lakehouse_pipeline to 2026-06-08 08:00:00+00:00, run_after=2026-06-09 08:00:00+00:00
[2026-06-08T08:26:58.287+0000] {processor.py:183} INFO - Processing /opt/airflow/dags/tiki_pipeline_dag.py took 0.133 seconds
[2026-06-08T08:27:28.745+0000] {processor.py:161} INFO - Started process (PID=1566) to work on /opt/airflow/dags/tiki_pipeline_dag.py
[2026-06-08T08:27:28.747+0000] {processor.py:830} INFO - Processing file /opt/airflow/dags/tiki_pipeline_dag.py for tasks to queue
[2026-06-08T08:27:28.748+0000] {logging_mixin.py:188} INFO - [2026-06-08T08:27:28.748+0000] {dagbag.py:538} INFO - Filling up the DagBag from /opt/airflow/dags/tiki_pipeline_dag.py
[2026-06-08T08:27:28.781+0000] {processor.py:840} INFO - DAG(s) 'tiki_beauty_lakehouse_pipeline' retrieved from /opt/airflow/dags/tiki_pipeline_dag.py
[2026-06-08T08:27:28.816+0000] {logging_mixin.py:188} INFO - [2026-06-08T08:27:28.815+0000] {dag.py:3036} INFO - Sync 1 DAGs
[2026-06-08T08:27:28.845+0000] {logging_mixin.py:188} INFO - [2026-06-08T08:27:28.845+0000] {dag.py:3823} INFO - Setting next_dagrun for tiki_beauty_lakehouse_pipeline to 2026-06-08 08:00:00+00:00, run_after=2026-06-09 08:00:00+00:00
[2026-06-08T08:27:28.871+0000] {processor.py:183} INFO - Processing /opt/airflow/dags/tiki_pipeline_dag.py took 0.129 seconds
[2026-06-08T08:27:59.241+0000] {processor.py:161} INFO - Started process (PID=1602) to work on /opt/airflow/dags/tiki_pipeline_dag.py
[2026-06-08T08:27:59.243+0000] {processor.py:830} INFO - Processing file /opt/airflow/dags/tiki_pipeline_dag.py for tasks to queue
[2026-06-08T08:27:59.246+0000] {logging_mixin.py:188} INFO - [2026-06-08T08:27:59.245+0000] {dagbag.py:538} INFO - Filling up the DagBag from /opt/airflow/dags/tiki_pipeline_dag.py
[2026-06-08T08:27:59.286+0000] {processor.py:840} INFO - DAG(s) 'tiki_beauty_lakehouse_pipeline' retrieved from /opt/airflow/dags/tiki_pipeline_dag.py
[2026-06-08T08:27:59.314+0000] {logging_mixin.py:188} INFO - [2026-06-08T08:27:59.314+0000] {dag.py:3036} INFO - Sync 1 DAGs
[2026-06-08T08:27:59.340+0000] {logging_mixin.py:188} INFO - [2026-06-08T08:27:59.340+0000] {dag.py:3823} INFO - Setting next_dagrun for tiki_beauty_lakehouse_pipeline to 2026-06-08 08:00:00+00:00, run_after=2026-06-09 08:00:00+00:00
[2026-06-08T08:27:59.378+0000] {processor.py:183} INFO - Processing /opt/airflow/dags/tiki_pipeline_dag.py took 0.142 seconds
