[2026-06-10T07:58:39.987+0000] {processor.py:161} INFO - Started process (PID=173) to work on /opt/airflow/dags/tiki_pipeline_dag.py
[2026-06-10T07:58:39.989+0000] {processor.py:830} INFO - Processing file /opt/airflow/dags/tiki_pipeline_dag.py for tasks to queue
[2026-06-10T07:58:39.991+0000] {logging_mixin.py:188} INFO - [2026-06-10T07:58:39.990+0000] {dagbag.py:538} INFO - Filling up the DagBag from /opt/airflow/dags/tiki_pipeline_dag.py
[2026-06-10T07:58:40.036+0000] {processor.py:840} INFO - DAG(s) 'tiki_beauty_lakehouse_pipeline' retrieved from /opt/airflow/dags/tiki_pipeline_dag.py
[2026-06-10T07:58:40.234+0000] {logging_mixin.py:188} INFO - [2026-06-10T07:58:40.234+0000] {dag.py:3036} INFO - Sync 1 DAGs
[2026-06-10T07:58:40.261+0000] {logging_mixin.py:188} INFO - [2026-06-10T07:58:40.261+0000] {dag.py:3823} INFO - Setting next_dagrun for tiki_beauty_lakehouse_pipeline to 2026-06-09 08:00:00+00:00, run_after=2026-06-10 08:00:00+00:00
[2026-06-10T07:58:40.293+0000] {processor.py:183} INFO - Processing /opt/airflow/dags/tiki_pipeline_dag.py took 0.310 seconds
[2026-06-10T07:59:10.528+0000] {processor.py:161} INFO - Started process (PID=178) to work on /opt/airflow/dags/tiki_pipeline_dag.py
[2026-06-10T07:59:10.531+0000] {processor.py:830} INFO - Processing file /opt/airflow/dags/tiki_pipeline_dag.py for tasks to queue
[2026-06-10T07:59:10.533+0000] {logging_mixin.py:188} INFO - [2026-06-10T07:59:10.532+0000] {dagbag.py:538} INFO - Filling up the DagBag from /opt/airflow/dags/tiki_pipeline_dag.py
[2026-06-10T07:59:10.579+0000] {processor.py:840} INFO - DAG(s) 'tiki_beauty_lakehouse_pipeline' retrieved from /opt/airflow/dags/tiki_pipeline_dag.py
[2026-06-10T07:59:10.619+0000] {logging_mixin.py:188} INFO - [2026-06-10T07:59:10.618+0000] {dag.py:3036} INFO - Sync 1 DAGs
[2026-06-10T07:59:10.652+0000] {logging_mixin.py:188} INFO - [2026-06-10T07:59:10.652+0000] {dag.py:3823} INFO - Setting next_dagrun for tiki_beauty_lakehouse_pipeline to 2026-06-09 08:00:00+00:00, run_after=2026-06-10 08:00:00+00:00
[2026-06-10T07:59:10.697+0000] {processor.py:183} INFO - Processing /opt/airflow/dags/tiki_pipeline_dag.py took 0.175 seconds
[2026-06-10T07:59:41.210+0000] {processor.py:161} INFO - Started process (PID=183) to work on /opt/airflow/dags/tiki_pipeline_dag.py
[2026-06-10T07:59:41.211+0000] {processor.py:830} INFO - Processing file /opt/airflow/dags/tiki_pipeline_dag.py for tasks to queue
[2026-06-10T07:59:41.213+0000] {logging_mixin.py:188} INFO - [2026-06-10T07:59:41.212+0000] {dagbag.py:538} INFO - Filling up the DagBag from /opt/airflow/dags/tiki_pipeline_dag.py
[2026-06-10T07:59:41.259+0000] {processor.py:840} INFO - DAG(s) 'tiki_beauty_lakehouse_pipeline' retrieved from /opt/airflow/dags/tiki_pipeline_dag.py
[2026-06-10T07:59:41.312+0000] {logging_mixin.py:188} INFO - [2026-06-10T07:59:41.310+0000] {dag.py:3036} INFO - Sync 1 DAGs
[2026-06-10T07:59:41.379+0000] {logging_mixin.py:188} INFO - [2026-06-10T07:59:41.379+0000] {dag.py:3823} INFO - Setting next_dagrun for tiki_beauty_lakehouse_pipeline to 2026-06-09 08:00:00+00:00, run_after=2026-06-10 08:00:00+00:00
[2026-06-10T07:59:41.434+0000] {processor.py:183} INFO - Processing /opt/airflow/dags/tiki_pipeline_dag.py took 0.227 seconds
[2026-06-10T08:00:11.709+0000] {processor.py:161} INFO - Started process (PID=194) to work on /opt/airflow/dags/tiki_pipeline_dag.py
[2026-06-10T08:00:11.713+0000] {processor.py:830} INFO - Processing file /opt/airflow/dags/tiki_pipeline_dag.py for tasks to queue
[2026-06-10T08:00:11.718+0000] {logging_mixin.py:188} INFO - [2026-06-10T08:00:11.717+0000] {dagbag.py:538} INFO - Filling up the DagBag from /opt/airflow/dags/tiki_pipeline_dag.py
[2026-06-10T08:00:11.800+0000] {processor.py:840} INFO - DAG(s) 'tiki_beauty_lakehouse_pipeline' retrieved from /opt/airflow/dags/tiki_pipeline_dag.py
[2026-06-10T08:00:11.866+0000] {logging_mixin.py:188} INFO - [2026-06-10T08:00:11.866+0000] {dag.py:3036} INFO - Sync 1 DAGs
[2026-06-10T08:00:11.892+0000] {logging_mixin.py:188} INFO - [2026-06-10T08:00:11.892+0000] {dag.py:3823} INFO - Setting next_dagrun for tiki_beauty_lakehouse_pipeline to 2026-06-10 08:00:00+00:00, run_after=2026-06-11 08:00:00+00:00
[2026-06-10T08:00:11.946+0000] {processor.py:183} INFO - Processing /opt/airflow/dags/tiki_pipeline_dag.py took 0.243 seconds
[2026-06-10T08:00:42.458+0000] {processor.py:161} INFO - Started process (PID=209) to work on /opt/airflow/dags/tiki_pipeline_dag.py
[2026-06-10T08:00:42.459+0000] {processor.py:830} INFO - Processing file /opt/airflow/dags/tiki_pipeline_dag.py for tasks to queue
[2026-06-10T08:00:42.461+0000] {logging_mixin.py:188} INFO - [2026-06-10T08:00:42.461+0000] {dagbag.py:538} INFO - Filling up the DagBag from /opt/airflow/dags/tiki_pipeline_dag.py
[2026-06-10T08:00:42.491+0000] {processor.py:840} INFO - DAG(s) 'tiki_beauty_lakehouse_pipeline' retrieved from /opt/airflow/dags/tiki_pipeline_dag.py
[2026-06-10T08:00:42.523+0000] {logging_mixin.py:188} INFO - [2026-06-10T08:00:42.523+0000] {dag.py:3036} INFO - Sync 1 DAGs
[2026-06-10T08:00:42.557+0000] {logging_mixin.py:188} INFO - [2026-06-10T08:00:42.557+0000] {dag.py:3823} INFO - Setting next_dagrun for tiki_beauty_lakehouse_pipeline to 2026-06-10 08:00:00+00:00, run_after=2026-06-11 08:00:00+00:00
[2026-06-10T08:00:42.596+0000] {processor.py:183} INFO - Processing /opt/airflow/dags/tiki_pipeline_dag.py took 0.151 seconds
[2026-06-10T08:01:13.032+0000] {processor.py:161} INFO - Started process (PID=229) to work on /opt/airflow/dags/tiki_pipeline_dag.py
[2026-06-10T08:01:13.035+0000] {processor.py:830} INFO - Processing file /opt/airflow/dags/tiki_pipeline_dag.py for tasks to queue
[2026-06-10T08:01:13.038+0000] {logging_mixin.py:188} INFO - [2026-06-10T08:01:13.037+0000] {dagbag.py:538} INFO - Filling up the DagBag from /opt/airflow/dags/tiki_pipeline_dag.py
[2026-06-10T08:01:13.097+0000] {processor.py:840} INFO - DAG(s) 'tiki_beauty_lakehouse_pipeline' retrieved from /opt/airflow/dags/tiki_pipeline_dag.py
[2026-06-10T08:01:13.128+0000] {logging_mixin.py:188} INFO - [2026-06-10T08:01:13.128+0000] {dag.py:3036} INFO - Sync 1 DAGs
[2026-06-10T08:01:13.158+0000] {logging_mixin.py:188} INFO - [2026-06-10T08:01:13.157+0000] {dag.py:3823} INFO - Setting next_dagrun for tiki_beauty_lakehouse_pipeline to 2026-06-10 08:00:00+00:00, run_after=2026-06-11 08:00:00+00:00
[2026-06-10T08:01:13.198+0000] {processor.py:183} INFO - Processing /opt/airflow/dags/tiki_pipeline_dag.py took 0.179 seconds
[2026-06-10T08:01:43.573+0000] {processor.py:161} INFO - Started process (PID=247) to work on /opt/airflow/dags/tiki_pipeline_dag.py
[2026-06-10T08:01:43.576+0000] {processor.py:830} INFO - Processing file /opt/airflow/dags/tiki_pipeline_dag.py for tasks to queue
[2026-06-10T08:01:43.578+0000] {logging_mixin.py:188} INFO - [2026-06-10T08:01:43.577+0000] {dagbag.py:538} INFO - Filling up the DagBag from /opt/airflow/dags/tiki_pipeline_dag.py
[2026-06-10T08:01:43.676+0000] {processor.py:840} INFO - DAG(s) 'tiki_beauty_lakehouse_pipeline' retrieved from /opt/airflow/dags/tiki_pipeline_dag.py
[2026-06-10T08:01:43.735+0000] {logging_mixin.py:188} INFO - [2026-06-10T08:01:43.734+0000] {dag.py:3036} INFO - Sync 1 DAGs
[2026-06-10T08:01:43.767+0000] {logging_mixin.py:188} INFO - [2026-06-10T08:01:43.766+0000] {dag.py:3823} INFO - Setting next_dagrun for tiki_beauty_lakehouse_pipeline to 2026-06-10 08:00:00+00:00, run_after=2026-06-11 08:00:00+00:00
[2026-06-10T08:01:43.801+0000] {processor.py:183} INFO - Processing /opt/airflow/dags/tiki_pipeline_dag.py took 0.231 seconds
[2026-06-10T08:02:14.004+0000] {processor.py:161} INFO - Started process (PID=269) to work on /opt/airflow/dags/tiki_pipeline_dag.py
[2026-06-10T08:02:14.007+0000] {processor.py:830} INFO - Processing file /opt/airflow/dags/tiki_pipeline_dag.py for tasks to queue
[2026-06-10T08:02:14.009+0000] {logging_mixin.py:188} INFO - [2026-06-10T08:02:14.008+0000] {dagbag.py:538} INFO - Filling up the DagBag from /opt/airflow/dags/tiki_pipeline_dag.py
[2026-06-10T08:02:14.044+0000] {processor.py:840} INFO - DAG(s) 'tiki_beauty_lakehouse_pipeline' retrieved from /opt/airflow/dags/tiki_pipeline_dag.py
[2026-06-10T08:02:14.106+0000] {logging_mixin.py:188} INFO - [2026-06-10T08:02:14.106+0000] {dag.py:3036} INFO - Sync 1 DAGs
[2026-06-10T08:02:14.146+0000] {logging_mixin.py:188} INFO - [2026-06-10T08:02:14.146+0000] {dag.py:3823} INFO - Setting next_dagrun for tiki_beauty_lakehouse_pipeline to 2026-06-10 08:00:00+00:00, run_after=2026-06-11 08:00:00+00:00
[2026-06-10T08:02:14.175+0000] {processor.py:183} INFO - Processing /opt/airflow/dags/tiki_pipeline_dag.py took 0.176 seconds
[2026-06-10T08:02:44.533+0000] {processor.py:161} INFO - Started process (PID=282) to work on /opt/airflow/dags/tiki_pipeline_dag.py
[2026-06-10T08:02:44.534+0000] {processor.py:830} INFO - Processing file /opt/airflow/dags/tiki_pipeline_dag.py for tasks to queue
[2026-06-10T08:02:44.536+0000] {logging_mixin.py:188} INFO - [2026-06-10T08:02:44.536+0000] {dagbag.py:538} INFO - Filling up the DagBag from /opt/airflow/dags/tiki_pipeline_dag.py
[2026-06-10T08:02:44.605+0000] {processor.py:840} INFO - DAG(s) 'tiki_beauty_lakehouse_pipeline' retrieved from /opt/airflow/dags/tiki_pipeline_dag.py
[2026-06-10T08:02:44.643+0000] {logging_mixin.py:188} INFO - [2026-06-10T08:02:44.643+0000] {dag.py:3036} INFO - Sync 1 DAGs
[2026-06-10T08:02:44.667+0000] {logging_mixin.py:188} INFO - [2026-06-10T08:02:44.667+0000] {dag.py:3823} INFO - Setting next_dagrun for tiki_beauty_lakehouse_pipeline to 2026-06-10 08:00:00+00:00, run_after=2026-06-11 08:00:00+00:00
[2026-06-10T08:02:44.697+0000] {processor.py:183} INFO - Processing /opt/airflow/dags/tiki_pipeline_dag.py took 0.167 seconds
[2026-06-10T08:03:15.112+0000] {processor.py:161} INFO - Started process (PID=299) to work on /opt/airflow/dags/tiki_pipeline_dag.py
[2026-06-10T08:03:15.114+0000] {processor.py:830} INFO - Processing file /opt/airflow/dags/tiki_pipeline_dag.py for tasks to queue
[2026-06-10T08:03:15.115+0000] {logging_mixin.py:188} INFO - [2026-06-10T08:03:15.115+0000] {dagbag.py:538} INFO - Filling up the DagBag from /opt/airflow/dags/tiki_pipeline_dag.py
[2026-06-10T08:03:15.174+0000] {processor.py:840} INFO - DAG(s) 'tiki_beauty_lakehouse_pipeline' retrieved from /opt/airflow/dags/tiki_pipeline_dag.py
[2026-06-10T08:03:15.211+0000] {logging_mixin.py:188} INFO - [2026-06-10T08:03:15.210+0000] {dag.py:3036} INFO - Sync 1 DAGs
[2026-06-10T08:03:15.246+0000] {logging_mixin.py:188} INFO - [2026-06-10T08:03:15.246+0000] {dag.py:3823} INFO - Setting next_dagrun for tiki_beauty_lakehouse_pipeline to 2026-06-10 08:00:00+00:00, run_after=2026-06-11 08:00:00+00:00
[2026-06-10T08:03:15.283+0000] {processor.py:183} INFO - Processing /opt/airflow/dags/tiki_pipeline_dag.py took 0.173 seconds
[2026-06-10T08:03:45.756+0000] {processor.py:161} INFO - Started process (PID=314) to work on /opt/airflow/dags/tiki_pipeline_dag.py
[2026-06-10T08:03:45.757+0000] {processor.py:830} INFO - Processing file /opt/airflow/dags/tiki_pipeline_dag.py for tasks to queue
[2026-06-10T08:03:45.758+0000] {logging_mixin.py:188} INFO - [2026-06-10T08:03:45.758+0000] {dagbag.py:538} INFO - Filling up the DagBag from /opt/airflow/dags/tiki_pipeline_dag.py
[2026-06-10T08:03:45.784+0000] {processor.py:840} INFO - DAG(s) 'tiki_beauty_lakehouse_pipeline' retrieved from /opt/airflow/dags/tiki_pipeline_dag.py
[2026-06-10T08:03:45.812+0000] {logging_mixin.py:188} INFO - [2026-06-10T08:03:45.812+0000] {dag.py:3036} INFO - Sync 1 DAGs
[2026-06-10T08:03:45.839+0000] {logging_mixin.py:188} INFO - [2026-06-10T08:03:45.839+0000] {dag.py:3823} INFO - Setting next_dagrun for tiki_beauty_lakehouse_pipeline to 2026-06-10 08:00:00+00:00, run_after=2026-06-11 08:00:00+00:00
[2026-06-10T08:03:45.868+0000] {processor.py:183} INFO - Processing /opt/airflow/dags/tiki_pipeline_dag.py took 0.115 seconds
[2026-06-10T08:04:16.141+0000] {processor.py:161} INFO - Started process (PID=325) to work on /opt/airflow/dags/tiki_pipeline_dag.py
[2026-06-10T08:04:16.143+0000] {processor.py:830} INFO - Processing file /opt/airflow/dags/tiki_pipeline_dag.py for tasks to queue
[2026-06-10T08:04:16.144+0000] {logging_mixin.py:188} INFO - [2026-06-10T08:04:16.144+0000] {dagbag.py:538} INFO - Filling up the DagBag from /opt/airflow/dags/tiki_pipeline_dag.py
[2026-06-10T08:04:16.192+0000] {processor.py:840} INFO - DAG(s) 'tiki_beauty_lakehouse_pipeline' retrieved from /opt/airflow/dags/tiki_pipeline_dag.py
[2026-06-10T08:04:16.237+0000] {logging_mixin.py:188} INFO - [2026-06-10T08:04:16.237+0000] {dag.py:3036} INFO - Sync 1 DAGs
[2026-06-10T08:04:16.273+0000] {logging_mixin.py:188} INFO - [2026-06-10T08:04:16.272+0000] {dag.py:3823} INFO - Setting next_dagrun for tiki_beauty_lakehouse_pipeline to 2026-06-10 08:00:00+00:00, run_after=2026-06-11 08:00:00+00:00
[2026-06-10T08:04:16.315+0000] {processor.py:183} INFO - Processing /opt/airflow/dags/tiki_pipeline_dag.py took 0.178 seconds
[2026-06-10T08:04:46.737+0000] {processor.py:161} INFO - Started process (PID=333) to work on /opt/airflow/dags/tiki_pipeline_dag.py
[2026-06-10T08:04:46.741+0000] {processor.py:830} INFO - Processing file /opt/airflow/dags/tiki_pipeline_dag.py for tasks to queue
[2026-06-10T08:04:46.744+0000] {logging_mixin.py:188} INFO - [2026-06-10T08:04:46.743+0000] {dagbag.py:538} INFO - Filling up the DagBag from /opt/airflow/dags/tiki_pipeline_dag.py
[2026-06-10T08:04:46.785+0000] {processor.py:840} INFO - DAG(s) 'tiki_beauty_lakehouse_pipeline' retrieved from /opt/airflow/dags/tiki_pipeline_dag.py
[2026-06-10T08:04:46.815+0000] {logging_mixin.py:188} INFO - [2026-06-10T08:04:46.815+0000] {dag.py:3036} INFO - Sync 1 DAGs
[2026-06-10T08:04:46.842+0000] {logging_mixin.py:188} INFO - [2026-06-10T08:04:46.842+0000] {dag.py:3823} INFO - Setting next_dagrun for tiki_beauty_lakehouse_pipeline to 2026-06-10 08:00:00+00:00, run_after=2026-06-11 08:00:00+00:00
[2026-06-10T08:04:46.868+0000] {processor.py:183} INFO - Processing /opt/airflow/dags/tiki_pipeline_dag.py took 0.136 seconds
[2026-06-10T08:05:17.184+0000] {processor.py:161} INFO - Started process (PID=346) to work on /opt/airflow/dags/tiki_pipeline_dag.py
[2026-06-10T08:05:17.187+0000] {processor.py:830} INFO - Processing file /opt/airflow/dags/tiki_pipeline_dag.py for tasks to queue
[2026-06-10T08:05:17.192+0000] {logging_mixin.py:188} INFO - [2026-06-10T08:05:17.190+0000] {dagbag.py:538} INFO - Filling up the DagBag from /opt/airflow/dags/tiki_pipeline_dag.py
[2026-06-10T08:05:17.289+0000] {processor.py:840} INFO - DAG(s) 'tiki_beauty_lakehouse_pipeline' retrieved from /opt/airflow/dags/tiki_pipeline_dag.py
[2026-06-10T08:05:17.328+0000] {logging_mixin.py:188} INFO - [2026-06-10T08:05:17.327+0000] {dag.py:3036} INFO - Sync 1 DAGs
[2026-06-10T08:05:17.356+0000] {logging_mixin.py:188} INFO - [2026-06-10T08:05:17.356+0000] {dag.py:3823} INFO - Setting next_dagrun for tiki_beauty_lakehouse_pipeline to 2026-06-10 08:00:00+00:00, run_after=2026-06-11 08:00:00+00:00
[2026-06-10T08:05:17.386+0000] {processor.py:183} INFO - Processing /opt/airflow/dags/tiki_pipeline_dag.py took 0.207 seconds
[2026-06-10T08:05:47.769+0000] {processor.py:161} INFO - Started process (PID=360) to work on /opt/airflow/dags/tiki_pipeline_dag.py
[2026-06-10T08:05:47.771+0000] {processor.py:830} INFO - Processing file /opt/airflow/dags/tiki_pipeline_dag.py for tasks to queue
[2026-06-10T08:05:47.774+0000] {logging_mixin.py:188} INFO - [2026-06-10T08:05:47.773+0000] {dagbag.py:538} INFO - Filling up the DagBag from /opt/airflow/dags/tiki_pipeline_dag.py
[2026-06-10T08:05:47.873+0000] {processor.py:840} INFO - DAG(s) 'tiki_beauty_lakehouse_pipeline' retrieved from /opt/airflow/dags/tiki_pipeline_dag.py
[2026-06-10T08:05:47.916+0000] {logging_mixin.py:188} INFO - [2026-06-10T08:05:47.915+0000] {dag.py:3036} INFO - Sync 1 DAGs
[2026-06-10T08:05:47.944+0000] {logging_mixin.py:188} INFO - [2026-06-10T08:05:47.944+0000] {dag.py:3823} INFO - Setting next_dagrun for tiki_beauty_lakehouse_pipeline to 2026-06-10 08:00:00+00:00, run_after=2026-06-11 08:00:00+00:00
[2026-06-10T08:05:47.989+0000] {processor.py:183} INFO - Processing /opt/airflow/dags/tiki_pipeline_dag.py took 0.224 seconds
[2026-06-10T08:06:18.184+0000] {processor.py:161} INFO - Started process (PID=383) to work on /opt/airflow/dags/tiki_pipeline_dag.py
[2026-06-10T08:06:18.185+0000] {processor.py:830} INFO - Processing file /opt/airflow/dags/tiki_pipeline_dag.py for tasks to queue
[2026-06-10T08:06:18.187+0000] {logging_mixin.py:188} INFO - [2026-06-10T08:06:18.186+0000] {dagbag.py:538} INFO - Filling up the DagBag from /opt/airflow/dags/tiki_pipeline_dag.py
[2026-06-10T08:06:18.292+0000] {processor.py:840} INFO - DAG(s) 'tiki_beauty_lakehouse_pipeline' retrieved from /opt/airflow/dags/tiki_pipeline_dag.py
[2026-06-10T08:06:18.330+0000] {logging_mixin.py:188} INFO - [2026-06-10T08:06:18.329+0000] {dag.py:3036} INFO - Sync 1 DAGs
[2026-06-10T08:06:18.358+0000] {logging_mixin.py:188} INFO - [2026-06-10T08:06:18.358+0000] {dag.py:3823} INFO - Setting next_dagrun for tiki_beauty_lakehouse_pipeline to 2026-06-10 08:00:00+00:00, run_after=2026-06-11 08:00:00+00:00
[2026-06-10T08:06:18.386+0000] {processor.py:183} INFO - Processing /opt/airflow/dags/tiki_pipeline_dag.py took 0.206 seconds
[2026-06-10T08:06:48.885+0000] {processor.py:161} INFO - Started process (PID=415) to work on /opt/airflow/dags/tiki_pipeline_dag.py
[2026-06-10T08:06:48.887+0000] {processor.py:830} INFO - Processing file /opt/airflow/dags/tiki_pipeline_dag.py for tasks to queue
[2026-06-10T08:06:48.889+0000] {logging_mixin.py:188} INFO - [2026-06-10T08:06:48.888+0000] {dagbag.py:538} INFO - Filling up the DagBag from /opt/airflow/dags/tiki_pipeline_dag.py
[2026-06-10T08:06:48.964+0000] {processor.py:840} INFO - DAG(s) 'tiki_beauty_lakehouse_pipeline' retrieved from /opt/airflow/dags/tiki_pipeline_dag.py
[2026-06-10T08:06:48.999+0000] {logging_mixin.py:188} INFO - [2026-06-10T08:06:48.999+0000] {dag.py:3036} INFO - Sync 1 DAGs
[2026-06-10T08:06:49.027+0000] {logging_mixin.py:188} INFO - [2026-06-10T08:06:49.027+0000] {dag.py:3823} INFO - Setting next_dagrun for tiki_beauty_lakehouse_pipeline to 2026-06-10 08:00:00+00:00, run_after=2026-06-11 08:00:00+00:00
[2026-06-10T08:06:49.063+0000] {processor.py:183} INFO - Processing /opt/airflow/dags/tiki_pipeline_dag.py took 0.182 seconds
[2026-06-10T08:07:19.259+0000] {processor.py:161} INFO - Started process (PID=448) to work on /opt/airflow/dags/tiki_pipeline_dag.py
[2026-06-10T08:07:19.261+0000] {processor.py:830} INFO - Processing file /opt/airflow/dags/tiki_pipeline_dag.py for tasks to queue
[2026-06-10T08:07:19.264+0000] {logging_mixin.py:188} INFO - [2026-06-10T08:07:19.263+0000] {dagbag.py:538} INFO - Filling up the DagBag from /opt/airflow/dags/tiki_pipeline_dag.py
[2026-06-10T08:07:19.307+0000] {processor.py:840} INFO - DAG(s) 'tiki_beauty_lakehouse_pipeline' retrieved from /opt/airflow/dags/tiki_pipeline_dag.py
[2026-06-10T08:07:19.341+0000] {logging_mixin.py:188} INFO - [2026-06-10T08:07:19.340+0000] {dag.py:3036} INFO - Sync 1 DAGs
[2026-06-10T08:07:19.367+0000] {logging_mixin.py:188} INFO - [2026-06-10T08:07:19.367+0000] {dag.py:3823} INFO - Setting next_dagrun for tiki_beauty_lakehouse_pipeline to 2026-06-10 08:00:00+00:00, run_after=2026-06-11 08:00:00+00:00
[2026-06-10T08:07:19.403+0000] {processor.py:183} INFO - Processing /opt/airflow/dags/tiki_pipeline_dag.py took 0.150 seconds
[2026-06-10T08:07:49.693+0000] {processor.py:161} INFO - Started process (PID=476) to work on /opt/airflow/dags/tiki_pipeline_dag.py
[2026-06-10T08:07:49.694+0000] {processor.py:830} INFO - Processing file /opt/airflow/dags/tiki_pipeline_dag.py for tasks to queue
[2026-06-10T08:07:49.697+0000] {logging_mixin.py:188} INFO - [2026-06-10T08:07:49.696+0000] {dagbag.py:538} INFO - Filling up the DagBag from /opt/airflow/dags/tiki_pipeline_dag.py
[2026-06-10T08:07:49.734+0000] {processor.py:840} INFO - DAG(s) 'tiki_beauty_lakehouse_pipeline' retrieved from /opt/airflow/dags/tiki_pipeline_dag.py
[2026-06-10T08:07:49.763+0000] {logging_mixin.py:188} INFO - [2026-06-10T08:07:49.763+0000] {dag.py:3036} INFO - Sync 1 DAGs
[2026-06-10T08:07:49.788+0000] {logging_mixin.py:188} INFO - [2026-06-10T08:07:49.787+0000] {dag.py:3823} INFO - Setting next_dagrun for tiki_beauty_lakehouse_pipeline to 2026-06-10 08:00:00+00:00, run_after=2026-06-11 08:00:00+00:00
[2026-06-10T08:07:49.816+0000] {processor.py:183} INFO - Processing /opt/airflow/dags/tiki_pipeline_dag.py took 0.127 seconds
[2026-06-10T08:08:20.209+0000] {processor.py:161} INFO - Started process (PID=510) to work on /opt/airflow/dags/tiki_pipeline_dag.py
[2026-06-10T08:08:20.211+0000] {processor.py:830} INFO - Processing file /opt/airflow/dags/tiki_pipeline_dag.py for tasks to queue
[2026-06-10T08:08:20.213+0000] {logging_mixin.py:188} INFO - [2026-06-10T08:08:20.212+0000] {dagbag.py:538} INFO - Filling up the DagBag from /opt/airflow/dags/tiki_pipeline_dag.py
[2026-06-10T08:08:20.270+0000] {processor.py:840} INFO - DAG(s) 'tiki_beauty_lakehouse_pipeline' retrieved from /opt/airflow/dags/tiki_pipeline_dag.py
[2026-06-10T08:08:20.304+0000] {logging_mixin.py:188} INFO - [2026-06-10T08:08:20.304+0000] {dag.py:3036} INFO - Sync 1 DAGs
[2026-06-10T08:08:20.356+0000] {logging_mixin.py:188} INFO - [2026-06-10T08:08:20.355+0000] {dag.py:3823} INFO - Setting next_dagrun for tiki_beauty_lakehouse_pipeline to 2026-06-10 08:00:00+00:00, run_after=2026-06-11 08:00:00+00:00
[2026-06-10T08:08:20.404+0000] {processor.py:183} INFO - Processing /opt/airflow/dags/tiki_pipeline_dag.py took 0.198 seconds
[2026-06-10T08:08:50.919+0000] {processor.py:161} INFO - Started process (PID=537) to work on /opt/airflow/dags/tiki_pipeline_dag.py
[2026-06-10T08:08:50.922+0000] {processor.py:830} INFO - Processing file /opt/airflow/dags/tiki_pipeline_dag.py for tasks to queue
[2026-06-10T08:08:50.925+0000] {logging_mixin.py:188} INFO - [2026-06-10T08:08:50.924+0000] {dagbag.py:538} INFO - Filling up the DagBag from /opt/airflow/dags/tiki_pipeline_dag.py
[2026-06-10T08:08:50.966+0000] {processor.py:840} INFO - DAG(s) 'tiki_beauty_lakehouse_pipeline' retrieved from /opt/airflow/dags/tiki_pipeline_dag.py
[2026-06-10T08:08:51.006+0000] {logging_mixin.py:188} INFO - [2026-06-10T08:08:51.006+0000] {dag.py:3036} INFO - Sync 1 DAGs
[2026-06-10T08:08:51.033+0000] {logging_mixin.py:188} INFO - [2026-06-10T08:08:51.032+0000] {dag.py:3823} INFO - Setting next_dagrun for tiki_beauty_lakehouse_pipeline to 2026-06-10 08:00:00+00:00, run_after=2026-06-11 08:00:00+00:00
[2026-06-10T08:08:51.057+0000] {processor.py:183} INFO - Processing /opt/airflow/dags/tiki_pipeline_dag.py took 0.142 seconds
[2026-06-10T08:09:21.463+0000] {processor.py:161} INFO - Started process (PID=555) to work on /opt/airflow/dags/tiki_pipeline_dag.py
[2026-06-10T08:09:21.464+0000] {processor.py:830} INFO - Processing file /opt/airflow/dags/tiki_pipeline_dag.py for tasks to queue
[2026-06-10T08:09:21.466+0000] {logging_mixin.py:188} INFO - [2026-06-10T08:09:21.465+0000] {dagbag.py:538} INFO - Filling up the DagBag from /opt/airflow/dags/tiki_pipeline_dag.py
[2026-06-10T08:09:21.508+0000] {processor.py:840} INFO - DAG(s) 'tiki_beauty_lakehouse_pipeline' retrieved from /opt/airflow/dags/tiki_pipeline_dag.py
[2026-06-10T08:09:21.541+0000] {logging_mixin.py:188} INFO - [2026-06-10T08:09:21.541+0000] {dag.py:3036} INFO - Sync 1 DAGs
[2026-06-10T08:09:21.574+0000] {logging_mixin.py:188} INFO - [2026-06-10T08:09:21.574+0000] {dag.py:3823} INFO - Setting next_dagrun for tiki_beauty_lakehouse_pipeline to 2026-06-10 08:00:00+00:00, run_after=2026-06-11 08:00:00+00:00
[2026-06-10T08:09:21.618+0000] {processor.py:183} INFO - Processing /opt/airflow/dags/tiki_pipeline_dag.py took 0.162 seconds
[2026-06-10T08:09:52.004+0000] {processor.py:161} INFO - Started process (PID=576) to work on /opt/airflow/dags/tiki_pipeline_dag.py
[2026-06-10T08:09:52.006+0000] {processor.py:830} INFO - Processing file /opt/airflow/dags/tiki_pipeline_dag.py for tasks to queue
[2026-06-10T08:09:52.008+0000] {logging_mixin.py:188} INFO - [2026-06-10T08:09:52.008+0000] {dagbag.py:538} INFO - Filling up the DagBag from /opt/airflow/dags/tiki_pipeline_dag.py
[2026-06-10T08:09:52.054+0000] {processor.py:840} INFO - DAG(s) 'tiki_beauty_lakehouse_pipeline' retrieved from /opt/airflow/dags/tiki_pipeline_dag.py
[2026-06-10T08:09:52.082+0000] {logging_mixin.py:188} INFO - [2026-06-10T08:09:52.081+0000] {dag.py:3036} INFO - Sync 1 DAGs
[2026-06-10T08:09:52.107+0000] {logging_mixin.py:188} INFO - [2026-06-10T08:09:52.106+0000] {dag.py:3823} INFO - Setting next_dagrun for tiki_beauty_lakehouse_pipeline to 2026-06-10 08:00:00+00:00, run_after=2026-06-11 08:00:00+00:00
[2026-06-10T08:09:52.136+0000] {processor.py:183} INFO - Processing /opt/airflow/dags/tiki_pipeline_dag.py took 0.135 seconds
[2026-06-10T08:10:22.360+0000] {processor.py:161} INFO - Started process (PID=595) to work on /opt/airflow/dags/tiki_pipeline_dag.py
[2026-06-10T08:10:22.362+0000] {processor.py:830} INFO - Processing file /opt/airflow/dags/tiki_pipeline_dag.py for tasks to queue
[2026-06-10T08:10:22.365+0000] {logging_mixin.py:188} INFO - [2026-06-10T08:10:22.364+0000] {dagbag.py:538} INFO - Filling up the DagBag from /opt/airflow/dags/tiki_pipeline_dag.py
[2026-06-10T08:10:22.399+0000] {processor.py:840} INFO - DAG(s) 'tiki_beauty_lakehouse_pipeline' retrieved from /opt/airflow/dags/tiki_pipeline_dag.py
[2026-06-10T08:10:22.449+0000] {logging_mixin.py:188} INFO - [2026-06-10T08:10:22.449+0000] {dag.py:3036} INFO - Sync 1 DAGs
[2026-06-10T08:10:22.485+0000] {logging_mixin.py:188} INFO - [2026-06-10T08:10:22.484+0000] {dag.py:3823} INFO - Setting next_dagrun for tiki_beauty_lakehouse_pipeline to 2026-06-10 08:00:00+00:00, run_after=2026-06-11 08:00:00+00:00
[2026-06-10T08:10:22.534+0000] {processor.py:183} INFO - Processing /opt/airflow/dags/tiki_pipeline_dag.py took 0.178 seconds
[2026-06-10T08:10:52.906+0000] {processor.py:161} INFO - Started process (PID=627) to work on /opt/airflow/dags/tiki_pipeline_dag.py
[2026-06-10T08:10:52.909+0000] {processor.py:830} INFO - Processing file /opt/airflow/dags/tiki_pipeline_dag.py for tasks to queue
[2026-06-10T08:10:52.913+0000] {logging_mixin.py:188} INFO - [2026-06-10T08:10:52.912+0000] {dagbag.py:538} INFO - Filling up the DagBag from /opt/airflow/dags/tiki_pipeline_dag.py
[2026-06-10T08:10:52.949+0000] {processor.py:840} INFO - DAG(s) 'tiki_beauty_lakehouse_pipeline' retrieved from /opt/airflow/dags/tiki_pipeline_dag.py
[2026-06-10T08:10:52.991+0000] {logging_mixin.py:188} INFO - [2026-06-10T08:10:52.991+0000] {dag.py:3036} INFO - Sync 1 DAGs
[2026-06-10T08:10:53.029+0000] {logging_mixin.py:188} INFO - [2026-06-10T08:10:53.028+0000] {dag.py:3823} INFO - Setting next_dagrun for tiki_beauty_lakehouse_pipeline to 2026-06-10 08:00:00+00:00, run_after=2026-06-11 08:00:00+00:00
[2026-06-10T08:10:53.062+0000] {processor.py:183} INFO - Processing /opt/airflow/dags/tiki_pipeline_dag.py took 0.161 seconds
[2026-06-10T08:11:23.591+0000] {processor.py:161} INFO - Started process (PID=645) to work on /opt/airflow/dags/tiki_pipeline_dag.py
[2026-06-10T08:11:23.593+0000] {processor.py:830} INFO - Processing file /opt/airflow/dags/tiki_pipeline_dag.py for tasks to queue
[2026-06-10T08:11:23.595+0000] {logging_mixin.py:188} INFO - [2026-06-10T08:11:23.594+0000] {dagbag.py:538} INFO - Filling up the DagBag from /opt/airflow/dags/tiki_pipeline_dag.py
[2026-06-10T08:11:23.637+0000] {processor.py:840} INFO - DAG(s) 'tiki_beauty_lakehouse_pipeline' retrieved from /opt/airflow/dags/tiki_pipeline_dag.py
[2026-06-10T08:11:23.674+0000] {logging_mixin.py:188} INFO - [2026-06-10T08:11:23.674+0000] {dag.py:3036} INFO - Sync 1 DAGs
[2026-06-10T08:11:23.709+0000] {logging_mixin.py:188} INFO - [2026-06-10T08:11:23.709+0000] {dag.py:3823} INFO - Setting next_dagrun for tiki_beauty_lakehouse_pipeline to 2026-06-10 08:00:00+00:00, run_after=2026-06-11 08:00:00+00:00
[2026-06-10T08:11:23.748+0000] {processor.py:183} INFO - Processing /opt/airflow/dags/tiki_pipeline_dag.py took 0.161 seconds
[2026-06-10T08:11:54.065+0000] {processor.py:161} INFO - Started process (PID=666) to work on /opt/airflow/dags/tiki_pipeline_dag.py
[2026-06-10T08:11:54.067+0000] {processor.py:830} INFO - Processing file /opt/airflow/dags/tiki_pipeline_dag.py for tasks to queue
[2026-06-10T08:11:54.069+0000] {logging_mixin.py:188} INFO - [2026-06-10T08:11:54.069+0000] {dagbag.py:538} INFO - Filling up the DagBag from /opt/airflow/dags/tiki_pipeline_dag.py
[2026-06-10T08:11:54.123+0000] {processor.py:840} INFO - DAG(s) 'tiki_beauty_lakehouse_pipeline' retrieved from /opt/airflow/dags/tiki_pipeline_dag.py
[2026-06-10T08:11:54.180+0000] {logging_mixin.py:188} INFO - [2026-06-10T08:11:54.180+0000] {dag.py:3036} INFO - Sync 1 DAGs
[2026-06-10T08:11:54.230+0000] {logging_mixin.py:188} INFO - [2026-06-10T08:11:54.229+0000] {dag.py:3823} INFO - Setting next_dagrun for tiki_beauty_lakehouse_pipeline to 2026-06-10 08:00:00+00:00, run_after=2026-06-11 08:00:00+00:00
[2026-06-10T08:11:54.273+0000] {processor.py:183} INFO - Processing /opt/airflow/dags/tiki_pipeline_dag.py took 0.213 seconds
[2026-06-10T08:12:24.795+0000] {processor.py:161} INFO - Started process (PID=685) to work on /opt/airflow/dags/tiki_pipeline_dag.py
[2026-06-10T08:12:24.799+0000] {processor.py:830} INFO - Processing file /opt/airflow/dags/tiki_pipeline_dag.py for tasks to queue
[2026-06-10T08:12:24.802+0000] {logging_mixin.py:188} INFO - [2026-06-10T08:12:24.800+0000] {dagbag.py:538} INFO - Filling up the DagBag from /opt/airflow/dags/tiki_pipeline_dag.py
[2026-06-10T08:12:24.879+0000] {processor.py:840} INFO - DAG(s) 'tiki_beauty_lakehouse_pipeline' retrieved from /opt/airflow/dags/tiki_pipeline_dag.py
[2026-06-10T08:12:24.950+0000] {logging_mixin.py:188} INFO - [2026-06-10T08:12:24.949+0000] {dag.py:3036} INFO - Sync 1 DAGs
[2026-06-10T08:12:24.987+0000] {logging_mixin.py:188} INFO - [2026-06-10T08:12:24.987+0000] {dag.py:3823} INFO - Setting next_dagrun for tiki_beauty_lakehouse_pipeline to 2026-06-10 08:00:00+00:00, run_after=2026-06-11 08:00:00+00:00
[2026-06-10T08:12:25.020+0000] {processor.py:183} INFO - Processing /opt/airflow/dags/tiki_pipeline_dag.py took 0.230 seconds
[2026-06-10T08:12:55.475+0000] {processor.py:161} INFO - Started process (PID=702) to work on /opt/airflow/dags/tiki_pipeline_dag.py
[2026-06-10T08:12:55.477+0000] {processor.py:830} INFO - Processing file /opt/airflow/dags/tiki_pipeline_dag.py for tasks to queue
[2026-06-10T08:12:55.479+0000] {logging_mixin.py:188} INFO - [2026-06-10T08:12:55.478+0000] {dagbag.py:538} INFO - Filling up the DagBag from /opt/airflow/dags/tiki_pipeline_dag.py
[2026-06-10T08:12:55.582+0000] {processor.py:840} INFO - DAG(s) 'tiki_beauty_lakehouse_pipeline' retrieved from /opt/airflow/dags/tiki_pipeline_dag.py
[2026-06-10T08:12:55.650+0000] {logging_mixin.py:188} INFO - [2026-06-10T08:12:55.649+0000] {dag.py:3036} INFO - Sync 1 DAGs
[2026-06-10T08:12:55.711+0000] {logging_mixin.py:188} INFO - [2026-06-10T08:12:55.710+0000] {dag.py:3823} INFO - Setting next_dagrun for tiki_beauty_lakehouse_pipeline to 2026-06-10 08:00:00+00:00, run_after=2026-06-11 08:00:00+00:00
[2026-06-10T08:12:55.757+0000] {processor.py:183} INFO - Processing /opt/airflow/dags/tiki_pipeline_dag.py took 0.287 seconds
[2026-06-10T08:13:26.151+0000] {processor.py:161} INFO - Started process (PID=725) to work on /opt/airflow/dags/tiki_pipeline_dag.py
[2026-06-10T08:13:26.153+0000] {processor.py:830} INFO - Processing file /opt/airflow/dags/tiki_pipeline_dag.py for tasks to queue
[2026-06-10T08:13:26.155+0000] {logging_mixin.py:188} INFO - [2026-06-10T08:13:26.154+0000] {dagbag.py:538} INFO - Filling up the DagBag from /opt/airflow/dags/tiki_pipeline_dag.py
[2026-06-10T08:13:26.205+0000] {processor.py:840} INFO - DAG(s) 'tiki_beauty_lakehouse_pipeline' retrieved from /opt/airflow/dags/tiki_pipeline_dag.py
[2026-06-10T08:13:26.244+0000] {logging_mixin.py:188} INFO - [2026-06-10T08:13:26.243+0000] {dag.py:3036} INFO - Sync 1 DAGs
[2026-06-10T08:13:26.271+0000] {logging_mixin.py:188} INFO - [2026-06-10T08:13:26.271+0000] {dag.py:3823} INFO - Setting next_dagrun for tiki_beauty_lakehouse_pipeline to 2026-06-10 08:00:00+00:00, run_after=2026-06-11 08:00:00+00:00
[2026-06-10T08:13:26.298+0000] {processor.py:183} INFO - Processing /opt/airflow/dags/tiki_pipeline_dag.py took 0.154 seconds
[2026-06-10T08:13:56.991+0000] {processor.py:161} INFO - Started process (PID=745) to work on /opt/airflow/dags/tiki_pipeline_dag.py
[2026-06-10T08:13:56.993+0000] {processor.py:830} INFO - Processing file /opt/airflow/dags/tiki_pipeline_dag.py for tasks to queue
[2026-06-10T08:13:56.994+0000] {logging_mixin.py:188} INFO - [2026-06-10T08:13:56.994+0000] {dagbag.py:538} INFO - Filling up the DagBag from /opt/airflow/dags/tiki_pipeline_dag.py
[2026-06-10T08:13:57.075+0000] {processor.py:840} INFO - DAG(s) 'tiki_beauty_lakehouse_pipeline' retrieved from /opt/airflow/dags/tiki_pipeline_dag.py
[2026-06-10T08:13:57.122+0000] {logging_mixin.py:188} INFO - [2026-06-10T08:13:57.122+0000] {dag.py:3036} INFO - Sync 1 DAGs
[2026-06-10T08:13:57.152+0000] {logging_mixin.py:188} INFO - [2026-06-10T08:13:57.152+0000] {dag.py:3823} INFO - Setting next_dagrun for tiki_beauty_lakehouse_pipeline to 2026-06-10 08:00:00+00:00, run_after=2026-06-11 08:00:00+00:00
[2026-06-10T08:13:57.210+0000] {processor.py:183} INFO - Processing /opt/airflow/dags/tiki_pipeline_dag.py took 0.223 seconds
[2026-06-10T08:14:27.454+0000] {processor.py:161} INFO - Started process (PID=770) to work on /opt/airflow/dags/tiki_pipeline_dag.py
[2026-06-10T08:14:27.456+0000] {processor.py:830} INFO - Processing file /opt/airflow/dags/tiki_pipeline_dag.py for tasks to queue
[2026-06-10T08:14:27.459+0000] {logging_mixin.py:188} INFO - [2026-06-10T08:14:27.458+0000] {dagbag.py:538} INFO - Filling up the DagBag from /opt/airflow/dags/tiki_pipeline_dag.py
[2026-06-10T08:14:27.503+0000] {processor.py:840} INFO - DAG(s) 'tiki_beauty_lakehouse_pipeline' retrieved from /opt/airflow/dags/tiki_pipeline_dag.py
[2026-06-10T08:14:27.541+0000] {logging_mixin.py:188} INFO - [2026-06-10T08:14:27.540+0000] {dag.py:3036} INFO - Sync 1 DAGs
[2026-06-10T08:14:27.573+0000] {logging_mixin.py:188} INFO - [2026-06-10T08:14:27.572+0000] {dag.py:3823} INFO - Setting next_dagrun for tiki_beauty_lakehouse_pipeline to 2026-06-10 08:00:00+00:00, run_after=2026-06-11 08:00:00+00:00
[2026-06-10T08:14:27.649+0000] {processor.py:183} INFO - Processing /opt/airflow/dags/tiki_pipeline_dag.py took 0.201 seconds
[2026-06-10T08:14:57.853+0000] {processor.py:161} INFO - Started process (PID=795) to work on /opt/airflow/dags/tiki_pipeline_dag.py
[2026-06-10T08:14:57.854+0000] {processor.py:830} INFO - Processing file /opt/airflow/dags/tiki_pipeline_dag.py for tasks to queue
[2026-06-10T08:14:57.856+0000] {logging_mixin.py:188} INFO - [2026-06-10T08:14:57.855+0000] {dagbag.py:538} INFO - Filling up the DagBag from /opt/airflow/dags/tiki_pipeline_dag.py
[2026-06-10T08:14:57.900+0000] {processor.py:840} INFO - DAG(s) 'tiki_beauty_lakehouse_pipeline' retrieved from /opt/airflow/dags/tiki_pipeline_dag.py
[2026-06-10T08:14:57.942+0000] {logging_mixin.py:188} INFO - [2026-06-10T08:14:57.942+0000] {dag.py:3036} INFO - Sync 1 DAGs
[2026-06-10T08:14:57.981+0000] {logging_mixin.py:188} INFO - [2026-06-10T08:14:57.980+0000] {dag.py:3823} INFO - Setting next_dagrun for tiki_beauty_lakehouse_pipeline to 2026-06-10 08:00:00+00:00, run_after=2026-06-11 08:00:00+00:00
[2026-06-10T08:14:58.028+0000] {processor.py:183} INFO - Processing /opt/airflow/dags/tiki_pipeline_dag.py took 0.180 seconds
[2026-06-10T08:15:28.414+0000] {processor.py:161} INFO - Started process (PID=815) to work on /opt/airflow/dags/tiki_pipeline_dag.py
[2026-06-10T08:15:28.415+0000] {processor.py:830} INFO - Processing file /opt/airflow/dags/tiki_pipeline_dag.py for tasks to queue
[2026-06-10T08:15:28.416+0000] {logging_mixin.py:188} INFO - [2026-06-10T08:15:28.416+0000] {dagbag.py:538} INFO - Filling up the DagBag from /opt/airflow/dags/tiki_pipeline_dag.py
[2026-06-10T08:15:28.474+0000] {processor.py:840} INFO - DAG(s) 'tiki_beauty_lakehouse_pipeline' retrieved from /opt/airflow/dags/tiki_pipeline_dag.py
[2026-06-10T08:15:28.508+0000] {logging_mixin.py:188} INFO - [2026-06-10T08:15:28.507+0000] {dag.py:3036} INFO - Sync 1 DAGs
[2026-06-10T08:15:28.533+0000] {logging_mixin.py:188} INFO - [2026-06-10T08:15:28.533+0000] {dag.py:3823} INFO - Setting next_dagrun for tiki_beauty_lakehouse_pipeline to 2026-06-10 08:00:00+00:00, run_after=2026-06-11 08:00:00+00:00
[2026-06-10T08:15:28.575+0000] {processor.py:183} INFO - Processing /opt/airflow/dags/tiki_pipeline_dag.py took 0.165 seconds
[2026-06-10T08:15:58.940+0000] {processor.py:161} INFO - Started process (PID=842) to work on /opt/airflow/dags/tiki_pipeline_dag.py
[2026-06-10T08:15:58.943+0000] {processor.py:830} INFO - Processing file /opt/airflow/dags/tiki_pipeline_dag.py for tasks to queue
[2026-06-10T08:15:58.949+0000] {logging_mixin.py:188} INFO - [2026-06-10T08:15:58.947+0000] {dagbag.py:538} INFO - Filling up the DagBag from /opt/airflow/dags/tiki_pipeline_dag.py
[2026-06-10T08:15:59.024+0000] {processor.py:840} INFO - DAG(s) 'tiki_beauty_lakehouse_pipeline' retrieved from /opt/airflow/dags/tiki_pipeline_dag.py
[2026-06-10T08:15:59.057+0000] {logging_mixin.py:188} INFO - [2026-06-10T08:15:59.057+0000] {dag.py:3036} INFO - Sync 1 DAGs
[2026-06-10T08:15:59.098+0000] {logging_mixin.py:188} INFO - [2026-06-10T08:15:59.097+0000] {dag.py:3823} INFO - Setting next_dagrun for tiki_beauty_lakehouse_pipeline to 2026-06-10 08:00:00+00:00, run_after=2026-06-11 08:00:00+00:00
[2026-06-10T08:15:59.141+0000] {processor.py:183} INFO - Processing /opt/airflow/dags/tiki_pipeline_dag.py took 0.213 seconds
[2026-06-10T08:16:29.655+0000] {processor.py:161} INFO - Started process (PID=865) to work on /opt/airflow/dags/tiki_pipeline_dag.py
[2026-06-10T08:16:29.657+0000] {processor.py:830} INFO - Processing file /opt/airflow/dags/tiki_pipeline_dag.py for tasks to queue
[2026-06-10T08:16:29.659+0000] {logging_mixin.py:188} INFO - [2026-06-10T08:16:29.658+0000] {dagbag.py:538} INFO - Filling up the DagBag from /opt/airflow/dags/tiki_pipeline_dag.py
[2026-06-10T08:16:29.711+0000] {processor.py:840} INFO - DAG(s) 'tiki_beauty_lakehouse_pipeline' retrieved from /opt/airflow/dags/tiki_pipeline_dag.py
[2026-06-10T08:16:29.761+0000] {logging_mixin.py:188} INFO - [2026-06-10T08:16:29.761+0000] {dag.py:3036} INFO - Sync 1 DAGs
[2026-06-10T08:16:29.802+0000] {logging_mixin.py:188} INFO - [2026-06-10T08:16:29.802+0000] {dag.py:3823} INFO - Setting next_dagrun for tiki_beauty_lakehouse_pipeline to 2026-06-10 08:00:00+00:00, run_after=2026-06-11 08:00:00+00:00
[2026-06-10T08:16:29.845+0000] {processor.py:183} INFO - Processing /opt/airflow/dags/tiki_pipeline_dag.py took 0.196 seconds
[2026-06-10T08:17:00.021+0000] {processor.py:161} INFO - Started process (PID=892) to work on /opt/airflow/dags/tiki_pipeline_dag.py
[2026-06-10T08:17:00.026+0000] {processor.py:830} INFO - Processing file /opt/airflow/dags/tiki_pipeline_dag.py for tasks to queue
[2026-06-10T08:17:00.031+0000] {logging_mixin.py:188} INFO - [2026-06-10T08:17:00.029+0000] {dagbag.py:538} INFO - Filling up the DagBag from /opt/airflow/dags/tiki_pipeline_dag.py
[2026-06-10T08:17:00.104+0000] {processor.py:840} INFO - DAG(s) 'tiki_beauty_lakehouse_pipeline' retrieved from /opt/airflow/dags/tiki_pipeline_dag.py
[2026-06-10T08:17:00.139+0000] {logging_mixin.py:188} INFO - [2026-06-10T08:17:00.138+0000] {dag.py:3036} INFO - Sync 1 DAGs
[2026-06-10T08:17:00.170+0000] {logging_mixin.py:188} INFO - [2026-06-10T08:17:00.170+0000] {dag.py:3823} INFO - Setting next_dagrun for tiki_beauty_lakehouse_pipeline to 2026-06-10 08:00:00+00:00, run_after=2026-06-11 08:00:00+00:00
[2026-06-10T08:17:00.213+0000] {processor.py:183} INFO - Processing /opt/airflow/dags/tiki_pipeline_dag.py took 0.200 seconds
[2026-06-10T08:17:30.586+0000] {processor.py:161} INFO - Started process (PID=919) to work on /opt/airflow/dags/tiki_pipeline_dag.py
[2026-06-10T08:17:30.588+0000] {processor.py:830} INFO - Processing file /opt/airflow/dags/tiki_pipeline_dag.py for tasks to queue
[2026-06-10T08:17:30.590+0000] {logging_mixin.py:188} INFO - [2026-06-10T08:17:30.589+0000] {dagbag.py:538} INFO - Filling up the DagBag from /opt/airflow/dags/tiki_pipeline_dag.py
[2026-06-10T08:17:30.658+0000] {processor.py:840} INFO - DAG(s) 'tiki_beauty_lakehouse_pipeline' retrieved from /opt/airflow/dags/tiki_pipeline_dag.py
[2026-06-10T08:17:30.698+0000] {logging_mixin.py:188} INFO - [2026-06-10T08:17:30.698+0000] {dag.py:3036} INFO - Sync 1 DAGs
[2026-06-10T08:17:30.737+0000] {logging_mixin.py:188} INFO - [2026-06-10T08:17:30.736+0000] {dag.py:3823} INFO - Setting next_dagrun for tiki_beauty_lakehouse_pipeline to 2026-06-10 08:00:00+00:00, run_after=2026-06-11 08:00:00+00:00
[2026-06-10T08:17:30.781+0000] {processor.py:183} INFO - Processing /opt/airflow/dags/tiki_pipeline_dag.py took 0.200 seconds
[2026-06-10T08:18:00.999+0000] {processor.py:161} INFO - Started process (PID=943) to work on /opt/airflow/dags/tiki_pipeline_dag.py
[2026-06-10T08:18:01.000+0000] {processor.py:830} INFO - Processing file /opt/airflow/dags/tiki_pipeline_dag.py for tasks to queue
[2026-06-10T08:18:01.004+0000] {logging_mixin.py:188} INFO - [2026-06-10T08:18:01.003+0000] {dagbag.py:538} INFO - Filling up the DagBag from /opt/airflow/dags/tiki_pipeline_dag.py
[2026-06-10T08:18:01.047+0000] {processor.py:840} INFO - DAG(s) 'tiki_beauty_lakehouse_pipeline' retrieved from /opt/airflow/dags/tiki_pipeline_dag.py
[2026-06-10T08:18:01.090+0000] {logging_mixin.py:188} INFO - [2026-06-10T08:18:01.089+0000] {dag.py:3036} INFO - Sync 1 DAGs
[2026-06-10T08:18:01.126+0000] {logging_mixin.py:188} INFO - [2026-06-10T08:18:01.126+0000] {dag.py:3823} INFO - Setting next_dagrun for tiki_beauty_lakehouse_pipeline to 2026-06-10 08:00:00+00:00, run_after=2026-06-11 08:00:00+00:00
[2026-06-10T08:18:01.167+0000] {processor.py:183} INFO - Processing /opt/airflow/dags/tiki_pipeline_dag.py took 0.174 seconds
[2026-06-10T08:18:31.791+0000] {processor.py:161} INFO - Started process (PID=965) to work on /opt/airflow/dags/tiki_pipeline_dag.py
[2026-06-10T08:18:31.793+0000] {processor.py:830} INFO - Processing file /opt/airflow/dags/tiki_pipeline_dag.py for tasks to queue
[2026-06-10T08:18:31.795+0000] {logging_mixin.py:188} INFO - [2026-06-10T08:18:31.794+0000] {dagbag.py:538} INFO - Filling up the DagBag from /opt/airflow/dags/tiki_pipeline_dag.py
[2026-06-10T08:18:31.853+0000] {processor.py:840} INFO - DAG(s) 'tiki_beauty_lakehouse_pipeline' retrieved from /opt/airflow/dags/tiki_pipeline_dag.py
[2026-06-10T08:18:31.883+0000] {logging_mixin.py:188} INFO - [2026-06-10T08:18:31.882+0000] {dag.py:3036} INFO - Sync 1 DAGs
[2026-06-10T08:18:31.910+0000] {logging_mixin.py:188} INFO - [2026-06-10T08:18:31.910+0000] {dag.py:3823} INFO - Setting next_dagrun for tiki_beauty_lakehouse_pipeline to 2026-06-10 08:00:00+00:00, run_after=2026-06-11 08:00:00+00:00
[2026-06-10T08:18:31.946+0000] {processor.py:183} INFO - Processing /opt/airflow/dags/tiki_pipeline_dag.py took 0.161 seconds
[2026-06-10T08:19:02.863+0000] {processor.py:161} INFO - Started process (PID=983) to work on /opt/airflow/dags/tiki_pipeline_dag.py
[2026-06-10T08:19:02.869+0000] {processor.py:830} INFO - Processing file /opt/airflow/dags/tiki_pipeline_dag.py for tasks to queue
[2026-06-10T08:19:02.876+0000] {logging_mixin.py:188} INFO - [2026-06-10T08:19:02.874+0000] {dagbag.py:538} INFO - Filling up the DagBag from /opt/airflow/dags/tiki_pipeline_dag.py
[2026-06-10T08:19:02.999+0000] {processor.py:840} INFO - DAG(s) 'tiki_beauty_lakehouse_pipeline' retrieved from /opt/airflow/dags/tiki_pipeline_dag.py
[2026-06-10T08:19:03.026+0000] {logging_mixin.py:188} INFO - [2026-06-10T08:19:03.026+0000] {dag.py:3036} INFO - Sync 1 DAGs
[2026-06-10T08:19:03.053+0000] {logging_mixin.py:188} INFO - [2026-06-10T08:19:03.053+0000] {dag.py:3823} INFO - Setting next_dagrun for tiki_beauty_lakehouse_pipeline to 2026-06-10 08:00:00+00:00, run_after=2026-06-11 08:00:00+00:00
[2026-06-10T08:19:03.088+0000] {processor.py:183} INFO - Processing /opt/airflow/dags/tiki_pipeline_dag.py took 0.241 seconds
[2026-06-10T08:19:33.315+0000] {processor.py:161} INFO - Started process (PID=1025) to work on /opt/airflow/dags/tiki_pipeline_dag.py
[2026-06-10T08:19:33.317+0000] {processor.py:830} INFO - Processing file /opt/airflow/dags/tiki_pipeline_dag.py for tasks to queue
[2026-06-10T08:19:33.319+0000] {logging_mixin.py:188} INFO - [2026-06-10T08:19:33.319+0000] {dagbag.py:538} INFO - Filling up the DagBag from /opt/airflow/dags/tiki_pipeline_dag.py
[2026-06-10T08:19:33.368+0000] {processor.py:840} INFO - DAG(s) 'tiki_beauty_lakehouse_pipeline' retrieved from /opt/airflow/dags/tiki_pipeline_dag.py
[2026-06-10T08:19:33.404+0000] {logging_mixin.py:188} INFO - [2026-06-10T08:19:33.404+0000] {dag.py:3036} INFO - Sync 1 DAGs
[2026-06-10T08:19:33.434+0000] {logging_mixin.py:188} INFO - [2026-06-10T08:19:33.434+0000] {dag.py:3823} INFO - Setting next_dagrun for tiki_beauty_lakehouse_pipeline to 2026-06-10 08:00:00+00:00, run_after=2026-06-11 08:00:00+00:00
[2026-06-10T08:19:33.463+0000] {processor.py:183} INFO - Processing /opt/airflow/dags/tiki_pipeline_dag.py took 0.154 seconds
[2026-06-10T08:20:03.662+0000] {processor.py:161} INFO - Started process (PID=1030) to work on /opt/airflow/dags/tiki_pipeline_dag.py
[2026-06-10T08:20:03.664+0000] {processor.py:830} INFO - Processing file /opt/airflow/dags/tiki_pipeline_dag.py for tasks to queue
[2026-06-10T08:20:03.667+0000] {logging_mixin.py:188} INFO - [2026-06-10T08:20:03.666+0000] {dagbag.py:538} INFO - Filling up the DagBag from /opt/airflow/dags/tiki_pipeline_dag.py
[2026-06-10T08:20:03.734+0000] {processor.py:840} INFO - DAG(s) 'tiki_beauty_lakehouse_pipeline' retrieved from /opt/airflow/dags/tiki_pipeline_dag.py
[2026-06-10T08:20:03.810+0000] {logging_mixin.py:188} INFO - [2026-06-10T08:20:03.809+0000] {dag.py:3036} INFO - Sync 1 DAGs
[2026-06-10T08:20:03.861+0000] {logging_mixin.py:188} INFO - [2026-06-10T08:20:03.861+0000] {dag.py:3823} INFO - Setting next_dagrun for tiki_beauty_lakehouse_pipeline to 2026-06-10 08:00:00+00:00, run_after=2026-06-11 08:00:00+00:00
[2026-06-10T08:20:03.931+0000] {processor.py:183} INFO - Processing /opt/airflow/dags/tiki_pipeline_dag.py took 0.277 seconds
