[2026-06-09T07:57:09.806+0000] {processor.py:161} INFO - Started process (PID=173) to work on /opt/airflow/dags/tiki_pipeline_dag.py
[2026-06-09T07:57:09.809+0000] {processor.py:830} INFO - Processing file /opt/airflow/dags/tiki_pipeline_dag.py for tasks to queue
[2026-06-09T07:57:09.812+0000] {logging_mixin.py:188} INFO - [2026-06-09T07:57:09.812+0000] {dagbag.py:538} INFO - Filling up the DagBag from /opt/airflow/dags/tiki_pipeline_dag.py
[2026-06-09T07:57:09.866+0000] {processor.py:840} INFO - DAG(s) 'tiki_beauty_lakehouse_pipeline' retrieved from /opt/airflow/dags/tiki_pipeline_dag.py
[2026-06-09T07:57:10.112+0000] {logging_mixin.py:188} INFO - [2026-06-09T07:57:10.111+0000] {dag.py:3036} INFO - Sync 1 DAGs
[2026-06-09T07:57:10.154+0000] {logging_mixin.py:188} INFO - [2026-06-09T07:57:10.154+0000] {dag.py:3823} INFO - Setting next_dagrun for tiki_beauty_lakehouse_pipeline to 2026-06-08 08:00:00+00:00, run_after=2026-06-09 08:00:00+00:00
[2026-06-09T07:57:10.204+0000] {processor.py:183} INFO - Processing /opt/airflow/dags/tiki_pipeline_dag.py took 0.403 seconds
[2026-06-09T07:57:40.708+0000] {processor.py:161} INFO - Started process (PID=178) to work on /opt/airflow/dags/tiki_pipeline_dag.py
[2026-06-09T07:57:40.710+0000] {processor.py:830} INFO - Processing file /opt/airflow/dags/tiki_pipeline_dag.py for tasks to queue
[2026-06-09T07:57:40.712+0000] {logging_mixin.py:188} INFO - [2026-06-09T07:57:40.711+0000] {dagbag.py:538} INFO - Filling up the DagBag from /opt/airflow/dags/tiki_pipeline_dag.py
[2026-06-09T07:57:40.756+0000] {processor.py:840} INFO - DAG(s) 'tiki_beauty_lakehouse_pipeline' retrieved from /opt/airflow/dags/tiki_pipeline_dag.py
[2026-06-09T07:57:40.809+0000] {logging_mixin.py:188} INFO - [2026-06-09T07:57:40.808+0000] {dag.py:3036} INFO - Sync 1 DAGs
[2026-06-09T07:57:40.847+0000] {logging_mixin.py:188} INFO - [2026-06-09T07:57:40.846+0000] {dag.py:3823} INFO - Setting next_dagrun for tiki_beauty_lakehouse_pipeline to 2026-06-08 08:00:00+00:00, run_after=2026-06-09 08:00:00+00:00
[2026-06-09T07:57:40.886+0000] {processor.py:183} INFO - Processing /opt/airflow/dags/tiki_pipeline_dag.py took 0.182 seconds
[2026-06-09T07:58:11.129+0000] {processor.py:161} INFO - Started process (PID=183) to work on /opt/airflow/dags/tiki_pipeline_dag.py
[2026-06-09T07:58:11.131+0000] {processor.py:830} INFO - Processing file /opt/airflow/dags/tiki_pipeline_dag.py for tasks to queue
[2026-06-09T07:58:11.135+0000] {logging_mixin.py:188} INFO - [2026-06-09T07:58:11.134+0000] {dagbag.py:538} INFO - Filling up the DagBag from /opt/airflow/dags/tiki_pipeline_dag.py
[2026-06-09T07:58:11.200+0000] {processor.py:840} INFO - DAG(s) 'tiki_beauty_lakehouse_pipeline' retrieved from /opt/airflow/dags/tiki_pipeline_dag.py
[2026-06-09T07:58:11.244+0000] {logging_mixin.py:188} INFO - [2026-06-09T07:58:11.243+0000] {dag.py:3036} INFO - Sync 1 DAGs
[2026-06-09T07:58:11.280+0000] {logging_mixin.py:188} INFO - [2026-06-09T07:58:11.280+0000] {dag.py:3823} INFO - Setting next_dagrun for tiki_beauty_lakehouse_pipeline to 2026-06-08 08:00:00+00:00, run_after=2026-06-09 08:00:00+00:00
[2026-06-09T07:58:11.309+0000] {processor.py:183} INFO - Processing /opt/airflow/dags/tiki_pipeline_dag.py took 0.185 seconds
[2026-06-09T07:58:41.687+0000] {processor.py:161} INFO - Started process (PID=188) to work on /opt/airflow/dags/tiki_pipeline_dag.py
[2026-06-09T07:58:41.689+0000] {processor.py:830} INFO - Processing file /opt/airflow/dags/tiki_pipeline_dag.py for tasks to queue
[2026-06-09T07:58:41.691+0000] {logging_mixin.py:188} INFO - [2026-06-09T07:58:41.691+0000] {dagbag.py:538} INFO - Filling up the DagBag from /opt/airflow/dags/tiki_pipeline_dag.py
[2026-06-09T07:58:41.753+0000] {processor.py:840} INFO - DAG(s) 'tiki_beauty_lakehouse_pipeline' retrieved from /opt/airflow/dags/tiki_pipeline_dag.py
[2026-06-09T07:58:41.797+0000] {logging_mixin.py:188} INFO - [2026-06-09T07:58:41.797+0000] {dag.py:3036} INFO - Sync 1 DAGs
[2026-06-09T07:58:41.831+0000] {logging_mixin.py:188} INFO - [2026-06-09T07:58:41.830+0000] {dag.py:3823} INFO - Setting next_dagrun for tiki_beauty_lakehouse_pipeline to 2026-06-08 08:00:00+00:00, run_after=2026-06-09 08:00:00+00:00
[2026-06-09T07:58:41.871+0000] {processor.py:183} INFO - Processing /opt/airflow/dags/tiki_pipeline_dag.py took 0.188 seconds
[2026-06-09T07:59:12.164+0000] {processor.py:161} INFO - Started process (PID=193) to work on /opt/airflow/dags/tiki_pipeline_dag.py
[2026-06-09T07:59:12.166+0000] {processor.py:830} INFO - Processing file /opt/airflow/dags/tiki_pipeline_dag.py for tasks to queue
[2026-06-09T07:59:12.169+0000] {logging_mixin.py:188} INFO - [2026-06-09T07:59:12.168+0000] {dagbag.py:538} INFO - Filling up the DagBag from /opt/airflow/dags/tiki_pipeline_dag.py
[2026-06-09T07:59:12.218+0000] {processor.py:840} INFO - DAG(s) 'tiki_beauty_lakehouse_pipeline' retrieved from /opt/airflow/dags/tiki_pipeline_dag.py
[2026-06-09T07:59:12.258+0000] {logging_mixin.py:188} INFO - [2026-06-09T07:59:12.257+0000] {dag.py:3036} INFO - Sync 1 DAGs
[2026-06-09T07:59:12.296+0000] {logging_mixin.py:188} INFO - [2026-06-09T07:59:12.296+0000] {dag.py:3823} INFO - Setting next_dagrun for tiki_beauty_lakehouse_pipeline to 2026-06-08 08:00:00+00:00, run_after=2026-06-09 08:00:00+00:00
[2026-06-09T07:59:12.336+0000] {processor.py:183} INFO - Processing /opt/airflow/dags/tiki_pipeline_dag.py took 0.178 seconds
[2026-06-09T07:59:42.790+0000] {processor.py:161} INFO - Started process (PID=198) to work on /opt/airflow/dags/tiki_pipeline_dag.py
[2026-06-09T07:59:42.793+0000] {processor.py:830} INFO - Processing file /opt/airflow/dags/tiki_pipeline_dag.py for tasks to queue
[2026-06-09T07:59:42.796+0000] {logging_mixin.py:188} INFO - [2026-06-09T07:59:42.795+0000] {dagbag.py:538} INFO - Filling up the DagBag from /opt/airflow/dags/tiki_pipeline_dag.py
[2026-06-09T07:59:42.863+0000] {processor.py:840} INFO - DAG(s) 'tiki_beauty_lakehouse_pipeline' retrieved from /opt/airflow/dags/tiki_pipeline_dag.py
[2026-06-09T07:59:42.920+0000] {logging_mixin.py:188} INFO - [2026-06-09T07:59:42.919+0000] {dag.py:3036} INFO - Sync 1 DAGs
[2026-06-09T07:59:42.967+0000] {logging_mixin.py:188} INFO - [2026-06-09T07:59:42.967+0000] {dag.py:3823} INFO - Setting next_dagrun for tiki_beauty_lakehouse_pipeline to 2026-06-08 08:00:00+00:00, run_after=2026-06-09 08:00:00+00:00
[2026-06-09T07:59:43.016+0000] {processor.py:183} INFO - Processing /opt/airflow/dags/tiki_pipeline_dag.py took 0.231 seconds
[2026-06-09T08:00:13.251+0000] {processor.py:161} INFO - Started process (PID=213) to work on /opt/airflow/dags/tiki_pipeline_dag.py
[2026-06-09T08:00:13.253+0000] {processor.py:830} INFO - Processing file /opt/airflow/dags/tiki_pipeline_dag.py for tasks to queue
[2026-06-09T08:00:13.256+0000] {logging_mixin.py:188} INFO - [2026-06-09T08:00:13.256+0000] {dagbag.py:538} INFO - Filling up the DagBag from /opt/airflow/dags/tiki_pipeline_dag.py
[2026-06-09T08:00:13.325+0000] {processor.py:840} INFO - DAG(s) 'tiki_beauty_lakehouse_pipeline' retrieved from /opt/airflow/dags/tiki_pipeline_dag.py
[2026-06-09T08:00:13.387+0000] {logging_mixin.py:188} INFO - [2026-06-09T08:00:13.386+0000] {dag.py:3036} INFO - Sync 1 DAGs
[2026-06-09T08:00:13.425+0000] {logging_mixin.py:188} INFO - [2026-06-09T08:00:13.425+0000] {dag.py:3823} INFO - Setting next_dagrun for tiki_beauty_lakehouse_pipeline to 2026-06-09 08:00:00+00:00, run_after=2026-06-10 08:00:00+00:00
[2026-06-09T08:00:13.461+0000] {processor.py:183} INFO - Processing /opt/airflow/dags/tiki_pipeline_dag.py took 0.214 seconds
[2026-06-09T08:00:43.905+0000] {processor.py:161} INFO - Started process (PID=237) to work on /opt/airflow/dags/tiki_pipeline_dag.py
[2026-06-09T08:00:43.908+0000] {processor.py:830} INFO - Processing file /opt/airflow/dags/tiki_pipeline_dag.py for tasks to queue
[2026-06-09T08:00:43.910+0000] {logging_mixin.py:188} INFO - [2026-06-09T08:00:43.910+0000] {dagbag.py:538} INFO - Filling up the DagBag from /opt/airflow/dags/tiki_pipeline_dag.py
[2026-06-09T08:00:43.972+0000] {processor.py:840} INFO - DAG(s) 'tiki_beauty_lakehouse_pipeline' retrieved from /opt/airflow/dags/tiki_pipeline_dag.py
[2026-06-09T08:00:44.008+0000] {logging_mixin.py:188} INFO - [2026-06-09T08:00:44.008+0000] {dag.py:3036} INFO - Sync 1 DAGs
[2026-06-09T08:00:44.037+0000] {logging_mixin.py:188} INFO - [2026-06-09T08:00:44.037+0000] {dag.py:3823} INFO - Setting next_dagrun for tiki_beauty_lakehouse_pipeline to 2026-06-09 08:00:00+00:00, run_after=2026-06-10 08:00:00+00:00
[2026-06-09T08:00:44.070+0000] {processor.py:183} INFO - Processing /opt/airflow/dags/tiki_pipeline_dag.py took 0.175 seconds
[2026-06-09T08:01:14.423+0000] {processor.py:161} INFO - Started process (PID=257) to work on /opt/airflow/dags/tiki_pipeline_dag.py
[2026-06-09T08:01:14.425+0000] {processor.py:830} INFO - Processing file /opt/airflow/dags/tiki_pipeline_dag.py for tasks to queue
[2026-06-09T08:01:14.427+0000] {logging_mixin.py:188} INFO - [2026-06-09T08:01:14.426+0000] {dagbag.py:538} INFO - Filling up the DagBag from /opt/airflow/dags/tiki_pipeline_dag.py
[2026-06-09T08:01:14.466+0000] {processor.py:840} INFO - DAG(s) 'tiki_beauty_lakehouse_pipeline' retrieved from /opt/airflow/dags/tiki_pipeline_dag.py
[2026-06-09T08:01:14.503+0000] {logging_mixin.py:188} INFO - [2026-06-09T08:01:14.502+0000] {dag.py:3036} INFO - Sync 1 DAGs
[2026-06-09T08:01:14.533+0000] {logging_mixin.py:188} INFO - [2026-06-09T08:01:14.533+0000] {dag.py:3823} INFO - Setting next_dagrun for tiki_beauty_lakehouse_pipeline to 2026-06-09 08:00:00+00:00, run_after=2026-06-10 08:00:00+00:00
[2026-06-09T08:01:14.571+0000] {processor.py:183} INFO - Processing /opt/airflow/dags/tiki_pipeline_dag.py took 0.153 seconds
[2026-06-09T08:01:44.978+0000] {processor.py:161} INFO - Started process (PID=280) to work on /opt/airflow/dags/tiki_pipeline_dag.py
[2026-06-09T08:01:44.980+0000] {processor.py:830} INFO - Processing file /opt/airflow/dags/tiki_pipeline_dag.py for tasks to queue
[2026-06-09T08:01:44.983+0000] {logging_mixin.py:188} INFO - [2026-06-09T08:01:44.982+0000] {dagbag.py:538} INFO - Filling up the DagBag from /opt/airflow/dags/tiki_pipeline_dag.py
[2026-06-09T08:01:45.048+0000] {processor.py:840} INFO - DAG(s) 'tiki_beauty_lakehouse_pipeline' retrieved from /opt/airflow/dags/tiki_pipeline_dag.py
[2026-06-09T08:01:45.107+0000] {logging_mixin.py:188} INFO - [2026-06-09T08:01:45.106+0000] {dag.py:3036} INFO - Sync 1 DAGs
[2026-06-09T08:01:45.144+0000] {logging_mixin.py:188} INFO - [2026-06-09T08:01:45.144+0000] {dag.py:3823} INFO - Setting next_dagrun for tiki_beauty_lakehouse_pipeline to 2026-06-09 08:00:00+00:00, run_after=2026-06-10 08:00:00+00:00
[2026-06-09T08:01:45.194+0000] {processor.py:183} INFO - Processing /opt/airflow/dags/tiki_pipeline_dag.py took 0.224 seconds
[2026-06-09T08:02:15.450+0000] {processor.py:161} INFO - Started process (PID=302) to work on /opt/airflow/dags/tiki_pipeline_dag.py
[2026-06-09T08:02:15.453+0000] {processor.py:830} INFO - Processing file /opt/airflow/dags/tiki_pipeline_dag.py for tasks to queue
[2026-06-09T08:02:15.456+0000] {logging_mixin.py:188} INFO - [2026-06-09T08:02:15.455+0000] {dagbag.py:538} INFO - Filling up the DagBag from /opt/airflow/dags/tiki_pipeline_dag.py
[2026-06-09T08:02:15.538+0000] {processor.py:840} INFO - DAG(s) 'tiki_beauty_lakehouse_pipeline' retrieved from /opt/airflow/dags/tiki_pipeline_dag.py
[2026-06-09T08:02:15.574+0000] {logging_mixin.py:188} INFO - [2026-06-09T08:02:15.573+0000] {dag.py:3036} INFO - Sync 1 DAGs
[2026-06-09T08:02:15.603+0000] {logging_mixin.py:188} INFO - [2026-06-09T08:02:15.603+0000] {dag.py:3823} INFO - Setting next_dagrun for tiki_beauty_lakehouse_pipeline to 2026-06-09 08:00:00+00:00, run_after=2026-06-10 08:00:00+00:00
[2026-06-09T08:02:15.639+0000] {processor.py:183} INFO - Processing /opt/airflow/dags/tiki_pipeline_dag.py took 0.195 seconds
[2026-06-09T08:02:45.899+0000] {processor.py:161} INFO - Started process (PID=323) to work on /opt/airflow/dags/tiki_pipeline_dag.py
[2026-06-09T08:02:45.901+0000] {processor.py:830} INFO - Processing file /opt/airflow/dags/tiki_pipeline_dag.py for tasks to queue
[2026-06-09T08:02:45.903+0000] {logging_mixin.py:188} INFO - [2026-06-09T08:02:45.902+0000] {dagbag.py:538} INFO - Filling up the DagBag from /opt/airflow/dags/tiki_pipeline_dag.py
[2026-06-09T08:02:45.999+0000] {processor.py:840} INFO - DAG(s) 'tiki_beauty_lakehouse_pipeline' retrieved from /opt/airflow/dags/tiki_pipeline_dag.py
[2026-06-09T08:02:46.039+0000] {logging_mixin.py:188} INFO - [2026-06-09T08:02:46.039+0000] {dag.py:3036} INFO - Sync 1 DAGs
[2026-06-09T08:02:46.073+0000] {logging_mixin.py:188} INFO - [2026-06-09T08:02:46.072+0000] {dag.py:3823} INFO - Setting next_dagrun for tiki_beauty_lakehouse_pipeline to 2026-06-09 08:00:00+00:00, run_after=2026-06-10 08:00:00+00:00
[2026-06-09T08:02:46.105+0000] {processor.py:183} INFO - Processing /opt/airflow/dags/tiki_pipeline_dag.py took 0.211 seconds
[2026-06-09T08:03:16.628+0000] {processor.py:161} INFO - Started process (PID=342) to work on /opt/airflow/dags/tiki_pipeline_dag.py
[2026-06-09T08:03:16.630+0000] {processor.py:830} INFO - Processing file /opt/airflow/dags/tiki_pipeline_dag.py for tasks to queue
[2026-06-09T08:03:16.632+0000] {logging_mixin.py:188} INFO - [2026-06-09T08:03:16.631+0000] {dagbag.py:538} INFO - Filling up the DagBag from /opt/airflow/dags/tiki_pipeline_dag.py
[2026-06-09T08:03:16.724+0000] {processor.py:840} INFO - DAG(s) 'tiki_beauty_lakehouse_pipeline' retrieved from /opt/airflow/dags/tiki_pipeline_dag.py
[2026-06-09T08:03:16.764+0000] {logging_mixin.py:188} INFO - [2026-06-09T08:03:16.763+0000] {dag.py:3036} INFO - Sync 1 DAGs
[2026-06-09T08:03:16.794+0000] {logging_mixin.py:188} INFO - [2026-06-09T08:03:16.793+0000] {dag.py:3823} INFO - Setting next_dagrun for tiki_beauty_lakehouse_pipeline to 2026-06-09 08:00:00+00:00, run_after=2026-06-10 08:00:00+00:00
[2026-06-09T08:03:16.841+0000] {processor.py:183} INFO - Processing /opt/airflow/dags/tiki_pipeline_dag.py took 0.217 seconds
[2026-06-09T08:03:47.096+0000] {processor.py:161} INFO - Started process (PID=365) to work on /opt/airflow/dags/tiki_pipeline_dag.py
[2026-06-09T08:03:47.098+0000] {processor.py:830} INFO - Processing file /opt/airflow/dags/tiki_pipeline_dag.py for tasks to queue
[2026-06-09T08:03:47.099+0000] {logging_mixin.py:188} INFO - [2026-06-09T08:03:47.099+0000] {dagbag.py:538} INFO - Filling up the DagBag from /opt/airflow/dags/tiki_pipeline_dag.py
[2026-06-09T08:03:47.142+0000] {processor.py:840} INFO - DAG(s) 'tiki_beauty_lakehouse_pipeline' retrieved from /opt/airflow/dags/tiki_pipeline_dag.py
[2026-06-09T08:03:47.196+0000] {logging_mixin.py:188} INFO - [2026-06-09T08:03:47.195+0000] {dag.py:3036} INFO - Sync 1 DAGs
[2026-06-09T08:03:47.247+0000] {logging_mixin.py:188} INFO - [2026-06-09T08:03:47.246+0000] {dag.py:3823} INFO - Setting next_dagrun for tiki_beauty_lakehouse_pipeline to 2026-06-09 08:00:00+00:00, run_after=2026-06-10 08:00:00+00:00
[2026-06-09T08:03:47.286+0000] {processor.py:183} INFO - Processing /opt/airflow/dags/tiki_pipeline_dag.py took 0.194 seconds
[2026-06-09T08:04:17.581+0000] {processor.py:161} INFO - Started process (PID=401) to work on /opt/airflow/dags/tiki_pipeline_dag.py
[2026-06-09T08:04:17.584+0000] {processor.py:830} INFO - Processing file /opt/airflow/dags/tiki_pipeline_dag.py for tasks to queue
[2026-06-09T08:04:17.586+0000] {logging_mixin.py:188} INFO - [2026-06-09T08:04:17.585+0000] {dagbag.py:538} INFO - Filling up the DagBag from /opt/airflow/dags/tiki_pipeline_dag.py
[2026-06-09T08:04:17.634+0000] {processor.py:840} INFO - DAG(s) 'tiki_beauty_lakehouse_pipeline' retrieved from /opt/airflow/dags/tiki_pipeline_dag.py
[2026-06-09T08:04:17.671+0000] {logging_mixin.py:188} INFO - [2026-06-09T08:04:17.671+0000] {dag.py:3036} INFO - Sync 1 DAGs
[2026-06-09T08:04:17.703+0000] {logging_mixin.py:188} INFO - [2026-06-09T08:04:17.703+0000] {dag.py:3823} INFO - Setting next_dagrun for tiki_beauty_lakehouse_pipeline to 2026-06-09 08:00:00+00:00, run_after=2026-06-10 08:00:00+00:00
[2026-06-09T08:04:17.747+0000] {processor.py:183} INFO - Processing /opt/airflow/dags/tiki_pipeline_dag.py took 0.171 seconds
[2026-06-09T08:04:48.152+0000] {processor.py:161} INFO - Started process (PID=439) to work on /opt/airflow/dags/tiki_pipeline_dag.py
[2026-06-09T08:04:48.155+0000] {processor.py:830} INFO - Processing file /opt/airflow/dags/tiki_pipeline_dag.py for tasks to queue
[2026-06-09T08:04:48.164+0000] {logging_mixin.py:188} INFO - [2026-06-09T08:04:48.163+0000] {dagbag.py:538} INFO - Filling up the DagBag from /opt/airflow/dags/tiki_pipeline_dag.py
[2026-06-09T08:04:48.213+0000] {processor.py:840} INFO - DAG(s) 'tiki_beauty_lakehouse_pipeline' retrieved from /opt/airflow/dags/tiki_pipeline_dag.py
[2026-06-09T08:04:48.261+0000] {logging_mixin.py:188} INFO - [2026-06-09T08:04:48.260+0000] {dag.py:3036} INFO - Sync 1 DAGs
[2026-06-09T08:04:48.301+0000] {logging_mixin.py:188} INFO - [2026-06-09T08:04:48.301+0000] {dag.py:3823} INFO - Setting next_dagrun for tiki_beauty_lakehouse_pipeline to 2026-06-09 08:00:00+00:00, run_after=2026-06-10 08:00:00+00:00
[2026-06-09T08:04:48.346+0000] {processor.py:183} INFO - Processing /opt/airflow/dags/tiki_pipeline_dag.py took 0.197 seconds
[2026-06-09T08:05:18.552+0000] {processor.py:161} INFO - Started process (PID=477) to work on /opt/airflow/dags/tiki_pipeline_dag.py
[2026-06-09T08:05:18.555+0000] {processor.py:830} INFO - Processing file /opt/airflow/dags/tiki_pipeline_dag.py for tasks to queue
[2026-06-09T08:05:18.556+0000] {logging_mixin.py:188} INFO - [2026-06-09T08:05:18.556+0000] {dagbag.py:538} INFO - Filling up the DagBag from /opt/airflow/dags/tiki_pipeline_dag.py
[2026-06-09T08:05:18.625+0000] {processor.py:840} INFO - DAG(s) 'tiki_beauty_lakehouse_pipeline' retrieved from /opt/airflow/dags/tiki_pipeline_dag.py
[2026-06-09T08:05:18.658+0000] {logging_mixin.py:188} INFO - [2026-06-09T08:05:18.657+0000] {dag.py:3036} INFO - Sync 1 DAGs
[2026-06-09T08:05:18.693+0000] {logging_mixin.py:188} INFO - [2026-06-09T08:05:18.692+0000] {dag.py:3823} INFO - Setting next_dagrun for tiki_beauty_lakehouse_pipeline to 2026-06-09 08:00:00+00:00, run_after=2026-06-10 08:00:00+00:00
[2026-06-09T08:05:18.737+0000] {processor.py:183} INFO - Processing /opt/airflow/dags/tiki_pipeline_dag.py took 0.190 seconds
[2026-06-09T08:05:49.121+0000] {processor.py:161} INFO - Started process (PID=511) to work on /opt/airflow/dags/tiki_pipeline_dag.py
[2026-06-09T08:05:49.124+0000] {processor.py:830} INFO - Processing file /opt/airflow/dags/tiki_pipeline_dag.py for tasks to queue
[2026-06-09T08:05:49.126+0000] {logging_mixin.py:188} INFO - [2026-06-09T08:05:49.125+0000] {dagbag.py:538} INFO - Filling up the DagBag from /opt/airflow/dags/tiki_pipeline_dag.py
[2026-06-09T08:05:49.173+0000] {processor.py:840} INFO - DAG(s) 'tiki_beauty_lakehouse_pipeline' retrieved from /opt/airflow/dags/tiki_pipeline_dag.py
[2026-06-09T08:05:49.209+0000] {logging_mixin.py:188} INFO - [2026-06-09T08:05:49.208+0000] {dag.py:3036} INFO - Sync 1 DAGs
[2026-06-09T08:05:49.242+0000] {logging_mixin.py:188} INFO - [2026-06-09T08:05:49.241+0000] {dag.py:3823} INFO - Setting next_dagrun for tiki_beauty_lakehouse_pipeline to 2026-06-09 08:00:00+00:00, run_after=2026-06-10 08:00:00+00:00
[2026-06-09T08:05:49.328+0000] {processor.py:183} INFO - Processing /opt/airflow/dags/tiki_pipeline_dag.py took 0.212 seconds
[2026-06-09T08:06:19.620+0000] {processor.py:161} INFO - Started process (PID=531) to work on /opt/airflow/dags/tiki_pipeline_dag.py
[2026-06-09T08:06:19.622+0000] {processor.py:830} INFO - Processing file /opt/airflow/dags/tiki_pipeline_dag.py for tasks to queue
[2026-06-09T08:06:19.623+0000] {logging_mixin.py:188} INFO - [2026-06-09T08:06:19.623+0000] {dagbag.py:538} INFO - Filling up the DagBag from /opt/airflow/dags/tiki_pipeline_dag.py
[2026-06-09T08:06:19.697+0000] {processor.py:840} INFO - DAG(s) 'tiki_beauty_lakehouse_pipeline' retrieved from /opt/airflow/dags/tiki_pipeline_dag.py
[2026-06-09T08:06:19.740+0000] {logging_mixin.py:188} INFO - [2026-06-09T08:06:19.740+0000] {dag.py:3036} INFO - Sync 1 DAGs
[2026-06-09T08:06:19.771+0000] {logging_mixin.py:188} INFO - [2026-06-09T08:06:19.771+0000] {dag.py:3823} INFO - Setting next_dagrun for tiki_beauty_lakehouse_pipeline to 2026-06-09 08:00:00+00:00, run_after=2026-06-10 08:00:00+00:00
[2026-06-09T08:06:19.802+0000] {processor.py:183} INFO - Processing /opt/airflow/dags/tiki_pipeline_dag.py took 0.188 seconds
[2026-06-09T08:06:50.214+0000] {processor.py:161} INFO - Started process (PID=549) to work on /opt/airflow/dags/tiki_pipeline_dag.py
[2026-06-09T08:06:50.218+0000] {processor.py:830} INFO - Processing file /opt/airflow/dags/tiki_pipeline_dag.py for tasks to queue
[2026-06-09T08:06:50.220+0000] {logging_mixin.py:188} INFO - [2026-06-09T08:06:50.220+0000] {dagbag.py:538} INFO - Filling up the DagBag from /opt/airflow/dags/tiki_pipeline_dag.py
[2026-06-09T08:06:50.315+0000] {processor.py:840} INFO - DAG(s) 'tiki_beauty_lakehouse_pipeline' retrieved from /opt/airflow/dags/tiki_pipeline_dag.py
[2026-06-09T08:06:50.351+0000] {logging_mixin.py:188} INFO - [2026-06-09T08:06:50.350+0000] {dag.py:3036} INFO - Sync 1 DAGs
[2026-06-09T08:06:50.379+0000] {logging_mixin.py:188} INFO - [2026-06-09T08:06:50.378+0000] {dag.py:3823} INFO - Setting next_dagrun for tiki_beauty_lakehouse_pipeline to 2026-06-09 08:00:00+00:00, run_after=2026-06-10 08:00:00+00:00
[2026-06-09T08:06:50.441+0000] {processor.py:183} INFO - Processing /opt/airflow/dags/tiki_pipeline_dag.py took 0.236 seconds
[2026-06-09T08:07:20.731+0000] {processor.py:161} INFO - Started process (PID=571) to work on /opt/airflow/dags/tiki_pipeline_dag.py
[2026-06-09T08:07:20.734+0000] {processor.py:830} INFO - Processing file /opt/airflow/dags/tiki_pipeline_dag.py for tasks to queue
[2026-06-09T08:07:20.736+0000] {logging_mixin.py:188} INFO - [2026-06-09T08:07:20.736+0000] {dagbag.py:538} INFO - Filling up the DagBag from /opt/airflow/dags/tiki_pipeline_dag.py
[2026-06-09T08:07:20.804+0000] {processor.py:840} INFO - DAG(s) 'tiki_beauty_lakehouse_pipeline' retrieved from /opt/airflow/dags/tiki_pipeline_dag.py
[2026-06-09T08:07:20.843+0000] {logging_mixin.py:188} INFO - [2026-06-09T08:07:20.843+0000] {dag.py:3036} INFO - Sync 1 DAGs
[2026-06-09T08:07:20.873+0000] {logging_mixin.py:188} INFO - [2026-06-09T08:07:20.871+0000] {dag.py:3823} INFO - Setting next_dagrun for tiki_beauty_lakehouse_pipeline to 2026-06-09 08:00:00+00:00, run_after=2026-06-10 08:00:00+00:00
[2026-06-09T08:07:20.915+0000] {processor.py:183} INFO - Processing /opt/airflow/dags/tiki_pipeline_dag.py took 0.188 seconds
[2026-06-09T08:07:51.115+0000] {processor.py:161} INFO - Started process (PID=608) to work on /opt/airflow/dags/tiki_pipeline_dag.py
[2026-06-09T08:07:51.117+0000] {processor.py:830} INFO - Processing file /opt/airflow/dags/tiki_pipeline_dag.py for tasks to queue
[2026-06-09T08:07:51.122+0000] {logging_mixin.py:188} INFO - [2026-06-09T08:07:51.121+0000] {dagbag.py:538} INFO - Filling up the DagBag from /opt/airflow/dags/tiki_pipeline_dag.py
[2026-06-09T08:07:51.194+0000] {processor.py:840} INFO - DAG(s) 'tiki_beauty_lakehouse_pipeline' retrieved from /opt/airflow/dags/tiki_pipeline_dag.py
[2026-06-09T08:07:51.235+0000] {logging_mixin.py:188} INFO - [2026-06-09T08:07:51.235+0000] {dag.py:3036} INFO - Sync 1 DAGs
[2026-06-09T08:07:51.261+0000] {logging_mixin.py:188} INFO - [2026-06-09T08:07:51.261+0000] {dag.py:3823} INFO - Setting next_dagrun for tiki_beauty_lakehouse_pipeline to 2026-06-09 08:00:00+00:00, run_after=2026-06-10 08:00:00+00:00
[2026-06-09T08:07:51.298+0000] {processor.py:183} INFO - Processing /opt/airflow/dags/tiki_pipeline_dag.py took 0.189 seconds
[2026-06-09T08:08:21.740+0000] {processor.py:161} INFO - Started process (PID=627) to work on /opt/airflow/dags/tiki_pipeline_dag.py
[2026-06-09T08:08:21.742+0000] {processor.py:830} INFO - Processing file /opt/airflow/dags/tiki_pipeline_dag.py for tasks to queue
[2026-06-09T08:08:21.744+0000] {logging_mixin.py:188} INFO - [2026-06-09T08:08:21.743+0000] {dagbag.py:538} INFO - Filling up the DagBag from /opt/airflow/dags/tiki_pipeline_dag.py
[2026-06-09T08:08:21.796+0000] {processor.py:840} INFO - DAG(s) 'tiki_beauty_lakehouse_pipeline' retrieved from /opt/airflow/dags/tiki_pipeline_dag.py
[2026-06-09T08:08:21.830+0000] {logging_mixin.py:188} INFO - [2026-06-09T08:08:21.830+0000] {dag.py:3036} INFO - Sync 1 DAGs
[2026-06-09T08:08:21.863+0000] {logging_mixin.py:188} INFO - [2026-06-09T08:08:21.863+0000] {dag.py:3823} INFO - Setting next_dagrun for tiki_beauty_lakehouse_pipeline to 2026-06-09 08:00:00+00:00, run_after=2026-06-10 08:00:00+00:00
[2026-06-09T08:08:21.894+0000] {processor.py:183} INFO - Processing /opt/airflow/dags/tiki_pipeline_dag.py took 0.157 seconds
[2026-06-09T08:08:52.165+0000] {processor.py:161} INFO - Started process (PID=650) to work on /opt/airflow/dags/tiki_pipeline_dag.py
[2026-06-09T08:08:52.168+0000] {processor.py:830} INFO - Processing file /opt/airflow/dags/tiki_pipeline_dag.py for tasks to queue
[2026-06-09T08:08:52.170+0000] {logging_mixin.py:188} INFO - [2026-06-09T08:08:52.169+0000] {dagbag.py:538} INFO - Filling up the DagBag from /opt/airflow/dags/tiki_pipeline_dag.py
[2026-06-09T08:08:52.215+0000] {processor.py:840} INFO - DAG(s) 'tiki_beauty_lakehouse_pipeline' retrieved from /opt/airflow/dags/tiki_pipeline_dag.py
[2026-06-09T08:08:52.251+0000] {logging_mixin.py:188} INFO - [2026-06-09T08:08:52.251+0000] {dag.py:3036} INFO - Sync 1 DAGs
[2026-06-09T08:08:52.281+0000] {logging_mixin.py:188} INFO - [2026-06-09T08:08:52.281+0000] {dag.py:3823} INFO - Setting next_dagrun for tiki_beauty_lakehouse_pipeline to 2026-06-09 08:00:00+00:00, run_after=2026-06-10 08:00:00+00:00
[2026-06-09T08:08:52.313+0000] {processor.py:183} INFO - Processing /opt/airflow/dags/tiki_pipeline_dag.py took 0.154 seconds
[2026-06-09T08:09:22.721+0000] {processor.py:161} INFO - Started process (PID=670) to work on /opt/airflow/dags/tiki_pipeline_dag.py
[2026-06-09T08:09:22.724+0000] {processor.py:830} INFO - Processing file /opt/airflow/dags/tiki_pipeline_dag.py for tasks to queue
[2026-06-09T08:09:22.725+0000] {logging_mixin.py:188} INFO - [2026-06-09T08:09:22.725+0000] {dagbag.py:538} INFO - Filling up the DagBag from /opt/airflow/dags/tiki_pipeline_dag.py
[2026-06-09T08:09:22.782+0000] {processor.py:840} INFO - DAG(s) 'tiki_beauty_lakehouse_pipeline' retrieved from /opt/airflow/dags/tiki_pipeline_dag.py
[2026-06-09T08:09:22.817+0000] {logging_mixin.py:188} INFO - [2026-06-09T08:09:22.816+0000] {dag.py:3036} INFO - Sync 1 DAGs
[2026-06-09T08:09:22.846+0000] {logging_mixin.py:188} INFO - [2026-06-09T08:09:22.846+0000] {dag.py:3823} INFO - Setting next_dagrun for tiki_beauty_lakehouse_pipeline to 2026-06-09 08:00:00+00:00, run_after=2026-06-10 08:00:00+00:00
[2026-06-09T08:09:22.881+0000] {processor.py:183} INFO - Processing /opt/airflow/dags/tiki_pipeline_dag.py took 0.165 seconds
[2026-06-09T08:09:53.201+0000] {processor.py:161} INFO - Started process (PID=690) to work on /opt/airflow/dags/tiki_pipeline_dag.py
[2026-06-09T08:09:53.204+0000] {processor.py:830} INFO - Processing file /opt/airflow/dags/tiki_pipeline_dag.py for tasks to queue
[2026-06-09T08:09:53.206+0000] {logging_mixin.py:188} INFO - [2026-06-09T08:09:53.206+0000] {dagbag.py:538} INFO - Filling up the DagBag from /opt/airflow/dags/tiki_pipeline_dag.py
[2026-06-09T08:09:53.278+0000] {processor.py:840} INFO - DAG(s) 'tiki_beauty_lakehouse_pipeline' retrieved from /opt/airflow/dags/tiki_pipeline_dag.py
[2026-06-09T08:09:53.318+0000] {logging_mixin.py:188} INFO - [2026-06-09T08:09:53.318+0000] {dag.py:3036} INFO - Sync 1 DAGs
[2026-06-09T08:09:53.349+0000] {logging_mixin.py:188} INFO - [2026-06-09T08:09:53.349+0000] {dag.py:3823} INFO - Setting next_dagrun for tiki_beauty_lakehouse_pipeline to 2026-06-09 08:00:00+00:00, run_after=2026-06-10 08:00:00+00:00
[2026-06-09T08:09:53.389+0000] {processor.py:183} INFO - Processing /opt/airflow/dags/tiki_pipeline_dag.py took 0.195 seconds
[2026-06-09T08:10:23.715+0000] {processor.py:161} INFO - Started process (PID=717) to work on /opt/airflow/dags/tiki_pipeline_dag.py
[2026-06-09T08:10:23.718+0000] {processor.py:830} INFO - Processing file /opt/airflow/dags/tiki_pipeline_dag.py for tasks to queue
[2026-06-09T08:10:23.720+0000] {logging_mixin.py:188} INFO - [2026-06-09T08:10:23.719+0000] {dagbag.py:538} INFO - Filling up the DagBag from /opt/airflow/dags/tiki_pipeline_dag.py
[2026-06-09T08:10:23.771+0000] {processor.py:840} INFO - DAG(s) 'tiki_beauty_lakehouse_pipeline' retrieved from /opt/airflow/dags/tiki_pipeline_dag.py
[2026-06-09T08:10:23.808+0000] {logging_mixin.py:188} INFO - [2026-06-09T08:10:23.808+0000] {dag.py:3036} INFO - Sync 1 DAGs
[2026-06-09T08:10:23.839+0000] {logging_mixin.py:188} INFO - [2026-06-09T08:10:23.838+0000] {dag.py:3823} INFO - Setting next_dagrun for tiki_beauty_lakehouse_pipeline to 2026-06-09 08:00:00+00:00, run_after=2026-06-10 08:00:00+00:00
[2026-06-09T08:10:23.868+0000] {processor.py:183} INFO - Processing /opt/airflow/dags/tiki_pipeline_dag.py took 0.162 seconds
[2026-06-09T08:10:54.229+0000] {processor.py:161} INFO - Started process (PID=741) to work on /opt/airflow/dags/tiki_pipeline_dag.py
[2026-06-09T08:10:54.234+0000] {processor.py:830} INFO - Processing file /opt/airflow/dags/tiki_pipeline_dag.py for tasks to queue
[2026-06-09T08:10:54.238+0000] {logging_mixin.py:188} INFO - [2026-06-09T08:10:54.237+0000] {dagbag.py:538} INFO - Filling up the DagBag from /opt/airflow/dags/tiki_pipeline_dag.py
[2026-06-09T08:10:54.298+0000] {processor.py:840} INFO - DAG(s) 'tiki_beauty_lakehouse_pipeline' retrieved from /opt/airflow/dags/tiki_pipeline_dag.py
[2026-06-09T08:10:54.330+0000] {logging_mixin.py:188} INFO - [2026-06-09T08:10:54.329+0000] {dag.py:3036} INFO - Sync 1 DAGs
[2026-06-09T08:10:54.359+0000] {logging_mixin.py:188} INFO - [2026-06-09T08:10:54.359+0000] {dag.py:3823} INFO - Setting next_dagrun for tiki_beauty_lakehouse_pipeline to 2026-06-09 08:00:00+00:00, run_after=2026-06-10 08:00:00+00:00
[2026-06-09T08:10:54.392+0000] {processor.py:183} INFO - Processing /opt/airflow/dags/tiki_pipeline_dag.py took 0.168 seconds
[2026-06-09T08:11:24.667+0000] {processor.py:161} INFO - Started process (PID=770) to work on /opt/airflow/dags/tiki_pipeline_dag.py
[2026-06-09T08:11:24.670+0000] {processor.py:830} INFO - Processing file /opt/airflow/dags/tiki_pipeline_dag.py for tasks to queue
[2026-06-09T08:11:24.672+0000] {logging_mixin.py:188} INFO - [2026-06-09T08:11:24.672+0000] {dagbag.py:538} INFO - Filling up the DagBag from /opt/airflow/dags/tiki_pipeline_dag.py
[2026-06-09T08:11:24.729+0000] {processor.py:840} INFO - DAG(s) 'tiki_beauty_lakehouse_pipeline' retrieved from /opt/airflow/dags/tiki_pipeline_dag.py
[2026-06-09T08:11:24.764+0000] {logging_mixin.py:188} INFO - [2026-06-09T08:11:24.764+0000] {dag.py:3036} INFO - Sync 1 DAGs
[2026-06-09T08:11:24.793+0000] {logging_mixin.py:188} INFO - [2026-06-09T08:11:24.792+0000] {dag.py:3823} INFO - Setting next_dagrun for tiki_beauty_lakehouse_pipeline to 2026-06-09 08:00:00+00:00, run_after=2026-06-10 08:00:00+00:00
[2026-06-09T08:11:24.829+0000] {processor.py:183} INFO - Processing /opt/airflow/dags/tiki_pipeline_dag.py took 0.168 seconds
[2026-06-09T08:11:55.207+0000] {processor.py:161} INFO - Started process (PID=791) to work on /opt/airflow/dags/tiki_pipeline_dag.py
[2026-06-09T08:11:55.210+0000] {processor.py:830} INFO - Processing file /opt/airflow/dags/tiki_pipeline_dag.py for tasks to queue
[2026-06-09T08:11:55.212+0000] {logging_mixin.py:188} INFO - [2026-06-09T08:11:55.211+0000] {dagbag.py:538} INFO - Filling up the DagBag from /opt/airflow/dags/tiki_pipeline_dag.py
[2026-06-09T08:11:55.289+0000] {processor.py:840} INFO - DAG(s) 'tiki_beauty_lakehouse_pipeline' retrieved from /opt/airflow/dags/tiki_pipeline_dag.py
[2026-06-09T08:11:55.329+0000] {logging_mixin.py:188} INFO - [2026-06-09T08:11:55.328+0000] {dag.py:3036} INFO - Sync 1 DAGs
[2026-06-09T08:11:55.368+0000] {logging_mixin.py:188} INFO - [2026-06-09T08:11:55.368+0000] {dag.py:3823} INFO - Setting next_dagrun for tiki_beauty_lakehouse_pipeline to 2026-06-09 08:00:00+00:00, run_after=2026-06-10 08:00:00+00:00
[2026-06-09T08:11:55.400+0000] {processor.py:183} INFO - Processing /opt/airflow/dags/tiki_pipeline_dag.py took 0.197 seconds
[2026-06-09T08:12:25.848+0000] {processor.py:161} INFO - Started process (PID=823) to work on /opt/airflow/dags/tiki_pipeline_dag.py
[2026-06-09T08:12:25.850+0000] {processor.py:830} INFO - Processing file /opt/airflow/dags/tiki_pipeline_dag.py for tasks to queue
[2026-06-09T08:12:25.852+0000] {logging_mixin.py:188} INFO - [2026-06-09T08:12:25.851+0000] {dagbag.py:538} INFO - Filling up the DagBag from /opt/airflow/dags/tiki_pipeline_dag.py
[2026-06-09T08:12:25.919+0000] {processor.py:840} INFO - DAG(s) 'tiki_beauty_lakehouse_pipeline' retrieved from /opt/airflow/dags/tiki_pipeline_dag.py
[2026-06-09T08:12:25.967+0000] {logging_mixin.py:188} INFO - [2026-06-09T08:12:25.966+0000] {dag.py:3036} INFO - Sync 1 DAGs
[2026-06-09T08:12:26.000+0000] {logging_mixin.py:188} INFO - [2026-06-09T08:12:26.000+0000] {dag.py:3823} INFO - Setting next_dagrun for tiki_beauty_lakehouse_pipeline to 2026-06-09 08:00:00+00:00, run_after=2026-06-10 08:00:00+00:00
[2026-06-09T08:12:26.033+0000] {processor.py:183} INFO - Processing /opt/airflow/dags/tiki_pipeline_dag.py took 0.189 seconds
[2026-06-09T08:12:56.308+0000] {processor.py:161} INFO - Started process (PID=844) to work on /opt/airflow/dags/tiki_pipeline_dag.py
[2026-06-09T08:12:56.311+0000] {processor.py:830} INFO - Processing file /opt/airflow/dags/tiki_pipeline_dag.py for tasks to queue
[2026-06-09T08:12:56.312+0000] {logging_mixin.py:188} INFO - [2026-06-09T08:12:56.312+0000] {dagbag.py:538} INFO - Filling up the DagBag from /opt/airflow/dags/tiki_pipeline_dag.py
[2026-06-09T08:12:56.408+0000] {processor.py:840} INFO - DAG(s) 'tiki_beauty_lakehouse_pipeline' retrieved from /opt/airflow/dags/tiki_pipeline_dag.py
[2026-06-09T08:12:56.445+0000] {logging_mixin.py:188} INFO - [2026-06-09T08:12:56.444+0000] {dag.py:3036} INFO - Sync 1 DAGs
[2026-06-09T08:12:56.474+0000] {logging_mixin.py:188} INFO - [2026-06-09T08:12:56.474+0000] {dag.py:3823} INFO - Setting next_dagrun for tiki_beauty_lakehouse_pipeline to 2026-06-09 08:00:00+00:00, run_after=2026-06-10 08:00:00+00:00
[2026-06-09T08:12:56.509+0000] {processor.py:183} INFO - Processing /opt/airflow/dags/tiki_pipeline_dag.py took 0.208 seconds
[2026-06-09T08:13:26.930+0000] {processor.py:161} INFO - Started process (PID=879) to work on /opt/airflow/dags/tiki_pipeline_dag.py
[2026-06-09T08:13:26.932+0000] {processor.py:830} INFO - Processing file /opt/airflow/dags/tiki_pipeline_dag.py for tasks to queue
[2026-06-09T08:13:26.934+0000] {logging_mixin.py:188} INFO - [2026-06-09T08:13:26.934+0000] {dagbag.py:538} INFO - Filling up the DagBag from /opt/airflow/dags/tiki_pipeline_dag.py
[2026-06-09T08:13:27.010+0000] {processor.py:840} INFO - DAG(s) 'tiki_beauty_lakehouse_pipeline' retrieved from /opt/airflow/dags/tiki_pipeline_dag.py
[2026-06-09T08:13:27.044+0000] {logging_mixin.py:188} INFO - [2026-06-09T08:13:27.044+0000] {dag.py:3036} INFO - Sync 1 DAGs
[2026-06-09T08:13:27.073+0000] {logging_mixin.py:188} INFO - [2026-06-09T08:13:27.073+0000] {dag.py:3823} INFO - Setting next_dagrun for tiki_beauty_lakehouse_pipeline to 2026-06-09 08:00:00+00:00, run_after=2026-06-10 08:00:00+00:00
[2026-06-09T08:13:27.112+0000] {processor.py:183} INFO - Processing /opt/airflow/dags/tiki_pipeline_dag.py took 0.187 seconds
[2026-06-09T08:13:57.364+0000] {processor.py:161} INFO - Started process (PID=908) to work on /opt/airflow/dags/tiki_pipeline_dag.py
[2026-06-09T08:13:57.366+0000] {processor.py:830} INFO - Processing file /opt/airflow/dags/tiki_pipeline_dag.py for tasks to queue
[2026-06-09T08:13:57.367+0000] {logging_mixin.py:188} INFO - [2026-06-09T08:13:57.367+0000] {dagbag.py:538} INFO - Filling up the DagBag from /opt/airflow/dags/tiki_pipeline_dag.py
[2026-06-09T08:13:57.438+0000] {processor.py:840} INFO - DAG(s) 'tiki_beauty_lakehouse_pipeline' retrieved from /opt/airflow/dags/tiki_pipeline_dag.py
[2026-06-09T08:13:57.482+0000] {logging_mixin.py:188} INFO - [2026-06-09T08:13:57.481+0000] {dag.py:3036} INFO - Sync 1 DAGs
[2026-06-09T08:13:57.514+0000] {logging_mixin.py:188} INFO - [2026-06-09T08:13:57.514+0000] {dag.py:3823} INFO - Setting next_dagrun for tiki_beauty_lakehouse_pipeline to 2026-06-09 08:00:00+00:00, run_after=2026-06-10 08:00:00+00:00
[2026-06-09T08:13:57.559+0000] {processor.py:183} INFO - Processing /opt/airflow/dags/tiki_pipeline_dag.py took 0.205 seconds
[2026-06-09T08:14:27.902+0000] {processor.py:161} INFO - Started process (PID=934) to work on /opt/airflow/dags/tiki_pipeline_dag.py
[2026-06-09T08:14:27.905+0000] {processor.py:830} INFO - Processing file /opt/airflow/dags/tiki_pipeline_dag.py for tasks to queue
[2026-06-09T08:14:27.907+0000] {logging_mixin.py:188} INFO - [2026-06-09T08:14:27.906+0000] {dagbag.py:538} INFO - Filling up the DagBag from /opt/airflow/dags/tiki_pipeline_dag.py
[2026-06-09T08:14:27.966+0000] {processor.py:840} INFO - DAG(s) 'tiki_beauty_lakehouse_pipeline' retrieved from /opt/airflow/dags/tiki_pipeline_dag.py
[2026-06-09T08:14:28.007+0000] {logging_mixin.py:188} INFO - [2026-06-09T08:14:28.007+0000] {dag.py:3036} INFO - Sync 1 DAGs
[2026-06-09T08:14:28.044+0000] {logging_mixin.py:188} INFO - [2026-06-09T08:14:28.044+0000] {dag.py:3823} INFO - Setting next_dagrun for tiki_beauty_lakehouse_pipeline to 2026-06-09 08:00:00+00:00, run_after=2026-06-10 08:00:00+00:00
[2026-06-09T08:14:28.077+0000] {processor.py:183} INFO - Processing /opt/airflow/dags/tiki_pipeline_dag.py took 0.180 seconds
[2026-06-09T08:14:58.393+0000] {processor.py:161} INFO - Started process (PID=955) to work on /opt/airflow/dags/tiki_pipeline_dag.py
[2026-06-09T08:14:58.395+0000] {processor.py:830} INFO - Processing file /opt/airflow/dags/tiki_pipeline_dag.py for tasks to queue
[2026-06-09T08:14:58.399+0000] {logging_mixin.py:188} INFO - [2026-06-09T08:14:58.398+0000] {dagbag.py:538} INFO - Filling up the DagBag from /opt/airflow/dags/tiki_pipeline_dag.py
[2026-06-09T08:14:58.493+0000] {processor.py:840} INFO - DAG(s) 'tiki_beauty_lakehouse_pipeline' retrieved from /opt/airflow/dags/tiki_pipeline_dag.py
[2026-06-09T08:14:58.537+0000] {logging_mixin.py:188} INFO - [2026-06-09T08:14:58.537+0000] {dag.py:3036} INFO - Sync 1 DAGs
[2026-06-09T08:14:58.570+0000] {logging_mixin.py:188} INFO - [2026-06-09T08:14:58.569+0000] {dag.py:3823} INFO - Setting next_dagrun for tiki_beauty_lakehouse_pipeline to 2026-06-09 08:00:00+00:00, run_after=2026-06-10 08:00:00+00:00
[2026-06-09T08:14:58.605+0000] {processor.py:183} INFO - Processing /opt/airflow/dags/tiki_pipeline_dag.py took 0.216 seconds
[2026-06-09T08:15:28.850+0000] {processor.py:161} INFO - Started process (PID=995) to work on /opt/airflow/dags/tiki_pipeline_dag.py
[2026-06-09T08:15:28.852+0000] {processor.py:830} INFO - Processing file /opt/airflow/dags/tiki_pipeline_dag.py for tasks to queue
[2026-06-09T08:15:28.855+0000] {logging_mixin.py:188} INFO - [2026-06-09T08:15:28.854+0000] {dagbag.py:538} INFO - Filling up the DagBag from /opt/airflow/dags/tiki_pipeline_dag.py
[2026-06-09T08:15:28.910+0000] {processor.py:840} INFO - DAG(s) 'tiki_beauty_lakehouse_pipeline' retrieved from /opt/airflow/dags/tiki_pipeline_dag.py
[2026-06-09T08:15:28.951+0000] {logging_mixin.py:188} INFO - [2026-06-09T08:15:28.951+0000] {dag.py:3036} INFO - Sync 1 DAGs
[2026-06-09T08:15:28.985+0000] {logging_mixin.py:188} INFO - [2026-06-09T08:15:28.985+0000] {dag.py:3823} INFO - Setting next_dagrun for tiki_beauty_lakehouse_pipeline to 2026-06-09 08:00:00+00:00, run_after=2026-06-10 08:00:00+00:00
[2026-06-09T08:15:29.021+0000] {processor.py:183} INFO - Processing /opt/airflow/dags/tiki_pipeline_dag.py took 0.177 seconds
[2026-06-09T08:15:59.375+0000] {processor.py:161} INFO - Started process (PID=1000) to work on /opt/airflow/dags/tiki_pipeline_dag.py
[2026-06-09T08:15:59.377+0000] {processor.py:830} INFO - Processing file /opt/airflow/dags/tiki_pipeline_dag.py for tasks to queue
[2026-06-09T08:15:59.378+0000] {logging_mixin.py:188} INFO - [2026-06-09T08:15:59.378+0000] {dagbag.py:538} INFO - Filling up the DagBag from /opt/airflow/dags/tiki_pipeline_dag.py
[2026-06-09T08:15:59.431+0000] {processor.py:840} INFO - DAG(s) 'tiki_beauty_lakehouse_pipeline' retrieved from /opt/airflow/dags/tiki_pipeline_dag.py
[2026-06-09T08:15:59.476+0000] {logging_mixin.py:188} INFO - [2026-06-09T08:15:59.476+0000] {dag.py:3036} INFO - Sync 1 DAGs
[2026-06-09T08:15:59.512+0000] {logging_mixin.py:188} INFO - [2026-06-09T08:15:59.512+0000] {dag.py:3823} INFO - Setting next_dagrun for tiki_beauty_lakehouse_pipeline to 2026-06-09 08:00:00+00:00, run_after=2026-06-10 08:00:00+00:00
[2026-06-09T08:15:59.544+0000] {processor.py:183} INFO - Processing /opt/airflow/dags/tiki_pipeline_dag.py took 0.175 seconds
[2026-06-09T08:16:29.866+0000] {processor.py:161} INFO - Started process (PID=1005) to work on /opt/airflow/dags/tiki_pipeline_dag.py
[2026-06-09T08:16:29.869+0000] {processor.py:830} INFO - Processing file /opt/airflow/dags/tiki_pipeline_dag.py for tasks to queue
[2026-06-09T08:16:29.871+0000] {logging_mixin.py:188} INFO - [2026-06-09T08:16:29.871+0000] {dagbag.py:538} INFO - Filling up the DagBag from /opt/airflow/dags/tiki_pipeline_dag.py
[2026-06-09T08:16:29.920+0000] {processor.py:840} INFO - DAG(s) 'tiki_beauty_lakehouse_pipeline' retrieved from /opt/airflow/dags/tiki_pipeline_dag.py
[2026-06-09T08:16:29.962+0000] {logging_mixin.py:188} INFO - [2026-06-09T08:16:29.962+0000] {dag.py:3036} INFO - Sync 1 DAGs
[2026-06-09T08:16:29.996+0000] {logging_mixin.py:188} INFO - [2026-06-09T08:16:29.995+0000] {dag.py:3823} INFO - Setting next_dagrun for tiki_beauty_lakehouse_pipeline to 2026-06-09 08:00:00+00:00, run_after=2026-06-10 08:00:00+00:00
[2026-06-09T08:16:30.026+0000] {processor.py:183} INFO - Processing /opt/airflow/dags/tiki_pipeline_dag.py took 0.167 seconds
[2026-06-09T08:17:00.345+0000] {processor.py:161} INFO - Started process (PID=1010) to work on /opt/airflow/dags/tiki_pipeline_dag.py
[2026-06-09T08:17:00.347+0000] {processor.py:830} INFO - Processing file /opt/airflow/dags/tiki_pipeline_dag.py for tasks to queue
[2026-06-09T08:17:00.350+0000] {logging_mixin.py:188} INFO - [2026-06-09T08:17:00.349+0000] {dagbag.py:538} INFO - Filling up the DagBag from /opt/airflow/dags/tiki_pipeline_dag.py
[2026-06-09T08:17:00.418+0000] {processor.py:840} INFO - DAG(s) 'tiki_beauty_lakehouse_pipeline' retrieved from /opt/airflow/dags/tiki_pipeline_dag.py
[2026-06-09T08:17:00.453+0000] {logging_mixin.py:188} INFO - [2026-06-09T08:17:00.452+0000] {dag.py:3036} INFO - Sync 1 DAGs
[2026-06-09T08:17:00.487+0000] {logging_mixin.py:188} INFO - [2026-06-09T08:17:00.486+0000] {dag.py:3823} INFO - Setting next_dagrun for tiki_beauty_lakehouse_pipeline to 2026-06-09 08:00:00+00:00, run_after=2026-06-10 08:00:00+00:00
[2026-06-09T08:17:00.519+0000] {processor.py:183} INFO - Processing /opt/airflow/dags/tiki_pipeline_dag.py took 0.181 seconds
[2026-06-09T08:17:31.094+0000] {processor.py:161} INFO - Started process (PID=1015) to work on /opt/airflow/dags/tiki_pipeline_dag.py
[2026-06-09T08:17:31.097+0000] {processor.py:830} INFO - Processing file /opt/airflow/dags/tiki_pipeline_dag.py for tasks to queue
[2026-06-09T08:17:31.099+0000] {logging_mixin.py:188} INFO - [2026-06-09T08:17:31.099+0000] {dagbag.py:538} INFO - Filling up the DagBag from /opt/airflow/dags/tiki_pipeline_dag.py
[2026-06-09T08:17:31.158+0000] {processor.py:840} INFO - DAG(s) 'tiki_beauty_lakehouse_pipeline' retrieved from /opt/airflow/dags/tiki_pipeline_dag.py
[2026-06-09T08:17:31.191+0000] {logging_mixin.py:188} INFO - [2026-06-09T08:17:31.190+0000] {dag.py:3036} INFO - Sync 1 DAGs
[2026-06-09T08:17:31.218+0000] {logging_mixin.py:188} INFO - [2026-06-09T08:17:31.218+0000] {dag.py:3823} INFO - Setting next_dagrun for tiki_beauty_lakehouse_pipeline to 2026-06-09 08:00:00+00:00, run_after=2026-06-10 08:00:00+00:00
[2026-06-09T08:17:31.246+0000] {processor.py:183} INFO - Processing /opt/airflow/dags/tiki_pipeline_dag.py took 0.156 seconds
[2026-06-09T08:18:01.524+0000] {processor.py:161} INFO - Started process (PID=1020) to work on /opt/airflow/dags/tiki_pipeline_dag.py
[2026-06-09T08:18:01.527+0000] {processor.py:830} INFO - Processing file /opt/airflow/dags/tiki_pipeline_dag.py for tasks to queue
[2026-06-09T08:18:01.529+0000] {logging_mixin.py:188} INFO - [2026-06-09T08:18:01.528+0000] {dagbag.py:538} INFO - Filling up the DagBag from /opt/airflow/dags/tiki_pipeline_dag.py
[2026-06-09T08:18:01.604+0000] {processor.py:840} INFO - DAG(s) 'tiki_beauty_lakehouse_pipeline' retrieved from /opt/airflow/dags/tiki_pipeline_dag.py
[2026-06-09T08:18:01.642+0000] {logging_mixin.py:188} INFO - [2026-06-09T08:18:01.641+0000] {dag.py:3036} INFO - Sync 1 DAGs
[2026-06-09T08:18:01.688+0000] {logging_mixin.py:188} INFO - [2026-06-09T08:18:01.687+0000] {dag.py:3823} INFO - Setting next_dagrun for tiki_beauty_lakehouse_pipeline to 2026-06-09 08:00:00+00:00, run_after=2026-06-10 08:00:00+00:00
[2026-06-09T08:18:01.722+0000] {processor.py:183} INFO - Processing /opt/airflow/dags/tiki_pipeline_dag.py took 0.203 seconds
[2026-06-09T08:18:32.126+0000] {processor.py:161} INFO - Started process (PID=1025) to work on /opt/airflow/dags/tiki_pipeline_dag.py
[2026-06-09T08:18:32.129+0000] {processor.py:830} INFO - Processing file /opt/airflow/dags/tiki_pipeline_dag.py for tasks to queue
[2026-06-09T08:18:32.131+0000] {logging_mixin.py:188} INFO - [2026-06-09T08:18:32.130+0000] {dagbag.py:538} INFO - Filling up the DagBag from /opt/airflow/dags/tiki_pipeline_dag.py
[2026-06-09T08:18:32.215+0000] {processor.py:840} INFO - DAG(s) 'tiki_beauty_lakehouse_pipeline' retrieved from /opt/airflow/dags/tiki_pipeline_dag.py
[2026-06-09T08:18:32.253+0000] {logging_mixin.py:188} INFO - [2026-06-09T08:18:32.253+0000] {dag.py:3036} INFO - Sync 1 DAGs
[2026-06-09T08:18:32.283+0000] {logging_mixin.py:188} INFO - [2026-06-09T08:18:32.283+0000] {dag.py:3823} INFO - Setting next_dagrun for tiki_beauty_lakehouse_pipeline to 2026-06-09 08:00:00+00:00, run_after=2026-06-10 08:00:00+00:00
[2026-06-09T08:18:32.327+0000] {processor.py:183} INFO - Processing /opt/airflow/dags/tiki_pipeline_dag.py took 0.205 seconds
[2026-06-09T08:19:02.507+0000] {processor.py:161} INFO - Started process (PID=1030) to work on /opt/airflow/dags/tiki_pipeline_dag.py
[2026-06-09T08:19:02.509+0000] {processor.py:830} INFO - Processing file /opt/airflow/dags/tiki_pipeline_dag.py for tasks to queue
[2026-06-09T08:19:02.511+0000] {logging_mixin.py:188} INFO - [2026-06-09T08:19:02.510+0000] {dagbag.py:538} INFO - Filling up the DagBag from /opt/airflow/dags/tiki_pipeline_dag.py
[2026-06-09T08:19:02.595+0000] {processor.py:840} INFO - DAG(s) 'tiki_beauty_lakehouse_pipeline' retrieved from /opt/airflow/dags/tiki_pipeline_dag.py
[2026-06-09T08:19:02.653+0000] {logging_mixin.py:188} INFO - [2026-06-09T08:19:02.653+0000] {dag.py:3036} INFO - Sync 1 DAGs
[2026-06-09T08:19:02.710+0000] {logging_mixin.py:188} INFO - [2026-06-09T08:19:02.709+0000] {dag.py:3823} INFO - Setting next_dagrun for tiki_beauty_lakehouse_pipeline to 2026-06-09 08:00:00+00:00, run_after=2026-06-10 08:00:00+00:00
[2026-06-09T08:19:02.759+0000] {processor.py:183} INFO - Processing /opt/airflow/dags/tiki_pipeline_dag.py took 0.256 seconds
[2026-06-09T08:19:33.253+0000] {processor.py:161} INFO - Started process (PID=1035) to work on /opt/airflow/dags/tiki_pipeline_dag.py
[2026-06-09T08:19:33.263+0000] {processor.py:830} INFO - Processing file /opt/airflow/dags/tiki_pipeline_dag.py for tasks to queue
[2026-06-09T08:19:33.267+0000] {logging_mixin.py:188} INFO - [2026-06-09T08:19:33.266+0000] {dagbag.py:538} INFO - Filling up the DagBag from /opt/airflow/dags/tiki_pipeline_dag.py
[2026-06-09T08:19:33.370+0000] {processor.py:840} INFO - DAG(s) 'tiki_beauty_lakehouse_pipeline' retrieved from /opt/airflow/dags/tiki_pipeline_dag.py
[2026-06-09T08:19:33.426+0000] {logging_mixin.py:188} INFO - [2026-06-09T08:19:33.426+0000] {dag.py:3036} INFO - Sync 1 DAGs
[2026-06-09T08:19:33.474+0000] {logging_mixin.py:188} INFO - [2026-06-09T08:19:33.473+0000] {dag.py:3823} INFO - Setting next_dagrun for tiki_beauty_lakehouse_pipeline to 2026-06-09 08:00:00+00:00, run_after=2026-06-10 08:00:00+00:00
[2026-06-09T08:19:33.523+0000] {processor.py:183} INFO - Processing /opt/airflow/dags/tiki_pipeline_dag.py took 0.284 seconds
[2026-06-09T08:20:03.672+0000] {processor.py:161} INFO - Started process (PID=1040) to work on /opt/airflow/dags/tiki_pipeline_dag.py
[2026-06-09T08:20:03.676+0000] {processor.py:830} INFO - Processing file /opt/airflow/dags/tiki_pipeline_dag.py for tasks to queue
[2026-06-09T08:20:03.680+0000] {logging_mixin.py:188} INFO - [2026-06-09T08:20:03.679+0000] {dagbag.py:538} INFO - Filling up the DagBag from /opt/airflow/dags/tiki_pipeline_dag.py
[2026-06-09T08:20:03.737+0000] {processor.py:840} INFO - DAG(s) 'tiki_beauty_lakehouse_pipeline' retrieved from /opt/airflow/dags/tiki_pipeline_dag.py
[2026-06-09T08:20:03.830+0000] {logging_mixin.py:188} INFO - [2026-06-09T08:20:03.826+0000] {dag.py:3036} INFO - Sync 1 DAGs
[2026-06-09T08:20:03.890+0000] {logging_mixin.py:188} INFO - [2026-06-09T08:20:03.889+0000] {dag.py:3823} INFO - Setting next_dagrun for tiki_beauty_lakehouse_pipeline to 2026-06-09 08:00:00+00:00, run_after=2026-06-10 08:00:00+00:00
[2026-06-09T08:20:03.929+0000] {processor.py:183} INFO - Processing /opt/airflow/dags/tiki_pipeline_dag.py took 0.268 seconds
[2026-06-09T08:20:34.374+0000] {processor.py:161} INFO - Started process (PID=1045) to work on /opt/airflow/dags/tiki_pipeline_dag.py
[2026-06-09T08:20:34.377+0000] {processor.py:830} INFO - Processing file /opt/airflow/dags/tiki_pipeline_dag.py for tasks to queue
[2026-06-09T08:20:34.379+0000] {logging_mixin.py:188} INFO - [2026-06-09T08:20:34.379+0000] {dagbag.py:538} INFO - Filling up the DagBag from /opt/airflow/dags/tiki_pipeline_dag.py
[2026-06-09T08:20:34.416+0000] {processor.py:840} INFO - DAG(s) 'tiki_beauty_lakehouse_pipeline' retrieved from /opt/airflow/dags/tiki_pipeline_dag.py
[2026-06-09T08:20:34.459+0000] {logging_mixin.py:188} INFO - [2026-06-09T08:20:34.459+0000] {dag.py:3036} INFO - Sync 1 DAGs
[2026-06-09T08:20:34.509+0000] {logging_mixin.py:188} INFO - [2026-06-09T08:20:34.508+0000] {dag.py:3823} INFO - Setting next_dagrun for tiki_beauty_lakehouse_pipeline to 2026-06-09 08:00:00+00:00, run_after=2026-06-10 08:00:00+00:00
[2026-06-09T08:20:34.580+0000] {processor.py:183} INFO - Processing /opt/airflow/dags/tiki_pipeline_dag.py took 0.220 seconds
[2026-06-09T08:21:04.887+0000] {processor.py:161} INFO - Started process (PID=1050) to work on /opt/airflow/dags/tiki_pipeline_dag.py
[2026-06-09T08:21:04.894+0000] {processor.py:830} INFO - Processing file /opt/airflow/dags/tiki_pipeline_dag.py for tasks to queue
[2026-06-09T08:21:04.898+0000] {logging_mixin.py:188} INFO - [2026-06-09T08:21:04.897+0000] {dagbag.py:538} INFO - Filling up the DagBag from /opt/airflow/dags/tiki_pipeline_dag.py
[2026-06-09T08:21:04.966+0000] {processor.py:840} INFO - DAG(s) 'tiki_beauty_lakehouse_pipeline' retrieved from /opt/airflow/dags/tiki_pipeline_dag.py
[2026-06-09T08:21:05.022+0000] {logging_mixin.py:188} INFO - [2026-06-09T08:21:05.022+0000] {dag.py:3036} INFO - Sync 1 DAGs
[2026-06-09T08:21:05.070+0000] {logging_mixin.py:188} INFO - [2026-06-09T08:21:05.070+0000] {dag.py:3823} INFO - Setting next_dagrun for tiki_beauty_lakehouse_pipeline to 2026-06-09 08:00:00+00:00, run_after=2026-06-10 08:00:00+00:00
[2026-06-09T08:21:05.122+0000] {processor.py:183} INFO - Processing /opt/airflow/dags/tiki_pipeline_dag.py took 0.250 seconds
