[2026-06-08T08:27:39.197+0000] {taskinstance.py:1956} INFO - Dependencies all met for dep_context=non-requeueable deps ti=<TaskInstance: tiki_beauty_lakehouse_pipeline.load_medallion_iceberg scheduled__2026-06-07T08:00:00+00:00 [queued]>
[2026-06-08T08:27:39.209+0000] {taskinstance.py:1956} INFO - Dependencies all met for dep_context=requeueable deps ti=<TaskInstance: tiki_beauty_lakehouse_pipeline.load_medallion_iceberg scheduled__2026-06-07T08:00:00+00:00 [queued]>
[2026-06-08T08:27:39.212+0000] {taskinstance.py:2170} INFO - Starting attempt 1 of 2
[2026-06-08T08:27:39.239+0000] {taskinstance.py:2191} INFO - Executing <Task(BashOperator): load_medallion_iceberg> on 2026-06-07 08:00:00+00:00
[2026-06-08T08:27:39.245+0000] {standard_task_runner.py:60} INFO - Started process 1584 to run task
[2026-06-08T08:27:39.250+0000] {standard_task_runner.py:87} INFO - Running: ['airflow', 'tasks', 'run', 'tiki_beauty_lakehouse_pipeline', 'load_medallion_iceberg', 'scheduled__2026-06-07T08:00:00+00:00', '--job-id', '110', '--raw', '--subdir', 'DAGS_FOLDER/tiki_pipeline_dag.py', '--cfg-path', '/tmp/tmptp4dzt8f']
[2026-06-08T08:27:39.254+0000] {standard_task_runner.py:88} INFO - Job 110: Subtask load_medallion_iceberg
[2026-06-08T08:27:39.356+0000] {task_command.py:423} INFO - Running <TaskInstance: tiki_beauty_lakehouse_pipeline.load_medallion_iceberg scheduled__2026-06-07T08:00:00+00:00 [running]> on host 9e90c8b35f3c
[2026-06-08T08:27:39.568+0000] {taskinstance.py:2480} INFO - Exporting env vars: AIRFLOW_CTX_DAG_OWNER='anhtaizz' AIRFLOW_CTX_DAG_ID='tiki_beauty_lakehouse_pipeline' AIRFLOW_CTX_TASK_ID='load_medallion_iceberg' AIRFLOW_CTX_EXECUTION_DATE='2026-06-07T08:00:00+00:00' AIRFLOW_CTX_TRY_NUMBER='1' AIRFLOW_CTX_DAG_RUN_ID='scheduled__2026-06-07T08:00:00+00:00'
[2026-06-08T08:27:39.570+0000] {subprocess.py:63} INFO - Tmp dir root location: /tmp
[2026-06-08T08:27:39.572+0000] {subprocess.py:75} INFO - Running command: ['/usr/bin/bash', '-c', '\n            RAW_PATH="/opt/airflow/data/tiki_beauty_health_raw_2026-06-08.json"\n            FILENAME=$(basename "$RAW_PATH")\n            docker exec tiki_spark_crawler /opt/conda/bin/python /home/jovyan/work/src/jobs/tiki_load_iceberg.py --raw_file /home/jovyan/work/data/$FILENAME\n        ']
[2026-06-08T08:27:39.583+0000] {subprocess.py:86} INFO - Output:
[2026-06-08T08:27:41.622+0000] {subprocess.py:93} INFO - 2026-06-08 08:27:41,620 - __main__ - INFO - Starting Tiki Medallion pipeline for: /home/jovyan/work/data/tiki_beauty_health_raw_2026-06-08.json
[2026-06-08T08:27:44.047+0000] {subprocess.py:93} INFO - :: loading settings :: url = jar:file:/usr/local/spark-3.5.0-bin-hadoop3/jars/ivy-2.5.1.jar!/org/apache/ivy/core/settings/ivysettings.xml
[2026-06-08T08:27:44.144+0000] {subprocess.py:93} INFO - Ivy Default Cache set to: /root/.ivy2/cache
[2026-06-08T08:27:44.145+0000] {subprocess.py:93} INFO - The jars for the packages stored in: /root/.ivy2/jars
[2026-06-08T08:27:44.150+0000] {subprocess.py:93} INFO - org.apache.iceberg#iceberg-spark-runtime-3.5_2.12 added as a dependency
[2026-06-08T08:27:44.151+0000] {subprocess.py:93} INFO - org.apache.hadoop#hadoop-aws added as a dependency
[2026-06-08T08:27:44.152+0000] {subprocess.py:93} INFO - com.amazonaws#aws-java-sdk-bundle added as a dependency
[2026-06-08T08:27:44.152+0000] {subprocess.py:93} INFO - :: resolving dependencies :: org.apache.spark#spark-submit-parent-b1964d79-b9f8-4cc0-81b4-4014505eb23c;1.0
[2026-06-08T08:27:44.153+0000] {subprocess.py:93} INFO - 	confs: [default]
[2026-06-08T08:27:44.303+0000] {subprocess.py:93} INFO - 	found org.apache.iceberg#iceberg-spark-runtime-3.5_2.12;1.6.0 in central
[2026-06-08T08:27:44.362+0000] {subprocess.py:93} INFO - 	found org.apache.hadoop#hadoop-aws;3.3.4 in central
[2026-06-08T08:27:44.383+0000] {subprocess.py:93} INFO - 	found com.amazonaws#aws-java-sdk-bundle;1.12.262 in central
[2026-06-08T08:27:44.404+0000] {subprocess.py:93} INFO - 	found org.wildfly.openssl#wildfly-openssl;1.0.7.Final in central
[2026-06-08T08:27:44.421+0000] {subprocess.py:93} INFO - :: resolution report :: resolve 262ms :: artifacts dl 7ms
[2026-06-08T08:27:44.423+0000] {subprocess.py:93} INFO - 	:: modules in use:
[2026-06-08T08:27:44.424+0000] {subprocess.py:93} INFO - 	com.amazonaws#aws-java-sdk-bundle;1.12.262 from central in [default]
[2026-06-08T08:27:44.425+0000] {subprocess.py:93} INFO - 	org.apache.hadoop#hadoop-aws;3.3.4 from central in [default]
[2026-06-08T08:27:44.426+0000] {subprocess.py:93} INFO - 	org.apache.iceberg#iceberg-spark-runtime-3.5_2.12;1.6.0 from central in [default]
[2026-06-08T08:27:44.427+0000] {subprocess.py:93} INFO - 	org.wildfly.openssl#wildfly-openssl;1.0.7.Final from central in [default]
[2026-06-08T08:27:44.427+0000] {subprocess.py:93} INFO - 	---------------------------------------------------------------------
[2026-06-08T08:27:44.428+0000] {subprocess.py:93} INFO - 	|                  |            modules            ||   artifacts   |
[2026-06-08T08:27:44.428+0000] {subprocess.py:93} INFO - 	|       conf       | number| search|dwnlded|evicted|| number|dwnlded|
[2026-06-08T08:27:44.429+0000] {subprocess.py:93} INFO - 	---------------------------------------------------------------------
[2026-06-08T08:27:44.430+0000] {subprocess.py:93} INFO - 	|      default     |   4   |   0   |   0   |   0   ||   4   |   0   |
[2026-06-08T08:27:44.431+0000] {subprocess.py:93} INFO - 	---------------------------------------------------------------------
[2026-06-08T08:27:44.432+0000] {subprocess.py:93} INFO - :: retrieving :: org.apache.spark#spark-submit-parent-b1964d79-b9f8-4cc0-81b4-4014505eb23c
[2026-06-08T08:27:44.433+0000] {subprocess.py:93} INFO - 	confs: [default]
[2026-06-08T08:27:44.433+0000] {subprocess.py:93} INFO - 	0 artifacts copied, 4 already retrieved (0kB/5ms)
[2026-06-08T08:27:44.691+0000] {subprocess.py:93} INFO - 26/06/08 08:27:44 WARN NativeCodeLoader: Unable to load native-hadoop library for your platform... using builtin-java classes where applicable
[2026-06-08T08:27:44.937+0000] {subprocess.py:93} INFO - Setting default log level to "WARN".
[2026-06-08T08:27:44.939+0000] {subprocess.py:93} INFO - To adjust logging level use sc.setLogLevel(newLevel). For SparkR, use setLogLevel(newLevel).
[2026-06-08T08:27:51.040+0000] {subprocess.py:93} INFO - 2026-06-08 08:27:51,037 - __main__ - INFO - Step 1: Loading raw data to Bronze Iceberg table
[2026-06-08T08:27:52.876+0000] {subprocess.py:93} INFO - 26/06/08 08:27:52 WARN MetricsConfig: Cannot locate configuration: tried hadoop-metrics2-s3a-file-system.properties,hadoop-metrics2.properties
[2026-06-08T08:27:54.329+0000] {subprocess.py:93} INFO - 2026-06-08 08:27:54,327 - __main__ - INFO - Table local_catalog.tiki_bronze.products_raw exists, appending Bronze rows
[2026-06-08T08:28:02.496+0000] {subprocess.py:93} INFO - [Stage 0:>                                                          (0 + 1) / 1][Stage 2:>                                                          (0 + 1) / 1]                                                                                2026-06-08 08:28:02,493 - __main__ - INFO - Bronze append completed
[2026-06-08T08:28:02.497+0000] {subprocess.py:93} INFO - 2026-06-08 08:28:02,494 - __main__ - INFO - Step 2: Loading price history to Silver Iceberg table
[2026-06-08T08:28:02.595+0000] {subprocess.py:93} INFO - 2026-06-08 08:28:02,593 - __main__ - INFO - Comparing new crawl with active products to detect price updates
[2026-06-08T08:28:05.039+0000] {subprocess.py:93} INFO - [Stage 4:>                                                          (0 + 1) / 1]                                                                                2026-06-08 08:28:05,037 - __main__ - INFO - Detected 223 rows with price changes or new products
[2026-06-08T08:28:06.635+0000] {subprocess.py:93} INFO - [Stage 8:>                                                          (0 + 1) / 1]                                                                                2026-06-08 08:28:06,633 - __main__ - INFO - Successfully appended 223 changed rows to history
[2026-06-08T08:28:06.637+0000] {subprocess.py:93} INFO - 2026-06-08 08:28:06,633 - __main__ - INFO - Step 3: Updating Silver Active table (SCD Type 1)
[2026-06-08T08:28:06.654+0000] {subprocess.py:93} INFO - 2026-06-08 08:28:06,653 - __main__ - INFO - Active table local_catalog.tiki.products exists. Performing MERGE INTO
[2026-06-08T08:28:10.672+0000] {subprocess.py:93} INFO - [Stage 14:>                                                         (0 + 1) / 1][Stage 17:>                                                       (0 + 10) / 10]                                                                                2026-06-08 08:28:10,669 - __main__ - INFO - MERGE INTO active table completed successfully
[2026-06-08T08:28:10.674+0000] {subprocess.py:93} INFO - 2026-06-08 08:28:10,669 - __main__ - INFO - Pipeline executed successfully!
[2026-06-08T08:28:11.681+0000] {subprocess.py:97} INFO - Command exited with return code 0
[2026-06-08T08:28:11.725+0000] {taskinstance.py:1138} INFO - Marking task as SUCCESS. dag_id=tiki_beauty_lakehouse_pipeline, task_id=load_medallion_iceberg, execution_date=20260607T080000, start_date=20260608T082739, end_date=20260608T082811
[2026-06-08T08:28:11.799+0000] {local_task_job_runner.py:234} INFO - Task exited with return code 0
[2026-06-08T08:28:11.828+0000] {taskinstance.py:3280} INFO - 0 downstream tasks scheduled from follow-on schedule check
