[2026-06-13T10:00:01.506+0000] {taskinstance.py:1956} INFO - Dependencies all met for dep_context=non-requeueable deps ti=<TaskInstance: tiki_gold_hourly_refresh.refresh_gold_tables scheduled__2026-06-13T09:00:00+00:00 [queued]>
[2026-06-13T10:00:01.517+0000] {taskinstance.py:1956} INFO - Dependencies all met for dep_context=requeueable deps ti=<TaskInstance: tiki_gold_hourly_refresh.refresh_gold_tables scheduled__2026-06-13T09:00:00+00:00 [queued]>
[2026-06-13T10:00:01.518+0000] {taskinstance.py:2170} INFO - Starting attempt 1 of 2
[2026-06-13T10:00:01.535+0000] {taskinstance.py:2191} INFO - Executing <Task(BashOperator): refresh_gold_tables> on 2026-06-13 09:00:00+00:00
[2026-06-13T10:00:01.546+0000] {standard_task_runner.py:60} INFO - Started process 2405 to run task
[2026-06-13T10:00:01.550+0000] {standard_task_runner.py:87} INFO - Running: ['airflow', 'tasks', 'run', 'tiki_gold_hourly_refresh', 'refresh_gold_tables', 'scheduled__2026-06-13T09:00:00+00:00', '--job-id', '139', '--raw', '--subdir', 'DAGS_FOLDER/tiki_gold_hourly_dag.py', '--cfg-path', '/tmp/tmpyo_0_ju2']
[2026-06-13T10:00:01.552+0000] {standard_task_runner.py:88} INFO - Job 139: Subtask refresh_gold_tables
[2026-06-13T10:00:01.653+0000] {task_command.py:423} INFO - Running <TaskInstance: tiki_gold_hourly_refresh.refresh_gold_tables scheduled__2026-06-13T09:00:00+00:00 [running]> on host deda9373ab15
[2026-06-13T10:00:01.784+0000] {taskinstance.py:2480} INFO - Exporting env vars: AIRFLOW_CTX_DAG_OWNER='anhtaizz' AIRFLOW_CTX_DAG_ID='tiki_gold_hourly_refresh' AIRFLOW_CTX_TASK_ID='refresh_gold_tables' AIRFLOW_CTX_EXECUTION_DATE='2026-06-13T09:00:00+00:00' AIRFLOW_CTX_TRY_NUMBER='1' AIRFLOW_CTX_DAG_RUN_ID='scheduled__2026-06-13T09:00:00+00:00'
[2026-06-13T10:00:01.786+0000] {subprocess.py:63} INFO - Tmp dir root location: /tmp
[2026-06-13T10:00:01.788+0000] {subprocess.py:75} INFO - Running command: ['/usr/bin/bash', '-c', '\n            echo "[$(date \'+%Y-%m-%d %H:%M:%S\')] Starting hourly Gold refresh ..."\n            docker exec tiki_spark_crawler \\\n                /opt/conda/bin/python /home/jovyan/work/src/jobs/tiki_gold.py\n            echo "[$(date \'+%Y-%m-%d %H:%M:%S\')] Gold refresh complete."\n        ']
[2026-06-13T10:00:01.800+0000] {subprocess.py:86} INFO - Output:
[2026-06-13T10:00:01.811+0000] {subprocess.py:93} INFO - [2026-06-13 10:00:01] Starting hourly Gold refresh ...
[2026-06-13T10:00:03.547+0000] {subprocess.py:93} INFO - 2026-06-13 10:00:03,542 - __main__ - INFO - ============================================================
[2026-06-13T10:00:03.550+0000] {subprocess.py:93} INFO - 2026-06-13 10:00:03,543 - __main__ - INFO - Starting Tiki GOLD layer pipeline
[2026-06-13T10:00:03.553+0000] {subprocess.py:93} INFO - 2026-06-13 10:00:03,543 - __main__ - INFO - Target Postgres: reporting-postgres / reporting
[2026-06-13T10:00:03.554+0000] {subprocess.py:93} INFO - 2026-06-13 10:00:03,543 - __main__ - INFO - ============================================================
[2026-06-13T10:00:05.510+0000] {subprocess.py:93} INFO - :: loading settings :: url = jar:file:/usr/local/spark-3.5.0-bin-hadoop3/jars/ivy-2.5.1.jar!/org/apache/ivy/core/settings/ivysettings.xml
[2026-06-13T10:00:05.575+0000] {subprocess.py:93} INFO - Ivy Default Cache set to: /root/.ivy2/cache
[2026-06-13T10:00:05.576+0000] {subprocess.py:93} INFO - The jars for the packages stored in: /root/.ivy2/jars
[2026-06-13T10:00:05.580+0000] {subprocess.py:93} INFO - org.apache.iceberg#iceberg-spark-runtime-3.5_2.12 added as a dependency
[2026-06-13T10:00:05.581+0000] {subprocess.py:93} INFO - org.apache.hadoop#hadoop-aws added as a dependency
[2026-06-13T10:00:05.582+0000] {subprocess.py:93} INFO - com.amazonaws#aws-java-sdk-bundle added as a dependency
[2026-06-13T10:00:05.582+0000] {subprocess.py:93} INFO - org.postgresql#postgresql added as a dependency
[2026-06-13T10:00:05.583+0000] {subprocess.py:93} INFO - :: resolving dependencies :: org.apache.spark#spark-submit-parent-a328c026-f678-41d7-9279-a58cf51f9b77;1.0
[2026-06-13T10:00:05.583+0000] {subprocess.py:93} INFO - 	confs: [default]
[2026-06-13T10:00:05.707+0000] {subprocess.py:93} INFO - 	found org.apache.iceberg#iceberg-spark-runtime-3.5_2.12;1.6.0 in central
[2026-06-13T10:00:05.763+0000] {subprocess.py:93} INFO - 	found org.apache.hadoop#hadoop-aws;3.3.4 in central
[2026-06-13T10:00:05.784+0000] {subprocess.py:93} INFO - 	found com.amazonaws#aws-java-sdk-bundle;1.12.262 in central
[2026-06-13T10:00:05.803+0000] {subprocess.py:93} INFO - 	found org.wildfly.openssl#wildfly-openssl;1.0.7.Final in central
[2026-06-13T10:00:05.836+0000] {subprocess.py:93} INFO - 	found org.postgresql#postgresql;42.7.3 in central
[2026-06-13T10:00:05.860+0000] {subprocess.py:93} INFO - 	found org.checkerframework#checker-qual;3.42.0 in central
[2026-06-13T10:00:05.907+0000] {subprocess.py:93} INFO - :: resolution report :: resolve 292ms :: artifacts dl 33ms
[2026-06-13T10:00:05.909+0000] {subprocess.py:93} INFO - 	:: modules in use:
[2026-06-13T10:00:05.910+0000] {subprocess.py:93} INFO - 	com.amazonaws#aws-java-sdk-bundle;1.12.262 from central in [default]
[2026-06-13T10:00:05.911+0000] {subprocess.py:93} INFO - 	org.apache.hadoop#hadoop-aws;3.3.4 from central in [default]
[2026-06-13T10:00:05.912+0000] {subprocess.py:93} INFO - 	org.apache.iceberg#iceberg-spark-runtime-3.5_2.12;1.6.0 from central in [default]
[2026-06-13T10:00:05.916+0000] {subprocess.py:93} INFO - 	org.checkerframework#checker-qual;3.42.0 from central in [default]
[2026-06-13T10:00:05.918+0000] {subprocess.py:93} INFO - 	org.postgresql#postgresql;42.7.3 from central in [default]
[2026-06-13T10:00:05.919+0000] {subprocess.py:93} INFO - 	org.wildfly.openssl#wildfly-openssl;1.0.7.Final from central in [default]
[2026-06-13T10:00:05.920+0000] {subprocess.py:93} INFO - 	---------------------------------------------------------------------
[2026-06-13T10:00:05.921+0000] {subprocess.py:93} INFO - 	|                  |            modules            ||   artifacts   |
[2026-06-13T10:00:05.922+0000] {subprocess.py:93} INFO - 	|       conf       | number| search|dwnlded|evicted|| number|dwnlded|
[2026-06-13T10:00:05.923+0000] {subprocess.py:93} INFO - 	---------------------------------------------------------------------
[2026-06-13T10:00:05.924+0000] {subprocess.py:93} INFO - 	|      default     |   6   |   0   |   0   |   0   ||   6   |   0   |
[2026-06-13T10:00:05.926+0000] {subprocess.py:93} INFO - 	---------------------------------------------------------------------
[2026-06-13T10:00:05.931+0000] {subprocess.py:93} INFO - :: retrieving :: org.apache.spark#spark-submit-parent-a328c026-f678-41d7-9279-a58cf51f9b77
[2026-06-13T10:00:05.932+0000] {subprocess.py:93} INFO - 	confs: [default]
[2026-06-13T10:00:05.945+0000] {subprocess.py:93} INFO - 	0 artifacts copied, 6 already retrieved (0kB/14ms)
[2026-06-13T10:00:06.281+0000] {subprocess.py:93} INFO - 26/06/13 10:00:06 WARN NativeCodeLoader: Unable to load native-hadoop library for your platform... using builtin-java classes where applicable
[2026-06-13T10:00:06.488+0000] {subprocess.py:93} INFO - Setting default log level to "WARN".
[2026-06-13T10:00:06.489+0000] {subprocess.py:93} INFO - To adjust logging level use sc.setLogLevel(newLevel). For SparkR, use setLogLevel(newLevel).
[2026-06-13T10:00:13.710+0000] {subprocess.py:93} INFO - 26/06/13 10:00:13 WARN MetricsConfig: Cannot locate configuration: tried hadoop-metrics2-s3a-file-system.properties,hadoop-metrics2.properties
[2026-06-13T10:00:14.704+0000] {subprocess.py:93} INFO - 2026-06-13 10:00:14,701 - __main__ - INFO - Computing gold.brand_performance ...
[2026-06-13T10:00:15.245+0000] {subprocess.py:93} INFO - 2026-06-13 10:00:15,243 - __main__ - INFO - Writing Iceberg Gold table: local_catalog.tiki_gold.brand_performance
[2026-06-13T10:00:21.341+0000] {subprocess.py:93} INFO - [Stage 0:>                                                          (0 + 3) / 3]                                                                                2026-06-13 10:00:21,340 - __main__ - INFO - Iceberg write complete: local_catalog.tiki_gold.brand_performance
[2026-06-13T10:00:21.342+0000] {subprocess.py:93} INFO - 2026-06-13 10:00:21,340 - __main__ - INFO - Writing Reporting Postgres table: brand_performance
[2026-06-13T10:00:23.466+0000] {subprocess.py:93} INFO - [Stage 25:>                                                         (0 + 1) / 1]                                                                                2026-06-13 10:00:23,464 - __main__ - INFO - Postgres write complete: brand_performance
[2026-06-13T10:00:23.467+0000] {subprocess.py:93} INFO - 2026-06-13 10:00:23,464 - __main__ - INFO - Computing gold.price_trend ...
[2026-06-13T10:00:23.534+0000] {subprocess.py:93} INFO - 2026-06-13 10:00:23,532 - __main__ - INFO - Writing Iceberg Gold table: local_catalog.tiki_gold.price_trend
[2026-06-13T10:00:26.640+0000] {subprocess.py:93} INFO - [Stage 26:>                                                         (0 + 7) / 7][Stage 28:==============>                                          (3 + 9) / 12]                                                                                2026-06-13 10:00:26,637 - __main__ - INFO - Iceberg write complete: local_catalog.tiki_gold.price_trend
[2026-06-13T10:00:26.643+0000] {subprocess.py:93} INFO - 2026-06-13 10:00:26,637 - __main__ - INFO - Writing Reporting Postgres table: price_trend
[2026-06-13T10:00:28.028+0000] {subprocess.py:93} INFO - 2026-06-13 10:00:28,026 - __main__ - INFO - Postgres write complete: price_trend
[2026-06-13T10:00:28.029+0000] {subprocess.py:93} INFO - 2026-06-13 10:00:28,026 - __main__ - INFO - Computing gold.discount_analysis ...
[2026-06-13T10:00:28.064+0000] {subprocess.py:93} INFO - 2026-06-13 10:00:28,062 - __main__ - INFO - Writing Iceberg Gold table: local_catalog.tiki_gold.discount_analysis
[2026-06-13T10:00:29.093+0000] {subprocess.py:93} INFO - 2026-06-13 10:00:29,091 - __main__ - INFO - Iceberg write complete: local_catalog.tiki_gold.discount_analysis
[2026-06-13T10:00:29.094+0000] {subprocess.py:93} INFO - 2026-06-13 10:00:29,091 - __main__ - INFO - Writing Reporting Postgres table: discount_analysis
[2026-06-13T10:00:29.629+0000] {subprocess.py:93} INFO - 2026-06-13 10:00:29,626 - __main__ - INFO - Postgres write complete: discount_analysis
[2026-06-13T10:00:29.630+0000] {subprocess.py:93} INFO - 2026-06-13 10:00:29,626 - __main__ - INFO - Computing gold.top_products ...
[2026-06-13T10:00:29.680+0000] {subprocess.py:93} INFO - 2026-06-13 10:00:29,678 - __main__ - INFO - Writing Iceberg Gold table: local_catalog.tiki_gold.top_products
[2026-06-13T10:00:30.380+0000] {subprocess.py:93} INFO - 2026-06-13 10:00:30,378 - __main__ - INFO - Iceberg write complete: local_catalog.tiki_gold.top_products
[2026-06-13T10:00:30.381+0000] {subprocess.py:93} INFO - 2026-06-13 10:00:30,378 - __main__ - INFO - Writing Reporting Postgres table: top_products
[2026-06-13T10:00:30.682+0000] {subprocess.py:93} INFO - 2026-06-13 10:00:30,681 - __main__ - INFO - Postgres write complete: top_products
[2026-06-13T10:00:30.683+0000] {subprocess.py:93} INFO - 2026-06-13 10:00:30,681 - __main__ - INFO - Computing gold.daily_summary ...
[2026-06-13T10:00:30.699+0000] {subprocess.py:93} INFO - 2026-06-13 10:00:30,698 - __main__ - INFO - Writing Iceberg Gold table: local_catalog.tiki_gold.daily_summary
[2026-06-13T10:00:32.443+0000] {subprocess.py:93} INFO - [Stage 82:================>                                         (2 + 5) / 7]                                                                                2026-06-13 10:00:32,441 - __main__ - INFO - Iceberg write complete: local_catalog.tiki_gold.daily_summary
[2026-06-13T10:00:32.444+0000] {subprocess.py:93} INFO - 2026-06-13 10:00:32,442 - __main__ - INFO - Writing Reporting Postgres table: daily_summary
[2026-06-13T10:00:33.378+0000] {subprocess.py:93} INFO - 2026-06-13 10:00:33,375 - __main__ - INFO - Postgres write complete: daily_summary
[2026-06-13T10:00:33.379+0000] {subprocess.py:93} INFO - 2026-06-13 10:00:33,375 - __main__ - INFO - ============================================================
[2026-06-13T10:00:33.381+0000] {subprocess.py:93} INFO - 2026-06-13 10:00:33,375 - __main__ - INFO - Gold pipeline completed successfully!
[2026-06-13T10:00:33.382+0000] {subprocess.py:93} INFO - 2026-06-13 10:00:33,375 - __main__ - INFO - Superset dashboard sẽ tự refresh khi query lại Postgres.
[2026-06-13T10:00:33.383+0000] {subprocess.py:93} INFO - 2026-06-13 10:00:33,375 - __main__ - INFO - ============================================================
[2026-06-13T10:00:34.405+0000] {subprocess.py:93} INFO - [2026-06-13 10:00:34] Gold refresh complete.
[2026-06-13T10:00:34.406+0000] {subprocess.py:97} INFO - Command exited with return code 0
[2026-06-13T10:00:34.451+0000] {taskinstance.py:1138} INFO - Marking task as SUCCESS. dag_id=tiki_gold_hourly_refresh, task_id=refresh_gold_tables, execution_date=20260613T090000, start_date=20260613T100001, end_date=20260613T100034
[2026-06-13T10:00:34.515+0000] {local_task_job_runner.py:234} INFO - Task exited with return code 0
[2026-06-13T10:00:34.586+0000] {taskinstance.py:3280} INFO - 0 downstream tasks scheduled from follow-on schedule check
