[2026-06-11T07:57:30.726+0000] {processor.py:161} INFO - Started process (PID=173) to work on /opt/airflow/dags/tiki_pipeline_dag.py
[2026-06-11T07:57:30.730+0000] {processor.py:830} INFO - Processing file /opt/airflow/dags/tiki_pipeline_dag.py for tasks to queue
[2026-06-11T07:57:30.733+0000] {logging_mixin.py:188} INFO - [2026-06-11T07:57:30.732+0000] {dagbag.py:538} INFO - Filling up the DagBag from /opt/airflow/dags/tiki_pipeline_dag.py
[2026-06-11T07:57:30.810+0000] {processor.py:840} INFO - DAG(s) 'tiki_beauty_lakehouse_pipeline' retrieved from /opt/airflow/dags/tiki_pipeline_dag.py
[2026-06-11T07:57:31.367+0000] {logging_mixin.py:188} INFO - [2026-06-11T07:57:31.365+0000] {dag.py:3036} INFO - Sync 1 DAGs
[2026-06-11T07:57:31.464+0000] {logging_mixin.py:188} INFO - [2026-06-11T07:57:31.463+0000] {dag.py:3823} INFO - Setting next_dagrun for tiki_beauty_lakehouse_pipeline to 2026-06-10 08:00:00+00:00, run_after=2026-06-11 08:00:00+00:00
[2026-06-11T07:57:31.559+0000] {processor.py:183} INFO - Processing /opt/airflow/dags/tiki_pipeline_dag.py took 0.839 seconds
[2026-06-11T07:58:02.015+0000] {processor.py:161} INFO - Started process (PID=178) to work on /opt/airflow/dags/tiki_pipeline_dag.py
[2026-06-11T07:58:02.017+0000] {processor.py:830} INFO - Processing file /opt/airflow/dags/tiki_pipeline_dag.py for tasks to queue
[2026-06-11T07:58:02.019+0000] {logging_mixin.py:188} INFO - [2026-06-11T07:58:02.018+0000] {dagbag.py:538} INFO - Filling up the DagBag from /opt/airflow/dags/tiki_pipeline_dag.py
[2026-06-11T07:58:02.096+0000] {processor.py:840} INFO - DAG(s) 'tiki_beauty_lakehouse_pipeline' retrieved from /opt/airflow/dags/tiki_pipeline_dag.py
[2026-06-11T07:58:02.160+0000] {logging_mixin.py:188} INFO - [2026-06-11T07:58:02.159+0000] {dag.py:3036} INFO - Sync 1 DAGs
[2026-06-11T07:58:02.192+0000] {logging_mixin.py:188} INFO - [2026-06-11T07:58:02.191+0000] {dag.py:3823} INFO - Setting next_dagrun for tiki_beauty_lakehouse_pipeline to 2026-06-10 08:00:00+00:00, run_after=2026-06-11 08:00:00+00:00
[2026-06-11T07:58:02.249+0000] {processor.py:183} INFO - Processing /opt/airflow/dags/tiki_pipeline_dag.py took 0.239 seconds
[2026-06-11T07:58:32.532+0000] {processor.py:161} INFO - Started process (PID=183) to work on /opt/airflow/dags/tiki_pipeline_dag.py
[2026-06-11T07:58:32.536+0000] {processor.py:830} INFO - Processing file /opt/airflow/dags/tiki_pipeline_dag.py for tasks to queue
[2026-06-11T07:58:32.539+0000] {logging_mixin.py:188} INFO - [2026-06-11T07:58:32.538+0000] {dagbag.py:538} INFO - Filling up the DagBag from /opt/airflow/dags/tiki_pipeline_dag.py
[2026-06-11T07:58:32.604+0000] {processor.py:840} INFO - DAG(s) 'tiki_beauty_lakehouse_pipeline' retrieved from /opt/airflow/dags/tiki_pipeline_dag.py
[2026-06-11T07:58:32.680+0000] {logging_mixin.py:188} INFO - [2026-06-11T07:58:32.679+0000] {dag.py:3036} INFO - Sync 1 DAGs
[2026-06-11T07:58:32.733+0000] {logging_mixin.py:188} INFO - [2026-06-11T07:58:32.733+0000] {dag.py:3823} INFO - Setting next_dagrun for tiki_beauty_lakehouse_pipeline to 2026-06-10 08:00:00+00:00, run_after=2026-06-11 08:00:00+00:00
[2026-06-11T07:58:32.791+0000] {processor.py:183} INFO - Processing /opt/airflow/dags/tiki_pipeline_dag.py took 0.263 seconds
[2026-06-11T07:59:03.089+0000] {processor.py:161} INFO - Started process (PID=188) to work on /opt/airflow/dags/tiki_pipeline_dag.py
[2026-06-11T07:59:03.093+0000] {processor.py:830} INFO - Processing file /opt/airflow/dags/tiki_pipeline_dag.py for tasks to queue
[2026-06-11T07:59:03.099+0000] {logging_mixin.py:188} INFO - [2026-06-11T07:59:03.096+0000] {dagbag.py:538} INFO - Filling up the DagBag from /opt/airflow/dags/tiki_pipeline_dag.py
[2026-06-11T07:59:03.159+0000] {processor.py:840} INFO - DAG(s) 'tiki_beauty_lakehouse_pipeline' retrieved from /opt/airflow/dags/tiki_pipeline_dag.py
[2026-06-11T07:59:03.215+0000] {logging_mixin.py:188} INFO - [2026-06-11T07:59:03.215+0000] {dag.py:3036} INFO - Sync 1 DAGs
[2026-06-11T07:59:03.287+0000] {logging_mixin.py:188} INFO - [2026-06-11T07:59:03.287+0000] {dag.py:3823} INFO - Setting next_dagrun for tiki_beauty_lakehouse_pipeline to 2026-06-10 08:00:00+00:00, run_after=2026-06-11 08:00:00+00:00
[2026-06-11T07:59:03.352+0000] {processor.py:183} INFO - Processing /opt/airflow/dags/tiki_pipeline_dag.py took 0.273 seconds
[2026-06-11T07:59:33.742+0000] {processor.py:161} INFO - Started process (PID=193) to work on /opt/airflow/dags/tiki_pipeline_dag.py
[2026-06-11T07:59:33.745+0000] {processor.py:830} INFO - Processing file /opt/airflow/dags/tiki_pipeline_dag.py for tasks to queue
[2026-06-11T07:59:33.747+0000] {logging_mixin.py:188} INFO - [2026-06-11T07:59:33.746+0000] {dagbag.py:538} INFO - Filling up the DagBag from /opt/airflow/dags/tiki_pipeline_dag.py
[2026-06-11T07:59:33.823+0000] {processor.py:840} INFO - DAG(s) 'tiki_beauty_lakehouse_pipeline' retrieved from /opt/airflow/dags/tiki_pipeline_dag.py
[2026-06-11T07:59:33.909+0000] {logging_mixin.py:188} INFO - [2026-06-11T07:59:33.908+0000] {dag.py:3036} INFO - Sync 1 DAGs
[2026-06-11T07:59:33.988+0000] {logging_mixin.py:188} INFO - [2026-06-11T07:59:33.988+0000] {dag.py:3823} INFO - Setting next_dagrun for tiki_beauty_lakehouse_pipeline to 2026-06-10 08:00:00+00:00, run_after=2026-06-11 08:00:00+00:00
[2026-06-11T07:59:34.046+0000] {processor.py:183} INFO - Processing /opt/airflow/dags/tiki_pipeline_dag.py took 0.311 seconds
[2026-06-11T08:00:04.326+0000] {processor.py:161} INFO - Started process (PID=203) to work on /opt/airflow/dags/tiki_pipeline_dag.py
[2026-06-11T08:00:04.335+0000] {processor.py:830} INFO - Processing file /opt/airflow/dags/tiki_pipeline_dag.py for tasks to queue
[2026-06-11T08:00:04.340+0000] {logging_mixin.py:188} INFO - [2026-06-11T08:00:04.339+0000] {dagbag.py:538} INFO - Filling up the DagBag from /opt/airflow/dags/tiki_pipeline_dag.py
[2026-06-11T08:00:04.415+0000] {processor.py:840} INFO - DAG(s) 'tiki_beauty_lakehouse_pipeline' retrieved from /opt/airflow/dags/tiki_pipeline_dag.py
[2026-06-11T08:00:04.461+0000] {logging_mixin.py:188} INFO - [2026-06-11T08:00:04.461+0000] {dag.py:3036} INFO - Sync 1 DAGs
[2026-06-11T08:00:04.503+0000] {logging_mixin.py:188} INFO - [2026-06-11T08:00:04.503+0000] {dag.py:3823} INFO - Setting next_dagrun for tiki_beauty_lakehouse_pipeline to 2026-06-11 08:00:00+00:00, run_after=2026-06-12 08:00:00+00:00
[2026-06-11T08:00:04.546+0000] {processor.py:183} INFO - Processing /opt/airflow/dags/tiki_pipeline_dag.py took 0.231 seconds
[2026-06-11T08:00:35.004+0000] {processor.py:161} INFO - Started process (PID=220) to work on /opt/airflow/dags/tiki_pipeline_dag.py
[2026-06-11T08:00:35.006+0000] {processor.py:830} INFO - Processing file /opt/airflow/dags/tiki_pipeline_dag.py for tasks to queue
[2026-06-11T08:00:35.008+0000] {logging_mixin.py:188} INFO - [2026-06-11T08:00:35.007+0000] {dagbag.py:538} INFO - Filling up the DagBag from /opt/airflow/dags/tiki_pipeline_dag.py
[2026-06-11T08:00:35.070+0000] {processor.py:840} INFO - DAG(s) 'tiki_beauty_lakehouse_pipeline' retrieved from /opt/airflow/dags/tiki_pipeline_dag.py
[2026-06-11T08:00:35.104+0000] {logging_mixin.py:188} INFO - [2026-06-11T08:00:35.104+0000] {dag.py:3036} INFO - Sync 1 DAGs
[2026-06-11T08:00:35.134+0000] {logging_mixin.py:188} INFO - [2026-06-11T08:00:35.134+0000] {dag.py:3823} INFO - Setting next_dagrun for tiki_beauty_lakehouse_pipeline to 2026-06-11 08:00:00+00:00, run_after=2026-06-12 08:00:00+00:00
[2026-06-11T08:00:35.198+0000] {processor.py:183} INFO - Processing /opt/airflow/dags/tiki_pipeline_dag.py took 0.201 seconds
[2026-06-11T08:01:05.492+0000] {processor.py:161} INFO - Started process (PID=241) to work on /opt/airflow/dags/tiki_pipeline_dag.py
[2026-06-11T08:01:05.501+0000] {processor.py:830} INFO - Processing file /opt/airflow/dags/tiki_pipeline_dag.py for tasks to queue
[2026-06-11T08:01:05.509+0000] {logging_mixin.py:188} INFO - [2026-06-11T08:01:05.507+0000] {dagbag.py:538} INFO - Filling up the DagBag from /opt/airflow/dags/tiki_pipeline_dag.py
[2026-06-11T08:01:05.589+0000] {processor.py:840} INFO - DAG(s) 'tiki_beauty_lakehouse_pipeline' retrieved from /opt/airflow/dags/tiki_pipeline_dag.py
[2026-06-11T08:01:05.661+0000] {logging_mixin.py:188} INFO - [2026-06-11T08:01:05.660+0000] {dag.py:3036} INFO - Sync 1 DAGs
[2026-06-11T08:01:05.699+0000] {logging_mixin.py:188} INFO - [2026-06-11T08:01:05.699+0000] {dag.py:3823} INFO - Setting next_dagrun for tiki_beauty_lakehouse_pipeline to 2026-06-11 08:00:00+00:00, run_after=2026-06-12 08:00:00+00:00
[2026-06-11T08:01:05.764+0000] {processor.py:183} INFO - Processing /opt/airflow/dags/tiki_pipeline_dag.py took 0.283 seconds
[2026-06-11T08:01:36.169+0000] {processor.py:161} INFO - Started process (PID=263) to work on /opt/airflow/dags/tiki_pipeline_dag.py
[2026-06-11T08:01:36.173+0000] {processor.py:830} INFO - Processing file /opt/airflow/dags/tiki_pipeline_dag.py for tasks to queue
[2026-06-11T08:01:36.177+0000] {logging_mixin.py:188} INFO - [2026-06-11T08:01:36.176+0000] {dagbag.py:538} INFO - Filling up the DagBag from /opt/airflow/dags/tiki_pipeline_dag.py
[2026-06-11T08:01:36.232+0000] {processor.py:840} INFO - DAG(s) 'tiki_beauty_lakehouse_pipeline' retrieved from /opt/airflow/dags/tiki_pipeline_dag.py
[2026-06-11T08:01:36.294+0000] {logging_mixin.py:188} INFO - [2026-06-11T08:01:36.293+0000] {dag.py:3036} INFO - Sync 1 DAGs
[2026-06-11T08:01:36.344+0000] {logging_mixin.py:188} INFO - [2026-06-11T08:01:36.343+0000] {dag.py:3823} INFO - Setting next_dagrun for tiki_beauty_lakehouse_pipeline to 2026-06-11 08:00:00+00:00, run_after=2026-06-12 08:00:00+00:00
[2026-06-11T08:01:36.392+0000] {processor.py:183} INFO - Processing /opt/airflow/dags/tiki_pipeline_dag.py took 0.229 seconds
[2026-06-11T08:02:06.643+0000] {processor.py:161} INFO - Started process (PID=283) to work on /opt/airflow/dags/tiki_pipeline_dag.py
[2026-06-11T08:02:06.645+0000] {processor.py:830} INFO - Processing file /opt/airflow/dags/tiki_pipeline_dag.py for tasks to queue
[2026-06-11T08:02:06.648+0000] {logging_mixin.py:188} INFO - [2026-06-11T08:02:06.647+0000] {dagbag.py:538} INFO - Filling up the DagBag from /opt/airflow/dags/tiki_pipeline_dag.py
[2026-06-11T08:02:06.727+0000] {processor.py:840} INFO - DAG(s) 'tiki_beauty_lakehouse_pipeline' retrieved from /opt/airflow/dags/tiki_pipeline_dag.py
[2026-06-11T08:02:06.778+0000] {logging_mixin.py:188} INFO - [2026-06-11T08:02:06.778+0000] {dag.py:3036} INFO - Sync 1 DAGs
[2026-06-11T08:02:06.815+0000] {logging_mixin.py:188} INFO - [2026-06-11T08:02:06.813+0000] {dag.py:3823} INFO - Setting next_dagrun for tiki_beauty_lakehouse_pipeline to 2026-06-11 08:00:00+00:00, run_after=2026-06-12 08:00:00+00:00
[2026-06-11T08:02:06.858+0000] {processor.py:183} INFO - Processing /opt/airflow/dags/tiki_pipeline_dag.py took 0.221 seconds
[2026-06-11T08:02:37.206+0000] {processor.py:161} INFO - Started process (PID=305) to work on /opt/airflow/dags/tiki_pipeline_dag.py
[2026-06-11T08:02:37.211+0000] {processor.py:830} INFO - Processing file /opt/airflow/dags/tiki_pipeline_dag.py for tasks to queue
[2026-06-11T08:02:37.218+0000] {logging_mixin.py:188} INFO - [2026-06-11T08:02:37.215+0000] {dagbag.py:538} INFO - Filling up the DagBag from /opt/airflow/dags/tiki_pipeline_dag.py
[2026-06-11T08:02:37.289+0000] {processor.py:840} INFO - DAG(s) 'tiki_beauty_lakehouse_pipeline' retrieved from /opt/airflow/dags/tiki_pipeline_dag.py
[2026-06-11T08:02:37.368+0000] {logging_mixin.py:188} INFO - [2026-06-11T08:02:37.367+0000] {dag.py:3036} INFO - Sync 1 DAGs
[2026-06-11T08:02:37.475+0000] {logging_mixin.py:188} INFO - [2026-06-11T08:02:37.473+0000] {dag.py:3823} INFO - Setting next_dagrun for tiki_beauty_lakehouse_pipeline to 2026-06-11 08:00:00+00:00, run_after=2026-06-12 08:00:00+00:00
[2026-06-11T08:02:37.589+0000] {processor.py:183} INFO - Processing /opt/airflow/dags/tiki_pipeline_dag.py took 0.392 seconds
[2026-06-11T08:03:07.848+0000] {processor.py:161} INFO - Started process (PID=326) to work on /opt/airflow/dags/tiki_pipeline_dag.py
[2026-06-11T08:03:07.850+0000] {processor.py:830} INFO - Processing file /opt/airflow/dags/tiki_pipeline_dag.py for tasks to queue
[2026-06-11T08:03:07.851+0000] {logging_mixin.py:188} INFO - [2026-06-11T08:03:07.851+0000] {dagbag.py:538} INFO - Filling up the DagBag from /opt/airflow/dags/tiki_pipeline_dag.py
[2026-06-11T08:03:07.928+0000] {processor.py:840} INFO - DAG(s) 'tiki_beauty_lakehouse_pipeline' retrieved from /opt/airflow/dags/tiki_pipeline_dag.py
[2026-06-11T08:03:07.971+0000] {logging_mixin.py:188} INFO - [2026-06-11T08:03:07.970+0000] {dag.py:3036} INFO - Sync 1 DAGs
[2026-06-11T08:03:08.013+0000] {logging_mixin.py:188} INFO - [2026-06-11T08:03:08.013+0000] {dag.py:3823} INFO - Setting next_dagrun for tiki_beauty_lakehouse_pipeline to 2026-06-11 08:00:00+00:00, run_after=2026-06-12 08:00:00+00:00
[2026-06-11T08:03:08.063+0000] {processor.py:183} INFO - Processing /opt/airflow/dags/tiki_pipeline_dag.py took 0.222 seconds
[2026-06-11T08:03:38.397+0000] {processor.py:161} INFO - Started process (PID=344) to work on /opt/airflow/dags/tiki_pipeline_dag.py
[2026-06-11T08:03:38.400+0000] {processor.py:830} INFO - Processing file /opt/airflow/dags/tiki_pipeline_dag.py for tasks to queue
[2026-06-11T08:03:38.403+0000] {logging_mixin.py:188} INFO - [2026-06-11T08:03:38.403+0000] {dagbag.py:538} INFO - Filling up the DagBag from /opt/airflow/dags/tiki_pipeline_dag.py
[2026-06-11T08:03:38.449+0000] {processor.py:840} INFO - DAG(s) 'tiki_beauty_lakehouse_pipeline' retrieved from /opt/airflow/dags/tiki_pipeline_dag.py
[2026-06-11T08:03:38.498+0000] {logging_mixin.py:188} INFO - [2026-06-11T08:03:38.497+0000] {dag.py:3036} INFO - Sync 1 DAGs
[2026-06-11T08:03:38.543+0000] {logging_mixin.py:188} INFO - [2026-06-11T08:03:38.543+0000] {dag.py:3823} INFO - Setting next_dagrun for tiki_beauty_lakehouse_pipeline to 2026-06-11 08:00:00+00:00, run_after=2026-06-12 08:00:00+00:00
[2026-06-11T08:03:38.588+0000] {processor.py:183} INFO - Processing /opt/airflow/dags/tiki_pipeline_dag.py took 0.196 seconds
[2026-06-11T08:04:08.969+0000] {processor.py:161} INFO - Started process (PID=368) to work on /opt/airflow/dags/tiki_pipeline_dag.py
[2026-06-11T08:04:08.973+0000] {processor.py:830} INFO - Processing file /opt/airflow/dags/tiki_pipeline_dag.py for tasks to queue
[2026-06-11T08:04:08.978+0000] {logging_mixin.py:188} INFO - [2026-06-11T08:04:08.977+0000] {dagbag.py:538} INFO - Filling up the DagBag from /opt/airflow/dags/tiki_pipeline_dag.py
[2026-06-11T08:04:09.037+0000] {processor.py:840} INFO - DAG(s) 'tiki_beauty_lakehouse_pipeline' retrieved from /opt/airflow/dags/tiki_pipeline_dag.py
[2026-06-11T08:04:09.079+0000] {logging_mixin.py:188} INFO - [2026-06-11T08:04:09.079+0000] {dag.py:3036} INFO - Sync 1 DAGs
[2026-06-11T08:04:09.116+0000] {logging_mixin.py:188} INFO - [2026-06-11T08:04:09.116+0000] {dag.py:3823} INFO - Setting next_dagrun for tiki_beauty_lakehouse_pipeline to 2026-06-11 08:00:00+00:00, run_after=2026-06-12 08:00:00+00:00
[2026-06-11T08:04:09.153+0000] {processor.py:183} INFO - Processing /opt/airflow/dags/tiki_pipeline_dag.py took 0.191 seconds
[2026-06-11T08:04:39.364+0000] {processor.py:161} INFO - Started process (PID=404) to work on /opt/airflow/dags/tiki_pipeline_dag.py
[2026-06-11T08:04:39.366+0000] {processor.py:830} INFO - Processing file /opt/airflow/dags/tiki_pipeline_dag.py for tasks to queue
[2026-06-11T08:04:39.368+0000] {logging_mixin.py:188} INFO - [2026-06-11T08:04:39.368+0000] {dagbag.py:538} INFO - Filling up the DagBag from /opt/airflow/dags/tiki_pipeline_dag.py
[2026-06-11T08:04:39.420+0000] {processor.py:840} INFO - DAG(s) 'tiki_beauty_lakehouse_pipeline' retrieved from /opt/airflow/dags/tiki_pipeline_dag.py
[2026-06-11T08:04:39.455+0000] {logging_mixin.py:188} INFO - [2026-06-11T08:04:39.455+0000] {dag.py:3036} INFO - Sync 1 DAGs
[2026-06-11T08:04:39.492+0000] {logging_mixin.py:188} INFO - [2026-06-11T08:04:39.492+0000] {dag.py:3823} INFO - Setting next_dagrun for tiki_beauty_lakehouse_pipeline to 2026-06-11 08:00:00+00:00, run_after=2026-06-12 08:00:00+00:00
[2026-06-11T08:04:39.545+0000] {processor.py:183} INFO - Processing /opt/airflow/dags/tiki_pipeline_dag.py took 0.187 seconds
[2026-06-11T08:05:09.915+0000] {processor.py:161} INFO - Started process (PID=442) to work on /opt/airflow/dags/tiki_pipeline_dag.py
[2026-06-11T08:05:09.917+0000] {processor.py:830} INFO - Processing file /opt/airflow/dags/tiki_pipeline_dag.py for tasks to queue
[2026-06-11T08:05:09.919+0000] {logging_mixin.py:188} INFO - [2026-06-11T08:05:09.919+0000] {dagbag.py:538} INFO - Filling up the DagBag from /opt/airflow/dags/tiki_pipeline_dag.py
[2026-06-11T08:05:09.986+0000] {processor.py:840} INFO - DAG(s) 'tiki_beauty_lakehouse_pipeline' retrieved from /opt/airflow/dags/tiki_pipeline_dag.py
[2026-06-11T08:05:10.036+0000] {logging_mixin.py:188} INFO - [2026-06-11T08:05:10.035+0000] {dag.py:3036} INFO - Sync 1 DAGs
[2026-06-11T08:05:10.071+0000] {logging_mixin.py:188} INFO - [2026-06-11T08:05:10.070+0000] {dag.py:3823} INFO - Setting next_dagrun for tiki_beauty_lakehouse_pipeline to 2026-06-11 08:00:00+00:00, run_after=2026-06-12 08:00:00+00:00
[2026-06-11T08:05:10.123+0000] {processor.py:183} INFO - Processing /opt/airflow/dags/tiki_pipeline_dag.py took 0.211 seconds
[2026-06-11T08:05:40.421+0000] {processor.py:161} INFO - Started process (PID=483) to work on /opt/airflow/dags/tiki_pipeline_dag.py
[2026-06-11T08:05:40.429+0000] {processor.py:830} INFO - Processing file /opt/airflow/dags/tiki_pipeline_dag.py for tasks to queue
[2026-06-11T08:05:40.435+0000] {logging_mixin.py:188} INFO - [2026-06-11T08:05:40.434+0000] {dagbag.py:538} INFO - Filling up the DagBag from /opt/airflow/dags/tiki_pipeline_dag.py
[2026-06-11T08:05:40.503+0000] {processor.py:840} INFO - DAG(s) 'tiki_beauty_lakehouse_pipeline' retrieved from /opt/airflow/dags/tiki_pipeline_dag.py
[2026-06-11T08:05:40.616+0000] {logging_mixin.py:188} INFO - [2026-06-11T08:05:40.616+0000] {dag.py:3036} INFO - Sync 1 DAGs
[2026-06-11T08:05:40.687+0000] {logging_mixin.py:188} INFO - [2026-06-11T08:05:40.687+0000] {dag.py:3823} INFO - Setting next_dagrun for tiki_beauty_lakehouse_pipeline to 2026-06-11 08:00:00+00:00, run_after=2026-06-12 08:00:00+00:00
[2026-06-11T08:05:40.744+0000] {processor.py:183} INFO - Processing /opt/airflow/dags/tiki_pipeline_dag.py took 0.343 seconds
[2026-06-11T08:06:11.033+0000] {processor.py:161} INFO - Started process (PID=513) to work on /opt/airflow/dags/tiki_pipeline_dag.py
[2026-06-11T08:06:11.038+0000] {processor.py:830} INFO - Processing file /opt/airflow/dags/tiki_pipeline_dag.py for tasks to queue
[2026-06-11T08:06:11.041+0000] {logging_mixin.py:188} INFO - [2026-06-11T08:06:11.040+0000] {dagbag.py:538} INFO - Filling up the DagBag from /opt/airflow/dags/tiki_pipeline_dag.py
[2026-06-11T08:06:11.086+0000] {processor.py:840} INFO - DAG(s) 'tiki_beauty_lakehouse_pipeline' retrieved from /opt/airflow/dags/tiki_pipeline_dag.py
[2026-06-11T08:06:11.135+0000] {logging_mixin.py:188} INFO - [2026-06-11T08:06:11.134+0000] {dag.py:3036} INFO - Sync 1 DAGs
[2026-06-11T08:06:11.179+0000] {logging_mixin.py:188} INFO - [2026-06-11T08:06:11.179+0000] {dag.py:3823} INFO - Setting next_dagrun for tiki_beauty_lakehouse_pipeline to 2026-06-11 08:00:00+00:00, run_after=2026-06-12 08:00:00+00:00
[2026-06-11T08:06:11.225+0000] {processor.py:183} INFO - Processing /opt/airflow/dags/tiki_pipeline_dag.py took 0.201 seconds
[2026-06-11T08:06:41.639+0000] {processor.py:161} INFO - Started process (PID=531) to work on /opt/airflow/dags/tiki_pipeline_dag.py
[2026-06-11T08:06:41.641+0000] {processor.py:830} INFO - Processing file /opt/airflow/dags/tiki_pipeline_dag.py for tasks to queue
[2026-06-11T08:06:41.643+0000] {logging_mixin.py:188} INFO - [2026-06-11T08:06:41.642+0000] {dagbag.py:538} INFO - Filling up the DagBag from /opt/airflow/dags/tiki_pipeline_dag.py
[2026-06-11T08:06:41.688+0000] {processor.py:840} INFO - DAG(s) 'tiki_beauty_lakehouse_pipeline' retrieved from /opt/airflow/dags/tiki_pipeline_dag.py
[2026-06-11T08:06:41.733+0000] {logging_mixin.py:188} INFO - [2026-06-11T08:06:41.732+0000] {dag.py:3036} INFO - Sync 1 DAGs
[2026-06-11T08:06:41.774+0000] {logging_mixin.py:188} INFO - [2026-06-11T08:06:41.774+0000] {dag.py:3823} INFO - Setting next_dagrun for tiki_beauty_lakehouse_pipeline to 2026-06-11 08:00:00+00:00, run_after=2026-06-12 08:00:00+00:00
[2026-06-11T08:06:41.819+0000] {processor.py:183} INFO - Processing /opt/airflow/dags/tiki_pipeline_dag.py took 0.184 seconds
[2026-06-11T08:07:12.017+0000] {processor.py:161} INFO - Started process (PID=549) to work on /opt/airflow/dags/tiki_pipeline_dag.py
[2026-06-11T08:07:12.019+0000] {processor.py:830} INFO - Processing file /opt/airflow/dags/tiki_pipeline_dag.py for tasks to queue
[2026-06-11T08:07:12.022+0000] {logging_mixin.py:188} INFO - [2026-06-11T08:07:12.021+0000] {dagbag.py:538} INFO - Filling up the DagBag from /opt/airflow/dags/tiki_pipeline_dag.py
[2026-06-11T08:07:12.073+0000] {processor.py:840} INFO - DAG(s) 'tiki_beauty_lakehouse_pipeline' retrieved from /opt/airflow/dags/tiki_pipeline_dag.py
[2026-06-11T08:07:12.113+0000] {logging_mixin.py:188} INFO - [2026-06-11T08:07:12.112+0000] {dag.py:3036} INFO - Sync 1 DAGs
[2026-06-11T08:07:12.156+0000] {logging_mixin.py:188} INFO - [2026-06-11T08:07:12.155+0000] {dag.py:3823} INFO - Setting next_dagrun for tiki_beauty_lakehouse_pipeline to 2026-06-11 08:00:00+00:00, run_after=2026-06-12 08:00:00+00:00
[2026-06-11T08:07:12.215+0000] {processor.py:183} INFO - Processing /opt/airflow/dags/tiki_pipeline_dag.py took 0.208 seconds
[2026-06-11T08:07:42.878+0000] {processor.py:161} INFO - Started process (PID=572) to work on /opt/airflow/dags/tiki_pipeline_dag.py
[2026-06-11T08:07:42.883+0000] {processor.py:830} INFO - Processing file /opt/airflow/dags/tiki_pipeline_dag.py for tasks to queue
[2026-06-11T08:07:42.885+0000] {logging_mixin.py:188} INFO - [2026-06-11T08:07:42.885+0000] {dagbag.py:538} INFO - Filling up the DagBag from /opt/airflow/dags/tiki_pipeline_dag.py
[2026-06-11T08:07:42.931+0000] {processor.py:840} INFO - DAG(s) 'tiki_beauty_lakehouse_pipeline' retrieved from /opt/airflow/dags/tiki_pipeline_dag.py
[2026-06-11T08:07:42.981+0000] {logging_mixin.py:188} INFO - [2026-06-11T08:07:42.980+0000] {dag.py:3036} INFO - Sync 1 DAGs
[2026-06-11T08:07:43.031+0000] {logging_mixin.py:188} INFO - [2026-06-11T08:07:43.030+0000] {dag.py:3823} INFO - Setting next_dagrun for tiki_beauty_lakehouse_pipeline to 2026-06-11 08:00:00+00:00, run_after=2026-06-12 08:00:00+00:00
[2026-06-11T08:07:43.101+0000] {processor.py:183} INFO - Processing /opt/airflow/dags/tiki_pipeline_dag.py took 0.231 seconds
[2026-06-11T08:08:13.300+0000] {processor.py:161} INFO - Started process (PID=608) to work on /opt/airflow/dags/tiki_pipeline_dag.py
[2026-06-11T08:08:13.302+0000] {processor.py:830} INFO - Processing file /opt/airflow/dags/tiki_pipeline_dag.py for tasks to queue
[2026-06-11T08:08:13.304+0000] {logging_mixin.py:188} INFO - [2026-06-11T08:08:13.304+0000] {dagbag.py:538} INFO - Filling up the DagBag from /opt/airflow/dags/tiki_pipeline_dag.py
[2026-06-11T08:08:13.368+0000] {processor.py:840} INFO - DAG(s) 'tiki_beauty_lakehouse_pipeline' retrieved from /opt/airflow/dags/tiki_pipeline_dag.py
[2026-06-11T08:08:13.424+0000] {logging_mixin.py:188} INFO - [2026-06-11T08:08:13.423+0000] {dag.py:3036} INFO - Sync 1 DAGs
[2026-06-11T08:08:13.466+0000] {logging_mixin.py:188} INFO - [2026-06-11T08:08:13.466+0000] {dag.py:3823} INFO - Setting next_dagrun for tiki_beauty_lakehouse_pipeline to 2026-06-11 08:00:00+00:00, run_after=2026-06-12 08:00:00+00:00
[2026-06-11T08:08:13.533+0000] {processor.py:183} INFO - Processing /opt/airflow/dags/tiki_pipeline_dag.py took 0.239 seconds
[2026-06-11T08:08:44.005+0000] {processor.py:161} INFO - Started process (PID=627) to work on /opt/airflow/dags/tiki_pipeline_dag.py
[2026-06-11T08:08:44.007+0000] {processor.py:830} INFO - Processing file /opt/airflow/dags/tiki_pipeline_dag.py for tasks to queue
[2026-06-11T08:08:44.009+0000] {logging_mixin.py:188} INFO - [2026-06-11T08:08:44.008+0000] {dagbag.py:538} INFO - Filling up the DagBag from /opt/airflow/dags/tiki_pipeline_dag.py
[2026-06-11T08:08:44.062+0000] {processor.py:840} INFO - DAG(s) 'tiki_beauty_lakehouse_pipeline' retrieved from /opt/airflow/dags/tiki_pipeline_dag.py
[2026-06-11T08:08:44.111+0000] {logging_mixin.py:188} INFO - [2026-06-11T08:08:44.111+0000] {dag.py:3036} INFO - Sync 1 DAGs
[2026-06-11T08:08:44.154+0000] {logging_mixin.py:188} INFO - [2026-06-11T08:08:44.153+0000] {dag.py:3823} INFO - Setting next_dagrun for tiki_beauty_lakehouse_pipeline to 2026-06-11 08:00:00+00:00, run_after=2026-06-12 08:00:00+00:00
[2026-06-11T08:08:44.215+0000] {processor.py:183} INFO - Processing /opt/airflow/dags/tiki_pipeline_dag.py took 0.213 seconds
[2026-06-11T08:09:14.418+0000] {processor.py:161} INFO - Started process (PID=651) to work on /opt/airflow/dags/tiki_pipeline_dag.py
[2026-06-11T08:09:14.421+0000] {processor.py:830} INFO - Processing file /opt/airflow/dags/tiki_pipeline_dag.py for tasks to queue
[2026-06-11T08:09:14.423+0000] {logging_mixin.py:188} INFO - [2026-06-11T08:09:14.422+0000] {dagbag.py:538} INFO - Filling up the DagBag from /opt/airflow/dags/tiki_pipeline_dag.py
[2026-06-11T08:09:14.476+0000] {processor.py:840} INFO - DAG(s) 'tiki_beauty_lakehouse_pipeline' retrieved from /opt/airflow/dags/tiki_pipeline_dag.py
[2026-06-11T08:09:14.536+0000] {logging_mixin.py:188} INFO - [2026-06-11T08:09:14.536+0000] {dag.py:3036} INFO - Sync 1 DAGs
[2026-06-11T08:09:14.567+0000] {logging_mixin.py:188} INFO - [2026-06-11T08:09:14.566+0000] {dag.py:3823} INFO - Setting next_dagrun for tiki_beauty_lakehouse_pipeline to 2026-06-11 08:00:00+00:00, run_after=2026-06-12 08:00:00+00:00
[2026-06-11T08:09:14.626+0000] {processor.py:183} INFO - Processing /opt/airflow/dags/tiki_pipeline_dag.py took 0.214 seconds
[2026-06-11T08:09:45.075+0000] {processor.py:161} INFO - Started process (PID=670) to work on /opt/airflow/dags/tiki_pipeline_dag.py
[2026-06-11T08:09:45.079+0000] {processor.py:830} INFO - Processing file /opt/airflow/dags/tiki_pipeline_dag.py for tasks to queue
[2026-06-11T08:09:45.087+0000] {logging_mixin.py:188} INFO - [2026-06-11T08:09:45.084+0000] {dagbag.py:538} INFO - Filling up the DagBag from /opt/airflow/dags/tiki_pipeline_dag.py
[2026-06-11T08:09:45.148+0000] {processor.py:840} INFO - DAG(s) 'tiki_beauty_lakehouse_pipeline' retrieved from /opt/airflow/dags/tiki_pipeline_dag.py
[2026-06-11T08:09:45.208+0000] {logging_mixin.py:188} INFO - [2026-06-11T08:09:45.207+0000] {dag.py:3036} INFO - Sync 1 DAGs
[2026-06-11T08:09:45.267+0000] {logging_mixin.py:188} INFO - [2026-06-11T08:09:45.267+0000] {dag.py:3823} INFO - Setting next_dagrun for tiki_beauty_lakehouse_pipeline to 2026-06-11 08:00:00+00:00, run_after=2026-06-12 08:00:00+00:00
[2026-06-11T08:09:45.313+0000] {processor.py:183} INFO - Processing /opt/airflow/dags/tiki_pipeline_dag.py took 0.248 seconds
[2026-06-11T08:10:15.509+0000] {processor.py:161} INFO - Started process (PID=689) to work on /opt/airflow/dags/tiki_pipeline_dag.py
[2026-06-11T08:10:15.512+0000] {processor.py:830} INFO - Processing file /opt/airflow/dags/tiki_pipeline_dag.py for tasks to queue
[2026-06-11T08:10:15.514+0000] {logging_mixin.py:188} INFO - [2026-06-11T08:10:15.514+0000] {dagbag.py:538} INFO - Filling up the DagBag from /opt/airflow/dags/tiki_pipeline_dag.py
[2026-06-11T08:10:15.564+0000] {processor.py:840} INFO - DAG(s) 'tiki_beauty_lakehouse_pipeline' retrieved from /opt/airflow/dags/tiki_pipeline_dag.py
[2026-06-11T08:10:15.625+0000] {logging_mixin.py:188} INFO - [2026-06-11T08:10:15.624+0000] {dag.py:3036} INFO - Sync 1 DAGs
[2026-06-11T08:10:15.667+0000] {logging_mixin.py:188} INFO - [2026-06-11T08:10:15.666+0000] {dag.py:3823} INFO - Setting next_dagrun for tiki_beauty_lakehouse_pipeline to 2026-06-11 08:00:00+00:00, run_after=2026-06-12 08:00:00+00:00
[2026-06-11T08:10:15.709+0000] {processor.py:183} INFO - Processing /opt/airflow/dags/tiki_pipeline_dag.py took 0.219 seconds
[2026-06-11T08:10:46.219+0000] {processor.py:161} INFO - Started process (PID=716) to work on /opt/airflow/dags/tiki_pipeline_dag.py
[2026-06-11T08:10:46.226+0000] {processor.py:830} INFO - Processing file /opt/airflow/dags/tiki_pipeline_dag.py for tasks to queue
[2026-06-11T08:10:46.237+0000] {logging_mixin.py:188} INFO - [2026-06-11T08:10:46.235+0000] {dagbag.py:538} INFO - Filling up the DagBag from /opt/airflow/dags/tiki_pipeline_dag.py
[2026-06-11T08:10:46.326+0000] {processor.py:840} INFO - DAG(s) 'tiki_beauty_lakehouse_pipeline' retrieved from /opt/airflow/dags/tiki_pipeline_dag.py
[2026-06-11T08:10:46.435+0000] {logging_mixin.py:188} INFO - [2026-06-11T08:10:46.434+0000] {dag.py:3036} INFO - Sync 1 DAGs
[2026-06-11T08:10:46.585+0000] {logging_mixin.py:188} INFO - [2026-06-11T08:10:46.583+0000] {dag.py:3823} INFO - Setting next_dagrun for tiki_beauty_lakehouse_pipeline to 2026-06-11 08:00:00+00:00, run_after=2026-06-12 08:00:00+00:00
[2026-06-11T08:10:46.683+0000] {processor.py:183} INFO - Processing /opt/airflow/dags/tiki_pipeline_dag.py took 0.482 seconds
[2026-06-11T08:11:17.173+0000] {processor.py:161} INFO - Started process (PID=741) to work on /opt/airflow/dags/tiki_pipeline_dag.py
[2026-06-11T08:11:17.176+0000] {processor.py:830} INFO - Processing file /opt/airflow/dags/tiki_pipeline_dag.py for tasks to queue
[2026-06-11T08:11:17.177+0000] {logging_mixin.py:188} INFO - [2026-06-11T08:11:17.177+0000] {dagbag.py:538} INFO - Filling up the DagBag from /opt/airflow/dags/tiki_pipeline_dag.py
[2026-06-11T08:11:17.231+0000] {processor.py:840} INFO - DAG(s) 'tiki_beauty_lakehouse_pipeline' retrieved from /opt/airflow/dags/tiki_pipeline_dag.py
[2026-06-11T08:11:17.302+0000] {logging_mixin.py:188} INFO - [2026-06-11T08:11:17.302+0000] {dag.py:3036} INFO - Sync 1 DAGs
[2026-06-11T08:11:17.376+0000] {logging_mixin.py:188} INFO - [2026-06-11T08:11:17.376+0000] {dag.py:3823} INFO - Setting next_dagrun for tiki_beauty_lakehouse_pipeline to 2026-06-11 08:00:00+00:00, run_after=2026-06-12 08:00:00+00:00
[2026-06-11T08:11:17.428+0000] {processor.py:183} INFO - Processing /opt/airflow/dags/tiki_pipeline_dag.py took 0.263 seconds
[2026-06-11T08:11:47.708+0000] {processor.py:161} INFO - Started process (PID=768) to work on /opt/airflow/dags/tiki_pipeline_dag.py
[2026-06-11T08:11:47.713+0000] {processor.py:830} INFO - Processing file /opt/airflow/dags/tiki_pipeline_dag.py for tasks to queue
[2026-06-11T08:11:47.716+0000] {logging_mixin.py:188} INFO - [2026-06-11T08:11:47.715+0000] {dagbag.py:538} INFO - Filling up the DagBag from /opt/airflow/dags/tiki_pipeline_dag.py
[2026-06-11T08:11:47.799+0000] {processor.py:840} INFO - DAG(s) 'tiki_beauty_lakehouse_pipeline' retrieved from /opt/airflow/dags/tiki_pipeline_dag.py
[2026-06-11T08:11:47.890+0000] {logging_mixin.py:188} INFO - [2026-06-11T08:11:47.889+0000] {dag.py:3036} INFO - Sync 1 DAGs
[2026-06-11T08:11:47.996+0000] {logging_mixin.py:188} INFO - [2026-06-11T08:11:47.995+0000] {dag.py:3823} INFO - Setting next_dagrun for tiki_beauty_lakehouse_pipeline to 2026-06-11 08:00:00+00:00, run_after=2026-06-12 08:00:00+00:00
[2026-06-11T08:11:48.123+0000] {processor.py:183} INFO - Processing /opt/airflow/dags/tiki_pipeline_dag.py took 0.424 seconds
[2026-06-11T08:12:18.249+0000] {processor.py:161} INFO - Started process (PID=787) to work on /opt/airflow/dags/tiki_pipeline_dag.py
[2026-06-11T08:12:18.252+0000] {processor.py:830} INFO - Processing file /opt/airflow/dags/tiki_pipeline_dag.py for tasks to queue
[2026-06-11T08:12:18.257+0000] {logging_mixin.py:188} INFO - [2026-06-11T08:12:18.256+0000] {dagbag.py:538} INFO - Filling up the DagBag from /opt/airflow/dags/tiki_pipeline_dag.py
[2026-06-11T08:12:18.313+0000] {processor.py:840} INFO - DAG(s) 'tiki_beauty_lakehouse_pipeline' retrieved from /opt/airflow/dags/tiki_pipeline_dag.py
[2026-06-11T08:12:18.387+0000] {logging_mixin.py:188} INFO - [2026-06-11T08:12:18.386+0000] {dag.py:3036} INFO - Sync 1 DAGs
[2026-06-11T08:12:18.434+0000] {logging_mixin.py:188} INFO - [2026-06-11T08:12:18.433+0000] {dag.py:3823} INFO - Setting next_dagrun for tiki_beauty_lakehouse_pipeline to 2026-06-11 08:00:00+00:00, run_after=2026-06-12 08:00:00+00:00
[2026-06-11T08:12:18.496+0000] {processor.py:183} INFO - Processing /opt/airflow/dags/tiki_pipeline_dag.py took 0.256 seconds
[2026-06-11T08:12:49.068+0000] {processor.py:161} INFO - Started process (PID=815) to work on /opt/airflow/dags/tiki_pipeline_dag.py
[2026-06-11T08:12:49.072+0000] {processor.py:830} INFO - Processing file /opt/airflow/dags/tiki_pipeline_dag.py for tasks to queue
[2026-06-11T08:12:49.076+0000] {logging_mixin.py:188} INFO - [2026-06-11T08:12:49.075+0000] {dagbag.py:538} INFO - Filling up the DagBag from /opt/airflow/dags/tiki_pipeline_dag.py
[2026-06-11T08:12:49.126+0000] {processor.py:840} INFO - DAG(s) 'tiki_beauty_lakehouse_pipeline' retrieved from /opt/airflow/dags/tiki_pipeline_dag.py
[2026-06-11T08:12:49.175+0000] {logging_mixin.py:188} INFO - [2026-06-11T08:12:49.174+0000] {dag.py:3036} INFO - Sync 1 DAGs
[2026-06-11T08:12:49.221+0000] {logging_mixin.py:188} INFO - [2026-06-11T08:12:49.221+0000] {dag.py:3823} INFO - Setting next_dagrun for tiki_beauty_lakehouse_pipeline to 2026-06-11 08:00:00+00:00, run_after=2026-06-12 08:00:00+00:00
[2026-06-11T08:12:49.268+0000] {processor.py:183} INFO - Processing /opt/airflow/dags/tiki_pipeline_dag.py took 0.211 seconds
[2026-06-11T08:13:19.635+0000] {processor.py:161} INFO - Started process (PID=842) to work on /opt/airflow/dags/tiki_pipeline_dag.py
[2026-06-11T08:13:19.637+0000] {processor.py:830} INFO - Processing file /opt/airflow/dags/tiki_pipeline_dag.py for tasks to queue
[2026-06-11T08:13:19.640+0000] {logging_mixin.py:188} INFO - [2026-06-11T08:13:19.639+0000] {dagbag.py:538} INFO - Filling up the DagBag from /opt/airflow/dags/tiki_pipeline_dag.py
[2026-06-11T08:13:19.706+0000] {processor.py:840} INFO - DAG(s) 'tiki_beauty_lakehouse_pipeline' retrieved from /opt/airflow/dags/tiki_pipeline_dag.py
[2026-06-11T08:13:19.753+0000] {logging_mixin.py:188} INFO - [2026-06-11T08:13:19.753+0000] {dag.py:3036} INFO - Sync 1 DAGs
[2026-06-11T08:13:19.798+0000] {logging_mixin.py:188} INFO - [2026-06-11T08:13:19.797+0000] {dag.py:3823} INFO - Setting next_dagrun for tiki_beauty_lakehouse_pipeline to 2026-06-11 08:00:00+00:00, run_after=2026-06-12 08:00:00+00:00
[2026-06-11T08:13:19.859+0000] {processor.py:183} INFO - Processing /opt/airflow/dags/tiki_pipeline_dag.py took 0.228 seconds
[2026-06-11T08:13:50.082+0000] {processor.py:161} INFO - Started process (PID=874) to work on /opt/airflow/dags/tiki_pipeline_dag.py
[2026-06-11T08:13:50.084+0000] {processor.py:830} INFO - Processing file /opt/airflow/dags/tiki_pipeline_dag.py for tasks to queue
[2026-06-11T08:13:50.087+0000] {logging_mixin.py:188} INFO - [2026-06-11T08:13:50.086+0000] {dagbag.py:538} INFO - Filling up the DagBag from /opt/airflow/dags/tiki_pipeline_dag.py
[2026-06-11T08:13:50.147+0000] {processor.py:840} INFO - DAG(s) 'tiki_beauty_lakehouse_pipeline' retrieved from /opt/airflow/dags/tiki_pipeline_dag.py
[2026-06-11T08:13:50.199+0000] {logging_mixin.py:188} INFO - [2026-06-11T08:13:50.199+0000] {dag.py:3036} INFO - Sync 1 DAGs
[2026-06-11T08:13:50.242+0000] {logging_mixin.py:188} INFO - [2026-06-11T08:13:50.241+0000] {dag.py:3823} INFO - Setting next_dagrun for tiki_beauty_lakehouse_pipeline to 2026-06-11 08:00:00+00:00, run_after=2026-06-12 08:00:00+00:00
[2026-06-11T08:13:50.296+0000] {processor.py:183} INFO - Processing /opt/airflow/dags/tiki_pipeline_dag.py took 0.219 seconds
[2026-06-11T08:14:20.728+0000] {processor.py:161} INFO - Started process (PID=905) to work on /opt/airflow/dags/tiki_pipeline_dag.py
[2026-06-11T08:14:20.730+0000] {processor.py:830} INFO - Processing file /opt/airflow/dags/tiki_pipeline_dag.py for tasks to queue
[2026-06-11T08:14:20.733+0000] {logging_mixin.py:188} INFO - [2026-06-11T08:14:20.732+0000] {dagbag.py:538} INFO - Filling up the DagBag from /opt/airflow/dags/tiki_pipeline_dag.py
[2026-06-11T08:14:20.790+0000] {processor.py:840} INFO - DAG(s) 'tiki_beauty_lakehouse_pipeline' retrieved from /opt/airflow/dags/tiki_pipeline_dag.py
[2026-06-11T08:14:20.836+0000] {logging_mixin.py:188} INFO - [2026-06-11T08:14:20.836+0000] {dag.py:3036} INFO - Sync 1 DAGs
[2026-06-11T08:14:20.876+0000] {logging_mixin.py:188} INFO - [2026-06-11T08:14:20.875+0000] {dag.py:3823} INFO - Setting next_dagrun for tiki_beauty_lakehouse_pipeline to 2026-06-11 08:00:00+00:00, run_after=2026-06-12 08:00:00+00:00
[2026-06-11T08:14:20.914+0000] {processor.py:183} INFO - Processing /opt/airflow/dags/tiki_pipeline_dag.py took 0.190 seconds
[2026-06-11T08:14:51.127+0000] {processor.py:161} INFO - Started process (PID=930) to work on /opt/airflow/dags/tiki_pipeline_dag.py
[2026-06-11T08:14:51.129+0000] {processor.py:830} INFO - Processing file /opt/airflow/dags/tiki_pipeline_dag.py for tasks to queue
[2026-06-11T08:14:51.131+0000] {logging_mixin.py:188} INFO - [2026-06-11T08:14:51.131+0000] {dagbag.py:538} INFO - Filling up the DagBag from /opt/airflow/dags/tiki_pipeline_dag.py
[2026-06-11T08:14:51.188+0000] {processor.py:840} INFO - DAG(s) 'tiki_beauty_lakehouse_pipeline' retrieved from /opt/airflow/dags/tiki_pipeline_dag.py
[2026-06-11T08:14:51.226+0000] {logging_mixin.py:188} INFO - [2026-06-11T08:14:51.225+0000] {dag.py:3036} INFO - Sync 1 DAGs
[2026-06-11T08:14:51.267+0000] {logging_mixin.py:188} INFO - [2026-06-11T08:14:51.267+0000] {dag.py:3823} INFO - Setting next_dagrun for tiki_beauty_lakehouse_pipeline to 2026-06-11 08:00:00+00:00, run_after=2026-06-12 08:00:00+00:00
[2026-06-11T08:14:51.323+0000] {processor.py:183} INFO - Processing /opt/airflow/dags/tiki_pipeline_dag.py took 0.201 seconds
[2026-06-11T08:15:21.812+0000] {processor.py:161} INFO - Started process (PID=949) to work on /opt/airflow/dags/tiki_pipeline_dag.py
[2026-06-11T08:15:21.817+0000] {processor.py:830} INFO - Processing file /opt/airflow/dags/tiki_pipeline_dag.py for tasks to queue
[2026-06-11T08:15:21.824+0000] {logging_mixin.py:188} INFO - [2026-06-11T08:15:21.823+0000] {dagbag.py:538} INFO - Filling up the DagBag from /opt/airflow/dags/tiki_pipeline_dag.py
[2026-06-11T08:15:21.869+0000] {processor.py:840} INFO - DAG(s) 'tiki_beauty_lakehouse_pipeline' retrieved from /opt/airflow/dags/tiki_pipeline_dag.py
[2026-06-11T08:15:21.929+0000] {logging_mixin.py:188} INFO - [2026-06-11T08:15:21.928+0000] {dag.py:3036} INFO - Sync 1 DAGs
[2026-06-11T08:15:21.982+0000] {logging_mixin.py:188} INFO - [2026-06-11T08:15:21.981+0000] {dag.py:3823} INFO - Setting next_dagrun for tiki_beauty_lakehouse_pipeline to 2026-06-11 08:00:00+00:00, run_after=2026-06-12 08:00:00+00:00
[2026-06-11T08:15:22.035+0000] {processor.py:183} INFO - Processing /opt/airflow/dags/tiki_pipeline_dag.py took 0.233 seconds
[2026-06-11T08:15:52.245+0000] {processor.py:161} INFO - Started process (PID=982) to work on /opt/airflow/dags/tiki_pipeline_dag.py
[2026-06-11T08:15:52.247+0000] {processor.py:830} INFO - Processing file /opt/airflow/dags/tiki_pipeline_dag.py for tasks to queue
[2026-06-11T08:15:52.255+0000] {logging_mixin.py:188} INFO - [2026-06-11T08:15:52.252+0000] {dagbag.py:538} INFO - Filling up the DagBag from /opt/airflow/dags/tiki_pipeline_dag.py
[2026-06-11T08:15:52.371+0000] {processor.py:840} INFO - DAG(s) 'tiki_beauty_lakehouse_pipeline' retrieved from /opt/airflow/dags/tiki_pipeline_dag.py
[2026-06-11T08:15:52.577+0000] {logging_mixin.py:188} INFO - [2026-06-11T08:15:52.576+0000] {dag.py:3036} INFO - Sync 1 DAGs
[2026-06-11T08:15:52.706+0000] {logging_mixin.py:188} INFO - [2026-06-11T08:15:52.706+0000] {dag.py:3823} INFO - Setting next_dagrun for tiki_beauty_lakehouse_pipeline to 2026-06-11 08:00:00+00:00, run_after=2026-06-12 08:00:00+00:00
[2026-06-11T08:15:52.765+0000] {processor.py:183} INFO - Processing /opt/airflow/dags/tiki_pipeline_dag.py took 0.530 seconds
[2026-06-11T08:16:23.051+0000] {processor.py:161} INFO - Started process (PID=1002) to work on /opt/airflow/dags/tiki_pipeline_dag.py
[2026-06-11T08:16:23.055+0000] {processor.py:830} INFO - Processing file /opt/airflow/dags/tiki_pipeline_dag.py for tasks to queue
[2026-06-11T08:16:23.058+0000] {logging_mixin.py:188} INFO - [2026-06-11T08:16:23.057+0000] {dagbag.py:538} INFO - Filling up the DagBag from /opt/airflow/dags/tiki_pipeline_dag.py
[2026-06-11T08:16:23.158+0000] {processor.py:840} INFO - DAG(s) 'tiki_beauty_lakehouse_pipeline' retrieved from /opt/airflow/dags/tiki_pipeline_dag.py
[2026-06-11T08:16:23.298+0000] {logging_mixin.py:188} INFO - [2026-06-11T08:16:23.298+0000] {dag.py:3036} INFO - Sync 1 DAGs
[2026-06-11T08:16:23.485+0000] {logging_mixin.py:188} INFO - [2026-06-11T08:16:23.484+0000] {dag.py:3823} INFO - Setting next_dagrun for tiki_beauty_lakehouse_pipeline to 2026-06-11 08:00:00+00:00, run_after=2026-06-12 08:00:00+00:00
[2026-06-11T08:16:23.614+0000] {processor.py:183} INFO - Processing /opt/airflow/dags/tiki_pipeline_dag.py took 0.574 seconds
[2026-06-11T08:16:54.002+0000] {processor.py:161} INFO - Started process (PID=1007) to work on /opt/airflow/dags/tiki_pipeline_dag.py
[2026-06-11T08:16:54.009+0000] {processor.py:830} INFO - Processing file /opt/airflow/dags/tiki_pipeline_dag.py for tasks to queue
[2026-06-11T08:16:54.015+0000] {logging_mixin.py:188} INFO - [2026-06-11T08:16:54.013+0000] {dagbag.py:538} INFO - Filling up the DagBag from /opt/airflow/dags/tiki_pipeline_dag.py
[2026-06-11T08:16:54.124+0000] {processor.py:840} INFO - DAG(s) 'tiki_beauty_lakehouse_pipeline' retrieved from /opt/airflow/dags/tiki_pipeline_dag.py
[2026-06-11T08:16:54.209+0000] {logging_mixin.py:188} INFO - [2026-06-11T08:16:54.208+0000] {dag.py:3036} INFO - Sync 1 DAGs
[2026-06-11T08:16:54.288+0000] {logging_mixin.py:188} INFO - [2026-06-11T08:16:54.287+0000] {dag.py:3823} INFO - Setting next_dagrun for tiki_beauty_lakehouse_pipeline to 2026-06-11 08:00:00+00:00, run_after=2026-06-12 08:00:00+00:00
[2026-06-11T08:16:54.339+0000] {processor.py:183} INFO - Processing /opt/airflow/dags/tiki_pipeline_dag.py took 0.352 seconds
[2026-06-11T08:17:24.590+0000] {processor.py:161} INFO - Started process (PID=1012) to work on /opt/airflow/dags/tiki_pipeline_dag.py
[2026-06-11T08:17:24.593+0000] {processor.py:830} INFO - Processing file /opt/airflow/dags/tiki_pipeline_dag.py for tasks to queue
[2026-06-11T08:17:24.596+0000] {logging_mixin.py:188} INFO - [2026-06-11T08:17:24.595+0000] {dagbag.py:538} INFO - Filling up the DagBag from /opt/airflow/dags/tiki_pipeline_dag.py
[2026-06-11T08:17:24.650+0000] {processor.py:840} INFO - DAG(s) 'tiki_beauty_lakehouse_pipeline' retrieved from /opt/airflow/dags/tiki_pipeline_dag.py
[2026-06-11T08:17:24.709+0000] {logging_mixin.py:188} INFO - [2026-06-11T08:17:24.707+0000] {dag.py:3036} INFO - Sync 1 DAGs
[2026-06-11T08:17:24.749+0000] {logging_mixin.py:188} INFO - [2026-06-11T08:17:24.748+0000] {dag.py:3823} INFO - Setting next_dagrun for tiki_beauty_lakehouse_pipeline to 2026-06-11 08:00:00+00:00, run_after=2026-06-12 08:00:00+00:00
[2026-06-11T08:17:24.808+0000] {processor.py:183} INFO - Processing /opt/airflow/dags/tiki_pipeline_dag.py took 0.224 seconds
[2026-06-11T08:17:54.994+0000] {processor.py:161} INFO - Started process (PID=1017) to work on /opt/airflow/dags/tiki_pipeline_dag.py
[2026-06-11T08:17:54.998+0000] {processor.py:830} INFO - Processing file /opt/airflow/dags/tiki_pipeline_dag.py for tasks to queue
[2026-06-11T08:17:55.000+0000] {logging_mixin.py:188} INFO - [2026-06-11T08:17:54.999+0000] {dagbag.py:538} INFO - Filling up the DagBag from /opt/airflow/dags/tiki_pipeline_dag.py
[2026-06-11T08:17:55.072+0000] {processor.py:840} INFO - DAG(s) 'tiki_beauty_lakehouse_pipeline' retrieved from /opt/airflow/dags/tiki_pipeline_dag.py
[2026-06-11T08:17:55.133+0000] {logging_mixin.py:188} INFO - [2026-06-11T08:17:55.132+0000] {dag.py:3036} INFO - Sync 1 DAGs
[2026-06-11T08:17:55.176+0000] {logging_mixin.py:188} INFO - [2026-06-11T08:17:55.175+0000] {dag.py:3823} INFO - Setting next_dagrun for tiki_beauty_lakehouse_pipeline to 2026-06-11 08:00:00+00:00, run_after=2026-06-12 08:00:00+00:00
[2026-06-11T08:17:55.215+0000] {processor.py:183} INFO - Processing /opt/airflow/dags/tiki_pipeline_dag.py took 0.228 seconds
[2026-06-11T08:18:25.406+0000] {processor.py:161} INFO - Started process (PID=1022) to work on /opt/airflow/dags/tiki_pipeline_dag.py
[2026-06-11T08:18:25.410+0000] {processor.py:830} INFO - Processing file /opt/airflow/dags/tiki_pipeline_dag.py for tasks to queue
[2026-06-11T08:18:25.414+0000] {logging_mixin.py:188} INFO - [2026-06-11T08:18:25.414+0000] {dagbag.py:538} INFO - Filling up the DagBag from /opt/airflow/dags/tiki_pipeline_dag.py
[2026-06-11T08:18:25.470+0000] {processor.py:840} INFO - DAG(s) 'tiki_beauty_lakehouse_pipeline' retrieved from /opt/airflow/dags/tiki_pipeline_dag.py
[2026-06-11T08:18:25.527+0000] {logging_mixin.py:188} INFO - [2026-06-11T08:18:25.527+0000] {dag.py:3036} INFO - Sync 1 DAGs
[2026-06-11T08:18:25.572+0000] {logging_mixin.py:188} INFO - [2026-06-11T08:18:25.572+0000] {dag.py:3823} INFO - Setting next_dagrun for tiki_beauty_lakehouse_pipeline to 2026-06-11 08:00:00+00:00, run_after=2026-06-12 08:00:00+00:00
[2026-06-11T08:18:25.618+0000] {processor.py:183} INFO - Processing /opt/airflow/dags/tiki_pipeline_dag.py took 0.219 seconds
[2026-06-11T08:18:55.855+0000] {processor.py:161} INFO - Started process (PID=1027) to work on /opt/airflow/dags/tiki_pipeline_dag.py
[2026-06-11T08:18:55.857+0000] {processor.py:830} INFO - Processing file /opt/airflow/dags/tiki_pipeline_dag.py for tasks to queue
[2026-06-11T08:18:55.860+0000] {logging_mixin.py:188} INFO - [2026-06-11T08:18:55.859+0000] {dagbag.py:538} INFO - Filling up the DagBag from /opt/airflow/dags/tiki_pipeline_dag.py
[2026-06-11T08:18:55.915+0000] {processor.py:840} INFO - DAG(s) 'tiki_beauty_lakehouse_pipeline' retrieved from /opt/airflow/dags/tiki_pipeline_dag.py
[2026-06-11T08:18:55.969+0000] {logging_mixin.py:188} INFO - [2026-06-11T08:18:55.969+0000] {dag.py:3036} INFO - Sync 1 DAGs
[2026-06-11T08:18:56.019+0000] {logging_mixin.py:188} INFO - [2026-06-11T08:18:56.018+0000] {dag.py:3823} INFO - Setting next_dagrun for tiki_beauty_lakehouse_pipeline to 2026-06-11 08:00:00+00:00, run_after=2026-06-12 08:00:00+00:00
[2026-06-11T08:18:56.082+0000] {processor.py:183} INFO - Processing /opt/airflow/dags/tiki_pipeline_dag.py took 0.232 seconds
[2026-06-11T08:19:26.331+0000] {processor.py:161} INFO - Started process (PID=1032) to work on /opt/airflow/dags/tiki_pipeline_dag.py
[2026-06-11T08:19:26.333+0000] {processor.py:830} INFO - Processing file /opt/airflow/dags/tiki_pipeline_dag.py for tasks to queue
[2026-06-11T08:19:26.335+0000] {logging_mixin.py:188} INFO - [2026-06-11T08:19:26.335+0000] {dagbag.py:538} INFO - Filling up the DagBag from /opt/airflow/dags/tiki_pipeline_dag.py
[2026-06-11T08:19:26.392+0000] {processor.py:840} INFO - DAG(s) 'tiki_beauty_lakehouse_pipeline' retrieved from /opt/airflow/dags/tiki_pipeline_dag.py
[2026-06-11T08:19:26.490+0000] {logging_mixin.py:188} INFO - [2026-06-11T08:19:26.489+0000] {dag.py:3036} INFO - Sync 1 DAGs
[2026-06-11T08:19:26.558+0000] {logging_mixin.py:188} INFO - [2026-06-11T08:19:26.558+0000] {dag.py:3823} INFO - Setting next_dagrun for tiki_beauty_lakehouse_pipeline to 2026-06-11 08:00:00+00:00, run_after=2026-06-12 08:00:00+00:00
[2026-06-11T08:19:26.622+0000] {processor.py:183} INFO - Processing /opt/airflow/dags/tiki_pipeline_dag.py took 0.296 seconds
