[2026-06-13T19:41:34.280+0000] {taskinstance.py:1956} INFO - Dependencies all met for dep_context=non-requeueable deps ti=<TaskInstance: tiki_beauty_lakehouse_pipeline.transform_gold manual__2026-06-13T19:38:26.307374+00:00 [queued]>
[2026-06-13T19:41:34.288+0000] {taskinstance.py:1956} INFO - Dependencies all met for dep_context=requeueable deps ti=<TaskInstance: tiki_beauty_lakehouse_pipeline.transform_gold manual__2026-06-13T19:38:26.307374+00:00 [queued]>
[2026-06-13T19:41:34.289+0000] {taskinstance.py:2170} INFO - Starting attempt 1 of 3
[2026-06-13T19:41:34.314+0000] {taskinstance.py:2191} INFO - Executing <Task(BashOperator): transform_gold> on 2026-06-13 19:38:26.307374+00:00
[2026-06-13T19:41:34.321+0000] {standard_task_runner.py:60} INFO - Started process 9525 to run task
[2026-06-13T19:41:34.326+0000] {standard_task_runner.py:87} INFO - Running: ['airflow', 'tasks', 'run', 'tiki_beauty_lakehouse_pipeline', 'transform_gold', 'manual__2026-06-13T19:38:26.307374+00:00', '--job-id', '154', '--raw', '--subdir', 'DAGS_FOLDER/tiki_pipeline_dag.py', '--cfg-path', '/tmp/tmpon7fl4ey']
[2026-06-13T19:41:34.329+0000] {standard_task_runner.py:88} INFO - Job 154: Subtask transform_gold
[2026-06-13T19:41:34.469+0000] {task_command.py:423} INFO - Running <TaskInstance: tiki_beauty_lakehouse_pipeline.transform_gold manual__2026-06-13T19:38:26.307374+00:00 [running]> on host c014a76b1489
[2026-06-13T19:41:34.692+0000] {taskinstance.py:2480} INFO - Exporting env vars: AIRFLOW_CTX_DAG_OWNER='anhtaizz' AIRFLOW_CTX_DAG_ID='tiki_beauty_lakehouse_pipeline' AIRFLOW_CTX_TASK_ID='transform_gold' AIRFLOW_CTX_EXECUTION_DATE='2026-06-13T19:38:26.307374+00:00' AIRFLOW_CTX_TRY_NUMBER='1' AIRFLOW_CTX_DAG_RUN_ID='manual__2026-06-13T19:38:26.307374+00:00'
[2026-06-13T19:41:34.694+0000] {subprocess.py:63} INFO - Tmp dir root location: /tmp
[2026-06-13T19:41:34.696+0000] {subprocess.py:75} INFO - Running command: ['/usr/bin/bash', '-c', '\n            echo "Running Gold transformation ..."\n            docker exec tiki_spark_crawler \\\n                /opt/conda/bin/python /home/jovyan/work/src/jobs/tiki_gold.py\n        ']
[2026-06-13T19:41:34.705+0000] {subprocess.py:86} INFO - Output:
[2026-06-13T19:41:34.709+0000] {subprocess.py:93} INFO - Running Gold transformation ...
[2026-06-13T19:41:35.587+0000] {subprocess.py:93} INFO - 2026-06-13 19:41:35,584 - __main__ - INFO - ============================================================
[2026-06-13T19:41:35.588+0000] {subprocess.py:93} INFO - 2026-06-13 19:41:35,585 - __main__ - INFO - Starting Tiki GOLD layer pipeline
[2026-06-13T19:41:35.589+0000] {subprocess.py:93} INFO - 2026-06-13 19:41:35,585 - __main__ - INFO - Target Postgres: reporting-postgres / reporting
[2026-06-13T19:41:35.590+0000] {subprocess.py:93} INFO - 2026-06-13 19:41:35,585 - __main__ - INFO - ============================================================
[2026-06-13T19:41:37.209+0000] {subprocess.py:93} INFO - :: loading settings :: url = jar:file:/usr/local/spark-3.5.0-bin-hadoop3/jars/ivy-2.5.1.jar!/org/apache/ivy/core/settings/ivysettings.xml
[2026-06-13T19:41:37.273+0000] {subprocess.py:93} INFO - Ivy Default Cache set to: /root/.ivy2/cache
[2026-06-13T19:41:37.274+0000] {subprocess.py:93} INFO - The jars for the packages stored in: /root/.ivy2/jars
[2026-06-13T19:41:37.280+0000] {subprocess.py:93} INFO - org.apache.iceberg#iceberg-spark-runtime-3.5_2.12 added as a dependency
[2026-06-13T19:41:37.281+0000] {subprocess.py:93} INFO - org.apache.hadoop#hadoop-aws added as a dependency
[2026-06-13T19:41:37.282+0000] {subprocess.py:93} INFO - com.amazonaws#aws-java-sdk-bundle added as a dependency
[2026-06-13T19:41:37.283+0000] {subprocess.py:93} INFO - org.postgresql#postgresql added as a dependency
[2026-06-13T19:41:37.283+0000] {subprocess.py:93} INFO - :: resolving dependencies :: org.apache.spark#spark-submit-parent-07043c9f-df71-4f3d-90c8-b0821579eb35;1.0
[2026-06-13T19:41:37.285+0000] {subprocess.py:93} INFO - 	confs: [default]
[2026-06-13T19:41:37.401+0000] {subprocess.py:93} INFO - 	found org.apache.iceberg#iceberg-spark-runtime-3.5_2.12;1.6.0 in central
[2026-06-13T19:41:37.463+0000] {subprocess.py:93} INFO - 	found org.apache.hadoop#hadoop-aws;3.3.4 in central
[2026-06-13T19:41:37.487+0000] {subprocess.py:93} INFO - 	found com.amazonaws#aws-java-sdk-bundle;1.12.262 in central
[2026-06-13T19:41:37.508+0000] {subprocess.py:93} INFO - 	found org.wildfly.openssl#wildfly-openssl;1.0.7.Final in central
[2026-06-13T19:41:37.529+0000] {subprocess.py:93} INFO - 	found org.postgresql#postgresql;42.7.3 in central
[2026-06-13T19:41:37.546+0000] {subprocess.py:93} INFO - 	found org.checkerframework#checker-qual;3.42.0 in central
[2026-06-13T19:41:37.572+0000] {subprocess.py:93} INFO - :: resolution report :: resolve 280ms :: artifacts dl 10ms
[2026-06-13T19:41:37.574+0000] {subprocess.py:93} INFO - 	:: modules in use:
[2026-06-13T19:41:37.575+0000] {subprocess.py:93} INFO - 	com.amazonaws#aws-java-sdk-bundle;1.12.262 from central in [default]
[2026-06-13T19:41:37.575+0000] {subprocess.py:93} INFO - 	org.apache.hadoop#hadoop-aws;3.3.4 from central in [default]
[2026-06-13T19:41:37.576+0000] {subprocess.py:93} INFO - 	org.apache.iceberg#iceberg-spark-runtime-3.5_2.12;1.6.0 from central in [default]
[2026-06-13T19:41:37.577+0000] {subprocess.py:93} INFO - 	org.checkerframework#checker-qual;3.42.0 from central in [default]
[2026-06-13T19:41:37.577+0000] {subprocess.py:93} INFO - 	org.postgresql#postgresql;42.7.3 from central in [default]
[2026-06-13T19:41:37.578+0000] {subprocess.py:93} INFO - 	org.wildfly.openssl#wildfly-openssl;1.0.7.Final from central in [default]
[2026-06-13T19:41:37.579+0000] {subprocess.py:93} INFO - 	---------------------------------------------------------------------
[2026-06-13T19:41:37.579+0000] {subprocess.py:93} INFO - 	|                  |            modules            ||   artifacts   |
[2026-06-13T19:41:37.580+0000] {subprocess.py:93} INFO - 	|       conf       | number| search|dwnlded|evicted|| number|dwnlded|
[2026-06-13T19:41:37.581+0000] {subprocess.py:93} INFO - 	---------------------------------------------------------------------
[2026-06-13T19:41:37.582+0000] {subprocess.py:93} INFO - 	|      default     |   6   |   0   |   0   |   0   ||   6   |   0   |
[2026-06-13T19:41:37.582+0000] {subprocess.py:93} INFO - 	---------------------------------------------------------------------
[2026-06-13T19:41:37.583+0000] {subprocess.py:93} INFO - :: retrieving :: org.apache.spark#spark-submit-parent-07043c9f-df71-4f3d-90c8-b0821579eb35
[2026-06-13T19:41:37.584+0000] {subprocess.py:93} INFO - 	confs: [default]
[2026-06-13T19:41:37.591+0000] {subprocess.py:93} INFO - 	0 artifacts copied, 6 already retrieved (0kB/10ms)
[2026-06-13T19:41:37.896+0000] {subprocess.py:93} INFO - 26/06/13 19:41:37 WARN NativeCodeLoader: Unable to load native-hadoop library for your platform... using builtin-java classes where applicable
[2026-06-13T19:41:38.113+0000] {subprocess.py:93} INFO - Setting default log level to "WARN".
[2026-06-13T19:41:38.115+0000] {subprocess.py:93} INFO - To adjust logging level use sc.setLogLevel(newLevel). For SparkR, use setLogLevel(newLevel).
[2026-06-13T19:41:39.173+0000] {subprocess.py:93} INFO - 26/06/13 19:41:39 WARN Utils: Service 'SparkUI' could not bind on port 4040. Attempting port 4041.
[2026-06-13T19:41:44.102+0000] {subprocess.py:93} INFO - 26/06/13 19:41:44 WARN MetricsConfig: Cannot locate configuration: tried hadoop-metrics2-s3a-file-system.properties,hadoop-metrics2.properties
[2026-06-13T19:41:45.190+0000] {subprocess.py:93} INFO - 2026-06-13 19:41:45,187 - __main__ - INFO - Computing gold.brand_performance ...
[2026-06-13T19:41:45.994+0000] {subprocess.py:93} INFO - 2026-06-13 19:41:45,975 - __main__ - INFO - Writing Iceberg Gold table: local_catalog.tiki_gold.brand_performance
[2026-06-13T19:41:53.744+0000] {subprocess.py:93} INFO - [Stage 0:>                                                          (0 + 3) / 3]                                                                                [Stage 12:>                                                         (0 + 1) / 1]                                                                                2026-06-13 19:41:53,741 - __main__ - INFO - Iceberg write complete: local_catalog.tiki_gold.brand_performance
[2026-06-13T19:41:53.746+0000] {subprocess.py:93} INFO - 2026-06-13 19:41:53,742 - __main__ - INFO - Writing Reporting Postgres table: brand_performance
[2026-06-13T19:41:58.299+0000] {subprocess.py:93} INFO - [Stage 13:===================>                                      (1 + 2) / 3]                                                                                [Stage 25:>                                                         (0 + 1) / 1]                                                                                2026-06-13 19:41:58,295 - __main__ - INFO - Postgres write complete: brand_performance
[2026-06-13T19:41:58.301+0000] {subprocess.py:93} INFO - 2026-06-13 19:41:58,296 - __main__ - INFO - Computing gold.price_trend ...
[2026-06-13T19:41:58.477+0000] {subprocess.py:93} INFO - 2026-06-13 19:41:58,473 - __main__ - INFO - Writing Iceberg Gold table: local_catalog.tiki_gold.price_trend
[2026-06-13T19:42:00.407+0000] {subprocess.py:93} INFO - 2026-06-13 19:42:00,404 - __main__ - INFO - Iceberg write complete: local_catalog.tiki_gold.price_trend
[2026-06-13T19:42:00.410+0000] {subprocess.py:93} INFO - 2026-06-13 19:42:00,405 - __main__ - INFO - Writing Reporting Postgres table: price_trend
[2026-06-13T19:42:01.234+0000] {subprocess.py:93} INFO - 2026-06-13 19:42:01,232 - __main__ - INFO - Postgres write complete: price_trend
[2026-06-13T19:42:01.237+0000] {subprocess.py:93} INFO - 2026-06-13 19:42:01,232 - __main__ - INFO - Computing gold.discount_analysis ...
[2026-06-13T19:42:01.277+0000] {subprocess.py:93} INFO - 2026-06-13 19:42:01,275 - __main__ - INFO - Writing Iceberg Gold table: local_catalog.tiki_gold.discount_analysis
[2026-06-13T19:42:02.640+0000] {subprocess.py:93} INFO - 2026-06-13 19:42:02,637 - __main__ - INFO - Iceberg write complete: local_catalog.tiki_gold.discount_analysis
[2026-06-13T19:42:02.641+0000] {subprocess.py:93} INFO - 2026-06-13 19:42:02,637 - __main__ - INFO - Writing Reporting Postgres table: discount_analysis
[2026-06-13T19:42:03.469+0000] {subprocess.py:93} INFO - 2026-06-13 19:42:03,467 - __main__ - INFO - Postgres write complete: discount_analysis
[2026-06-13T19:42:03.471+0000] {subprocess.py:93} INFO - 2026-06-13 19:42:03,467 - __main__ - INFO - Computing gold.top_products ...
[2026-06-13T19:42:03.579+0000] {subprocess.py:93} INFO - 2026-06-13 19:42:03,576 - __main__ - INFO - Writing Iceberg Gold table: local_catalog.tiki_gold.top_products
[2026-06-13T19:42:04.391+0000] {subprocess.py:93} INFO - 2026-06-13 19:42:04,388 - __main__ - INFO - Iceberg write complete: local_catalog.tiki_gold.top_products
[2026-06-13T19:42:04.392+0000] {subprocess.py:93} INFO - 2026-06-13 19:42:04,388 - __main__ - INFO - Writing Reporting Postgres table: top_products
[2026-06-13T19:42:04.863+0000] {subprocess.py:93} INFO - 2026-06-13 19:42:04,860 - __main__ - INFO - Postgres write complete: top_products
[2026-06-13T19:42:04.865+0000] {subprocess.py:93} INFO - 2026-06-13 19:42:04,861 - __main__ - INFO - Computing gold.daily_summary ...
[2026-06-13T19:42:04.922+0000] {subprocess.py:93} INFO - 2026-06-13 19:42:04,921 - __main__ - INFO - Writing Iceberg Gold table: local_catalog.tiki_gold.daily_summary
[2026-06-13T19:42:05.917+0000] {subprocess.py:93} INFO - 2026-06-13 19:42:05,915 - __main__ - INFO - Iceberg write complete: local_catalog.tiki_gold.daily_summary
[2026-06-13T19:42:05.922+0000] {subprocess.py:93} INFO - 2026-06-13 19:42:05,915 - __main__ - INFO - Writing Reporting Postgres table: daily_summary
[2026-06-13T19:42:06.363+0000] {subprocess.py:93} INFO - 2026-06-13 19:42:06,361 - __main__ - INFO - Postgres write complete: daily_summary
[2026-06-13T19:42:06.365+0000] {subprocess.py:93} INFO - 2026-06-13 19:42:06,361 - __main__ - INFO - ============================================================
[2026-06-13T19:42:06.366+0000] {subprocess.py:93} INFO - 2026-06-13 19:42:06,361 - __main__ - INFO - Gold pipeline completed successfully!
[2026-06-13T19:42:06.367+0000] {subprocess.py:93} INFO - 2026-06-13 19:42:06,361 - __main__ - INFO - Superset dashboard sẽ tự refresh khi query lại Postgres.
[2026-06-13T19:42:06.368+0000] {subprocess.py:93} INFO - 2026-06-13 19:42:06,361 - __main__ - INFO - ============================================================
[2026-06-13T19:42:07.468+0000] {subprocess.py:97} INFO - Command exited with return code 0
[2026-06-13T19:42:07.512+0000] {taskinstance.py:1138} INFO - Marking task as SUCCESS. dag_id=tiki_beauty_lakehouse_pipeline, task_id=transform_gold, execution_date=20260613T193826, start_date=20260613T194134, end_date=20260613T194207
[2026-06-13T19:42:07.550+0000] {local_task_job_runner.py:234} INFO - Task exited with return code 0
[2026-06-13T19:42:07.574+0000] {taskinstance.py:3280} INFO - 0 downstream tasks scheduled from follow-on schedule check
