[2026-06-13T21:00:02.582+0000] {taskinstance.py:1956} INFO - Dependencies all met for dep_context=non-requeueable deps ti=<TaskInstance: tiki_gold_hourly_refresh.refresh_gold_tables scheduled__2026-06-13T20:00:00+00:00 [queued]>
[2026-06-13T21:00:02.611+0000] {taskinstance.py:1956} INFO - Dependencies all met for dep_context=requeueable deps ti=<TaskInstance: tiki_gold_hourly_refresh.refresh_gold_tables scheduled__2026-06-13T20:00:00+00:00 [queued]>
[2026-06-13T21:00:02.612+0000] {taskinstance.py:2170} INFO - Starting attempt 1 of 2
[2026-06-13T21:00:02.649+0000] {taskinstance.py:2191} INFO - Executing <Task(BashOperator): refresh_gold_tables> on 2026-06-13 20:00:00+00:00
[2026-06-13T21:00:02.654+0000] {standard_task_runner.py:60} INFO - Started process 11074 to run task
[2026-06-13T21:00:02.659+0000] {standard_task_runner.py:87} INFO - Running: ['airflow', 'tasks', 'run', 'tiki_gold_hourly_refresh', 'refresh_gold_tables', 'scheduled__2026-06-13T20:00:00+00:00', '--job-id', '156', '--raw', '--subdir', 'DAGS_FOLDER/tiki_gold_hourly_dag.py', '--cfg-path', '/tmp/tmposqwd8ro']
[2026-06-13T21:00:02.664+0000] {standard_task_runner.py:88} INFO - Job 156: Subtask refresh_gold_tables
[2026-06-13T21:00:02.828+0000] {task_command.py:423} INFO - Running <TaskInstance: tiki_gold_hourly_refresh.refresh_gold_tables scheduled__2026-06-13T20:00:00+00:00 [running]> on host c014a76b1489
[2026-06-13T21:00:03.052+0000] {taskinstance.py:2480} INFO - Exporting env vars: AIRFLOW_CTX_DAG_OWNER='anhtaizz' AIRFLOW_CTX_DAG_ID='tiki_gold_hourly_refresh' AIRFLOW_CTX_TASK_ID='refresh_gold_tables' AIRFLOW_CTX_EXECUTION_DATE='2026-06-13T20:00:00+00:00' AIRFLOW_CTX_TRY_NUMBER='1' AIRFLOW_CTX_DAG_RUN_ID='scheduled__2026-06-13T20:00:00+00:00'
[2026-06-13T21:00:03.058+0000] {subprocess.py:63} INFO - Tmp dir root location: /tmp
[2026-06-13T21:00:03.063+0000] {subprocess.py:75} INFO - Running command: ['/usr/bin/bash', '-c', '\n            echo "[$(date \'+%Y-%m-%d %H:%M:%S\')] Starting hourly Gold refresh ..."\n            docker exec tiki_spark_crawler \\\n                /opt/conda/bin/python /home/jovyan/work/src/jobs/tiki_gold.py\n            echo "[$(date \'+%Y-%m-%d %H:%M:%S\')] Gold refresh complete."\n        ']
[2026-06-13T21:00:03.082+0000] {subprocess.py:86} INFO - Output:
[2026-06-13T21:00:03.143+0000] {subprocess.py:93} INFO - [2026-06-13 21:00:03] Starting hourly Gold refresh ...
[2026-06-13T21:00:04.217+0000] {subprocess.py:93} INFO - 2026-06-13 21:00:04,214 - __main__ - INFO - ============================================================
[2026-06-13T21:00:04.218+0000] {subprocess.py:93} INFO - 2026-06-13 21:00:04,214 - __main__ - INFO - Starting Tiki GOLD layer pipeline
[2026-06-13T21:00:04.219+0000] {subprocess.py:93} INFO - 2026-06-13 21:00:04,214 - __main__ - INFO - Target Postgres: reporting-postgres / reporting
[2026-06-13T21:00:04.220+0000] {subprocess.py:93} INFO - 2026-06-13 21:00:04,214 - __main__ - INFO - ============================================================
[2026-06-13T21:00:06.103+0000] {subprocess.py:93} INFO - :: loading settings :: url = jar:file:/usr/local/spark-3.5.0-bin-hadoop3/jars/ivy-2.5.1.jar!/org/apache/ivy/core/settings/ivysettings.xml
[2026-06-13T21:00:06.173+0000] {subprocess.py:93} INFO - Ivy Default Cache set to: /root/.ivy2/cache
[2026-06-13T21:00:06.174+0000] {subprocess.py:93} INFO - The jars for the packages stored in: /root/.ivy2/jars
[2026-06-13T21:00:06.179+0000] {subprocess.py:93} INFO - org.apache.iceberg#iceberg-spark-runtime-3.5_2.12 added as a dependency
[2026-06-13T21:00:06.180+0000] {subprocess.py:93} INFO - org.apache.hadoop#hadoop-aws added as a dependency
[2026-06-13T21:00:06.181+0000] {subprocess.py:93} INFO - com.amazonaws#aws-java-sdk-bundle added as a dependency
[2026-06-13T21:00:06.182+0000] {subprocess.py:93} INFO - org.postgresql#postgresql added as a dependency
[2026-06-13T21:00:06.183+0000] {subprocess.py:93} INFO - :: resolving dependencies :: org.apache.spark#spark-submit-parent-b8e973d1-2856-45e9-b8fa-c93b29ae296e;1.0
[2026-06-13T21:00:06.184+0000] {subprocess.py:93} INFO - 	confs: [default]
[2026-06-13T21:00:06.320+0000] {subprocess.py:93} INFO - 	found org.apache.iceberg#iceberg-spark-runtime-3.5_2.12;1.6.0 in central
[2026-06-13T21:00:06.380+0000] {subprocess.py:93} INFO - 	found org.apache.hadoop#hadoop-aws;3.3.4 in central
[2026-06-13T21:00:06.398+0000] {subprocess.py:93} INFO - 	found com.amazonaws#aws-java-sdk-bundle;1.12.262 in central
[2026-06-13T21:00:06.414+0000] {subprocess.py:93} INFO - 	found org.wildfly.openssl#wildfly-openssl;1.0.7.Final in central
[2026-06-13T21:00:06.429+0000] {subprocess.py:93} INFO - 	found org.postgresql#postgresql;42.7.3 in central
[2026-06-13T21:00:06.442+0000] {subprocess.py:93} INFO - 	found org.checkerframework#checker-qual;3.42.0 in central
[2026-06-13T21:00:06.464+0000] {subprocess.py:93} INFO - :: resolution report :: resolve 274ms :: artifacts dl 9ms
[2026-06-13T21:00:06.466+0000] {subprocess.py:93} INFO - 	:: modules in use:
[2026-06-13T21:00:06.466+0000] {subprocess.py:93} INFO - 	com.amazonaws#aws-java-sdk-bundle;1.12.262 from central in [default]
[2026-06-13T21:00:06.467+0000] {subprocess.py:93} INFO - 	org.apache.hadoop#hadoop-aws;3.3.4 from central in [default]
[2026-06-13T21:00:06.468+0000] {subprocess.py:93} INFO - 	org.apache.iceberg#iceberg-spark-runtime-3.5_2.12;1.6.0 from central in [default]
[2026-06-13T21:00:06.468+0000] {subprocess.py:93} INFO - 	org.checkerframework#checker-qual;3.42.0 from central in [default]
[2026-06-13T21:00:06.469+0000] {subprocess.py:93} INFO - 	org.postgresql#postgresql;42.7.3 from central in [default]
[2026-06-13T21:00:06.471+0000] {subprocess.py:93} INFO - 	org.wildfly.openssl#wildfly-openssl;1.0.7.Final from central in [default]
[2026-06-13T21:00:06.471+0000] {subprocess.py:93} INFO - 	---------------------------------------------------------------------
[2026-06-13T21:00:06.476+0000] {subprocess.py:93} INFO - 	|                  |            modules            ||   artifacts   |
[2026-06-13T21:00:06.477+0000] {subprocess.py:93} INFO - 	|       conf       | number| search|dwnlded|evicted|| number|dwnlded|
[2026-06-13T21:00:06.478+0000] {subprocess.py:93} INFO - 	---------------------------------------------------------------------
[2026-06-13T21:00:06.479+0000] {subprocess.py:93} INFO - 	|      default     |   6   |   0   |   0   |   0   ||   6   |   0   |
[2026-06-13T21:00:06.480+0000] {subprocess.py:93} INFO - 	---------------------------------------------------------------------
[2026-06-13T21:00:06.481+0000] {subprocess.py:93} INFO - :: retrieving :: org.apache.spark#spark-submit-parent-b8e973d1-2856-45e9-b8fa-c93b29ae296e
[2026-06-13T21:00:06.482+0000] {subprocess.py:93} INFO - 	confs: [default]
[2026-06-13T21:00:06.482+0000] {subprocess.py:93} INFO - 	0 artifacts copied, 6 already retrieved (0kB/9ms)
[2026-06-13T21:00:06.794+0000] {subprocess.py:93} INFO - 26/06/13 21:00:06 WARN NativeCodeLoader: Unable to load native-hadoop library for your platform... using builtin-java classes where applicable
[2026-06-13T21:00:07.264+0000] {subprocess.py:93} INFO - Setting default log level to "WARN".
[2026-06-13T21:00:07.266+0000] {subprocess.py:93} INFO - To adjust logging level use sc.setLogLevel(newLevel). For SparkR, use setLogLevel(newLevel).
[2026-06-13T21:00:08.378+0000] {subprocess.py:93} INFO - 26/06/13 21:00:08 WARN Utils: Service 'SparkUI' could not bind on port 4040. Attempting port 4041.
[2026-06-13T21:00:08.379+0000] {subprocess.py:93} INFO - 26/06/13 21:00:08 WARN Utils: Service 'SparkUI' could not bind on port 4041. Attempting port 4042.
[2026-06-13T21:00:35.316+0000] {subprocess.py:93} INFO - 26/06/13 21:00:35 WARN MetricsConfig: Cannot locate configuration: tried hadoop-metrics2-s3a-file-system.properties,hadoop-metrics2.properties
[2026-06-13T21:00:36.649+0000] {subprocess.py:93} INFO - 2026-06-13 21:00:36,644 - __main__ - INFO - Computing gold.brand_performance ...
[2026-06-13T21:00:37.458+0000] {subprocess.py:93} INFO - 2026-06-13 21:00:37,455 - __main__ - INFO - Writing Iceberg Gold table: local_catalog.tiki_gold.brand_performance
[2026-06-13T21:00:45.097+0000] {subprocess.py:93} INFO - [Stage 0:>                                                          (0 + 3) / 3]                                                                                2026-06-13 21:00:45,093 - __main__ - INFO - Iceberg write complete: local_catalog.tiki_gold.brand_performance
[2026-06-13T21:00:45.099+0000] {subprocess.py:93} INFO - 2026-06-13 21:00:45,093 - __main__ - INFO - Writing Reporting Postgres table: brand_performance
[2026-06-13T21:00:47.389+0000] {subprocess.py:93} INFO - [Stage 25:>                                                         (0 + 1) / 1]                                                                                2026-06-13 21:00:47,387 - __main__ - INFO - Postgres write complete: brand_performance
[2026-06-13T21:00:47.390+0000] {subprocess.py:93} INFO - 2026-06-13 21:00:47,387 - __main__ - INFO - Computing gold.price_trend ...
[2026-06-13T21:00:47.451+0000] {subprocess.py:93} INFO - 2026-06-13 21:00:47,449 - __main__ - INFO - Writing Iceberg Gold table: local_catalog.tiki_gold.price_trend
[2026-06-13T21:00:48.744+0000] {subprocess.py:93} INFO - 2026-06-13 21:00:48,740 - __main__ - INFO - Iceberg write complete: local_catalog.tiki_gold.price_trend
[2026-06-13T21:00:48.745+0000] {subprocess.py:93} INFO - 2026-06-13 21:00:48,741 - __main__ - INFO - Writing Reporting Postgres table: price_trend
[2026-06-13T21:00:49.345+0000] {subprocess.py:93} INFO - 2026-06-13 21:00:49,343 - __main__ - INFO - Postgres write complete: price_trend
[2026-06-13T21:00:49.347+0000] {subprocess.py:93} INFO - 2026-06-13 21:00:49,343 - __main__ - INFO - Computing gold.discount_analysis ...
[2026-06-13T21:00:49.392+0000] {subprocess.py:93} INFO - 2026-06-13 21:00:49,390 - __main__ - INFO - Writing Iceberg Gold table: local_catalog.tiki_gold.discount_analysis
[2026-06-13T21:00:50.958+0000] {subprocess.py:93} INFO - 2026-06-13 21:00:50,951 - __main__ - INFO - Iceberg write complete: local_catalog.tiki_gold.discount_analysis
[2026-06-13T21:00:50.961+0000] {subprocess.py:93} INFO - 2026-06-13 21:00:50,951 - __main__ - INFO - Writing Reporting Postgres table: discount_analysis
[2026-06-13T21:00:51.797+0000] {subprocess.py:93} INFO - 2026-06-13 21:00:51,795 - __main__ - INFO - Postgres write complete: discount_analysis
[2026-06-13T21:00:51.798+0000] {subprocess.py:93} INFO - 2026-06-13 21:00:51,795 - __main__ - INFO - Computing gold.top_products ...
[2026-06-13T21:00:51.874+0000] {subprocess.py:93} INFO - 2026-06-13 21:00:51,872 - __main__ - INFO - Writing Iceberg Gold table: local_catalog.tiki_gold.top_products
[2026-06-13T21:00:52.819+0000] {subprocess.py:93} INFO - 2026-06-13 21:00:52,812 - __main__ - INFO - Iceberg write complete: local_catalog.tiki_gold.top_products
[2026-06-13T21:00:52.823+0000] {subprocess.py:93} INFO - 2026-06-13 21:00:52,813 - __main__ - INFO - Writing Reporting Postgres table: top_products
[2026-06-13T21:00:53.385+0000] {subprocess.py:93} INFO - 2026-06-13 21:00:53,382 - __main__ - INFO - Postgres write complete: top_products
[2026-06-13T21:00:53.386+0000] {subprocess.py:93} INFO - 2026-06-13 21:00:53,382 - __main__ - INFO - Computing gold.daily_summary ...
[2026-06-13T21:00:53.463+0000] {subprocess.py:93} INFO - 2026-06-13 21:00:53,461 - __main__ - INFO - Writing Iceberg Gold table: local_catalog.tiki_gold.daily_summary
[2026-06-13T21:00:55.017+0000] {subprocess.py:93} INFO - 2026-06-13 21:00:55,015 - __main__ - INFO - Iceberg write complete: local_catalog.tiki_gold.daily_summary
[2026-06-13T21:00:55.018+0000] {subprocess.py:93} INFO - 2026-06-13 21:00:55,015 - __main__ - INFO - Writing Reporting Postgres table: daily_summary
[2026-06-13T21:00:55.615+0000] {subprocess.py:93} INFO - 2026-06-13 21:00:55,613 - __main__ - INFO - Postgres write complete: daily_summary
[2026-06-13T21:00:55.617+0000] {subprocess.py:93} INFO - 2026-06-13 21:00:55,614 - __main__ - INFO - ============================================================
[2026-06-13T21:00:55.617+0000] {subprocess.py:93} INFO - 2026-06-13 21:00:55,614 - __main__ - INFO - Gold pipeline completed successfully!
[2026-06-13T21:00:55.618+0000] {subprocess.py:93} INFO - 2026-06-13 21:00:55,614 - __main__ - INFO - Superset dashboard sẽ tự refresh khi query lại Postgres.
[2026-06-13T21:00:55.619+0000] {subprocess.py:93} INFO - 2026-06-13 21:00:55,614 - __main__ - INFO - ============================================================
[2026-06-13T21:00:56.599+0000] {subprocess.py:93} INFO - [2026-06-13 21:00:56] Gold refresh complete.
[2026-06-13T21:00:56.601+0000] {subprocess.py:97} INFO - Command exited with return code 0
[2026-06-13T21:00:56.644+0000] {taskinstance.py:1138} INFO - Marking task as SUCCESS. dag_id=tiki_gold_hourly_refresh, task_id=refresh_gold_tables, execution_date=20260613T200000, start_date=20260613T210002, end_date=20260613T210056
[2026-06-13T21:00:56.719+0000] {local_task_job_runner.py:234} INFO - Task exited with return code 0
[2026-06-13T21:00:56.767+0000] {taskinstance.py:3280} INFO - 0 downstream tasks scheduled from follow-on schedule check
