[2026-06-05T07:58:36.246+0000] {processor.py:161} INFO - Started process (PID=173) to work on /opt/airflow/dags/tiki_pipeline_dag.py
[2026-06-05T07:58:36.248+0000] {processor.py:830} INFO - Processing file /opt/airflow/dags/tiki_pipeline_dag.py for tasks to queue
[2026-06-05T07:58:36.250+0000] {logging_mixin.py:188} INFO - [2026-06-05T07:58:36.250+0000] {dagbag.py:538} INFO - Filling up the DagBag from /opt/airflow/dags/tiki_pipeline_dag.py
[2026-06-05T07:58:36.287+0000] {processor.py:840} INFO - DAG(s) 'tiki_beauty_lakehouse_pipeline' retrieved from /opt/airflow/dags/tiki_pipeline_dag.py
[2026-06-05T07:58:36.452+0000] {logging_mixin.py:188} INFO - [2026-06-05T07:58:36.452+0000] {dag.py:3036} INFO - Sync 1 DAGs
[2026-06-05T07:58:36.477+0000] {logging_mixin.py:188} INFO - [2026-06-05T07:58:36.476+0000] {dag.py:3823} INFO - Setting next_dagrun for tiki_beauty_lakehouse_pipeline to 2026-06-04 08:00:00+00:00, run_after=2026-06-05 08:00:00+00:00
[2026-06-05T07:58:36.514+0000] {processor.py:183} INFO - Processing /opt/airflow/dags/tiki_pipeline_dag.py took 0.270 seconds
[2026-06-05T07:59:06.828+0000] {processor.py:161} INFO - Started process (PID=178) to work on /opt/airflow/dags/tiki_pipeline_dag.py
[2026-06-05T07:59:06.836+0000] {processor.py:830} INFO - Processing file /opt/airflow/dags/tiki_pipeline_dag.py for tasks to queue
[2026-06-05T07:59:06.841+0000] {logging_mixin.py:188} INFO - [2026-06-05T07:59:06.841+0000] {dagbag.py:538} INFO - Filling up the DagBag from /opt/airflow/dags/tiki_pipeline_dag.py
[2026-06-05T07:59:06.919+0000] {processor.py:840} INFO - DAG(s) 'tiki_beauty_lakehouse_pipeline' retrieved from /opt/airflow/dags/tiki_pipeline_dag.py
[2026-06-05T07:59:06.961+0000] {logging_mixin.py:188} INFO - [2026-06-05T07:59:06.961+0000] {dag.py:3036} INFO - Sync 1 DAGs
[2026-06-05T07:59:06.987+0000] {logging_mixin.py:188} INFO - [2026-06-05T07:59:06.987+0000] {dag.py:3823} INFO - Setting next_dagrun for tiki_beauty_lakehouse_pipeline to 2026-06-04 08:00:00+00:00, run_after=2026-06-05 08:00:00+00:00
[2026-06-05T07:59:07.013+0000] {processor.py:183} INFO - Processing /opt/airflow/dags/tiki_pipeline_dag.py took 0.194 seconds
[2026-06-05T07:59:37.711+0000] {processor.py:161} INFO - Started process (PID=183) to work on /opt/airflow/dags/tiki_pipeline_dag.py
[2026-06-05T07:59:37.714+0000] {processor.py:830} INFO - Processing file /opt/airflow/dags/tiki_pipeline_dag.py for tasks to queue
[2026-06-05T07:59:37.716+0000] {logging_mixin.py:188} INFO - [2026-06-05T07:59:37.716+0000] {dagbag.py:538} INFO - Filling up the DagBag from /opt/airflow/dags/tiki_pipeline_dag.py
[2026-06-05T07:59:37.806+0000] {processor.py:840} INFO - DAG(s) 'tiki_beauty_lakehouse_pipeline' retrieved from /opt/airflow/dags/tiki_pipeline_dag.py
[2026-06-05T07:59:37.837+0000] {logging_mixin.py:188} INFO - [2026-06-05T07:59:37.837+0000] {dag.py:3036} INFO - Sync 1 DAGs
[2026-06-05T07:59:37.867+0000] {logging_mixin.py:188} INFO - [2026-06-05T07:59:37.866+0000] {dag.py:3823} INFO - Setting next_dagrun for tiki_beauty_lakehouse_pipeline to 2026-06-04 08:00:00+00:00, run_after=2026-06-05 08:00:00+00:00
[2026-06-05T07:59:37.905+0000] {processor.py:183} INFO - Processing /opt/airflow/dags/tiki_pipeline_dag.py took 0.201 seconds
[2026-06-05T08:00:08.243+0000] {processor.py:161} INFO - Started process (PID=196) to work on /opt/airflow/dags/tiki_pipeline_dag.py
[2026-06-05T08:00:08.247+0000] {processor.py:830} INFO - Processing file /opt/airflow/dags/tiki_pipeline_dag.py for tasks to queue
[2026-06-05T08:00:08.253+0000] {logging_mixin.py:188} INFO - [2026-06-05T08:00:08.252+0000] {dagbag.py:538} INFO - Filling up the DagBag from /opt/airflow/dags/tiki_pipeline_dag.py
[2026-06-05T08:00:08.404+0000] {processor.py:840} INFO - DAG(s) 'tiki_beauty_lakehouse_pipeline' retrieved from /opt/airflow/dags/tiki_pipeline_dag.py
[2026-06-05T08:00:08.434+0000] {logging_mixin.py:188} INFO - [2026-06-05T08:00:08.434+0000] {dag.py:3036} INFO - Sync 1 DAGs
[2026-06-05T08:00:08.459+0000] {logging_mixin.py:188} INFO - [2026-06-05T08:00:08.459+0000] {dag.py:3823} INFO - Setting next_dagrun for tiki_beauty_lakehouse_pipeline to 2026-06-05 08:00:00+00:00, run_after=2026-06-06 08:00:00+00:00
[2026-06-05T08:00:08.488+0000] {processor.py:183} INFO - Processing /opt/airflow/dags/tiki_pipeline_dag.py took 0.267 seconds
[2026-06-05T08:00:39.075+0000] {processor.py:161} INFO - Started process (PID=219) to work on /opt/airflow/dags/tiki_pipeline_dag.py
[2026-06-05T08:00:39.076+0000] {processor.py:830} INFO - Processing file /opt/airflow/dags/tiki_pipeline_dag.py for tasks to queue
[2026-06-05T08:00:39.078+0000] {logging_mixin.py:188} INFO - [2026-06-05T08:00:39.078+0000] {dagbag.py:538} INFO - Filling up the DagBag from /opt/airflow/dags/tiki_pipeline_dag.py
[2026-06-05T08:00:39.120+0000] {processor.py:840} INFO - DAG(s) 'tiki_beauty_lakehouse_pipeline' retrieved from /opt/airflow/dags/tiki_pipeline_dag.py
[2026-06-05T08:00:39.153+0000] {logging_mixin.py:188} INFO - [2026-06-05T08:00:39.153+0000] {dag.py:3036} INFO - Sync 1 DAGs
[2026-06-05T08:00:39.181+0000] {logging_mixin.py:188} INFO - [2026-06-05T08:00:39.181+0000] {dag.py:3823} INFO - Setting next_dagrun for tiki_beauty_lakehouse_pipeline to 2026-06-05 08:00:00+00:00, run_after=2026-06-06 08:00:00+00:00
[2026-06-05T08:00:39.216+0000] {processor.py:183} INFO - Processing /opt/airflow/dags/tiki_pipeline_dag.py took 0.145 seconds
[2026-06-05T08:01:09.664+0000] {processor.py:161} INFO - Started process (PID=238) to work on /opt/airflow/dags/tiki_pipeline_dag.py
[2026-06-05T08:01:09.666+0000] {processor.py:830} INFO - Processing file /opt/airflow/dags/tiki_pipeline_dag.py for tasks to queue
[2026-06-05T08:01:09.667+0000] {logging_mixin.py:188} INFO - [2026-06-05T08:01:09.667+0000] {dagbag.py:538} INFO - Filling up the DagBag from /opt/airflow/dags/tiki_pipeline_dag.py
[2026-06-05T08:01:09.701+0000] {processor.py:840} INFO - DAG(s) 'tiki_beauty_lakehouse_pipeline' retrieved from /opt/airflow/dags/tiki_pipeline_dag.py
[2026-06-05T08:01:09.734+0000] {logging_mixin.py:188} INFO - [2026-06-05T08:01:09.734+0000] {dag.py:3036} INFO - Sync 1 DAGs
[2026-06-05T08:01:09.778+0000] {logging_mixin.py:188} INFO - [2026-06-05T08:01:09.778+0000] {dag.py:3823} INFO - Setting next_dagrun for tiki_beauty_lakehouse_pipeline to 2026-06-05 08:00:00+00:00, run_after=2026-06-06 08:00:00+00:00
[2026-06-05T08:01:09.804+0000] {processor.py:183} INFO - Processing /opt/airflow/dags/tiki_pipeline_dag.py took 0.143 seconds
[2026-06-05T08:01:40.300+0000] {processor.py:161} INFO - Started process (PID=260) to work on /opt/airflow/dags/tiki_pipeline_dag.py
[2026-06-05T08:01:40.302+0000] {processor.py:830} INFO - Processing file /opt/airflow/dags/tiki_pipeline_dag.py for tasks to queue
[2026-06-05T08:01:40.304+0000] {logging_mixin.py:188} INFO - [2026-06-05T08:01:40.303+0000] {dagbag.py:538} INFO - Filling up the DagBag from /opt/airflow/dags/tiki_pipeline_dag.py
[2026-06-05T08:01:40.352+0000] {processor.py:840} INFO - DAG(s) 'tiki_beauty_lakehouse_pipeline' retrieved from /opt/airflow/dags/tiki_pipeline_dag.py
[2026-06-05T08:01:40.379+0000] {logging_mixin.py:188} INFO - [2026-06-05T08:01:40.378+0000] {dag.py:3036} INFO - Sync 1 DAGs
[2026-06-05T08:01:40.428+0000] {logging_mixin.py:188} INFO - [2026-06-05T08:01:40.427+0000] {dag.py:3823} INFO - Setting next_dagrun for tiki_beauty_lakehouse_pipeline to 2026-06-05 08:00:00+00:00, run_after=2026-06-06 08:00:00+00:00
[2026-06-05T08:01:40.482+0000] {processor.py:183} INFO - Processing /opt/airflow/dags/tiki_pipeline_dag.py took 0.186 seconds
[2026-06-05T08:02:10.812+0000] {processor.py:161} INFO - Started process (PID=280) to work on /opt/airflow/dags/tiki_pipeline_dag.py
[2026-06-05T08:02:10.813+0000] {processor.py:830} INFO - Processing file /opt/airflow/dags/tiki_pipeline_dag.py for tasks to queue
[2026-06-05T08:02:10.814+0000] {logging_mixin.py:188} INFO - [2026-06-05T08:02:10.814+0000] {dagbag.py:538} INFO - Filling up the DagBag from /opt/airflow/dags/tiki_pipeline_dag.py
[2026-06-05T08:02:10.837+0000] {processor.py:840} INFO - DAG(s) 'tiki_beauty_lakehouse_pipeline' retrieved from /opt/airflow/dags/tiki_pipeline_dag.py
[2026-06-05T08:02:10.869+0000] {logging_mixin.py:188} INFO - [2026-06-05T08:02:10.869+0000] {dag.py:3036} INFO - Sync 1 DAGs
[2026-06-05T08:02:10.912+0000] {logging_mixin.py:188} INFO - [2026-06-05T08:02:10.912+0000] {dag.py:3823} INFO - Setting next_dagrun for tiki_beauty_lakehouse_pipeline to 2026-06-05 08:00:00+00:00, run_after=2026-06-06 08:00:00+00:00
[2026-06-05T08:02:10.954+0000] {processor.py:183} INFO - Processing /opt/airflow/dags/tiki_pipeline_dag.py took 0.146 seconds
[2026-06-05T08:02:41.444+0000] {processor.py:161} INFO - Started process (PID=301) to work on /opt/airflow/dags/tiki_pipeline_dag.py
[2026-06-05T08:02:41.449+0000] {processor.py:830} INFO - Processing file /opt/airflow/dags/tiki_pipeline_dag.py for tasks to queue
[2026-06-05T08:02:41.452+0000] {logging_mixin.py:188} INFO - [2026-06-05T08:02:41.452+0000] {dagbag.py:538} INFO - Filling up the DagBag from /opt/airflow/dags/tiki_pipeline_dag.py
[2026-06-05T08:02:41.613+0000] {processor.py:840} INFO - DAG(s) 'tiki_beauty_lakehouse_pipeline' retrieved from /opt/airflow/dags/tiki_pipeline_dag.py
[2026-06-05T08:02:41.641+0000] {logging_mixin.py:188} INFO - [2026-06-05T08:02:41.641+0000] {dag.py:3036} INFO - Sync 1 DAGs
[2026-06-05T08:02:41.666+0000] {logging_mixin.py:188} INFO - [2026-06-05T08:02:41.666+0000] {dag.py:3823} INFO - Setting next_dagrun for tiki_beauty_lakehouse_pipeline to 2026-06-05 08:00:00+00:00, run_after=2026-06-06 08:00:00+00:00
[2026-06-05T08:02:41.691+0000] {processor.py:183} INFO - Processing /opt/airflow/dags/tiki_pipeline_dag.py took 0.258 seconds
[2026-06-05T08:03:12.270+0000] {processor.py:161} INFO - Started process (PID=320) to work on /opt/airflow/dags/tiki_pipeline_dag.py
[2026-06-05T08:03:12.272+0000] {processor.py:830} INFO - Processing file /opt/airflow/dags/tiki_pipeline_dag.py for tasks to queue
[2026-06-05T08:03:12.274+0000] {logging_mixin.py:188} INFO - [2026-06-05T08:03:12.274+0000] {dagbag.py:538} INFO - Filling up the DagBag from /opt/airflow/dags/tiki_pipeline_dag.py
[2026-06-05T08:03:12.314+0000] {processor.py:840} INFO - DAG(s) 'tiki_beauty_lakehouse_pipeline' retrieved from /opt/airflow/dags/tiki_pipeline_dag.py
[2026-06-05T08:03:12.347+0000] {logging_mixin.py:188} INFO - [2026-06-05T08:03:12.347+0000] {dag.py:3036} INFO - Sync 1 DAGs
[2026-06-05T08:03:12.380+0000] {logging_mixin.py:188} INFO - [2026-06-05T08:03:12.380+0000] {dag.py:3823} INFO - Setting next_dagrun for tiki_beauty_lakehouse_pipeline to 2026-06-05 08:00:00+00:00, run_after=2026-06-06 08:00:00+00:00
[2026-06-05T08:03:12.438+0000] {processor.py:183} INFO - Processing /opt/airflow/dags/tiki_pipeline_dag.py took 0.175 seconds
[2026-06-05T08:03:42.898+0000] {processor.py:161} INFO - Started process (PID=340) to work on /opt/airflow/dags/tiki_pipeline_dag.py
[2026-06-05T08:03:42.899+0000] {processor.py:830} INFO - Processing file /opt/airflow/dags/tiki_pipeline_dag.py for tasks to queue
[2026-06-05T08:03:42.901+0000] {logging_mixin.py:188} INFO - [2026-06-05T08:03:42.900+0000] {dagbag.py:538} INFO - Filling up the DagBag from /opt/airflow/dags/tiki_pipeline_dag.py
[2026-06-05T08:03:42.970+0000] {processor.py:840} INFO - DAG(s) 'tiki_beauty_lakehouse_pipeline' retrieved from /opt/airflow/dags/tiki_pipeline_dag.py
[2026-06-05T08:03:43.004+0000] {logging_mixin.py:188} INFO - [2026-06-05T08:03:43.003+0000] {dag.py:3036} INFO - Sync 1 DAGs
[2026-06-05T08:03:43.028+0000] {logging_mixin.py:188} INFO - [2026-06-05T08:03:43.027+0000] {dag.py:3823} INFO - Setting next_dagrun for tiki_beauty_lakehouse_pipeline to 2026-06-05 08:00:00+00:00, run_after=2026-06-06 08:00:00+00:00
[2026-06-05T08:03:43.052+0000] {processor.py:183} INFO - Processing /opt/airflow/dags/tiki_pipeline_dag.py took 0.160 seconds
[2026-06-05T08:04:13.429+0000] {processor.py:161} INFO - Started process (PID=364) to work on /opt/airflow/dags/tiki_pipeline_dag.py
[2026-06-05T08:04:13.431+0000] {processor.py:830} INFO - Processing file /opt/airflow/dags/tiki_pipeline_dag.py for tasks to queue
[2026-06-05T08:04:13.433+0000] {logging_mixin.py:188} INFO - [2026-06-05T08:04:13.432+0000] {dagbag.py:538} INFO - Filling up the DagBag from /opt/airflow/dags/tiki_pipeline_dag.py
[2026-06-05T08:04:13.562+0000] {processor.py:840} INFO - DAG(s) 'tiki_beauty_lakehouse_pipeline' retrieved from /opt/airflow/dags/tiki_pipeline_dag.py
[2026-06-05T08:04:13.594+0000] {logging_mixin.py:188} INFO - [2026-06-05T08:04:13.593+0000] {dag.py:3036} INFO - Sync 1 DAGs
[2026-06-05T08:04:13.628+0000] {logging_mixin.py:188} INFO - [2026-06-05T08:04:13.627+0000] {dag.py:3823} INFO - Setting next_dagrun for tiki_beauty_lakehouse_pipeline to 2026-06-05 08:00:00+00:00, run_after=2026-06-06 08:00:00+00:00
[2026-06-05T08:04:13.674+0000] {processor.py:183} INFO - Processing /opt/airflow/dags/tiki_pipeline_dag.py took 0.250 seconds
[2026-06-05T08:04:44.273+0000] {processor.py:161} INFO - Started process (PID=397) to work on /opt/airflow/dags/tiki_pipeline_dag.py
[2026-06-05T08:04:44.277+0000] {processor.py:830} INFO - Processing file /opt/airflow/dags/tiki_pipeline_dag.py for tasks to queue
[2026-06-05T08:04:44.282+0000] {logging_mixin.py:188} INFO - [2026-06-05T08:04:44.281+0000] {dagbag.py:538} INFO - Filling up the DagBag from /opt/airflow/dags/tiki_pipeline_dag.py
[2026-06-05T08:04:44.431+0000] {processor.py:840} INFO - DAG(s) 'tiki_beauty_lakehouse_pipeline' retrieved from /opt/airflow/dags/tiki_pipeline_dag.py
[2026-06-05T08:04:44.478+0000] {logging_mixin.py:188} INFO - [2026-06-05T08:04:44.477+0000] {dag.py:3036} INFO - Sync 1 DAGs
[2026-06-05T08:04:44.520+0000] {logging_mixin.py:188} INFO - [2026-06-05T08:04:44.520+0000] {dag.py:3823} INFO - Setting next_dagrun for tiki_beauty_lakehouse_pipeline to 2026-06-05 08:00:00+00:00, run_after=2026-06-06 08:00:00+00:00
[2026-06-05T08:04:44.554+0000] {processor.py:183} INFO - Processing /opt/airflow/dags/tiki_pipeline_dag.py took 0.293 seconds
[2026-06-05T08:05:14.885+0000] {processor.py:161} INFO - Started process (PID=431) to work on /opt/airflow/dags/tiki_pipeline_dag.py
[2026-06-05T08:05:14.887+0000] {processor.py:830} INFO - Processing file /opt/airflow/dags/tiki_pipeline_dag.py for tasks to queue
[2026-06-05T08:05:14.889+0000] {logging_mixin.py:188} INFO - [2026-06-05T08:05:14.889+0000] {dagbag.py:538} INFO - Filling up the DagBag from /opt/airflow/dags/tiki_pipeline_dag.py
[2026-06-05T08:05:14.946+0000] {processor.py:840} INFO - DAG(s) 'tiki_beauty_lakehouse_pipeline' retrieved from /opt/airflow/dags/tiki_pipeline_dag.py
[2026-06-05T08:05:14.980+0000] {logging_mixin.py:188} INFO - [2026-06-05T08:05:14.980+0000] {dag.py:3036} INFO - Sync 1 DAGs
[2026-06-05T08:05:15.005+0000] {logging_mixin.py:188} INFO - [2026-06-05T08:05:15.004+0000] {dag.py:3823} INFO - Setting next_dagrun for tiki_beauty_lakehouse_pipeline to 2026-06-05 08:00:00+00:00, run_after=2026-06-06 08:00:00+00:00
[2026-06-05T08:05:15.030+0000] {processor.py:183} INFO - Processing /opt/airflow/dags/tiki_pipeline_dag.py took 0.152 seconds
[2026-06-05T08:05:45.583+0000] {processor.py:161} INFO - Started process (PID=468) to work on /opt/airflow/dags/tiki_pipeline_dag.py
[2026-06-05T08:05:45.585+0000] {processor.py:830} INFO - Processing file /opt/airflow/dags/tiki_pipeline_dag.py for tasks to queue
[2026-06-05T08:05:45.587+0000] {logging_mixin.py:188} INFO - [2026-06-05T08:05:45.586+0000] {dagbag.py:538} INFO - Filling up the DagBag from /opt/airflow/dags/tiki_pipeline_dag.py
[2026-06-05T08:05:45.661+0000] {processor.py:840} INFO - DAG(s) 'tiki_beauty_lakehouse_pipeline' retrieved from /opt/airflow/dags/tiki_pipeline_dag.py
[2026-06-05T08:05:45.731+0000] {logging_mixin.py:188} INFO - [2026-06-05T08:05:45.730+0000] {dag.py:3036} INFO - Sync 1 DAGs
[2026-06-05T08:05:45.767+0000] {logging_mixin.py:188} INFO - [2026-06-05T08:05:45.766+0000] {dag.py:3823} INFO - Setting next_dagrun for tiki_beauty_lakehouse_pipeline to 2026-06-05 08:00:00+00:00, run_after=2026-06-06 08:00:00+00:00
[2026-06-05T08:05:45.826+0000] {processor.py:183} INFO - Processing /opt/airflow/dags/tiki_pipeline_dag.py took 0.250 seconds
[2026-06-05T08:06:16.240+0000] {processor.py:161} INFO - Started process (PID=500) to work on /opt/airflow/dags/tiki_pipeline_dag.py
[2026-06-05T08:06:16.241+0000] {processor.py:830} INFO - Processing file /opt/airflow/dags/tiki_pipeline_dag.py for tasks to queue
[2026-06-05T08:06:16.243+0000] {logging_mixin.py:188} INFO - [2026-06-05T08:06:16.243+0000] {dagbag.py:538} INFO - Filling up the DagBag from /opt/airflow/dags/tiki_pipeline_dag.py
[2026-06-05T08:06:16.306+0000] {processor.py:840} INFO - DAG(s) 'tiki_beauty_lakehouse_pipeline' retrieved from /opt/airflow/dags/tiki_pipeline_dag.py
[2026-06-05T08:06:16.337+0000] {logging_mixin.py:188} INFO - [2026-06-05T08:06:16.337+0000] {dag.py:3036} INFO - Sync 1 DAGs
[2026-06-05T08:06:16.363+0000] {logging_mixin.py:188} INFO - [2026-06-05T08:06:16.363+0000] {dag.py:3823} INFO - Setting next_dagrun for tiki_beauty_lakehouse_pipeline to 2026-06-05 08:00:00+00:00, run_after=2026-06-06 08:00:00+00:00
[2026-06-05T08:06:16.391+0000] {processor.py:183} INFO - Processing /opt/airflow/dags/tiki_pipeline_dag.py took 0.155 seconds
[2026-06-05T08:06:46.833+0000] {processor.py:161} INFO - Started process (PID=520) to work on /opt/airflow/dags/tiki_pipeline_dag.py
[2026-06-05T08:06:46.834+0000] {processor.py:830} INFO - Processing file /opt/airflow/dags/tiki_pipeline_dag.py for tasks to queue
[2026-06-05T08:06:46.837+0000] {logging_mixin.py:188} INFO - [2026-06-05T08:06:46.836+0000] {dagbag.py:538} INFO - Filling up the DagBag from /opt/airflow/dags/tiki_pipeline_dag.py
[2026-06-05T08:06:46.907+0000] {processor.py:840} INFO - DAG(s) 'tiki_beauty_lakehouse_pipeline' retrieved from /opt/airflow/dags/tiki_pipeline_dag.py
[2026-06-05T08:06:46.936+0000] {logging_mixin.py:188} INFO - [2026-06-05T08:06:46.936+0000] {dag.py:3036} INFO - Sync 1 DAGs
[2026-06-05T08:06:46.965+0000] {logging_mixin.py:188} INFO - [2026-06-05T08:06:46.965+0000] {dag.py:3823} INFO - Setting next_dagrun for tiki_beauty_lakehouse_pipeline to 2026-06-05 08:00:00+00:00, run_after=2026-06-06 08:00:00+00:00
[2026-06-05T08:06:46.996+0000] {processor.py:183} INFO - Processing /opt/airflow/dags/tiki_pipeline_dag.py took 0.169 seconds
[2026-06-05T08:07:17.483+0000] {processor.py:161} INFO - Started process (PID=538) to work on /opt/airflow/dags/tiki_pipeline_dag.py
[2026-06-05T08:07:17.484+0000] {processor.py:830} INFO - Processing file /opt/airflow/dags/tiki_pipeline_dag.py for tasks to queue
[2026-06-05T08:07:17.486+0000] {logging_mixin.py:188} INFO - [2026-06-05T08:07:17.486+0000] {dagbag.py:538} INFO - Filling up the DagBag from /opt/airflow/dags/tiki_pipeline_dag.py
[2026-06-05T08:07:17.541+0000] {processor.py:840} INFO - DAG(s) 'tiki_beauty_lakehouse_pipeline' retrieved from /opt/airflow/dags/tiki_pipeline_dag.py
[2026-06-05T08:07:17.574+0000] {logging_mixin.py:188} INFO - [2026-06-05T08:07:17.573+0000] {dag.py:3036} INFO - Sync 1 DAGs
[2026-06-05T08:07:17.604+0000] {logging_mixin.py:188} INFO - [2026-06-05T08:07:17.604+0000] {dag.py:3823} INFO - Setting next_dagrun for tiki_beauty_lakehouse_pipeline to 2026-06-05 08:00:00+00:00, run_after=2026-06-06 08:00:00+00:00
[2026-06-05T08:07:17.629+0000] {processor.py:183} INFO - Processing /opt/airflow/dags/tiki_pipeline_dag.py took 0.149 seconds
[2026-06-05T08:07:48.209+0000] {processor.py:161} INFO - Started process (PID=558) to work on /opt/airflow/dags/tiki_pipeline_dag.py
[2026-06-05T08:07:48.212+0000] {processor.py:830} INFO - Processing file /opt/airflow/dags/tiki_pipeline_dag.py for tasks to queue
[2026-06-05T08:07:48.215+0000] {logging_mixin.py:188} INFO - [2026-06-05T08:07:48.214+0000] {dagbag.py:538} INFO - Filling up the DagBag from /opt/airflow/dags/tiki_pipeline_dag.py
[2026-06-05T08:07:48.321+0000] {processor.py:840} INFO - DAG(s) 'tiki_beauty_lakehouse_pipeline' retrieved from /opt/airflow/dags/tiki_pipeline_dag.py
[2026-06-05T08:07:48.372+0000] {logging_mixin.py:188} INFO - [2026-06-05T08:07:48.372+0000] {dag.py:3036} INFO - Sync 1 DAGs
[2026-06-05T08:07:48.404+0000] {logging_mixin.py:188} INFO - [2026-06-05T08:07:48.403+0000] {dag.py:3823} INFO - Setting next_dagrun for tiki_beauty_lakehouse_pipeline to 2026-06-05 08:00:00+00:00, run_after=2026-06-06 08:00:00+00:00
[2026-06-05T08:07:48.435+0000] {processor.py:183} INFO - Processing /opt/airflow/dags/tiki_pipeline_dag.py took 0.231 seconds
[2026-06-05T08:08:18.790+0000] {processor.py:161} INFO - Started process (PID=588) to work on /opt/airflow/dags/tiki_pipeline_dag.py
[2026-06-05T08:08:18.791+0000] {processor.py:830} INFO - Processing file /opt/airflow/dags/tiki_pipeline_dag.py for tasks to queue
[2026-06-05T08:08:18.792+0000] {logging_mixin.py:188} INFO - [2026-06-05T08:08:18.792+0000] {dagbag.py:538} INFO - Filling up the DagBag from /opt/airflow/dags/tiki_pipeline_dag.py
[2026-06-05T08:08:18.816+0000] {processor.py:840} INFO - DAG(s) 'tiki_beauty_lakehouse_pipeline' retrieved from /opt/airflow/dags/tiki_pipeline_dag.py
[2026-06-05T08:08:18.851+0000] {logging_mixin.py:188} INFO - [2026-06-05T08:08:18.851+0000] {dag.py:3036} INFO - Sync 1 DAGs
[2026-06-05T08:08:18.881+0000] {logging_mixin.py:188} INFO - [2026-06-05T08:08:18.881+0000] {dag.py:3823} INFO - Setting next_dagrun for tiki_beauty_lakehouse_pipeline to 2026-06-05 08:00:00+00:00, run_after=2026-06-06 08:00:00+00:00
[2026-06-05T08:08:18.914+0000] {processor.py:183} INFO - Processing /opt/airflow/dags/tiki_pipeline_dag.py took 0.128 seconds
[2026-06-05T08:08:49.483+0000] {processor.py:161} INFO - Started process (PID=611) to work on /opt/airflow/dags/tiki_pipeline_dag.py
[2026-06-05T08:08:49.485+0000] {processor.py:830} INFO - Processing file /opt/airflow/dags/tiki_pipeline_dag.py for tasks to queue
[2026-06-05T08:08:49.487+0000] {logging_mixin.py:188} INFO - [2026-06-05T08:08:49.486+0000] {dagbag.py:538} INFO - Filling up the DagBag from /opt/airflow/dags/tiki_pipeline_dag.py
[2026-06-05T08:08:49.568+0000] {processor.py:840} INFO - DAG(s) 'tiki_beauty_lakehouse_pipeline' retrieved from /opt/airflow/dags/tiki_pipeline_dag.py
[2026-06-05T08:08:49.632+0000] {logging_mixin.py:188} INFO - [2026-06-05T08:08:49.630+0000] {dag.py:3036} INFO - Sync 1 DAGs
[2026-06-05T08:08:49.703+0000] {logging_mixin.py:188} INFO - [2026-06-05T08:08:49.702+0000] {dag.py:3823} INFO - Setting next_dagrun for tiki_beauty_lakehouse_pipeline to 2026-06-05 08:00:00+00:00, run_after=2026-06-06 08:00:00+00:00
[2026-06-05T08:08:49.743+0000] {processor.py:183} INFO - Processing /opt/airflow/dags/tiki_pipeline_dag.py took 0.267 seconds
[2026-06-05T08:09:19.935+0000] {processor.py:161} INFO - Started process (PID=634) to work on /opt/airflow/dags/tiki_pipeline_dag.py
[2026-06-05T08:09:19.936+0000] {processor.py:830} INFO - Processing file /opt/airflow/dags/tiki_pipeline_dag.py for tasks to queue
[2026-06-05T08:09:19.938+0000] {logging_mixin.py:188} INFO - [2026-06-05T08:09:19.938+0000] {dagbag.py:538} INFO - Filling up the DagBag from /opt/airflow/dags/tiki_pipeline_dag.py
[2026-06-05T08:09:19.969+0000] {processor.py:840} INFO - DAG(s) 'tiki_beauty_lakehouse_pipeline' retrieved from /opt/airflow/dags/tiki_pipeline_dag.py
[2026-06-05T08:09:19.995+0000] {logging_mixin.py:188} INFO - [2026-06-05T08:09:19.995+0000] {dag.py:3036} INFO - Sync 1 DAGs
[2026-06-05T08:09:20.021+0000] {logging_mixin.py:188} INFO - [2026-06-05T08:09:20.021+0000] {dag.py:3823} INFO - Setting next_dagrun for tiki_beauty_lakehouse_pipeline to 2026-06-05 08:00:00+00:00, run_after=2026-06-06 08:00:00+00:00
[2026-06-05T08:09:20.053+0000] {processor.py:183} INFO - Processing /opt/airflow/dags/tiki_pipeline_dag.py took 0.124 seconds
[2026-06-05T08:09:50.403+0000] {processor.py:161} INFO - Started process (PID=654) to work on /opt/airflow/dags/tiki_pipeline_dag.py
[2026-06-05T08:09:50.405+0000] {processor.py:830} INFO - Processing file /opt/airflow/dags/tiki_pipeline_dag.py for tasks to queue
[2026-06-05T08:09:50.406+0000] {logging_mixin.py:188} INFO - [2026-06-05T08:09:50.406+0000] {dagbag.py:538} INFO - Filling up the DagBag from /opt/airflow/dags/tiki_pipeline_dag.py
[2026-06-05T08:09:50.470+0000] {processor.py:840} INFO - DAG(s) 'tiki_beauty_lakehouse_pipeline' retrieved from /opt/airflow/dags/tiki_pipeline_dag.py
[2026-06-05T08:09:50.501+0000] {logging_mixin.py:188} INFO - [2026-06-05T08:09:50.500+0000] {dag.py:3036} INFO - Sync 1 DAGs
[2026-06-05T08:09:50.526+0000] {logging_mixin.py:188} INFO - [2026-06-05T08:09:50.525+0000] {dag.py:3823} INFO - Setting next_dagrun for tiki_beauty_lakehouse_pipeline to 2026-06-05 08:00:00+00:00, run_after=2026-06-06 08:00:00+00:00
[2026-06-05T08:09:50.553+0000] {processor.py:183} INFO - Processing /opt/airflow/dags/tiki_pipeline_dag.py took 0.155 seconds
[2026-06-05T08:10:21.241+0000] {processor.py:161} INFO - Started process (PID=672) to work on /opt/airflow/dags/tiki_pipeline_dag.py
[2026-06-05T08:10:21.243+0000] {processor.py:830} INFO - Processing file /opt/airflow/dags/tiki_pipeline_dag.py for tasks to queue
[2026-06-05T08:10:21.245+0000] {logging_mixin.py:188} INFO - [2026-06-05T08:10:21.245+0000] {dagbag.py:538} INFO - Filling up the DagBag from /opt/airflow/dags/tiki_pipeline_dag.py
[2026-06-05T08:10:21.321+0000] {processor.py:840} INFO - DAG(s) 'tiki_beauty_lakehouse_pipeline' retrieved from /opt/airflow/dags/tiki_pipeline_dag.py
[2026-06-05T08:10:21.358+0000] {logging_mixin.py:188} INFO - [2026-06-05T08:10:21.358+0000] {dag.py:3036} INFO - Sync 1 DAGs
[2026-06-05T08:10:21.387+0000] {logging_mixin.py:188} INFO - [2026-06-05T08:10:21.387+0000] {dag.py:3823} INFO - Setting next_dagrun for tiki_beauty_lakehouse_pipeline to 2026-06-05 08:00:00+00:00, run_after=2026-06-06 08:00:00+00:00
[2026-06-05T08:10:21.421+0000] {processor.py:183} INFO - Processing /opt/airflow/dags/tiki_pipeline_dag.py took 0.186 seconds
[2026-06-05T08:10:51.848+0000] {processor.py:161} INFO - Started process (PID=697) to work on /opt/airflow/dags/tiki_pipeline_dag.py
[2026-06-05T08:10:51.849+0000] {processor.py:830} INFO - Processing file /opt/airflow/dags/tiki_pipeline_dag.py for tasks to queue
[2026-06-05T08:10:51.850+0000] {logging_mixin.py:188} INFO - [2026-06-05T08:10:51.850+0000] {dagbag.py:538} INFO - Filling up the DagBag from /opt/airflow/dags/tiki_pipeline_dag.py
[2026-06-05T08:10:51.884+0000] {processor.py:840} INFO - DAG(s) 'tiki_beauty_lakehouse_pipeline' retrieved from /opt/airflow/dags/tiki_pipeline_dag.py
[2026-06-05T08:10:51.913+0000] {logging_mixin.py:188} INFO - [2026-06-05T08:10:51.913+0000] {dag.py:3036} INFO - Sync 1 DAGs
[2026-06-05T08:10:51.942+0000] {logging_mixin.py:188} INFO - [2026-06-05T08:10:51.942+0000] {dag.py:3823} INFO - Setting next_dagrun for tiki_beauty_lakehouse_pipeline to 2026-06-05 08:00:00+00:00, run_after=2026-06-06 08:00:00+00:00
[2026-06-05T08:10:51.969+0000] {processor.py:183} INFO - Processing /opt/airflow/dags/tiki_pipeline_dag.py took 0.125 seconds
[2026-06-05T08:11:22.565+0000] {processor.py:161} INFO - Started process (PID=715) to work on /opt/airflow/dags/tiki_pipeline_dag.py
[2026-06-05T08:11:22.566+0000] {processor.py:830} INFO - Processing file /opt/airflow/dags/tiki_pipeline_dag.py for tasks to queue
[2026-06-05T08:11:22.568+0000] {logging_mixin.py:188} INFO - [2026-06-05T08:11:22.567+0000] {dagbag.py:538} INFO - Filling up the DagBag from /opt/airflow/dags/tiki_pipeline_dag.py
[2026-06-05T08:11:22.651+0000] {processor.py:840} INFO - DAG(s) 'tiki_beauty_lakehouse_pipeline' retrieved from /opt/airflow/dags/tiki_pipeline_dag.py
[2026-06-05T08:11:22.724+0000] {logging_mixin.py:188} INFO - [2026-06-05T08:11:22.723+0000] {dag.py:3036} INFO - Sync 1 DAGs
[2026-06-05T08:11:22.797+0000] {logging_mixin.py:188} INFO - [2026-06-05T08:11:22.796+0000] {dag.py:3823} INFO - Setting next_dagrun for tiki_beauty_lakehouse_pipeline to 2026-06-05 08:00:00+00:00, run_after=2026-06-06 08:00:00+00:00
[2026-06-05T08:11:22.887+0000] {processor.py:183} INFO - Processing /opt/airflow/dags/tiki_pipeline_dag.py took 0.328 seconds
[2026-06-05T08:11:53.116+0000] {processor.py:161} INFO - Started process (PID=739) to work on /opt/airflow/dags/tiki_pipeline_dag.py
[2026-06-05T08:11:53.118+0000] {processor.py:830} INFO - Processing file /opt/airflow/dags/tiki_pipeline_dag.py for tasks to queue
[2026-06-05T08:11:53.120+0000] {logging_mixin.py:188} INFO - [2026-06-05T08:11:53.119+0000] {dagbag.py:538} INFO - Filling up the DagBag from /opt/airflow/dags/tiki_pipeline_dag.py
[2026-06-05T08:11:53.214+0000] {processor.py:840} INFO - DAG(s) 'tiki_beauty_lakehouse_pipeline' retrieved from /opt/airflow/dags/tiki_pipeline_dag.py
[2026-06-05T08:11:53.274+0000] {logging_mixin.py:188} INFO - [2026-06-05T08:11:53.273+0000] {dag.py:3036} INFO - Sync 1 DAGs
[2026-06-05T08:11:53.306+0000] {logging_mixin.py:188} INFO - [2026-06-05T08:11:53.305+0000] {dag.py:3823} INFO - Setting next_dagrun for tiki_beauty_lakehouse_pipeline to 2026-06-05 08:00:00+00:00, run_after=2026-06-06 08:00:00+00:00
[2026-06-05T08:11:53.347+0000] {processor.py:183} INFO - Processing /opt/airflow/dags/tiki_pipeline_dag.py took 0.242 seconds
[2026-06-05T08:12:23.909+0000] {processor.py:161} INFO - Started process (PID=765) to work on /opt/airflow/dags/tiki_pipeline_dag.py
[2026-06-05T08:12:23.910+0000] {processor.py:830} INFO - Processing file /opt/airflow/dags/tiki_pipeline_dag.py for tasks to queue
[2026-06-05T08:12:23.912+0000] {logging_mixin.py:188} INFO - [2026-06-05T08:12:23.911+0000] {dagbag.py:538} INFO - Filling up the DagBag from /opt/airflow/dags/tiki_pipeline_dag.py
[2026-06-05T08:12:23.947+0000] {processor.py:840} INFO - DAG(s) 'tiki_beauty_lakehouse_pipeline' retrieved from /opt/airflow/dags/tiki_pipeline_dag.py
[2026-06-05T08:12:23.979+0000] {logging_mixin.py:188} INFO - [2026-06-05T08:12:23.979+0000] {dag.py:3036} INFO - Sync 1 DAGs
[2026-06-05T08:12:24.002+0000] {logging_mixin.py:188} INFO - [2026-06-05T08:12:24.001+0000] {dag.py:3823} INFO - Setting next_dagrun for tiki_beauty_lakehouse_pipeline to 2026-06-05 08:00:00+00:00, run_after=2026-06-06 08:00:00+00:00
[2026-06-05T08:12:24.034+0000] {processor.py:183} INFO - Processing /opt/airflow/dags/tiki_pipeline_dag.py took 0.133 seconds
[2026-06-05T08:12:54.610+0000] {processor.py:161} INFO - Started process (PID=783) to work on /opt/airflow/dags/tiki_pipeline_dag.py
[2026-06-05T08:12:54.613+0000] {processor.py:830} INFO - Processing file /opt/airflow/dags/tiki_pipeline_dag.py for tasks to queue
[2026-06-05T08:12:54.616+0000] {logging_mixin.py:188} INFO - [2026-06-05T08:12:54.616+0000] {dagbag.py:538} INFO - Filling up the DagBag from /opt/airflow/dags/tiki_pipeline_dag.py
[2026-06-05T08:12:54.664+0000] {processor.py:840} INFO - DAG(s) 'tiki_beauty_lakehouse_pipeline' retrieved from /opt/airflow/dags/tiki_pipeline_dag.py
[2026-06-05T08:12:54.705+0000] {logging_mixin.py:188} INFO - [2026-06-05T08:12:54.705+0000] {dag.py:3036} INFO - Sync 1 DAGs
[2026-06-05T08:12:54.730+0000] {logging_mixin.py:188} INFO - [2026-06-05T08:12:54.729+0000] {dag.py:3823} INFO - Setting next_dagrun for tiki_beauty_lakehouse_pipeline to 2026-06-05 08:00:00+00:00, run_after=2026-06-06 08:00:00+00:00
[2026-06-05T08:12:54.752+0000] {processor.py:183} INFO - Processing /opt/airflow/dags/tiki_pipeline_dag.py took 0.151 seconds
[2026-06-05T08:13:25.328+0000] {processor.py:161} INFO - Started process (PID=806) to work on /opt/airflow/dags/tiki_pipeline_dag.py
[2026-06-05T08:13:25.330+0000] {processor.py:830} INFO - Processing file /opt/airflow/dags/tiki_pipeline_dag.py for tasks to queue
[2026-06-05T08:13:25.331+0000] {logging_mixin.py:188} INFO - [2026-06-05T08:13:25.331+0000] {dagbag.py:538} INFO - Filling up the DagBag from /opt/airflow/dags/tiki_pipeline_dag.py
[2026-06-05T08:13:25.384+0000] {processor.py:840} INFO - DAG(s) 'tiki_beauty_lakehouse_pipeline' retrieved from /opt/airflow/dags/tiki_pipeline_dag.py
[2026-06-05T08:13:25.413+0000] {logging_mixin.py:188} INFO - [2026-06-05T08:13:25.412+0000] {dag.py:3036} INFO - Sync 1 DAGs
[2026-06-05T08:13:25.443+0000] {logging_mixin.py:188} INFO - [2026-06-05T08:13:25.443+0000] {dag.py:3823} INFO - Setting next_dagrun for tiki_beauty_lakehouse_pipeline to 2026-06-05 08:00:00+00:00, run_after=2026-06-06 08:00:00+00:00
[2026-06-05T08:13:25.468+0000] {processor.py:183} INFO - Processing /opt/airflow/dags/tiki_pipeline_dag.py took 0.143 seconds
[2026-06-05T08:13:56.040+0000] {processor.py:161} INFO - Started process (PID=834) to work on /opt/airflow/dags/tiki_pipeline_dag.py
[2026-06-05T08:13:56.042+0000] {processor.py:830} INFO - Processing file /opt/airflow/dags/tiki_pipeline_dag.py for tasks to queue
[2026-06-05T08:13:56.044+0000] {logging_mixin.py:188} INFO - [2026-06-05T08:13:56.044+0000] {dagbag.py:538} INFO - Filling up the DagBag from /opt/airflow/dags/tiki_pipeline_dag.py
[2026-06-05T08:13:56.084+0000] {processor.py:840} INFO - DAG(s) 'tiki_beauty_lakehouse_pipeline' retrieved from /opt/airflow/dags/tiki_pipeline_dag.py
[2026-06-05T08:13:56.126+0000] {logging_mixin.py:188} INFO - [2026-06-05T08:13:56.125+0000] {dag.py:3036} INFO - Sync 1 DAGs
[2026-06-05T08:13:56.159+0000] {logging_mixin.py:188} INFO - [2026-06-05T08:13:56.159+0000] {dag.py:3823} INFO - Setting next_dagrun for tiki_beauty_lakehouse_pipeline to 2026-06-05 08:00:00+00:00, run_after=2026-06-06 08:00:00+00:00
[2026-06-05T08:13:56.185+0000] {processor.py:183} INFO - Processing /opt/airflow/dags/tiki_pipeline_dag.py took 0.151 seconds
[2026-06-05T08:14:26.659+0000] {processor.py:161} INFO - Started process (PID=854) to work on /opt/airflow/dags/tiki_pipeline_dag.py
[2026-06-05T08:14:26.660+0000] {processor.py:830} INFO - Processing file /opt/airflow/dags/tiki_pipeline_dag.py for tasks to queue
[2026-06-05T08:14:26.662+0000] {logging_mixin.py:188} INFO - [2026-06-05T08:14:26.661+0000] {dagbag.py:538} INFO - Filling up the DagBag from /opt/airflow/dags/tiki_pipeline_dag.py
[2026-06-05T08:14:26.691+0000] {processor.py:840} INFO - DAG(s) 'tiki_beauty_lakehouse_pipeline' retrieved from /opt/airflow/dags/tiki_pipeline_dag.py
[2026-06-05T08:14:26.726+0000] {logging_mixin.py:188} INFO - [2026-06-05T08:14:26.726+0000] {dag.py:3036} INFO - Sync 1 DAGs
[2026-06-05T08:14:26.775+0000] {logging_mixin.py:188} INFO - [2026-06-05T08:14:26.775+0000] {dag.py:3823} INFO - Setting next_dagrun for tiki_beauty_lakehouse_pipeline to 2026-06-05 08:00:00+00:00, run_after=2026-06-06 08:00:00+00:00
[2026-06-05T08:14:26.828+0000] {processor.py:183} INFO - Processing /opt/airflow/dags/tiki_pipeline_dag.py took 0.172 seconds
[2026-06-05T08:14:57.455+0000] {processor.py:161} INFO - Started process (PID=884) to work on /opt/airflow/dags/tiki_pipeline_dag.py
[2026-06-05T08:14:57.458+0000] {processor.py:830} INFO - Processing file /opt/airflow/dags/tiki_pipeline_dag.py for tasks to queue
[2026-06-05T08:14:57.460+0000] {logging_mixin.py:188} INFO - [2026-06-05T08:14:57.459+0000] {dagbag.py:538} INFO - Filling up the DagBag from /opt/airflow/dags/tiki_pipeline_dag.py
[2026-06-05T08:14:57.523+0000] {processor.py:840} INFO - DAG(s) 'tiki_beauty_lakehouse_pipeline' retrieved from /opt/airflow/dags/tiki_pipeline_dag.py
[2026-06-05T08:14:57.564+0000] {logging_mixin.py:188} INFO - [2026-06-05T08:14:57.564+0000] {dag.py:3036} INFO - Sync 1 DAGs
[2026-06-05T08:14:57.600+0000] {logging_mixin.py:188} INFO - [2026-06-05T08:14:57.599+0000] {dag.py:3823} INFO - Setting next_dagrun for tiki_beauty_lakehouse_pipeline to 2026-06-05 08:00:00+00:00, run_after=2026-06-06 08:00:00+00:00
[2026-06-05T08:14:57.655+0000] {processor.py:183} INFO - Processing /opt/airflow/dags/tiki_pipeline_dag.py took 0.205 seconds
[2026-06-05T08:15:28.022+0000] {processor.py:161} INFO - Started process (PID=912) to work on /opt/airflow/dags/tiki_pipeline_dag.py
[2026-06-05T08:15:28.024+0000] {processor.py:830} INFO - Processing file /opt/airflow/dags/tiki_pipeline_dag.py for tasks to queue
[2026-06-05T08:15:28.026+0000] {logging_mixin.py:188} INFO - [2026-06-05T08:15:28.025+0000] {dagbag.py:538} INFO - Filling up the DagBag from /opt/airflow/dags/tiki_pipeline_dag.py
[2026-06-05T08:15:28.070+0000] {processor.py:840} INFO - DAG(s) 'tiki_beauty_lakehouse_pipeline' retrieved from /opt/airflow/dags/tiki_pipeline_dag.py
[2026-06-05T08:15:28.110+0000] {logging_mixin.py:188} INFO - [2026-06-05T08:15:28.110+0000] {dag.py:3036} INFO - Sync 1 DAGs
[2026-06-05T08:15:28.142+0000] {logging_mixin.py:188} INFO - [2026-06-05T08:15:28.142+0000] {dag.py:3823} INFO - Setting next_dagrun for tiki_beauty_lakehouse_pipeline to 2026-06-05 08:00:00+00:00, run_after=2026-06-06 08:00:00+00:00
[2026-06-05T08:15:28.181+0000] {processor.py:183} INFO - Processing /opt/airflow/dags/tiki_pipeline_dag.py took 0.166 seconds
[2026-06-05T08:15:58.810+0000] {processor.py:161} INFO - Started process (PID=936) to work on /opt/airflow/dags/tiki_pipeline_dag.py
[2026-06-05T08:15:58.812+0000] {processor.py:830} INFO - Processing file /opt/airflow/dags/tiki_pipeline_dag.py for tasks to queue
[2026-06-05T08:15:58.815+0000] {logging_mixin.py:188} INFO - [2026-06-05T08:15:58.814+0000] {dagbag.py:538} INFO - Filling up the DagBag from /opt/airflow/dags/tiki_pipeline_dag.py
[2026-06-05T08:15:58.855+0000] {processor.py:840} INFO - DAG(s) 'tiki_beauty_lakehouse_pipeline' retrieved from /opt/airflow/dags/tiki_pipeline_dag.py
[2026-06-05T08:15:58.882+0000] {logging_mixin.py:188} INFO - [2026-06-05T08:15:58.881+0000] {dag.py:3036} INFO - Sync 1 DAGs
[2026-06-05T08:15:58.912+0000] {logging_mixin.py:188} INFO - [2026-06-05T08:15:58.911+0000] {dag.py:3823} INFO - Setting next_dagrun for tiki_beauty_lakehouse_pipeline to 2026-06-05 08:00:00+00:00, run_after=2026-06-06 08:00:00+00:00
[2026-06-05T08:15:58.943+0000] {processor.py:183} INFO - Processing /opt/airflow/dags/tiki_pipeline_dag.py took 0.140 seconds
[2026-06-05T08:16:29.464+0000] {processor.py:161} INFO - Started process (PID=956) to work on /opt/airflow/dags/tiki_pipeline_dag.py
[2026-06-05T08:16:29.466+0000] {processor.py:830} INFO - Processing file /opt/airflow/dags/tiki_pipeline_dag.py for tasks to queue
[2026-06-05T08:16:29.469+0000] {logging_mixin.py:188} INFO - [2026-06-05T08:16:29.468+0000] {dagbag.py:538} INFO - Filling up the DagBag from /opt/airflow/dags/tiki_pipeline_dag.py
[2026-06-05T08:16:29.549+0000] {processor.py:840} INFO - DAG(s) 'tiki_beauty_lakehouse_pipeline' retrieved from /opt/airflow/dags/tiki_pipeline_dag.py
[2026-06-05T08:16:29.586+0000] {logging_mixin.py:188} INFO - [2026-06-05T08:16:29.586+0000] {dag.py:3036} INFO - Sync 1 DAGs
[2026-06-05T08:16:29.617+0000] {logging_mixin.py:188} INFO - [2026-06-05T08:16:29.617+0000] {dag.py:3823} INFO - Setting next_dagrun for tiki_beauty_lakehouse_pipeline to 2026-06-05 08:00:00+00:00, run_after=2026-06-06 08:00:00+00:00
[2026-06-05T08:16:29.663+0000] {processor.py:183} INFO - Processing /opt/airflow/dags/tiki_pipeline_dag.py took 0.202 seconds
[2026-06-05T08:17:00.170+0000] {processor.py:161} INFO - Started process (PID=996) to work on /opt/airflow/dags/tiki_pipeline_dag.py
[2026-06-05T08:17:00.173+0000] {processor.py:830} INFO - Processing file /opt/airflow/dags/tiki_pipeline_dag.py for tasks to queue
[2026-06-05T08:17:00.176+0000] {logging_mixin.py:188} INFO - [2026-06-05T08:17:00.175+0000] {dagbag.py:538} INFO - Filling up the DagBag from /opt/airflow/dags/tiki_pipeline_dag.py
[2026-06-05T08:17:00.240+0000] {processor.py:840} INFO - DAG(s) 'tiki_beauty_lakehouse_pipeline' retrieved from /opt/airflow/dags/tiki_pipeline_dag.py
[2026-06-05T08:17:00.290+0000] {logging_mixin.py:188} INFO - [2026-06-05T08:17:00.290+0000] {dag.py:3036} INFO - Sync 1 DAGs
[2026-06-05T08:17:00.331+0000] {logging_mixin.py:188} INFO - [2026-06-05T08:17:00.331+0000] {dag.py:3823} INFO - Setting next_dagrun for tiki_beauty_lakehouse_pipeline to 2026-06-05 08:00:00+00:00, run_after=2026-06-06 08:00:00+00:00
[2026-06-05T08:17:00.392+0000] {processor.py:183} INFO - Processing /opt/airflow/dags/tiki_pipeline_dag.py took 0.230 seconds
[2026-06-05T08:17:30.679+0000] {processor.py:161} INFO - Started process (PID=1001) to work on /opt/airflow/dags/tiki_pipeline_dag.py
[2026-06-05T08:17:30.685+0000] {processor.py:830} INFO - Processing file /opt/airflow/dags/tiki_pipeline_dag.py for tasks to queue
[2026-06-05T08:17:30.694+0000] {logging_mixin.py:188} INFO - [2026-06-05T08:17:30.692+0000] {dagbag.py:538} INFO - Filling up the DagBag from /opt/airflow/dags/tiki_pipeline_dag.py
[2026-06-05T08:17:30.833+0000] {processor.py:840} INFO - DAG(s) 'tiki_beauty_lakehouse_pipeline' retrieved from /opt/airflow/dags/tiki_pipeline_dag.py
[2026-06-05T08:17:30.863+0000] {logging_mixin.py:188} INFO - [2026-06-05T08:17:30.863+0000] {dag.py:3036} INFO - Sync 1 DAGs
[2026-06-05T08:17:30.901+0000] {logging_mixin.py:188} INFO - [2026-06-05T08:17:30.901+0000] {dag.py:3823} INFO - Setting next_dagrun for tiki_beauty_lakehouse_pipeline to 2026-06-05 08:00:00+00:00, run_after=2026-06-06 08:00:00+00:00
[2026-06-05T08:17:30.947+0000] {processor.py:183} INFO - Processing /opt/airflow/dags/tiki_pipeline_dag.py took 0.293 seconds
[2026-06-05T08:18:01.564+0000] {processor.py:161} INFO - Started process (PID=1006) to work on /opt/airflow/dags/tiki_pipeline_dag.py
[2026-06-05T08:18:01.569+0000] {processor.py:830} INFO - Processing file /opt/airflow/dags/tiki_pipeline_dag.py for tasks to queue
[2026-06-05T08:18:01.574+0000] {logging_mixin.py:188} INFO - [2026-06-05T08:18:01.572+0000] {dagbag.py:538} INFO - Filling up the DagBag from /opt/airflow/dags/tiki_pipeline_dag.py
[2026-06-05T08:18:01.760+0000] {processor.py:840} INFO - DAG(s) 'tiki_beauty_lakehouse_pipeline' retrieved from /opt/airflow/dags/tiki_pipeline_dag.py
[2026-06-05T08:18:01.807+0000] {logging_mixin.py:188} INFO - [2026-06-05T08:18:01.807+0000] {dag.py:3036} INFO - Sync 1 DAGs
[2026-06-05T08:18:01.837+0000] {logging_mixin.py:188} INFO - [2026-06-05T08:18:01.837+0000] {dag.py:3823} INFO - Setting next_dagrun for tiki_beauty_lakehouse_pipeline to 2026-06-05 08:00:00+00:00, run_after=2026-06-06 08:00:00+00:00
[2026-06-05T08:18:01.866+0000] {processor.py:183} INFO - Processing /opt/airflow/dags/tiki_pipeline_dag.py took 0.312 seconds
[2026-06-05T08:18:32.145+0000] {processor.py:161} INFO - Started process (PID=1011) to work on /opt/airflow/dags/tiki_pipeline_dag.py
[2026-06-05T08:18:32.147+0000] {processor.py:830} INFO - Processing file /opt/airflow/dags/tiki_pipeline_dag.py for tasks to queue
[2026-06-05T08:18:32.148+0000] {logging_mixin.py:188} INFO - [2026-06-05T08:18:32.148+0000] {dagbag.py:538} INFO - Filling up the DagBag from /opt/airflow/dags/tiki_pipeline_dag.py
[2026-06-05T08:18:32.212+0000] {processor.py:840} INFO - DAG(s) 'tiki_beauty_lakehouse_pipeline' retrieved from /opt/airflow/dags/tiki_pipeline_dag.py
[2026-06-05T08:18:32.250+0000] {logging_mixin.py:188} INFO - [2026-06-05T08:18:32.250+0000] {dag.py:3036} INFO - Sync 1 DAGs
[2026-06-05T08:18:32.275+0000] {logging_mixin.py:188} INFO - [2026-06-05T08:18:32.275+0000] {dag.py:3823} INFO - Setting next_dagrun for tiki_beauty_lakehouse_pipeline to 2026-06-05 08:00:00+00:00, run_after=2026-06-06 08:00:00+00:00
[2026-06-05T08:18:32.316+0000] {processor.py:183} INFO - Processing /opt/airflow/dags/tiki_pipeline_dag.py took 0.175 seconds
[2026-06-05T08:19:03.268+0000] {processor.py:161} INFO - Started process (PID=1016) to work on /opt/airflow/dags/tiki_pipeline_dag.py
[2026-06-05T08:19:03.271+0000] {processor.py:830} INFO - Processing file /opt/airflow/dags/tiki_pipeline_dag.py for tasks to queue
[2026-06-05T08:19:03.274+0000] {logging_mixin.py:188} INFO - [2026-06-05T08:19:03.274+0000] {dagbag.py:538} INFO - Filling up the DagBag from /opt/airflow/dags/tiki_pipeline_dag.py
[2026-06-05T08:19:03.346+0000] {processor.py:840} INFO - DAG(s) 'tiki_beauty_lakehouse_pipeline' retrieved from /opt/airflow/dags/tiki_pipeline_dag.py
[2026-06-05T08:19:03.478+0000] {logging_mixin.py:188} INFO - [2026-06-05T08:19:03.478+0000] {dag.py:3036} INFO - Sync 1 DAGs
[2026-06-05T08:19:03.557+0000] {logging_mixin.py:188} INFO - [2026-06-05T08:19:03.557+0000] {dag.py:3823} INFO - Setting next_dagrun for tiki_beauty_lakehouse_pipeline to 2026-06-05 08:00:00+00:00, run_after=2026-06-06 08:00:00+00:00
[2026-06-05T08:19:03.680+0000] {processor.py:183} INFO - Processing /opt/airflow/dags/tiki_pipeline_dag.py took 0.420 seconds
[2026-06-05T08:19:34.034+0000] {processor.py:161} INFO - Started process (PID=1021) to work on /opt/airflow/dags/tiki_pipeline_dag.py
[2026-06-05T08:19:34.044+0000] {processor.py:830} INFO - Processing file /opt/airflow/dags/tiki_pipeline_dag.py for tasks to queue
[2026-06-05T08:19:34.054+0000] {logging_mixin.py:188} INFO - [2026-06-05T08:19:34.051+0000] {dagbag.py:538} INFO - Filling up the DagBag from /opt/airflow/dags/tiki_pipeline_dag.py
[2026-06-05T08:19:34.234+0000] {processor.py:840} INFO - DAG(s) 'tiki_beauty_lakehouse_pipeline' retrieved from /opt/airflow/dags/tiki_pipeline_dag.py
[2026-06-05T08:19:34.294+0000] {logging_mixin.py:188} INFO - [2026-06-05T08:19:34.294+0000] {dag.py:3036} INFO - Sync 1 DAGs
[2026-06-05T08:19:34.369+0000] {logging_mixin.py:188} INFO - [2026-06-05T08:19:34.368+0000] {dag.py:3823} INFO - Setting next_dagrun for tiki_beauty_lakehouse_pipeline to 2026-06-05 08:00:00+00:00, run_after=2026-06-06 08:00:00+00:00
[2026-06-05T08:19:34.472+0000] {processor.py:183} INFO - Processing /opt/airflow/dags/tiki_pipeline_dag.py took 0.462 seconds
[2026-06-05T08:20:05.106+0000] {processor.py:161} INFO - Started process (PID=1026) to work on /opt/airflow/dags/tiki_pipeline_dag.py
[2026-06-05T08:20:05.109+0000] {processor.py:830} INFO - Processing file /opt/airflow/dags/tiki_pipeline_dag.py for tasks to queue
[2026-06-05T08:20:05.111+0000] {logging_mixin.py:188} INFO - [2026-06-05T08:20:05.110+0000] {dagbag.py:538} INFO - Filling up the DagBag from /opt/airflow/dags/tiki_pipeline_dag.py
[2026-06-05T08:20:05.224+0000] {processor.py:840} INFO - DAG(s) 'tiki_beauty_lakehouse_pipeline' retrieved from /opt/airflow/dags/tiki_pipeline_dag.py
[2026-06-05T08:20:05.270+0000] {logging_mixin.py:188} INFO - [2026-06-05T08:20:05.269+0000] {dag.py:3036} INFO - Sync 1 DAGs
[2026-06-05T08:20:05.299+0000] {logging_mixin.py:188} INFO - [2026-06-05T08:20:05.299+0000] {dag.py:3823} INFO - Setting next_dagrun for tiki_beauty_lakehouse_pipeline to 2026-06-05 08:00:00+00:00, run_after=2026-06-06 08:00:00+00:00
[2026-06-05T08:20:05.327+0000] {processor.py:183} INFO - Processing /opt/airflow/dags/tiki_pipeline_dag.py took 0.226 seconds
[2026-06-05T08:20:35.560+0000] {processor.py:161} INFO - Started process (PID=1031) to work on /opt/airflow/dags/tiki_pipeline_dag.py
[2026-06-05T08:20:35.563+0000] {processor.py:830} INFO - Processing file /opt/airflow/dags/tiki_pipeline_dag.py for tasks to queue
[2026-06-05T08:20:35.566+0000] {logging_mixin.py:188} INFO - [2026-06-05T08:20:35.565+0000] {dagbag.py:538} INFO - Filling up the DagBag from /opt/airflow/dags/tiki_pipeline_dag.py
[2026-06-05T08:20:35.646+0000] {processor.py:840} INFO - DAG(s) 'tiki_beauty_lakehouse_pipeline' retrieved from /opt/airflow/dags/tiki_pipeline_dag.py
[2026-06-05T08:20:35.679+0000] {logging_mixin.py:188} INFO - [2026-06-05T08:20:35.679+0000] {dag.py:3036} INFO - Sync 1 DAGs
[2026-06-05T08:20:35.707+0000] {logging_mixin.py:188} INFO - [2026-06-05T08:20:35.707+0000] {dag.py:3823} INFO - Setting next_dagrun for tiki_beauty_lakehouse_pipeline to 2026-06-05 08:00:00+00:00, run_after=2026-06-06 08:00:00+00:00
[2026-06-05T08:20:35.764+0000] {processor.py:183} INFO - Processing /opt/airflow/dags/tiki_pipeline_dag.py took 0.209 seconds
[2026-06-05T08:21:05.899+0000] {processor.py:161} INFO - Started process (PID=1036) to work on /opt/airflow/dags/tiki_pipeline_dag.py
[2026-06-05T08:21:05.902+0000] {processor.py:830} INFO - Processing file /opt/airflow/dags/tiki_pipeline_dag.py for tasks to queue
[2026-06-05T08:21:05.904+0000] {logging_mixin.py:188} INFO - [2026-06-05T08:21:05.903+0000] {dagbag.py:538} INFO - Filling up the DagBag from /opt/airflow/dags/tiki_pipeline_dag.py
[2026-06-05T08:21:05.965+0000] {processor.py:840} INFO - DAG(s) 'tiki_beauty_lakehouse_pipeline' retrieved from /opt/airflow/dags/tiki_pipeline_dag.py
[2026-06-05T08:21:06.038+0000] {logging_mixin.py:188} INFO - [2026-06-05T08:21:06.037+0000] {dag.py:3036} INFO - Sync 1 DAGs
[2026-06-05T08:21:06.089+0000] {logging_mixin.py:188} INFO - [2026-06-05T08:21:06.089+0000] {dag.py:3823} INFO - Setting next_dagrun for tiki_beauty_lakehouse_pipeline to 2026-06-05 08:00:00+00:00, run_after=2026-06-06 08:00:00+00:00
[2026-06-05T08:21:06.216+0000] {processor.py:183} INFO - Processing /opt/airflow/dags/tiki_pipeline_dag.py took 0.326 seconds
[2026-06-05T08:21:36.715+0000] {processor.py:161} INFO - Started process (PID=1041) to work on /opt/airflow/dags/tiki_pipeline_dag.py
[2026-06-05T08:21:36.718+0000] {processor.py:830} INFO - Processing file /opt/airflow/dags/tiki_pipeline_dag.py for tasks to queue
[2026-06-05T08:21:36.720+0000] {logging_mixin.py:188} INFO - [2026-06-05T08:21:36.719+0000] {dagbag.py:538} INFO - Filling up the DagBag from /opt/airflow/dags/tiki_pipeline_dag.py
[2026-06-05T08:21:36.769+0000] {processor.py:840} INFO - DAG(s) 'tiki_beauty_lakehouse_pipeline' retrieved from /opt/airflow/dags/tiki_pipeline_dag.py
[2026-06-05T08:21:36.796+0000] {logging_mixin.py:188} INFO - [2026-06-05T08:21:36.796+0000] {dag.py:3036} INFO - Sync 1 DAGs
[2026-06-05T08:21:36.821+0000] {logging_mixin.py:188} INFO - [2026-06-05T08:21:36.820+0000] {dag.py:3823} INFO - Setting next_dagrun for tiki_beauty_lakehouse_pipeline to 2026-06-05 08:00:00+00:00, run_after=2026-06-06 08:00:00+00:00
[2026-06-05T08:21:36.840+0000] {processor.py:183} INFO - Processing /opt/airflow/dags/tiki_pipeline_dag.py took 0.144 seconds
[2026-06-05T10:57:33.697+0000] {processor.py:161} INFO - Started process (PID=173) to work on /opt/airflow/dags/tiki_pipeline_dag.py
[2026-06-05T10:57:33.700+0000] {processor.py:830} INFO - Processing file /opt/airflow/dags/tiki_pipeline_dag.py for tasks to queue
[2026-06-05T10:57:33.702+0000] {logging_mixin.py:188} INFO - [2026-06-05T10:57:33.701+0000] {dagbag.py:538} INFO - Filling up the DagBag from /opt/airflow/dags/tiki_pipeline_dag.py
[2026-06-05T10:57:33.784+0000] {processor.py:840} INFO - DAG(s) 'tiki_beauty_lakehouse_pipeline' retrieved from /opt/airflow/dags/tiki_pipeline_dag.py
[2026-06-05T10:57:34.002+0000] {logging_mixin.py:188} INFO - [2026-06-05T10:57:34.002+0000] {dag.py:3036} INFO - Sync 1 DAGs
[2026-06-05T10:57:34.038+0000] {logging_mixin.py:188} INFO - [2026-06-05T10:57:34.037+0000] {dag.py:3823} INFO - Setting next_dagrun for tiki_beauty_lakehouse_pipeline to 2026-06-05 08:00:00+00:00, run_after=2026-06-06 08:00:00+00:00
[2026-06-05T10:57:34.074+0000] {processor.py:183} INFO - Processing /opt/airflow/dags/tiki_pipeline_dag.py took 0.381 seconds
[2026-06-05T10:58:04.229+0000] {processor.py:161} INFO - Started process (PID=178) to work on /opt/airflow/dags/tiki_pipeline_dag.py
[2026-06-05T10:58:04.234+0000] {processor.py:830} INFO - Processing file /opt/airflow/dags/tiki_pipeline_dag.py for tasks to queue
[2026-06-05T10:58:04.242+0000] {logging_mixin.py:188} INFO - [2026-06-05T10:58:04.239+0000] {dagbag.py:538} INFO - Filling up the DagBag from /opt/airflow/dags/tiki_pipeline_dag.py
[2026-06-05T10:58:04.365+0000] {processor.py:840} INFO - DAG(s) 'tiki_beauty_lakehouse_pipeline' retrieved from /opt/airflow/dags/tiki_pipeline_dag.py
[2026-06-05T10:58:04.408+0000] {logging_mixin.py:188} INFO - [2026-06-05T10:58:04.408+0000] {dag.py:3036} INFO - Sync 1 DAGs
[2026-06-05T10:58:04.457+0000] {logging_mixin.py:188} INFO - [2026-06-05T10:58:04.457+0000] {dag.py:3823} INFO - Setting next_dagrun for tiki_beauty_lakehouse_pipeline to 2026-06-05 08:00:00+00:00, run_after=2026-06-06 08:00:00+00:00
[2026-06-05T10:58:04.514+0000] {processor.py:183} INFO - Processing /opt/airflow/dags/tiki_pipeline_dag.py took 0.306 seconds
[2026-06-05T10:58:35.105+0000] {processor.py:161} INFO - Started process (PID=183) to work on /opt/airflow/dags/tiki_pipeline_dag.py
[2026-06-05T10:58:35.110+0000] {processor.py:830} INFO - Processing file /opt/airflow/dags/tiki_pipeline_dag.py for tasks to queue
[2026-06-05T10:58:35.115+0000] {logging_mixin.py:188} INFO - [2026-06-05T10:58:35.113+0000] {dagbag.py:538} INFO - Filling up the DagBag from /opt/airflow/dags/tiki_pipeline_dag.py
[2026-06-05T10:58:35.198+0000] {processor.py:840} INFO - DAG(s) 'tiki_beauty_lakehouse_pipeline' retrieved from /opt/airflow/dags/tiki_pipeline_dag.py
[2026-06-05T10:58:35.239+0000] {logging_mixin.py:188} INFO - [2026-06-05T10:58:35.238+0000] {dag.py:3036} INFO - Sync 1 DAGs
[2026-06-05T10:58:35.271+0000] {logging_mixin.py:188} INFO - [2026-06-05T10:58:35.271+0000] {dag.py:3823} INFO - Setting next_dagrun for tiki_beauty_lakehouse_pipeline to 2026-06-05 08:00:00+00:00, run_after=2026-06-06 08:00:00+00:00
[2026-06-05T10:58:35.314+0000] {processor.py:183} INFO - Processing /opt/airflow/dags/tiki_pipeline_dag.py took 0.219 seconds
[2026-06-05T10:59:05.762+0000] {processor.py:161} INFO - Started process (PID=188) to work on /opt/airflow/dags/tiki_pipeline_dag.py
[2026-06-05T10:59:05.772+0000] {processor.py:830} INFO - Processing file /opt/airflow/dags/tiki_pipeline_dag.py for tasks to queue
[2026-06-05T10:59:05.774+0000] {logging_mixin.py:188} INFO - [2026-06-05T10:59:05.774+0000] {dagbag.py:538} INFO - Filling up the DagBag from /opt/airflow/dags/tiki_pipeline_dag.py
[2026-06-05T10:59:05.946+0000] {processor.py:840} INFO - DAG(s) 'tiki_beauty_lakehouse_pipeline' retrieved from /opt/airflow/dags/tiki_pipeline_dag.py
[2026-06-05T10:59:05.997+0000] {logging_mixin.py:188} INFO - [2026-06-05T10:59:05.997+0000] {dag.py:3036} INFO - Sync 1 DAGs
[2026-06-05T10:59:06.030+0000] {logging_mixin.py:188} INFO - [2026-06-05T10:59:06.030+0000] {dag.py:3823} INFO - Setting next_dagrun for tiki_beauty_lakehouse_pipeline to 2026-06-05 08:00:00+00:00, run_after=2026-06-06 08:00:00+00:00
[2026-06-05T10:59:06.070+0000] {processor.py:183} INFO - Processing /opt/airflow/dags/tiki_pipeline_dag.py took 0.317 seconds
[2026-06-05T10:59:36.331+0000] {processor.py:161} INFO - Started process (PID=193) to work on /opt/airflow/dags/tiki_pipeline_dag.py
[2026-06-05T10:59:36.332+0000] {processor.py:830} INFO - Processing file /opt/airflow/dags/tiki_pipeline_dag.py for tasks to queue
[2026-06-05T10:59:36.334+0000] {logging_mixin.py:188} INFO - [2026-06-05T10:59:36.333+0000] {dagbag.py:538} INFO - Filling up the DagBag from /opt/airflow/dags/tiki_pipeline_dag.py
[2026-06-05T10:59:36.373+0000] {processor.py:840} INFO - DAG(s) 'tiki_beauty_lakehouse_pipeline' retrieved from /opt/airflow/dags/tiki_pipeline_dag.py
[2026-06-05T10:59:36.410+0000] {logging_mixin.py:188} INFO - [2026-06-05T10:59:36.410+0000] {dag.py:3036} INFO - Sync 1 DAGs
[2026-06-05T10:59:36.444+0000] {logging_mixin.py:188} INFO - [2026-06-05T10:59:36.443+0000] {dag.py:3823} INFO - Setting next_dagrun for tiki_beauty_lakehouse_pipeline to 2026-06-05 08:00:00+00:00, run_after=2026-06-06 08:00:00+00:00
[2026-06-05T10:59:36.468+0000] {processor.py:183} INFO - Processing /opt/airflow/dags/tiki_pipeline_dag.py took 0.143 seconds
[2026-06-05T11:00:06.750+0000] {processor.py:161} INFO - Started process (PID=198) to work on /opt/airflow/dags/tiki_pipeline_dag.py
[2026-06-05T11:00:06.752+0000] {processor.py:830} INFO - Processing file /opt/airflow/dags/tiki_pipeline_dag.py for tasks to queue
[2026-06-05T11:00:06.753+0000] {logging_mixin.py:188} INFO - [2026-06-05T11:00:06.753+0000] {dagbag.py:538} INFO - Filling up the DagBag from /opt/airflow/dags/tiki_pipeline_dag.py
[2026-06-05T11:00:06.796+0000] {processor.py:840} INFO - DAG(s) 'tiki_beauty_lakehouse_pipeline' retrieved from /opt/airflow/dags/tiki_pipeline_dag.py
[2026-06-05T11:00:06.830+0000] {logging_mixin.py:188} INFO - [2026-06-05T11:00:06.829+0000] {dag.py:3036} INFO - Sync 1 DAGs
[2026-06-05T11:00:06.860+0000] {logging_mixin.py:188} INFO - [2026-06-05T11:00:06.859+0000] {dag.py:3823} INFO - Setting next_dagrun for tiki_beauty_lakehouse_pipeline to 2026-06-05 08:00:00+00:00, run_after=2026-06-06 08:00:00+00:00
[2026-06-05T11:00:06.889+0000] {processor.py:183} INFO - Processing /opt/airflow/dags/tiki_pipeline_dag.py took 0.145 seconds
[2026-06-05T11:00:37.266+0000] {processor.py:161} INFO - Started process (PID=203) to work on /opt/airflow/dags/tiki_pipeline_dag.py
[2026-06-05T11:00:37.269+0000] {processor.py:830} INFO - Processing file /opt/airflow/dags/tiki_pipeline_dag.py for tasks to queue
[2026-06-05T11:00:37.271+0000] {logging_mixin.py:188} INFO - [2026-06-05T11:00:37.271+0000] {dagbag.py:538} INFO - Filling up the DagBag from /opt/airflow/dags/tiki_pipeline_dag.py
[2026-06-05T11:00:37.312+0000] {processor.py:840} INFO - DAG(s) 'tiki_beauty_lakehouse_pipeline' retrieved from /opt/airflow/dags/tiki_pipeline_dag.py
[2026-06-05T11:00:37.371+0000] {logging_mixin.py:188} INFO - [2026-06-05T11:00:37.371+0000] {dag.py:3036} INFO - Sync 1 DAGs
[2026-06-05T11:00:37.396+0000] {logging_mixin.py:188} INFO - [2026-06-05T11:00:37.396+0000] {dag.py:3823} INFO - Setting next_dagrun for tiki_beauty_lakehouse_pipeline to 2026-06-05 08:00:00+00:00, run_after=2026-06-06 08:00:00+00:00
[2026-06-05T11:00:37.435+0000] {processor.py:183} INFO - Processing /opt/airflow/dags/tiki_pipeline_dag.py took 0.176 seconds
[2026-06-05T11:01:07.880+0000] {processor.py:161} INFO - Started process (PID=208) to work on /opt/airflow/dags/tiki_pipeline_dag.py
[2026-06-05T11:01:07.884+0000] {processor.py:830} INFO - Processing file /opt/airflow/dags/tiki_pipeline_dag.py for tasks to queue
[2026-06-05T11:01:07.887+0000] {logging_mixin.py:188} INFO - [2026-06-05T11:01:07.886+0000] {dagbag.py:538} INFO - Filling up the DagBag from /opt/airflow/dags/tiki_pipeline_dag.py
[2026-06-05T11:01:07.969+0000] {processor.py:840} INFO - DAG(s) 'tiki_beauty_lakehouse_pipeline' retrieved from /opt/airflow/dags/tiki_pipeline_dag.py
[2026-06-05T11:01:08.069+0000] {logging_mixin.py:188} INFO - [2026-06-05T11:01:08.069+0000] {dag.py:3036} INFO - Sync 1 DAGs
[2026-06-05T11:01:08.104+0000] {logging_mixin.py:188} INFO - [2026-06-05T11:01:08.104+0000] {dag.py:3823} INFO - Setting next_dagrun for tiki_beauty_lakehouse_pipeline to 2026-06-05 08:00:00+00:00, run_after=2026-06-06 08:00:00+00:00
[2026-06-05T11:01:08.151+0000] {processor.py:183} INFO - Processing /opt/airflow/dags/tiki_pipeline_dag.py took 0.277 seconds
[2026-06-05T11:01:38.500+0000] {processor.py:161} INFO - Started process (PID=213) to work on /opt/airflow/dags/tiki_pipeline_dag.py
[2026-06-05T11:01:38.502+0000] {processor.py:830} INFO - Processing file /opt/airflow/dags/tiki_pipeline_dag.py for tasks to queue
[2026-06-05T11:01:38.504+0000] {logging_mixin.py:188} INFO - [2026-06-05T11:01:38.503+0000] {dagbag.py:538} INFO - Filling up the DagBag from /opt/airflow/dags/tiki_pipeline_dag.py
[2026-06-05T11:01:38.563+0000] {processor.py:840} INFO - DAG(s) 'tiki_beauty_lakehouse_pipeline' retrieved from /opt/airflow/dags/tiki_pipeline_dag.py
[2026-06-05T11:01:38.614+0000] {logging_mixin.py:188} INFO - [2026-06-05T11:01:38.614+0000] {dag.py:3036} INFO - Sync 1 DAGs
[2026-06-05T11:01:38.640+0000] {logging_mixin.py:188} INFO - [2026-06-05T11:01:38.640+0000] {dag.py:3823} INFO - Setting next_dagrun for tiki_beauty_lakehouse_pipeline to 2026-06-05 08:00:00+00:00, run_after=2026-06-06 08:00:00+00:00
[2026-06-05T11:01:38.666+0000] {processor.py:183} INFO - Processing /opt/airflow/dags/tiki_pipeline_dag.py took 0.171 seconds
[2026-06-05T11:02:09.390+0000] {processor.py:161} INFO - Started process (PID=218) to work on /opt/airflow/dags/tiki_pipeline_dag.py
[2026-06-05T11:02:09.392+0000] {processor.py:830} INFO - Processing file /opt/airflow/dags/tiki_pipeline_dag.py for tasks to queue
[2026-06-05T11:02:09.393+0000] {logging_mixin.py:188} INFO - [2026-06-05T11:02:09.393+0000] {dagbag.py:538} INFO - Filling up the DagBag from /opt/airflow/dags/tiki_pipeline_dag.py
[2026-06-05T11:02:09.438+0000] {processor.py:840} INFO - DAG(s) 'tiki_beauty_lakehouse_pipeline' retrieved from /opt/airflow/dags/tiki_pipeline_dag.py
[2026-06-05T11:02:09.514+0000] {logging_mixin.py:188} INFO - [2026-06-05T11:02:09.513+0000] {dag.py:3036} INFO - Sync 1 DAGs
[2026-06-05T11:02:09.551+0000] {logging_mixin.py:188} INFO - [2026-06-05T11:02:09.551+0000] {dag.py:3823} INFO - Setting next_dagrun for tiki_beauty_lakehouse_pipeline to 2026-06-05 08:00:00+00:00, run_after=2026-06-06 08:00:00+00:00
[2026-06-05T11:02:09.597+0000] {processor.py:183} INFO - Processing /opt/airflow/dags/tiki_pipeline_dag.py took 0.210 seconds
[2026-06-05T11:02:40.179+0000] {processor.py:161} INFO - Started process (PID=223) to work on /opt/airflow/dags/tiki_pipeline_dag.py
[2026-06-05T11:02:40.187+0000] {processor.py:830} INFO - Processing file /opt/airflow/dags/tiki_pipeline_dag.py for tasks to queue
[2026-06-05T11:02:40.193+0000] {logging_mixin.py:188} INFO - [2026-06-05T11:02:40.192+0000] {dagbag.py:538} INFO - Filling up the DagBag from /opt/airflow/dags/tiki_pipeline_dag.py
[2026-06-05T11:02:40.293+0000] {processor.py:840} INFO - DAG(s) 'tiki_beauty_lakehouse_pipeline' retrieved from /opt/airflow/dags/tiki_pipeline_dag.py
[2026-06-05T11:02:40.347+0000] {logging_mixin.py:188} INFO - [2026-06-05T11:02:40.346+0000] {dag.py:3036} INFO - Sync 1 DAGs
[2026-06-05T11:02:40.393+0000] {logging_mixin.py:188} INFO - [2026-06-05T11:02:40.392+0000] {dag.py:3823} INFO - Setting next_dagrun for tiki_beauty_lakehouse_pipeline to 2026-06-05 08:00:00+00:00, run_after=2026-06-06 08:00:00+00:00
[2026-06-05T11:02:40.422+0000] {processor.py:183} INFO - Processing /opt/airflow/dags/tiki_pipeline_dag.py took 0.263 seconds
[2026-06-05T11:03:10.994+0000] {processor.py:161} INFO - Started process (PID=228) to work on /opt/airflow/dags/tiki_pipeline_dag.py
[2026-06-05T11:03:10.997+0000] {processor.py:830} INFO - Processing file /opt/airflow/dags/tiki_pipeline_dag.py for tasks to queue
[2026-06-05T11:03:11.001+0000] {logging_mixin.py:188} INFO - [2026-06-05T11:03:11.000+0000] {dagbag.py:538} INFO - Filling up the DagBag from /opt/airflow/dags/tiki_pipeline_dag.py
[2026-06-05T11:03:11.130+0000] {processor.py:840} INFO - DAG(s) 'tiki_beauty_lakehouse_pipeline' retrieved from /opt/airflow/dags/tiki_pipeline_dag.py
[2026-06-05T11:03:11.163+0000] {logging_mixin.py:188} INFO - [2026-06-05T11:03:11.163+0000] {dag.py:3036} INFO - Sync 1 DAGs
[2026-06-05T11:03:11.190+0000] {logging_mixin.py:188} INFO - [2026-06-05T11:03:11.189+0000] {dag.py:3823} INFO - Setting next_dagrun for tiki_beauty_lakehouse_pipeline to 2026-06-05 08:00:00+00:00, run_after=2026-06-06 08:00:00+00:00
[2026-06-05T11:03:11.230+0000] {processor.py:183} INFO - Processing /opt/airflow/dags/tiki_pipeline_dag.py took 0.248 seconds
[2026-06-05T11:03:41.608+0000] {processor.py:161} INFO - Started process (PID=233) to work on /opt/airflow/dags/tiki_pipeline_dag.py
[2026-06-05T11:03:41.610+0000] {processor.py:830} INFO - Processing file /opt/airflow/dags/tiki_pipeline_dag.py for tasks to queue
[2026-06-05T11:03:41.612+0000] {logging_mixin.py:188} INFO - [2026-06-05T11:03:41.612+0000] {dagbag.py:538} INFO - Filling up the DagBag from /opt/airflow/dags/tiki_pipeline_dag.py
[2026-06-05T11:03:41.648+0000] {processor.py:840} INFO - DAG(s) 'tiki_beauty_lakehouse_pipeline' retrieved from /opt/airflow/dags/tiki_pipeline_dag.py
[2026-06-05T11:03:41.685+0000] {logging_mixin.py:188} INFO - [2026-06-05T11:03:41.685+0000] {dag.py:3036} INFO - Sync 1 DAGs
[2026-06-05T11:03:41.726+0000] {logging_mixin.py:188} INFO - [2026-06-05T11:03:41.726+0000] {dag.py:3823} INFO - Setting next_dagrun for tiki_beauty_lakehouse_pipeline to 2026-06-05 08:00:00+00:00, run_after=2026-06-06 08:00:00+00:00
[2026-06-05T11:03:41.758+0000] {processor.py:183} INFO - Processing /opt/airflow/dags/tiki_pipeline_dag.py took 0.153 seconds
