[2026-06-13T20:00:00.968+0000] {taskinstance.py:1956} INFO - Dependencies all met for dep_context=non-requeueable deps ti=<TaskInstance: tiki_gold_hourly_refresh.refresh_gold_tables scheduled__2026-06-13T19:00:00+00:00 [queued]>
[2026-06-13T20:00:00.982+0000] {taskinstance.py:1956} INFO - Dependencies all met for dep_context=requeueable deps ti=<TaskInstance: tiki_gold_hourly_refresh.refresh_gold_tables scheduled__2026-06-13T19:00:00+00:00 [queued]>
[2026-06-13T20:00:00.983+0000] {taskinstance.py:2170} INFO - Starting attempt 1 of 2
[2026-06-13T20:00:01.005+0000] {taskinstance.py:2191} INFO - Executing <Task(BashOperator): refresh_gold_tables> on 2026-06-13 19:00:00+00:00
[2026-06-13T20:00:01.019+0000] {standard_task_runner.py:60} INFO - Started process 9898 to run task
[2026-06-13T20:00:01.025+0000] {standard_task_runner.py:87} INFO - Running: ['airflow', 'tasks', 'run', 'tiki_gold_hourly_refresh', 'refresh_gold_tables', 'scheduled__2026-06-13T19:00:00+00:00', '--job-id', '155', '--raw', '--subdir', 'DAGS_FOLDER/tiki_gold_hourly_dag.py', '--cfg-path', '/tmp/tmphcx5kh_u']
[2026-06-13T20:00:01.035+0000] {standard_task_runner.py:88} INFO - Job 155: Subtask refresh_gold_tables
[2026-06-13T20:00:01.185+0000] {task_command.py:423} INFO - Running <TaskInstance: tiki_gold_hourly_refresh.refresh_gold_tables scheduled__2026-06-13T19:00:00+00:00 [running]> on host c014a76b1489
[2026-06-13T20:00:01.330+0000] {taskinstance.py:2480} INFO - Exporting env vars: AIRFLOW_CTX_DAG_OWNER='anhtaizz' AIRFLOW_CTX_DAG_ID='tiki_gold_hourly_refresh' AIRFLOW_CTX_TASK_ID='refresh_gold_tables' AIRFLOW_CTX_EXECUTION_DATE='2026-06-13T19:00:00+00:00' AIRFLOW_CTX_TRY_NUMBER='1' AIRFLOW_CTX_DAG_RUN_ID='scheduled__2026-06-13T19:00:00+00:00'
[2026-06-13T20:00:01.332+0000] {subprocess.py:63} INFO - Tmp dir root location: /tmp
[2026-06-13T20:00:01.334+0000] {subprocess.py:75} INFO - Running command: ['/usr/bin/bash', '-c', '\n            echo "[$(date \'+%Y-%m-%d %H:%M:%S\')] Starting hourly Gold refresh ..."\n            docker exec tiki_spark_crawler \\\n                /opt/conda/bin/python /home/jovyan/work/src/jobs/tiki_gold.py\n            echo "[$(date \'+%Y-%m-%d %H:%M:%S\')] Gold refresh complete."\n        ']
[2026-06-13T20:00:01.346+0000] {subprocess.py:86} INFO - Output:
[2026-06-13T20:00:01.359+0000] {subprocess.py:93} INFO - [2026-06-13 20:00:01] Starting hourly Gold refresh ...
[2026-06-13T20:00:02.583+0000] {subprocess.py:93} INFO - 2026-06-13 20:00:02,580 - __main__ - INFO - ============================================================
[2026-06-13T20:00:02.584+0000] {subprocess.py:93} INFO - 2026-06-13 20:00:02,580 - __main__ - INFO - Starting Tiki GOLD layer pipeline
[2026-06-13T20:00:02.585+0000] {subprocess.py:93} INFO - 2026-06-13 20:00:02,581 - __main__ - INFO - Target Postgres: reporting-postgres / reporting
[2026-06-13T20:00:02.587+0000] {subprocess.py:93} INFO - 2026-06-13 20:00:02,581 - __main__ - INFO - ============================================================
[2026-06-13T20:00:04.218+0000] {subprocess.py:93} INFO - :: loading settings :: url = jar:file:/usr/local/spark-3.5.0-bin-hadoop3/jars/ivy-2.5.1.jar!/org/apache/ivy/core/settings/ivysettings.xml
[2026-06-13T20:00:04.287+0000] {subprocess.py:93} INFO - Ivy Default Cache set to: /root/.ivy2/cache
[2026-06-13T20:00:04.289+0000] {subprocess.py:93} INFO - The jars for the packages stored in: /root/.ivy2/jars
[2026-06-13T20:00:04.292+0000] {subprocess.py:93} INFO - org.apache.iceberg#iceberg-spark-runtime-3.5_2.12 added as a dependency
[2026-06-13T20:00:04.294+0000] {subprocess.py:93} INFO - org.apache.hadoop#hadoop-aws added as a dependency
[2026-06-13T20:00:04.294+0000] {subprocess.py:93} INFO - com.amazonaws#aws-java-sdk-bundle added as a dependency
[2026-06-13T20:00:04.295+0000] {subprocess.py:93} INFO - org.postgresql#postgresql added as a dependency
[2026-06-13T20:00:04.296+0000] {subprocess.py:93} INFO - :: resolving dependencies :: org.apache.spark#spark-submit-parent-c04b8b86-be2c-4345-ac77-27a5eee503b0;1.0
[2026-06-13T20:00:04.296+0000] {subprocess.py:93} INFO - 	confs: [default]
[2026-06-13T20:00:04.402+0000] {subprocess.py:93} INFO - 	found org.apache.iceberg#iceberg-spark-runtime-3.5_2.12;1.6.0 in central
[2026-06-13T20:00:04.450+0000] {subprocess.py:93} INFO - 	found org.apache.hadoop#hadoop-aws;3.3.4 in central
[2026-06-13T20:00:04.471+0000] {subprocess.py:93} INFO - 	found com.amazonaws#aws-java-sdk-bundle;1.12.262 in central
[2026-06-13T20:00:04.493+0000] {subprocess.py:93} INFO - 	found org.wildfly.openssl#wildfly-openssl;1.0.7.Final in central
[2026-06-13T20:00:04.519+0000] {subprocess.py:93} INFO - 	found org.postgresql#postgresql;42.7.3 in central
[2026-06-13T20:00:04.540+0000] {subprocess.py:93} INFO - 	found org.checkerframework#checker-qual;3.42.0 in central
[2026-06-13T20:00:04.561+0000] {subprocess.py:93} INFO - :: resolution report :: resolve 258ms :: artifacts dl 9ms
[2026-06-13T20:00:04.562+0000] {subprocess.py:93} INFO - 	:: modules in use:
[2026-06-13T20:00:04.563+0000] {subprocess.py:93} INFO - 	com.amazonaws#aws-java-sdk-bundle;1.12.262 from central in [default]
[2026-06-13T20:00:04.564+0000] {subprocess.py:93} INFO - 	org.apache.hadoop#hadoop-aws;3.3.4 from central in [default]
[2026-06-13T20:00:04.564+0000] {subprocess.py:93} INFO - 	org.apache.iceberg#iceberg-spark-runtime-3.5_2.12;1.6.0 from central in [default]
[2026-06-13T20:00:04.565+0000] {subprocess.py:93} INFO - 	org.checkerframework#checker-qual;3.42.0 from central in [default]
[2026-06-13T20:00:04.566+0000] {subprocess.py:93} INFO - 	org.postgresql#postgresql;42.7.3 from central in [default]
[2026-06-13T20:00:04.567+0000] {subprocess.py:93} INFO - 	org.wildfly.openssl#wildfly-openssl;1.0.7.Final from central in [default]
[2026-06-13T20:00:04.567+0000] {subprocess.py:93} INFO - 	---------------------------------------------------------------------
[2026-06-13T20:00:04.568+0000] {subprocess.py:93} INFO - 	|                  |            modules            ||   artifacts   |
[2026-06-13T20:00:04.569+0000] {subprocess.py:93} INFO - 	|       conf       | number| search|dwnlded|evicted|| number|dwnlded|
[2026-06-13T20:00:04.570+0000] {subprocess.py:93} INFO - 	---------------------------------------------------------------------
[2026-06-13T20:00:04.570+0000] {subprocess.py:93} INFO - 	|      default     |   6   |   0   |   0   |   0   ||   6   |   0   |
[2026-06-13T20:00:04.571+0000] {subprocess.py:93} INFO - 	---------------------------------------------------------------------
[2026-06-13T20:00:04.572+0000] {subprocess.py:93} INFO - :: retrieving :: org.apache.spark#spark-submit-parent-c04b8b86-be2c-4345-ac77-27a5eee503b0
[2026-06-13T20:00:04.573+0000] {subprocess.py:93} INFO - 	confs: [default]
[2026-06-13T20:00:04.573+0000] {subprocess.py:93} INFO - 	0 artifacts copied, 6 already retrieved (0kB/6ms)
[2026-06-13T20:00:04.818+0000] {subprocess.py:93} INFO - 26/06/13 20:00:04 WARN NativeCodeLoader: Unable to load native-hadoop library for your platform... using builtin-java classes where applicable
[2026-06-13T20:00:05.022+0000] {subprocess.py:93} INFO - Setting default log level to "WARN".
[2026-06-13T20:00:05.023+0000] {subprocess.py:93} INFO - To adjust logging level use sc.setLogLevel(newLevel). For SparkR, use setLogLevel(newLevel).
[2026-06-13T20:00:06.083+0000] {subprocess.py:93} INFO - 26/06/13 20:00:06 WARN Utils: Service 'SparkUI' could not bind on port 4040. Attempting port 4041.
[2026-06-13T20:00:12.109+0000] {subprocess.py:93} INFO - 26/06/13 20:00:12 WARN MetricsConfig: Cannot locate configuration: tried hadoop-metrics2-s3a-file-system.properties,hadoop-metrics2.properties
[2026-06-13T20:00:13.178+0000] {subprocess.py:93} INFO - 2026-06-13 20:00:13,175 - __main__ - INFO - Computing gold.brand_performance ...
[2026-06-13T20:00:13.933+0000] {subprocess.py:93} INFO - 2026-06-13 20:00:13,931 - __main__ - INFO - Writing Iceberg Gold table: local_catalog.tiki_gold.brand_performance
[2026-06-13T20:00:20.737+0000] {subprocess.py:93} INFO - [Stage 0:>                                                          (0 + 3) / 3]                                                                                2026-06-13 20:00:20,734 - __main__ - INFO - Iceberg write complete: local_catalog.tiki_gold.brand_performance
[2026-06-13T20:00:20.738+0000] {subprocess.py:93} INFO - 2026-06-13 20:00:20,735 - __main__ - INFO - Writing Reporting Postgres table: brand_performance
[2026-06-13T20:00:22.852+0000] {subprocess.py:93} INFO - [Stage 25:>                                                         (0 + 1) / 1]                                                                                2026-06-13 20:00:22,850 - __main__ - INFO - Postgres write complete: brand_performance
[2026-06-13T20:00:22.853+0000] {subprocess.py:93} INFO - 2026-06-13 20:00:22,850 - __main__ - INFO - Computing gold.price_trend ...
[2026-06-13T20:00:22.909+0000] {subprocess.py:93} INFO - 2026-06-13 20:00:22,908 - __main__ - INFO - Writing Iceberg Gold table: local_catalog.tiki_gold.price_trend
[2026-06-13T20:00:24.021+0000] {subprocess.py:93} INFO - 2026-06-13 20:00:24,014 - __main__ - INFO - Iceberg write complete: local_catalog.tiki_gold.price_trend
[2026-06-13T20:00:24.023+0000] {subprocess.py:93} INFO - 2026-06-13 20:00:24,015 - __main__ - INFO - Writing Reporting Postgres table: price_trend
[2026-06-13T20:00:25.037+0000] {subprocess.py:93} INFO - 2026-06-13 20:00:25,034 - __main__ - INFO - Postgres write complete: price_trend
[2026-06-13T20:00:25.043+0000] {subprocess.py:93} INFO - 2026-06-13 20:00:25,034 - __main__ - INFO - Computing gold.discount_analysis ...
[2026-06-13T20:00:25.075+0000] {subprocess.py:93} INFO - 2026-06-13 20:00:25,074 - __main__ - INFO - Writing Iceberg Gold table: local_catalog.tiki_gold.discount_analysis
[2026-06-13T20:00:26.762+0000] {subprocess.py:93} INFO - 2026-06-13 20:00:26,760 - __main__ - INFO - Iceberg write complete: local_catalog.tiki_gold.discount_analysis
[2026-06-13T20:00:26.764+0000] {subprocess.py:93} INFO - 2026-06-13 20:00:26,760 - __main__ - INFO - Writing Reporting Postgres table: discount_analysis
[2026-06-13T20:00:27.562+0000] {subprocess.py:93} INFO - 2026-06-13 20:00:27,560 - __main__ - INFO - Postgres write complete: discount_analysis
[2026-06-13T20:00:27.563+0000] {subprocess.py:93} INFO - 2026-06-13 20:00:27,560 - __main__ - INFO - Computing gold.top_products ...
[2026-06-13T20:00:27.631+0000] {subprocess.py:93} INFO - 2026-06-13 20:00:27,629 - __main__ - INFO - Writing Iceberg Gold table: local_catalog.tiki_gold.top_products
[2026-06-13T20:00:29.518+0000] {subprocess.py:93} INFO - [Stage 68:===================>                                      (1 + 2) / 3][Stage 68:======================================>                   (2 + 1) / 3]                                                                                2026-06-13 20:00:29,514 - __main__ - INFO - Iceberg write complete: local_catalog.tiki_gold.top_products
[2026-06-13T20:00:29.520+0000] {subprocess.py:93} INFO - 2026-06-13 20:00:29,514 - __main__ - INFO - Writing Reporting Postgres table: top_products
[2026-06-13T20:00:29.984+0000] {subprocess.py:93} INFO - 2026-06-13 20:00:29,981 - __main__ - INFO - Postgres write complete: top_products
[2026-06-13T20:00:29.985+0000] {subprocess.py:93} INFO - 2026-06-13 20:00:29,982 - __main__ - INFO - Computing gold.daily_summary ...
[2026-06-13T20:00:30.071+0000] {subprocess.py:93} INFO - 2026-06-13 20:00:30,068 - __main__ - INFO - Writing Iceberg Gold table: local_catalog.tiki_gold.daily_summary
[2026-06-13T20:00:31.664+0000] {subprocess.py:93} INFO - 2026-06-13 20:00:31,662 - __main__ - INFO - Iceberg write complete: local_catalog.tiki_gold.daily_summary
[2026-06-13T20:00:31.665+0000] {subprocess.py:93} INFO - 2026-06-13 20:00:31,662 - __main__ - INFO - Writing Reporting Postgres table: daily_summary
[2026-06-13T20:00:32.239+0000] {subprocess.py:93} INFO - 2026-06-13 20:00:32,236 - __main__ - INFO - Postgres write complete: daily_summary
[2026-06-13T20:00:32.239+0000] {subprocess.py:93} INFO - 2026-06-13 20:00:32,236 - __main__ - INFO - ============================================================
[2026-06-13T20:00:32.240+0000] {subprocess.py:93} INFO - 2026-06-13 20:00:32,236 - __main__ - INFO - Gold pipeline completed successfully!
[2026-06-13T20:00:32.241+0000] {subprocess.py:93} INFO - 2026-06-13 20:00:32,236 - __main__ - INFO - Superset dashboard sẽ tự refresh khi query lại Postgres.
[2026-06-13T20:00:32.242+0000] {subprocess.py:93} INFO - 2026-06-13 20:00:32,236 - __main__ - INFO - ============================================================
[2026-06-13T20:00:33.036+0000] {subprocess.py:93} INFO - [2026-06-13 20:00:33] Gold refresh complete.
[2026-06-13T20:00:33.037+0000] {subprocess.py:97} INFO - Command exited with return code 0
[2026-06-13T20:00:33.076+0000] {taskinstance.py:1138} INFO - Marking task as SUCCESS. dag_id=tiki_gold_hourly_refresh, task_id=refresh_gold_tables, execution_date=20260613T190000, start_date=20260613T200000, end_date=20260613T200033
[2026-06-13T20:00:33.136+0000] {local_task_job_runner.py:234} INFO - Task exited with return code 0
[2026-06-13T20:00:33.198+0000] {taskinstance.py:3280} INFO - 0 downstream tasks scheduled from follow-on schedule check
