[2026-06-13T18:00:01.320+0000] {taskinstance.py:1956} INFO - Dependencies all met for dep_context=non-requeueable deps ti=<TaskInstance: tiki_gold_hourly_refresh.refresh_gold_tables scheduled__2026-06-13T17:00:00+00:00 [queued]>
[2026-06-13T18:00:01.331+0000] {taskinstance.py:1956} INFO - Dependencies all met for dep_context=requeueable deps ti=<TaskInstance: tiki_gold_hourly_refresh.refresh_gold_tables scheduled__2026-06-13T17:00:00+00:00 [queued]>
[2026-06-13T18:00:01.333+0000] {taskinstance.py:2170} INFO - Starting attempt 1 of 2
[2026-06-13T18:00:01.352+0000] {taskinstance.py:2191} INFO - Executing <Task(BashOperator): refresh_gold_tables> on 2026-06-13 17:00:00+00:00
[2026-06-13T18:00:01.361+0000] {standard_task_runner.py:60} INFO - Started process 6853 to run task
[2026-06-13T18:00:01.365+0000] {standard_task_runner.py:87} INFO - Running: ['airflow', 'tasks', 'run', 'tiki_gold_hourly_refresh', 'refresh_gold_tables', 'scheduled__2026-06-13T17:00:00+00:00', '--job-id', '149', '--raw', '--subdir', 'DAGS_FOLDER/tiki_gold_hourly_dag.py', '--cfg-path', '/tmp/tmp58zgnfew']
[2026-06-13T18:00:01.369+0000] {standard_task_runner.py:88} INFO - Job 149: Subtask refresh_gold_tables
[2026-06-13T18:00:01.506+0000] {task_command.py:423} INFO - Running <TaskInstance: tiki_gold_hourly_refresh.refresh_gold_tables scheduled__2026-06-13T17:00:00+00:00 [running]> on host c014a76b1489
[2026-06-13T18:00:01.714+0000] {taskinstance.py:2480} INFO - Exporting env vars: AIRFLOW_CTX_DAG_OWNER='anhtaizz' AIRFLOW_CTX_DAG_ID='tiki_gold_hourly_refresh' AIRFLOW_CTX_TASK_ID='refresh_gold_tables' AIRFLOW_CTX_EXECUTION_DATE='2026-06-13T17:00:00+00:00' AIRFLOW_CTX_TRY_NUMBER='1' AIRFLOW_CTX_DAG_RUN_ID='scheduled__2026-06-13T17:00:00+00:00'
[2026-06-13T18:00:01.720+0000] {subprocess.py:63} INFO - Tmp dir root location: /tmp
[2026-06-13T18:00:01.730+0000] {subprocess.py:75} INFO - Running command: ['/usr/bin/bash', '-c', '\n            echo "[$(date \'+%Y-%m-%d %H:%M:%S\')] Starting hourly Gold refresh ..."\n            docker exec tiki_spark_crawler \\\n                /opt/conda/bin/python /home/jovyan/work/src/jobs/tiki_gold.py\n            echo "[$(date \'+%Y-%m-%d %H:%M:%S\')] Gold refresh complete."\n        ']
[2026-06-13T18:00:01.778+0000] {subprocess.py:86} INFO - Output:
[2026-06-13T18:00:01.831+0000] {subprocess.py:93} INFO - [2026-06-13 18:00:01] Starting hourly Gold refresh ...
[2026-06-13T18:00:03.220+0000] {subprocess.py:93} INFO - 2026-06-13 18:00:03,217 - __main__ - INFO - ============================================================
[2026-06-13T18:00:03.221+0000] {subprocess.py:93} INFO - 2026-06-13 18:00:03,217 - __main__ - INFO - Starting Tiki GOLD layer pipeline
[2026-06-13T18:00:03.222+0000] {subprocess.py:93} INFO - 2026-06-13 18:00:03,217 - __main__ - INFO - Target Postgres: reporting-postgres / reporting
[2026-06-13T18:00:03.224+0000] {subprocess.py:93} INFO - 2026-06-13 18:00:03,217 - __main__ - INFO - ============================================================
[2026-06-13T18:00:05.259+0000] {subprocess.py:93} INFO - :: loading settings :: url = jar:file:/usr/local/spark-3.5.0-bin-hadoop3/jars/ivy-2.5.1.jar!/org/apache/ivy/core/settings/ivysettings.xml
[2026-06-13T18:00:05.413+0000] {subprocess.py:93} INFO - Ivy Default Cache set to: /root/.ivy2/cache
[2026-06-13T18:00:05.415+0000] {subprocess.py:93} INFO - The jars for the packages stored in: /root/.ivy2/jars
[2026-06-13T18:00:05.429+0000] {subprocess.py:93} INFO - org.apache.iceberg#iceberg-spark-runtime-3.5_2.12 added as a dependency
[2026-06-13T18:00:05.430+0000] {subprocess.py:93} INFO - org.apache.hadoop#hadoop-aws added as a dependency
[2026-06-13T18:00:05.432+0000] {subprocess.py:93} INFO - com.amazonaws#aws-java-sdk-bundle added as a dependency
[2026-06-13T18:00:05.433+0000] {subprocess.py:93} INFO - org.postgresql#postgresql added as a dependency
[2026-06-13T18:00:05.434+0000] {subprocess.py:93} INFO - :: resolving dependencies :: org.apache.spark#spark-submit-parent-e22e4a6b-31a5-4295-8e3d-eb11360c4fec;1.0
[2026-06-13T18:00:05.435+0000] {subprocess.py:93} INFO - 	confs: [default]
[2026-06-13T18:00:05.562+0000] {subprocess.py:93} INFO - 	found org.apache.iceberg#iceberg-spark-runtime-3.5_2.12;1.6.0 in central
[2026-06-13T18:00:05.614+0000] {subprocess.py:93} INFO - 	found org.apache.hadoop#hadoop-aws;3.3.4 in central
[2026-06-13T18:00:05.633+0000] {subprocess.py:93} INFO - 	found com.amazonaws#aws-java-sdk-bundle;1.12.262 in central
[2026-06-13T18:00:05.654+0000] {subprocess.py:93} INFO - 	found org.wildfly.openssl#wildfly-openssl;1.0.7.Final in central
[2026-06-13T18:00:05.676+0000] {subprocess.py:93} INFO - 	found org.postgresql#postgresql;42.7.3 in central
[2026-06-13T18:00:05.690+0000] {subprocess.py:93} INFO - 	found org.checkerframework#checker-qual;3.42.0 in central
[2026-06-13T18:00:05.721+0000] {subprocess.py:93} INFO - :: resolution report :: resolve 278ms :: artifacts dl 13ms
[2026-06-13T18:00:05.722+0000] {subprocess.py:93} INFO - 	:: modules in use:
[2026-06-13T18:00:05.723+0000] {subprocess.py:93} INFO - 	com.amazonaws#aws-java-sdk-bundle;1.12.262 from central in [default]
[2026-06-13T18:00:05.724+0000] {subprocess.py:93} INFO - 	org.apache.hadoop#hadoop-aws;3.3.4 from central in [default]
[2026-06-13T18:00:05.725+0000] {subprocess.py:93} INFO - 	org.apache.iceberg#iceberg-spark-runtime-3.5_2.12;1.6.0 from central in [default]
[2026-06-13T18:00:05.726+0000] {subprocess.py:93} INFO - 	org.checkerframework#checker-qual;3.42.0 from central in [default]
[2026-06-13T18:00:05.727+0000] {subprocess.py:93} INFO - 	org.postgresql#postgresql;42.7.3 from central in [default]
[2026-06-13T18:00:05.728+0000] {subprocess.py:93} INFO - 	org.wildfly.openssl#wildfly-openssl;1.0.7.Final from central in [default]
[2026-06-13T18:00:05.729+0000] {subprocess.py:93} INFO - 	---------------------------------------------------------------------
[2026-06-13T18:00:05.730+0000] {subprocess.py:93} INFO - 	|                  |            modules            ||   artifacts   |
[2026-06-13T18:00:05.730+0000] {subprocess.py:93} INFO - 	|       conf       | number| search|dwnlded|evicted|| number|dwnlded|
[2026-06-13T18:00:05.731+0000] {subprocess.py:93} INFO - 	---------------------------------------------------------------------
[2026-06-13T18:00:05.732+0000] {subprocess.py:93} INFO - 	|      default     |   6   |   0   |   0   |   0   ||   6   |   0   |
[2026-06-13T18:00:05.733+0000] {subprocess.py:93} INFO - 	---------------------------------------------------------------------
[2026-06-13T18:00:05.734+0000] {subprocess.py:93} INFO - :: retrieving :: org.apache.spark#spark-submit-parent-e22e4a6b-31a5-4295-8e3d-eb11360c4fec
[2026-06-13T18:00:05.735+0000] {subprocess.py:93} INFO - 	confs: [default]
[2026-06-13T18:00:05.739+0000] {subprocess.py:93} INFO - 	0 artifacts copied, 6 already retrieved (0kB/10ms)
[2026-06-13T18:00:06.045+0000] {subprocess.py:93} INFO - 26/06/13 18:00:06 WARN NativeCodeLoader: Unable to load native-hadoop library for your platform... using builtin-java classes where applicable
[2026-06-13T18:00:06.251+0000] {subprocess.py:93} INFO - Setting default log level to "WARN".
[2026-06-13T18:00:06.252+0000] {subprocess.py:93} INFO - To adjust logging level use sc.setLogLevel(newLevel). For SparkR, use setLogLevel(newLevel).
[2026-06-13T18:00:07.512+0000] {subprocess.py:93} INFO - 26/06/13 18:00:07 WARN Utils: Service 'SparkUI' could not bind on port 4040. Attempting port 4041.
[2026-06-13T18:00:13.694+0000] {subprocess.py:93} INFO - 26/06/13 18:00:13 WARN MetricsConfig: Cannot locate configuration: tried hadoop-metrics2-s3a-file-system.properties,hadoop-metrics2.properties
[2026-06-13T18:00:14.731+0000] {subprocess.py:93} INFO - 2026-06-13 18:00:14,729 - __main__ - INFO - Computing gold.brand_performance ...
[2026-06-13T18:00:15.358+0000] {subprocess.py:93} INFO - 2026-06-13 18:00:15,356 - __main__ - INFO - Writing Iceberg Gold table: local_catalog.tiki_gold.brand_performance
[2026-06-13T18:00:22.102+0000] {subprocess.py:93} INFO - [Stage 0:>                                                          (0 + 1) / 1][Stage 2:>                                                          (0 + 1) / 1]                                                                                2026-06-13 18:00:22,101 - __main__ - INFO - Iceberg write complete: local_catalog.tiki_gold.brand_performance
[2026-06-13T18:00:22.103+0000] {subprocess.py:93} INFO - 2026-06-13 18:00:22,101 - __main__ - INFO - Writing Reporting Postgres table: brand_performance
[2026-06-13T18:00:25.688+0000] {subprocess.py:93} INFO - [Stage 25:>                                                         (0 + 1) / 1]                                                                                2026-06-13 18:00:25,686 - __main__ - INFO - Postgres write complete: brand_performance
[2026-06-13T18:00:25.690+0000] {subprocess.py:93} INFO - 2026-06-13 18:00:25,686 - __main__ - INFO - Computing gold.price_trend ...
[2026-06-13T18:00:26.150+0000] {subprocess.py:93} INFO - 2026-06-13 18:00:26,109 - __main__ - ERROR - Gold pipeline failed: [UNRESOLVED_COLUMN.WITH_SUGGESTION] A column or function parameter with name `category_name` cannot be resolved. Did you mean one of the following? [`category_id`, `brand_name`, `name`, `crawl_date`, `discount`].; line 5 pos 12;
[2026-06-13T18:00:26.154+0000] {subprocess.py:93} INFO - 'Sort ['crawl_date DESC NULLS LAST, 'category_id ASC NULLS FIRST], true
[2026-06-13T18:00:26.270+0000] {subprocess.py:93} INFO - +- 'Aggregate [crawl_date#324, category_id#322, 'category_name], [crawl_date#324, category_id#322, 'category_name, count(id#310L) AS total_price_changes#305L, round((avg(price#314L) / cast(1000 as double)), 1) AS avg_new_price_k#306, round((cast(min(price#314L) as double) / cast(1000 as double)), 1) AS min_new_price_k#307, round((cast(max(price#314L) as double) / cast(1000 as double)), 1) AS max_new_price_k#308, round(avg(discount_rate#317), 1) AS avg_new_discount_rate#309]
[2026-06-13T18:00:26.348+0000] {subprocess.py:93} INFO -    +- SubqueryAlias local_catalog.tiki_silver.price_history
[2026-06-13T18:00:26.360+0000] {subprocess.py:93} INFO -       +- RelationV2[id#310L, sku#311, name#312, url_key#313, price#314L, original_price#315L, discount#316L, discount_rate#317, brand_name#318, rating_average#319, review_count#320, thumbnail_url#321, category_id#322, quantity_sold#323, crawl_date#324, loaded_at#325, source_file#326] local_catalog.tiki_silver.price_history local_catalog.tiki_silver.price_history
[2026-06-13T18:00:26.362+0000] {subprocess.py:93} INFO - Traceback (most recent call last):
[2026-06-13T18:00:26.363+0000] {subprocess.py:93} INFO -   File "/home/jovyan/work/src/jobs/tiki_gold.py", line 252, in run_gold_pipeline
[2026-06-13T18:00:26.366+0000] {subprocess.py:93} INFO -     compute_price_trend(spark)
[2026-06-13T18:00:26.367+0000] {subprocess.py:93} INFO -   File "/home/jovyan/work/src/jobs/tiki_gold.py", line 108, in compute_price_trend
[2026-06-13T18:00:26.374+0000] {subprocess.py:93} INFO -     df = spark.sql("""
[2026-06-13T18:00:26.376+0000] {subprocess.py:93} INFO -          ^^^^^^^^^^^^^
[2026-06-13T18:00:26.377+0000] {subprocess.py:93} INFO -   File "/usr/local/spark/python/pyspark/sql/session.py", line 1631, in sql
[2026-06-13T18:00:26.377+0000] {subprocess.py:93} INFO -     return DataFrame(self._jsparkSession.sql(sqlQuery, litArgs), self)
[2026-06-13T18:00:26.380+0000] {subprocess.py:93} INFO -                      ^^^^^^^^^^^^^^^^^^^^^^^^^^^^^^^^^^^^^^^^^^
[2026-06-13T18:00:26.381+0000] {subprocess.py:93} INFO -   File "/usr/local/spark/python/lib/py4j-0.10.9.7-src.zip/py4j/java_gateway.py", line 1322, in __call__
[2026-06-13T18:00:26.382+0000] {subprocess.py:93} INFO -     return_value = get_return_value(
[2026-06-13T18:00:26.384+0000] {subprocess.py:93} INFO -                    ^^^^^^^^^^^^^^^^^
[2026-06-13T18:00:26.387+0000] {subprocess.py:93} INFO -   File "/usr/local/spark/python/pyspark/errors/exceptions/captured.py", line 185, in deco
[2026-06-13T18:00:26.392+0000] {subprocess.py:93} INFO -     raise converted from None
[2026-06-13T18:00:26.394+0000] {subprocess.py:93} INFO - pyspark.errors.exceptions.captured.AnalysisException: [UNRESOLVED_COLUMN.WITH_SUGGESTION] A column or function parameter with name `category_name` cannot be resolved. Did you mean one of the following? [`category_id`, `brand_name`, `name`, `crawl_date`, `discount`].; line 5 pos 12;
[2026-06-13T18:00:26.395+0000] {subprocess.py:93} INFO - 'Sort ['crawl_date DESC NULLS LAST, 'category_id ASC NULLS FIRST], true
[2026-06-13T18:00:26.397+0000] {subprocess.py:93} INFO - +- 'Aggregate [crawl_date#324, category_id#322, 'category_name], [crawl_date#324, category_id#322, 'category_name, count(id#310L) AS total_price_changes#305L, round((avg(price#314L) / cast(1000 as double)), 1) AS avg_new_price_k#306, round((cast(min(price#314L) as double) / cast(1000 as double)), 1) AS min_new_price_k#307, round((cast(max(price#314L) as double) / cast(1000 as double)), 1) AS max_new_price_k#308, round(avg(discount_rate#317), 1) AS avg_new_discount_rate#309]
[2026-06-13T18:00:26.400+0000] {subprocess.py:93} INFO -    +- SubqueryAlias local_catalog.tiki_silver.price_history
[2026-06-13T18:00:26.401+0000] {subprocess.py:93} INFO -       +- RelationV2[id#310L, sku#311, name#312, url_key#313, price#314L, original_price#315L, discount#316L, discount_rate#317, brand_name#318, rating_average#319, review_count#320, thumbnail_url#321, category_id#322, quantity_sold#323, crawl_date#324, loaded_at#325, source_file#326] local_catalog.tiki_silver.price_history local_catalog.tiki_silver.price_history
[2026-06-13T18:00:26.403+0000] {subprocess.py:93} INFO - 
[2026-06-13T18:00:27.167+0000] {subprocess.py:93} INFO - [2026-06-13 18:00:27] Gold refresh complete.
[2026-06-13T18:00:27.169+0000] {subprocess.py:97} INFO - Command exited with return code 0
[2026-06-13T18:00:27.215+0000] {taskinstance.py:1138} INFO - Marking task as SUCCESS. dag_id=tiki_gold_hourly_refresh, task_id=refresh_gold_tables, execution_date=20260613T170000, start_date=20260613T180001, end_date=20260613T180027
[2026-06-13T18:00:27.272+0000] {local_task_job_runner.py:234} INFO - Task exited with return code 0
[2026-06-13T18:00:27.301+0000] {taskinstance.py:3280} INFO - 0 downstream tasks scheduled from follow-on schedule check
