[2026-06-12T08:21:53.170+0000] {taskinstance.py:1956} INFO - Dependencies all met for dep_context=non-requeueable deps ti=<TaskInstance: tiki_beauty_lakehouse_pipeline.transform_gold scheduled__2026-06-11T08:00:00+00:00 [queued]>
[2026-06-12T08:21:53.187+0000] {taskinstance.py:1956} INFO - Dependencies all met for dep_context=requeueable deps ti=<TaskInstance: tiki_beauty_lakehouse_pipeline.transform_gold scheduled__2026-06-11T08:00:00+00:00 [queued]>
[2026-06-12T08:21:53.189+0000] {taskinstance.py:2170} INFO - Starting attempt 2 of 3
[2026-06-12T08:21:53.210+0000] {taskinstance.py:2191} INFO - Executing <Task(BashOperator): transform_gold> on 2026-06-11 08:00:00+00:00
[2026-06-12T08:21:53.219+0000] {standard_task_runner.py:60} INFO - Started process 1294 to run task
[2026-06-12T08:21:53.224+0000] {standard_task_runner.py:87} INFO - Running: ['airflow', 'tasks', 'run', 'tiki_beauty_lakehouse_pipeline', 'transform_gold', 'scheduled__2026-06-11T08:00:00+00:00', '--job-id', '127', '--raw', '--subdir', 'DAGS_FOLDER/tiki_pipeline_dag.py', '--cfg-path', '/tmp/tmp2k2_2lcj']
[2026-06-12T08:21:53.228+0000] {standard_task_runner.py:88} INFO - Job 127: Subtask transform_gold
[2026-06-12T08:21:53.322+0000] {task_command.py:423} INFO - Running <TaskInstance: tiki_beauty_lakehouse_pipeline.transform_gold scheduled__2026-06-11T08:00:00+00:00 [running]> on host 9e90c8b35f3c
[2026-06-12T08:21:53.450+0000] {taskinstance.py:2480} INFO - Exporting env vars: AIRFLOW_CTX_DAG_OWNER='anhtaizz' AIRFLOW_CTX_DAG_ID='tiki_beauty_lakehouse_pipeline' AIRFLOW_CTX_TASK_ID='transform_gold' AIRFLOW_CTX_EXECUTION_DATE='2026-06-11T08:00:00+00:00' AIRFLOW_CTX_TRY_NUMBER='2' AIRFLOW_CTX_DAG_RUN_ID='scheduled__2026-06-11T08:00:00+00:00'
[2026-06-12T08:21:53.452+0000] {subprocess.py:63} INFO - Tmp dir root location: /tmp
[2026-06-12T08:21:53.454+0000] {subprocess.py:75} INFO - Running command: ['/usr/bin/bash', '-c', '\n            echo "Running Gold transformation ..."\n            docker exec tiki_spark_crawler \\\n                /opt/conda/bin/python /home/jovyan/work/src/jobs/tiki_gold.py\n        ']
[2026-06-12T08:21:53.473+0000] {subprocess.py:86} INFO - Output:
[2026-06-12T08:21:53.481+0000] {subprocess.py:93} INFO - Running Gold transformation ...
[2026-06-12T08:21:54.533+0000] {subprocess.py:93} INFO - 2026-06-12 08:21:54,529 - __main__ - INFO - ============================================================
[2026-06-12T08:21:54.533+0000] {subprocess.py:93} INFO - 2026-06-12 08:21:54,529 - __main__ - INFO - Starting Tiki GOLD layer pipeline
[2026-06-12T08:21:54.534+0000] {subprocess.py:93} INFO - 2026-06-12 08:21:54,529 - __main__ - INFO - Target Postgres: reporting-postgres / reporting
[2026-06-12T08:21:54.535+0000] {subprocess.py:93} INFO - 2026-06-12 08:21:54,529 - __main__ - INFO - ============================================================
[2026-06-12T08:21:56.967+0000] {subprocess.py:93} INFO - :: loading settings :: url = jar:file:/usr/local/spark-3.5.0-bin-hadoop3/jars/ivy-2.5.1.jar!/org/apache/ivy/core/settings/ivysettings.xml
[2026-06-12T08:21:57.098+0000] {subprocess.py:93} INFO - Ivy Default Cache set to: /root/.ivy2/cache
[2026-06-12T08:21:57.099+0000] {subprocess.py:93} INFO - The jars for the packages stored in: /root/.ivy2/jars
[2026-06-12T08:21:57.111+0000] {subprocess.py:93} INFO - org.apache.iceberg#iceberg-spark-runtime-3.5_2.12 added as a dependency
[2026-06-12T08:21:57.113+0000] {subprocess.py:93} INFO - org.apache.hadoop#hadoop-aws added as a dependency
[2026-06-12T08:21:57.114+0000] {subprocess.py:93} INFO - com.amazonaws#aws-java-sdk-bundle added as a dependency
[2026-06-12T08:21:57.115+0000] {subprocess.py:93} INFO - org.postgresql#postgresql added as a dependency
[2026-06-12T08:21:57.117+0000] {subprocess.py:93} INFO - :: resolving dependencies :: org.apache.spark#spark-submit-parent-e73ebb76-97a0-46eb-a27f-95464aecaad6;1.0
[2026-06-12T08:21:57.120+0000] {subprocess.py:93} INFO - 	confs: [default]
[2026-06-12T08:21:57.372+0000] {subprocess.py:93} INFO - 	found org.apache.iceberg#iceberg-spark-runtime-3.5_2.12;1.6.0 in central
[2026-06-12T08:21:57.462+0000] {subprocess.py:93} INFO - 	found org.apache.hadoop#hadoop-aws;3.3.4 in central
[2026-06-12T08:21:57.504+0000] {subprocess.py:93} INFO - 	found com.amazonaws#aws-java-sdk-bundle;1.12.262 in central
[2026-06-12T08:21:57.544+0000] {subprocess.py:93} INFO - 	found org.wildfly.openssl#wildfly-openssl;1.0.7.Final in central
[2026-06-12T08:21:57.564+0000] {subprocess.py:93} INFO - 	found org.postgresql#postgresql;42.7.3 in central
[2026-06-12T08:21:57.588+0000] {subprocess.py:93} INFO - 	found org.checkerframework#checker-qual;3.42.0 in central
[2026-06-12T08:21:57.643+0000] {subprocess.py:93} INFO - :: resolution report :: resolve 501ms :: artifacts dl 27ms
[2026-06-12T08:21:57.646+0000] {subprocess.py:93} INFO - 	:: modules in use:
[2026-06-12T08:21:57.648+0000] {subprocess.py:93} INFO - 	com.amazonaws#aws-java-sdk-bundle;1.12.262 from central in [default]
[2026-06-12T08:21:57.651+0000] {subprocess.py:93} INFO - 	org.apache.hadoop#hadoop-aws;3.3.4 from central in [default]
[2026-06-12T08:21:57.653+0000] {subprocess.py:93} INFO - 	org.apache.iceberg#iceberg-spark-runtime-3.5_2.12;1.6.0 from central in [default]
[2026-06-12T08:21:57.654+0000] {subprocess.py:93} INFO - 	org.checkerframework#checker-qual;3.42.0 from central in [default]
[2026-06-12T08:21:57.658+0000] {subprocess.py:93} INFO - 	org.postgresql#postgresql;42.7.3 from central in [default]
[2026-06-12T08:21:57.661+0000] {subprocess.py:93} INFO - 	org.wildfly.openssl#wildfly-openssl;1.0.7.Final from central in [default]
[2026-06-12T08:21:57.662+0000] {subprocess.py:93} INFO - 	---------------------------------------------------------------------
[2026-06-12T08:21:57.665+0000] {subprocess.py:93} INFO - 	|                  |            modules            ||   artifacts   |
[2026-06-12T08:21:57.667+0000] {subprocess.py:93} INFO - 	|       conf       | number| search|dwnlded|evicted|| number|dwnlded|
[2026-06-12T08:21:57.668+0000] {subprocess.py:93} INFO - 	---------------------------------------------------------------------
[2026-06-12T08:21:57.669+0000] {subprocess.py:93} INFO - 	|      default     |   6   |   0   |   0   |   0   ||   6   |   0   |
[2026-06-12T08:21:57.672+0000] {subprocess.py:93} INFO - 	---------------------------------------------------------------------
[2026-06-12T08:21:57.674+0000] {subprocess.py:93} INFO - :: retrieving :: org.apache.spark#spark-submit-parent-e73ebb76-97a0-46eb-a27f-95464aecaad6
[2026-06-12T08:21:57.675+0000] {subprocess.py:93} INFO - 	confs: [default]
[2026-06-12T08:21:57.683+0000] {subprocess.py:93} INFO - 	0 artifacts copied, 6 already retrieved (0kB/21ms)
[2026-06-12T08:21:58.061+0000] {subprocess.py:93} INFO - 26/06/12 08:21:58 WARN NativeCodeLoader: Unable to load native-hadoop library for your platform... using builtin-java classes where applicable
[2026-06-12T08:21:58.465+0000] {subprocess.py:93} INFO - Setting default log level to "WARN".
[2026-06-12T08:21:58.467+0000] {subprocess.py:93} INFO - To adjust logging level use sc.setLogLevel(newLevel). For SparkR, use setLogLevel(newLevel).
[2026-06-12T08:22:06.986+0000] {subprocess.py:93} INFO - 26/06/12 08:22:06 WARN MetricsConfig: Cannot locate configuration: tried hadoop-metrics2-s3a-file-system.properties,hadoop-metrics2.properties
[2026-06-12T08:22:08.192+0000] {subprocess.py:93} INFO - 2026-06-12 08:22:08,190 - __main__ - INFO - Computing gold.brand_performance ...
[2026-06-12T08:22:08.915+0000] {subprocess.py:93} INFO - 2026-06-12 08:22:08,913 - __main__ - INFO - Writing Iceberg Gold table: local_catalog.tiki_gold.brand_performance
[2026-06-12T08:22:16.423+0000] {subprocess.py:93} INFO - [Stage 0:>                                                          (0 + 3) / 3]                                                                                2026-06-12 08:22:16,420 - __main__ - INFO - Iceberg write complete: local_catalog.tiki_gold.brand_performance
[2026-06-12T08:22:16.427+0000] {subprocess.py:93} INFO - 2026-06-12 08:22:16,420 - __main__ - INFO - Writing Reporting Postgres table: brand_performance
[2026-06-12T08:22:19.352+0000] {subprocess.py:93} INFO - 2026-06-12 08:22:19,336 - __main__ - ERROR - Gold pipeline failed: An error occurred while calling o54.jdbc.
[2026-06-12T08:22:19.354+0000] {subprocess.py:93} INFO - : org.postgresql.util.PSQLException: The connection attempt failed.
[2026-06-12T08:22:19.355+0000] {subprocess.py:93} INFO - 	at org.postgresql.core.v3.ConnectionFactoryImpl.openConnectionImpl(ConnectionFactoryImpl.java:358)
[2026-06-12T08:22:19.357+0000] {subprocess.py:93} INFO - 	at org.postgresql.core.ConnectionFactory.openConnection(ConnectionFactory.java:54)
[2026-06-12T08:22:19.358+0000] {subprocess.py:93} INFO - 	at org.postgresql.jdbc.PgConnection.<init>(PgConnection.java:273)
[2026-06-12T08:22:19.359+0000] {subprocess.py:93} INFO - 	at org.postgresql.Driver.makeConnection(Driver.java:446)
[2026-06-12T08:22:19.360+0000] {subprocess.py:93} INFO - 	at org.postgresql.Driver.connect(Driver.java:298)
[2026-06-12T08:22:19.361+0000] {subprocess.py:93} INFO - 	at org.apache.spark.sql.execution.datasources.jdbc.connection.BasicConnectionProvider.getConnection(BasicConnectionProvider.scala:49)
[2026-06-12T08:22:19.362+0000] {subprocess.py:93} INFO - 	at org.apache.spark.sql.execution.datasources.jdbc.connection.ConnectionProviderBase.create(ConnectionProvider.scala:102)
[2026-06-12T08:22:19.363+0000] {subprocess.py:93} INFO - 	at org.apache.spark.sql.jdbc.JdbcDialect.$anonfun$createConnectionFactory$1(JdbcDialects.scala:160)
[2026-06-12T08:22:19.364+0000] {subprocess.py:93} INFO - 	at org.apache.spark.sql.jdbc.JdbcDialect.$anonfun$createConnectionFactory$1$adapted(JdbcDialects.scala:156)
[2026-06-12T08:22:19.366+0000] {subprocess.py:93} INFO - 	at org.apache.spark.sql.execution.datasources.jdbc.JdbcRelationProvider.createRelation(JdbcRelationProvider.scala:50)
[2026-06-12T08:22:19.367+0000] {subprocess.py:93} INFO - 	at org.apache.spark.sql.execution.datasources.SaveIntoDataSourceCommand.run(SaveIntoDataSourceCommand.scala:48)
[2026-06-12T08:22:19.367+0000] {subprocess.py:93} INFO - 	at org.apache.spark.sql.execution.command.ExecutedCommandExec.sideEffectResult$lzycompute(commands.scala:75)
[2026-06-12T08:22:19.368+0000] {subprocess.py:93} INFO - 	at org.apache.spark.sql.execution.command.ExecutedCommandExec.sideEffectResult(commands.scala:73)
[2026-06-12T08:22:19.369+0000] {subprocess.py:93} INFO - 	at org.apache.spark.sql.execution.command.ExecutedCommandExec.executeCollect(commands.scala:84)
[2026-06-12T08:22:19.370+0000] {subprocess.py:93} INFO - 	at org.apache.spark.sql.execution.QueryExecution$$anonfun$eagerlyExecuteCommands$1.$anonfun$applyOrElse$1(QueryExecution.scala:107)
[2026-06-12T08:22:19.371+0000] {subprocess.py:93} INFO - 	at org.apache.spark.sql.execution.SQLExecution$.$anonfun$withNewExecutionId$6(SQLExecution.scala:125)
[2026-06-12T08:22:19.373+0000] {subprocess.py:93} INFO - 	at org.apache.spark.sql.execution.SQLExecution$.withSQLConfPropagated(SQLExecution.scala:201)
[2026-06-12T08:22:19.374+0000] {subprocess.py:93} INFO - 	at org.apache.spark.sql.execution.SQLExecution$.$anonfun$withNewExecutionId$1(SQLExecution.scala:108)
[2026-06-12T08:22:19.376+0000] {subprocess.py:93} INFO - 	at org.apache.spark.sql.SparkSession.withActive(SparkSession.scala:900)
[2026-06-12T08:22:19.378+0000] {subprocess.py:93} INFO - 	at org.apache.spark.sql.execution.SQLExecution$.withNewExecutionId(SQLExecution.scala:66)
[2026-06-12T08:22:19.378+0000] {subprocess.py:93} INFO - 	at org.apache.spark.sql.execution.QueryExecution$$anonfun$eagerlyExecuteCommands$1.applyOrElse(QueryExecution.scala:107)
[2026-06-12T08:22:19.380+0000] {subprocess.py:93} INFO - 	at org.apache.spark.sql.execution.QueryExecution$$anonfun$eagerlyExecuteCommands$1.applyOrElse(QueryExecution.scala:98)
[2026-06-12T08:22:19.381+0000] {subprocess.py:93} INFO - 	at org.apache.spark.sql.catalyst.trees.TreeNode.$anonfun$transformDownWithPruning$1(TreeNode.scala:461)
[2026-06-12T08:22:19.382+0000] {subprocess.py:93} INFO - 	at org.apache.spark.sql.catalyst.trees.CurrentOrigin$.withOrigin(origin.scala:76)
[2026-06-12T08:22:19.384+0000] {subprocess.py:93} INFO - 	at org.apache.spark.sql.catalyst.trees.TreeNode.transformDownWithPruning(TreeNode.scala:461)
[2026-06-12T08:22:19.385+0000] {subprocess.py:93} INFO - 	at org.apache.spark.sql.catalyst.plans.logical.LogicalPlan.org$apache$spark$sql$catalyst$plans$logical$AnalysisHelper$$super$transformDownWithPruning(LogicalPlan.scala:32)
[2026-06-12T08:22:19.386+0000] {subprocess.py:93} INFO - 	at org.apache.spark.sql.catalyst.plans.logical.AnalysisHelper.transformDownWithPruning(AnalysisHelper.scala:267)
[2026-06-12T08:22:19.387+0000] {subprocess.py:93} INFO - 	at org.apache.spark.sql.catalyst.plans.logical.AnalysisHelper.transformDownWithPruning$(AnalysisHelper.scala:263)
[2026-06-12T08:22:19.388+0000] {subprocess.py:93} INFO - 	at org.apache.spark.sql.catalyst.plans.logical.LogicalPlan.transformDownWithPruning(LogicalPlan.scala:32)
[2026-06-12T08:22:19.388+0000] {subprocess.py:93} INFO - 	at org.apache.spark.sql.catalyst.plans.logical.LogicalPlan.transformDownWithPruning(LogicalPlan.scala:32)
[2026-06-12T08:22:19.389+0000] {subprocess.py:93} INFO - 	at org.apache.spark.sql.catalyst.trees.TreeNode.transformDown(TreeNode.scala:437)
[2026-06-12T08:22:19.390+0000] {subprocess.py:93} INFO - 	at org.apache.spark.sql.execution.QueryExecution.eagerlyExecuteCommands(QueryExecution.scala:98)
[2026-06-12T08:22:19.391+0000] {subprocess.py:93} INFO - 	at org.apache.spark.sql.execution.QueryExecution.commandExecuted$lzycompute(QueryExecution.scala:85)
[2026-06-12T08:22:19.392+0000] {subprocess.py:93} INFO - 	at org.apache.spark.sql.execution.QueryExecution.commandExecuted(QueryExecution.scala:83)
[2026-06-12T08:22:19.393+0000] {subprocess.py:93} INFO - 	at org.apache.spark.sql.execution.QueryExecution.assertCommandExecuted(QueryExecution.scala:142)
[2026-06-12T08:22:19.394+0000] {subprocess.py:93} INFO - 	at org.apache.spark.sql.DataFrameWriter.runCommand(DataFrameWriter.scala:859)
[2026-06-12T08:22:19.395+0000] {subprocess.py:93} INFO - 	at org.apache.spark.sql.DataFrameWriter.saveToV1Source(DataFrameWriter.scala:388)
[2026-06-12T08:22:19.396+0000] {subprocess.py:93} INFO - 	at org.apache.spark.sql.DataFrameWriter.saveInternal(DataFrameWriter.scala:361)
[2026-06-12T08:22:19.396+0000] {subprocess.py:93} INFO - 	at org.apache.spark.sql.DataFrameWriter.save(DataFrameWriter.scala:248)
[2026-06-12T08:22:19.397+0000] {subprocess.py:93} INFO - 	at org.apache.spark.sql.DataFrameWriter.jdbc(DataFrameWriter.scala:756)
[2026-06-12T08:22:19.398+0000] {subprocess.py:93} INFO - 	at java.base/jdk.internal.reflect.NativeMethodAccessorImpl.invoke0(Native Method)
[2026-06-12T08:22:19.398+0000] {subprocess.py:93} INFO - 	at java.base/jdk.internal.reflect.NativeMethodAccessorImpl.invoke(NativeMethodAccessorImpl.java:77)
[2026-06-12T08:22:19.399+0000] {subprocess.py:93} INFO - 	at java.base/jdk.internal.reflect.DelegatingMethodAccessorImpl.invoke(DelegatingMethodAccessorImpl.java:43)
[2026-06-12T08:22:19.400+0000] {subprocess.py:93} INFO - 	at java.base/java.lang.reflect.Method.invoke(Method.java:568)
[2026-06-12T08:22:19.401+0000] {subprocess.py:93} INFO - 	at py4j.reflection.MethodInvoker.invoke(MethodInvoker.java:244)
[2026-06-12T08:22:19.402+0000] {subprocess.py:93} INFO - 	at py4j.reflection.ReflectionEngine.invoke(ReflectionEngine.java:374)
[2026-06-12T08:22:19.403+0000] {subprocess.py:93} INFO - 	at py4j.Gateway.invoke(Gateway.java:282)
[2026-06-12T08:22:19.404+0000] {subprocess.py:93} INFO - 	at py4j.commands.AbstractCommand.invokeMethod(AbstractCommand.java:132)
[2026-06-12T08:22:19.405+0000] {subprocess.py:93} INFO - 	at py4j.commands.CallCommand.execute(CallCommand.java:79)
[2026-06-12T08:22:19.406+0000] {subprocess.py:93} INFO - 	at py4j.ClientServerConnection.waitForCommands(ClientServerConnection.java:182)
[2026-06-12T08:22:19.407+0000] {subprocess.py:93} INFO - 	at py4j.ClientServerConnection.run(ClientServerConnection.java:106)
[2026-06-12T08:22:19.408+0000] {subprocess.py:93} INFO - 	at java.base/java.lang.Thread.run(Thread.java:833)
[2026-06-12T08:22:19.409+0000] {subprocess.py:93} INFO - Caused by: java.net.UnknownHostException: reporting-postgres
[2026-06-12T08:22:19.410+0000] {subprocess.py:93} INFO - 	at java.base/sun.nio.ch.NioSocketImpl.connect(NioSocketImpl.java:572)
[2026-06-12T08:22:19.411+0000] {subprocess.py:93} INFO - 	at java.base/java.net.SocksSocketImpl.connect(SocksSocketImpl.java:327)
[2026-06-12T08:22:19.412+0000] {subprocess.py:93} INFO - 	at java.base/java.net.Socket.connect(Socket.java:633)
[2026-06-12T08:22:19.413+0000] {subprocess.py:93} INFO - 	at org.postgresql.core.PGStream.createSocket(PGStream.java:243)
[2026-06-12T08:22:19.414+0000] {subprocess.py:93} INFO - 	at org.postgresql.core.PGStream.<init>(PGStream.java:98)
[2026-06-12T08:22:19.415+0000] {subprocess.py:93} INFO - 	at org.postgresql.core.v3.ConnectionFactoryImpl.tryConnect(ConnectionFactoryImpl.java:136)
[2026-06-12T08:22:19.416+0000] {subprocess.py:93} INFO - 	at org.postgresql.core.v3.ConnectionFactoryImpl.openConnectionImpl(ConnectionFactoryImpl.java:262)
[2026-06-12T08:22:19.418+0000] {subprocess.py:93} INFO - 	... 51 more
[2026-06-12T08:22:19.419+0000] {subprocess.py:93} INFO - Traceback (most recent call last):
[2026-06-12T08:22:19.420+0000] {subprocess.py:93} INFO -   File "/home/jovyan/work/src/jobs/tiki_gold.py", line 250, in run_gold_pipeline
[2026-06-12T08:22:19.421+0000] {subprocess.py:93} INFO -     compute_brand_performance(spark)
[2026-06-12T08:22:19.421+0000] {subprocess.py:93} INFO -   File "/home/jovyan/work/src/jobs/tiki_gold.py", line 94, in compute_brand_performance
[2026-06-12T08:22:19.422+0000] {subprocess.py:93} INFO -     save_gold_table(
[2026-06-12T08:22:19.423+0000] {subprocess.py:93} INFO -   File "/home/jovyan/work/src/jobs/tiki_gold.py", line 62, in save_gold_table
[2026-06-12T08:22:19.424+0000] {subprocess.py:93} INFO -     df.write.jdbc(
[2026-06-12T08:22:19.425+0000] {subprocess.py:93} INFO -   File "/usr/local/spark/python/pyspark/sql/readwriter.py", line 1984, in jdbc
[2026-06-12T08:22:19.425+0000] {subprocess.py:93} INFO -     self.mode(mode)._jwrite.jdbc(url, table, jprop)
[2026-06-12T08:22:19.426+0000] {subprocess.py:93} INFO -   File "/usr/local/spark/python/lib/py4j-0.10.9.7-src.zip/py4j/java_gateway.py", line 1322, in __call__
[2026-06-12T08:22:19.427+0000] {subprocess.py:93} INFO -     return_value = get_return_value(
[2026-06-12T08:22:19.427+0000] {subprocess.py:93} INFO -                    ^^^^^^^^^^^^^^^^^
[2026-06-12T08:22:19.428+0000] {subprocess.py:93} INFO -   File "/usr/local/spark/python/pyspark/errors/exceptions/captured.py", line 179, in deco
[2026-06-12T08:22:19.429+0000] {subprocess.py:93} INFO -     return f(*a, **kw)
[2026-06-12T08:22:19.430+0000] {subprocess.py:93} INFO -            ^^^^^^^^^^^
[2026-06-12T08:22:19.430+0000] {subprocess.py:93} INFO -   File "/usr/local/spark/python/lib/py4j-0.10.9.7-src.zip/py4j/protocol.py", line 326, in get_return_value
[2026-06-12T08:22:19.431+0000] {subprocess.py:93} INFO -     raise Py4JJavaError(
[2026-06-12T08:22:19.431+0000] {subprocess.py:93} INFO - py4j.protocol.Py4JJavaError: An error occurred while calling o54.jdbc.
[2026-06-12T08:22:19.432+0000] {subprocess.py:93} INFO - : org.postgresql.util.PSQLException: The connection attempt failed.
[2026-06-12T08:22:19.433+0000] {subprocess.py:93} INFO - 	at org.postgresql.core.v3.ConnectionFactoryImpl.openConnectionImpl(ConnectionFactoryImpl.java:358)
[2026-06-12T08:22:19.434+0000] {subprocess.py:93} INFO - 	at org.postgresql.core.ConnectionFactory.openConnection(ConnectionFactory.java:54)
[2026-06-12T08:22:19.434+0000] {subprocess.py:93} INFO - 	at org.postgresql.jdbc.PgConnection.<init>(PgConnection.java:273)
[2026-06-12T08:22:19.435+0000] {subprocess.py:93} INFO - 	at org.postgresql.Driver.makeConnection(Driver.java:446)
[2026-06-12T08:22:19.436+0000] {subprocess.py:93} INFO - 	at org.postgresql.Driver.connect(Driver.java:298)
[2026-06-12T08:22:19.436+0000] {subprocess.py:93} INFO - 	at org.apache.spark.sql.execution.datasources.jdbc.connection.BasicConnectionProvider.getConnection(BasicConnectionProvider.scala:49)
[2026-06-12T08:22:19.437+0000] {subprocess.py:93} INFO - 	at org.apache.spark.sql.execution.datasources.jdbc.connection.ConnectionProviderBase.create(ConnectionProvider.scala:102)
[2026-06-12T08:22:19.438+0000] {subprocess.py:93} INFO - 	at org.apache.spark.sql.jdbc.JdbcDialect.$anonfun$createConnectionFactory$1(JdbcDialects.scala:160)
[2026-06-12T08:22:19.438+0000] {subprocess.py:93} INFO - 	at org.apache.spark.sql.jdbc.JdbcDialect.$anonfun$createConnectionFactory$1$adapted(JdbcDialects.scala:156)
[2026-06-12T08:22:19.439+0000] {subprocess.py:93} INFO - 	at org.apache.spark.sql.execution.datasources.jdbc.JdbcRelationProvider.createRelation(JdbcRelationProvider.scala:50)
[2026-06-12T08:22:19.440+0000] {subprocess.py:93} INFO - 	at org.apache.spark.sql.execution.datasources.SaveIntoDataSourceCommand.run(SaveIntoDataSourceCommand.scala:48)
[2026-06-12T08:22:19.441+0000] {subprocess.py:93} INFO - 	at org.apache.spark.sql.execution.command.ExecutedCommandExec.sideEffectResult$lzycompute(commands.scala:75)
[2026-06-12T08:22:19.441+0000] {subprocess.py:93} INFO - 	at org.apache.spark.sql.execution.command.ExecutedCommandExec.sideEffectResult(commands.scala:73)
[2026-06-12T08:22:19.442+0000] {subprocess.py:93} INFO - 	at org.apache.spark.sql.execution.command.ExecutedCommandExec.executeCollect(commands.scala:84)
[2026-06-12T08:22:19.443+0000] {subprocess.py:93} INFO - 	at org.apache.spark.sql.execution.QueryExecution$$anonfun$eagerlyExecuteCommands$1.$anonfun$applyOrElse$1(QueryExecution.scala:107)
[2026-06-12T08:22:19.443+0000] {subprocess.py:93} INFO - 	at org.apache.spark.sql.execution.SQLExecution$.$anonfun$withNewExecutionId$6(SQLExecution.scala:125)
[2026-06-12T08:22:19.444+0000] {subprocess.py:93} INFO - 	at org.apache.spark.sql.execution.SQLExecution$.withSQLConfPropagated(SQLExecution.scala:201)
[2026-06-12T08:22:19.445+0000] {subprocess.py:93} INFO - 	at org.apache.spark.sql.execution.SQLExecution$.$anonfun$withNewExecutionId$1(SQLExecution.scala:108)
[2026-06-12T08:22:19.446+0000] {subprocess.py:93} INFO - 	at org.apache.spark.sql.SparkSession.withActive(SparkSession.scala:900)
[2026-06-12T08:22:19.447+0000] {subprocess.py:93} INFO - 	at org.apache.spark.sql.execution.SQLExecution$.withNewExecutionId(SQLExecution.scala:66)
[2026-06-12T08:22:19.447+0000] {subprocess.py:93} INFO - 	at org.apache.spark.sql.execution.QueryExecution$$anonfun$eagerlyExecuteCommands$1.applyOrElse(QueryExecution.scala:107)
[2026-06-12T08:22:19.448+0000] {subprocess.py:93} INFO - 	at org.apache.spark.sql.execution.QueryExecution$$anonfun$eagerlyExecuteCommands$1.applyOrElse(QueryExecution.scala:98)
[2026-06-12T08:22:19.449+0000] {subprocess.py:93} INFO - 	at org.apache.spark.sql.catalyst.trees.TreeNode.$anonfun$transformDownWithPruning$1(TreeNode.scala:461)
[2026-06-12T08:22:19.450+0000] {subprocess.py:93} INFO - 	at org.apache.spark.sql.catalyst.trees.CurrentOrigin$.withOrigin(origin.scala:76)
[2026-06-12T08:22:19.450+0000] {subprocess.py:93} INFO - 	at org.apache.spark.sql.catalyst.trees.TreeNode.transformDownWithPruning(TreeNode.scala:461)
[2026-06-12T08:22:19.451+0000] {subprocess.py:93} INFO - 	at org.apache.spark.sql.catalyst.plans.logical.LogicalPlan.org$apache$spark$sql$catalyst$plans$logical$AnalysisHelper$$super$transformDownWithPruning(LogicalPlan.scala:32)
[2026-06-12T08:22:19.452+0000] {subprocess.py:93} INFO - 	at org.apache.spark.sql.catalyst.plans.logical.AnalysisHelper.transformDownWithPruning(AnalysisHelper.scala:267)
[2026-06-12T08:22:19.453+0000] {subprocess.py:93} INFO - 	at org.apache.spark.sql.catalyst.plans.logical.AnalysisHelper.transformDownWithPruning$(AnalysisHelper.scala:263)
[2026-06-12T08:22:19.454+0000] {subprocess.py:93} INFO - 	at org.apache.spark.sql.catalyst.plans.logical.LogicalPlan.transformDownWithPruning(LogicalPlan.scala:32)
[2026-06-12T08:22:19.455+0000] {subprocess.py:93} INFO - 	at org.apache.spark.sql.catalyst.plans.logical.LogicalPlan.transformDownWithPruning(LogicalPlan.scala:32)
[2026-06-12T08:22:19.456+0000] {subprocess.py:93} INFO - 	at org.apache.spark.sql.catalyst.trees.TreeNode.transformDown(TreeNode.scala:437)
[2026-06-12T08:22:19.457+0000] {subprocess.py:93} INFO - 	at org.apache.spark.sql.execution.QueryExecution.eagerlyExecuteCommands(QueryExecution.scala:98)
[2026-06-12T08:22:19.458+0000] {subprocess.py:93} INFO - 	at org.apache.spark.sql.execution.QueryExecution.commandExecuted$lzycompute(QueryExecution.scala:85)
[2026-06-12T08:22:19.459+0000] {subprocess.py:93} INFO - 	at org.apache.spark.sql.execution.QueryExecution.commandExecuted(QueryExecution.scala:83)
[2026-06-12T08:22:19.460+0000] {subprocess.py:93} INFO - 	at org.apache.spark.sql.execution.QueryExecution.assertCommandExecuted(QueryExecution.scala:142)
[2026-06-12T08:22:19.461+0000] {subprocess.py:93} INFO - 	at org.apache.spark.sql.DataFrameWriter.runCommand(DataFrameWriter.scala:859)
[2026-06-12T08:22:19.461+0000] {subprocess.py:93} INFO - 	at org.apache.spark.sql.DataFrameWriter.saveToV1Source(DataFrameWriter.scala:388)
[2026-06-12T08:22:19.462+0000] {subprocess.py:93} INFO - 	at org.apache.spark.sql.DataFrameWriter.saveInternal(DataFrameWriter.scala:361)
[2026-06-12T08:22:19.463+0000] {subprocess.py:93} INFO - 	at org.apache.spark.sql.DataFrameWriter.save(DataFrameWriter.scala:248)
[2026-06-12T08:22:19.464+0000] {subprocess.py:93} INFO - 	at org.apache.spark.sql.DataFrameWriter.jdbc(DataFrameWriter.scala:756)
[2026-06-12T08:22:19.465+0000] {subprocess.py:93} INFO - 	at java.base/jdk.internal.reflect.NativeMethodAccessorImpl.invoke0(Native Method)
[2026-06-12T08:22:19.466+0000] {subprocess.py:93} INFO - 	at java.base/jdk.internal.reflect.NativeMethodAccessorImpl.invoke(NativeMethodAccessorImpl.java:77)
[2026-06-12T08:22:19.467+0000] {subprocess.py:93} INFO - 	at java.base/jdk.internal.reflect.DelegatingMethodAccessorImpl.invoke(DelegatingMethodAccessorImpl.java:43)
[2026-06-12T08:22:19.469+0000] {subprocess.py:93} INFO - 	at java.base/java.lang.reflect.Method.invoke(Method.java:568)
[2026-06-12T08:22:19.469+0000] {subprocess.py:93} INFO - 	at py4j.reflection.MethodInvoker.invoke(MethodInvoker.java:244)
[2026-06-12T08:22:19.470+0000] {subprocess.py:93} INFO - 	at py4j.reflection.ReflectionEngine.invoke(ReflectionEngine.java:374)
[2026-06-12T08:22:19.471+0000] {subprocess.py:93} INFO - 	at py4j.Gateway.invoke(Gateway.java:282)
[2026-06-12T08:22:19.471+0000] {subprocess.py:93} INFO - 	at py4j.commands.AbstractCommand.invokeMethod(AbstractCommand.java:132)
[2026-06-12T08:22:19.472+0000] {subprocess.py:93} INFO - 	at py4j.commands.CallCommand.execute(CallCommand.java:79)
[2026-06-12T08:22:19.473+0000] {subprocess.py:93} INFO - 	at py4j.ClientServerConnection.waitForCommands(ClientServerConnection.java:182)
[2026-06-12T08:22:19.474+0000] {subprocess.py:93} INFO - 	at py4j.ClientServerConnection.run(ClientServerConnection.java:106)
[2026-06-12T08:22:19.475+0000] {subprocess.py:93} INFO - 	at java.base/java.lang.Thread.run(Thread.java:833)
[2026-06-12T08:22:19.476+0000] {subprocess.py:93} INFO - Caused by: java.net.UnknownHostException: reporting-postgres
[2026-06-12T08:22:19.477+0000] {subprocess.py:93} INFO - 	at java.base/sun.nio.ch.NioSocketImpl.connect(NioSocketImpl.java:572)
[2026-06-12T08:22:19.478+0000] {subprocess.py:93} INFO - 	at java.base/java.net.SocksSocketImpl.connect(SocksSocketImpl.java:327)
[2026-06-12T08:22:19.479+0000] {subprocess.py:93} INFO - 	at java.base/java.net.Socket.connect(Socket.java:633)
[2026-06-12T08:22:19.480+0000] {subprocess.py:93} INFO - 	at org.postgresql.core.PGStream.createSocket(PGStream.java:243)
[2026-06-12T08:22:19.481+0000] {subprocess.py:93} INFO - 	at org.postgresql.core.PGStream.<init>(PGStream.java:98)
[2026-06-12T08:22:19.482+0000] {subprocess.py:93} INFO - 	at org.postgresql.core.v3.ConnectionFactoryImpl.tryConnect(ConnectionFactoryImpl.java:136)
[2026-06-12T08:22:19.483+0000] {subprocess.py:93} INFO - 	at org.postgresql.core.v3.ConnectionFactoryImpl.openConnectionImpl(ConnectionFactoryImpl.java:262)
[2026-06-12T08:22:19.487+0000] {subprocess.py:93} INFO - 	... 51 more
[2026-06-12T08:22:19.489+0000] {subprocess.py:93} INFO - 
[2026-06-12T08:22:20.444+0000] {subprocess.py:97} INFO - Command exited with return code 1
[2026-06-12T08:22:20.460+0000] {taskinstance.py:2698} ERROR - Task failed with exception
Traceback (most recent call last):
  File "/home/airflow/.local/lib/python3.8/site-packages/airflow/models/taskinstance.py", line 433, in _execute_task
    result = execute_callable(context=context, **execute_callable_kwargs)
  File "/home/airflow/.local/lib/python3.8/site-packages/airflow/operators/bash.py", line 212, in execute
    raise AirflowException(
airflow.exceptions.AirflowException: Bash command failed. The command returned a non-zero exit code 1.
[2026-06-12T08:22:20.466+0000] {taskinstance.py:1138} INFO - Marking task as UP_FOR_RETRY. dag_id=tiki_beauty_lakehouse_pipeline, task_id=transform_gold, execution_date=20260611T080000, start_date=20260612T082153, end_date=20260612T082220
[2026-06-12T08:22:20.486+0000] {standard_task_runner.py:107} ERROR - Failed to execute job 127 for task transform_gold (Bash command failed. The command returned a non-zero exit code 1.; 1294)
[2026-06-12T08:22:20.537+0000] {local_task_job_runner.py:234} INFO - Task exited with return code 1
[2026-06-12T08:22:20.556+0000] {taskinstance.py:3280} INFO - 0 downstream tasks scheduled from follow-on schedule check
