[2026-06-12T08:16:30.442+0000] {taskinstance.py:1956} INFO - Dependencies all met for dep_context=non-requeueable deps ti=<TaskInstance: tiki_beauty_lakehouse_pipeline.transform_gold scheduled__2026-06-11T08:00:00+00:00 [queued]>
[2026-06-12T08:16:30.454+0000] {taskinstance.py:1956} INFO - Dependencies all met for dep_context=requeueable deps ti=<TaskInstance: tiki_beauty_lakehouse_pipeline.transform_gold scheduled__2026-06-11T08:00:00+00:00 [queued]>
[2026-06-12T08:16:30.455+0000] {taskinstance.py:2170} INFO - Starting attempt 1 of 3
[2026-06-12T08:16:30.472+0000] {taskinstance.py:2191} INFO - Executing <Task(BashOperator): transform_gold> on 2026-06-11 08:00:00+00:00
[2026-06-12T08:16:30.478+0000] {standard_task_runner.py:60} INFO - Started process 1180 to run task
[2026-06-12T08:16:30.482+0000] {standard_task_runner.py:87} INFO - Running: ['airflow', 'tasks', 'run', 'tiki_beauty_lakehouse_pipeline', 'transform_gold', 'scheduled__2026-06-11T08:00:00+00:00', '--job-id', '126', '--raw', '--subdir', 'DAGS_FOLDER/tiki_pipeline_dag.py', '--cfg-path', '/tmp/tmptthhiu17']
[2026-06-12T08:16:30.485+0000] {standard_task_runner.py:88} INFO - Job 126: Subtask transform_gold
[2026-06-12T08:16:30.564+0000] {task_command.py:423} INFO - Running <TaskInstance: tiki_beauty_lakehouse_pipeline.transform_gold scheduled__2026-06-11T08:00:00+00:00 [running]> on host 9e90c8b35f3c
[2026-06-12T08:16:30.684+0000] {taskinstance.py:2480} INFO - Exporting env vars: AIRFLOW_CTX_DAG_OWNER='anhtaizz' AIRFLOW_CTX_DAG_ID='tiki_beauty_lakehouse_pipeline' AIRFLOW_CTX_TASK_ID='transform_gold' AIRFLOW_CTX_EXECUTION_DATE='2026-06-11T08:00:00+00:00' AIRFLOW_CTX_TRY_NUMBER='1' AIRFLOW_CTX_DAG_RUN_ID='scheduled__2026-06-11T08:00:00+00:00'
[2026-06-12T08:16:30.691+0000] {subprocess.py:63} INFO - Tmp dir root location: /tmp
[2026-06-12T08:16:30.695+0000] {subprocess.py:75} INFO - Running command: ['/usr/bin/bash', '-c', '\n            echo "Running Gold transformation ..."\n            docker exec tiki_spark_crawler \\\n                /opt/conda/bin/python /home/jovyan/work/src/jobs/tiki_gold.py\n        ']
[2026-06-12T08:16:30.711+0000] {subprocess.py:86} INFO - Output:
[2026-06-12T08:16:30.715+0000] {subprocess.py:93} INFO - Running Gold transformation ...
[2026-06-12T08:16:32.353+0000] {subprocess.py:93} INFO - 2026-06-12 08:16:32,349 - __main__ - INFO - ============================================================
[2026-06-12T08:16:32.354+0000] {subprocess.py:93} INFO - 2026-06-12 08:16:32,349 - __main__ - INFO - Starting Tiki GOLD layer pipeline
[2026-06-12T08:16:32.355+0000] {subprocess.py:93} INFO - 2026-06-12 08:16:32,349 - __main__ - INFO - Target Postgres: reporting-postgres / reporting
[2026-06-12T08:16:32.356+0000] {subprocess.py:93} INFO - 2026-06-12 08:16:32,350 - __main__ - INFO - ============================================================
[2026-06-12T08:16:33.853+0000] {subprocess.py:93} INFO - :: loading settings :: url = jar:file:/usr/local/spark-3.5.0-bin-hadoop3/jars/ivy-2.5.1.jar!/org/apache/ivy/core/settings/ivysettings.xml
[2026-06-12T08:16:33.914+0000] {subprocess.py:93} INFO - Ivy Default Cache set to: /root/.ivy2/cache
[2026-06-12T08:16:33.915+0000] {subprocess.py:93} INFO - The jars for the packages stored in: /root/.ivy2/jars
[2026-06-12T08:16:33.921+0000] {subprocess.py:93} INFO - org.apache.iceberg#iceberg-spark-runtime-3.5_2.12 added as a dependency
[2026-06-12T08:16:33.922+0000] {subprocess.py:93} INFO - org.apache.hadoop#hadoop-aws added as a dependency
[2026-06-12T08:16:33.923+0000] {subprocess.py:93} INFO - com.amazonaws#aws-java-sdk-bundle added as a dependency
[2026-06-12T08:16:33.923+0000] {subprocess.py:93} INFO - org.postgresql#postgresql added as a dependency
[2026-06-12T08:16:33.924+0000] {subprocess.py:93} INFO - :: resolving dependencies :: org.apache.spark#spark-submit-parent-bec3c063-5ae3-4f19-b7a3-405368d80931;1.0
[2026-06-12T08:16:33.925+0000] {subprocess.py:93} INFO - 	confs: [default]
[2026-06-12T08:16:34.029+0000] {subprocess.py:93} INFO - 	found org.apache.iceberg#iceberg-spark-runtime-3.5_2.12;1.6.0 in central
[2026-06-12T08:16:34.087+0000] {subprocess.py:93} INFO - 	found org.apache.hadoop#hadoop-aws;3.3.4 in central
[2026-06-12T08:16:34.103+0000] {subprocess.py:93} INFO - 	found com.amazonaws#aws-java-sdk-bundle;1.12.262 in central
[2026-06-12T08:16:34.121+0000] {subprocess.py:93} INFO - 	found org.wildfly.openssl#wildfly-openssl;1.0.7.Final in central
[2026-06-12T08:16:34.134+0000] {subprocess.py:93} INFO - 	found org.postgresql#postgresql;42.7.3 in central
[2026-06-12T08:16:34.146+0000] {subprocess.py:93} INFO - 	found org.checkerframework#checker-qual;3.42.0 in central
[2026-06-12T08:16:34.168+0000] {subprocess.py:93} INFO - :: resolution report :: resolve 237ms :: artifacts dl 9ms
[2026-06-12T08:16:34.169+0000] {subprocess.py:93} INFO - 	:: modules in use:
[2026-06-12T08:16:34.170+0000] {subprocess.py:93} INFO - 	com.amazonaws#aws-java-sdk-bundle;1.12.262 from central in [default]
[2026-06-12T08:16:34.170+0000] {subprocess.py:93} INFO - 	org.apache.hadoop#hadoop-aws;3.3.4 from central in [default]
[2026-06-12T08:16:34.171+0000] {subprocess.py:93} INFO - 	org.apache.iceberg#iceberg-spark-runtime-3.5_2.12;1.6.0 from central in [default]
[2026-06-12T08:16:34.172+0000] {subprocess.py:93} INFO - 	org.checkerframework#checker-qual;3.42.0 from central in [default]
[2026-06-12T08:16:34.172+0000] {subprocess.py:93} INFO - 	org.postgresql#postgresql;42.7.3 from central in [default]
[2026-06-12T08:16:34.173+0000] {subprocess.py:93} INFO - 	org.wildfly.openssl#wildfly-openssl;1.0.7.Final from central in [default]
[2026-06-12T08:16:34.174+0000] {subprocess.py:93} INFO - 	---------------------------------------------------------------------
[2026-06-12T08:16:34.174+0000] {subprocess.py:93} INFO - 	|                  |            modules            ||   artifacts   |
[2026-06-12T08:16:34.175+0000] {subprocess.py:93} INFO - 	|       conf       | number| search|dwnlded|evicted|| number|dwnlded|
[2026-06-12T08:16:34.176+0000] {subprocess.py:93} INFO - 	---------------------------------------------------------------------
[2026-06-12T08:16:34.177+0000] {subprocess.py:93} INFO - 	|      default     |   6   |   0   |   0   |   0   ||   6   |   0   |
[2026-06-12T08:16:34.177+0000] {subprocess.py:93} INFO - 	---------------------------------------------------------------------
[2026-06-12T08:16:34.178+0000] {subprocess.py:93} INFO - :: retrieving :: org.apache.spark#spark-submit-parent-bec3c063-5ae3-4f19-b7a3-405368d80931
[2026-06-12T08:16:34.179+0000] {subprocess.py:93} INFO - 	confs: [default]
[2026-06-12T08:16:34.181+0000] {subprocess.py:93} INFO - 	0 artifacts copied, 6 already retrieved (0kB/6ms)
[2026-06-12T08:16:34.378+0000] {subprocess.py:93} INFO - 26/06/12 08:16:34 WARN NativeCodeLoader: Unable to load native-hadoop library for your platform... using builtin-java classes where applicable
[2026-06-12T08:16:34.564+0000] {subprocess.py:93} INFO - Setting default log level to "WARN".
[2026-06-12T08:16:34.565+0000] {subprocess.py:93} INFO - To adjust logging level use sc.setLogLevel(newLevel). For SparkR, use setLogLevel(newLevel).
[2026-06-12T08:16:39.930+0000] {subprocess.py:93} INFO - 26/06/12 08:16:39 WARN MetricsConfig: Cannot locate configuration: tried hadoop-metrics2-s3a-file-system.properties,hadoop-metrics2.properties
[2026-06-12T08:16:40.915+0000] {subprocess.py:93} INFO - 2026-06-12 08:16:40,913 - __main__ - INFO - Computing gold.brand_performance ...
[2026-06-12T08:16:41.544+0000] {subprocess.py:93} INFO - 2026-06-12 08:16:41,543 - __main__ - INFO - Writing Iceberg Gold table: local_catalog.tiki_gold.brand_performance
[2026-06-12T08:16:48.132+0000] {subprocess.py:93} INFO - [Stage 0:>                                                          (0 + 3) / 3]                                                                                2026-06-12 08:16:48,130 - __main__ - INFO - Iceberg write complete: local_catalog.tiki_gold.brand_performance
[2026-06-12T08:16:48.133+0000] {subprocess.py:93} INFO - 2026-06-12 08:16:48,131 - __main__ - INFO - Writing Reporting Postgres table: brand_performance
[2026-06-12T08:16:51.073+0000] {subprocess.py:93} INFO - 2026-06-12 08:16:51,049 - __main__ - ERROR - Gold pipeline failed: An error occurred while calling o54.jdbc.
[2026-06-12T08:16:51.076+0000] {subprocess.py:93} INFO - : org.postgresql.util.PSQLException: The connection attempt failed.
[2026-06-12T08:16:51.077+0000] {subprocess.py:93} INFO - 	at org.postgresql.core.v3.ConnectionFactoryImpl.openConnectionImpl(ConnectionFactoryImpl.java:358)
[2026-06-12T08:16:51.079+0000] {subprocess.py:93} INFO - 	at org.postgresql.core.ConnectionFactory.openConnection(ConnectionFactory.java:54)
[2026-06-12T08:16:51.080+0000] {subprocess.py:93} INFO - 	at org.postgresql.jdbc.PgConnection.<init>(PgConnection.java:273)
[2026-06-12T08:16:51.082+0000] {subprocess.py:93} INFO - 	at org.postgresql.Driver.makeConnection(Driver.java:446)
[2026-06-12T08:16:51.082+0000] {subprocess.py:93} INFO - 	at org.postgresql.Driver.connect(Driver.java:298)
[2026-06-12T08:16:51.083+0000] {subprocess.py:93} INFO - 	at org.apache.spark.sql.execution.datasources.jdbc.connection.BasicConnectionProvider.getConnection(BasicConnectionProvider.scala:49)
[2026-06-12T08:16:51.085+0000] {subprocess.py:93} INFO - 	at org.apache.spark.sql.execution.datasources.jdbc.connection.ConnectionProviderBase.create(ConnectionProvider.scala:102)
[2026-06-12T08:16:51.085+0000] {subprocess.py:93} INFO - 	at org.apache.spark.sql.jdbc.JdbcDialect.$anonfun$createConnectionFactory$1(JdbcDialects.scala:160)
[2026-06-12T08:16:51.086+0000] {subprocess.py:93} INFO - 	at org.apache.spark.sql.jdbc.JdbcDialect.$anonfun$createConnectionFactory$1$adapted(JdbcDialects.scala:156)
[2026-06-12T08:16:51.087+0000] {subprocess.py:93} INFO - 	at org.apache.spark.sql.execution.datasources.jdbc.JdbcRelationProvider.createRelation(JdbcRelationProvider.scala:50)
[2026-06-12T08:16:51.089+0000] {subprocess.py:93} INFO - 	at org.apache.spark.sql.execution.datasources.SaveIntoDataSourceCommand.run(SaveIntoDataSourceCommand.scala:48)
[2026-06-12T08:16:51.091+0000] {subprocess.py:93} INFO - 	at org.apache.spark.sql.execution.command.ExecutedCommandExec.sideEffectResult$lzycompute(commands.scala:75)
[2026-06-12T08:16:51.092+0000] {subprocess.py:93} INFO - 	at org.apache.spark.sql.execution.command.ExecutedCommandExec.sideEffectResult(commands.scala:73)
[2026-06-12T08:16:51.093+0000] {subprocess.py:93} INFO - 	at org.apache.spark.sql.execution.command.ExecutedCommandExec.executeCollect(commands.scala:84)
[2026-06-12T08:16:51.094+0000] {subprocess.py:93} INFO - 	at org.apache.spark.sql.execution.QueryExecution$$anonfun$eagerlyExecuteCommands$1.$anonfun$applyOrElse$1(QueryExecution.scala:107)
[2026-06-12T08:16:51.095+0000] {subprocess.py:93} INFO - 	at org.apache.spark.sql.execution.SQLExecution$.$anonfun$withNewExecutionId$6(SQLExecution.scala:125)
[2026-06-12T08:16:51.096+0000] {subprocess.py:93} INFO - 	at org.apache.spark.sql.execution.SQLExecution$.withSQLConfPropagated(SQLExecution.scala:201)
[2026-06-12T08:16:51.097+0000] {subprocess.py:93} INFO - 	at org.apache.spark.sql.execution.SQLExecution$.$anonfun$withNewExecutionId$1(SQLExecution.scala:108)
[2026-06-12T08:16:51.098+0000] {subprocess.py:93} INFO - 	at org.apache.spark.sql.SparkSession.withActive(SparkSession.scala:900)
[2026-06-12T08:16:51.099+0000] {subprocess.py:93} INFO - 	at org.apache.spark.sql.execution.SQLExecution$.withNewExecutionId(SQLExecution.scala:66)
[2026-06-12T08:16:51.100+0000] {subprocess.py:93} INFO - 	at org.apache.spark.sql.execution.QueryExecution$$anonfun$eagerlyExecuteCommands$1.applyOrElse(QueryExecution.scala:107)
[2026-06-12T08:16:51.101+0000] {subprocess.py:93} INFO - 	at org.apache.spark.sql.execution.QueryExecution$$anonfun$eagerlyExecuteCommands$1.applyOrElse(QueryExecution.scala:98)
[2026-06-12T08:16:51.102+0000] {subprocess.py:93} INFO - 	at org.apache.spark.sql.catalyst.trees.TreeNode.$anonfun$transformDownWithPruning$1(TreeNode.scala:461)
[2026-06-12T08:16:51.103+0000] {subprocess.py:93} INFO - 	at org.apache.spark.sql.catalyst.trees.CurrentOrigin$.withOrigin(origin.scala:76)
[2026-06-12T08:16:51.104+0000] {subprocess.py:93} INFO - 	at org.apache.spark.sql.catalyst.trees.TreeNode.transformDownWithPruning(TreeNode.scala:461)
[2026-06-12T08:16:51.105+0000] {subprocess.py:93} INFO - 	at org.apache.spark.sql.catalyst.plans.logical.LogicalPlan.org$apache$spark$sql$catalyst$plans$logical$AnalysisHelper$$super$transformDownWithPruning(LogicalPlan.scala:32)
[2026-06-12T08:16:51.106+0000] {subprocess.py:93} INFO - 	at org.apache.spark.sql.catalyst.plans.logical.AnalysisHelper.transformDownWithPruning(AnalysisHelper.scala:267)
[2026-06-12T08:16:51.107+0000] {subprocess.py:93} INFO - 	at org.apache.spark.sql.catalyst.plans.logical.AnalysisHelper.transformDownWithPruning$(AnalysisHelper.scala:263)
[2026-06-12T08:16:51.107+0000] {subprocess.py:93} INFO - 	at org.apache.spark.sql.catalyst.plans.logical.LogicalPlan.transformDownWithPruning(LogicalPlan.scala:32)
[2026-06-12T08:16:51.108+0000] {subprocess.py:93} INFO - 	at org.apache.spark.sql.catalyst.plans.logical.LogicalPlan.transformDownWithPruning(LogicalPlan.scala:32)
[2026-06-12T08:16:51.109+0000] {subprocess.py:93} INFO - 	at org.apache.spark.sql.catalyst.trees.TreeNode.transformDown(TreeNode.scala:437)
[2026-06-12T08:16:51.110+0000] {subprocess.py:93} INFO - 	at org.apache.spark.sql.execution.QueryExecution.eagerlyExecuteCommands(QueryExecution.scala:98)
[2026-06-12T08:16:51.111+0000] {subprocess.py:93} INFO - 	at org.apache.spark.sql.execution.QueryExecution.commandExecuted$lzycompute(QueryExecution.scala:85)
[2026-06-12T08:16:51.111+0000] {subprocess.py:93} INFO - 	at org.apache.spark.sql.execution.QueryExecution.commandExecuted(QueryExecution.scala:83)
[2026-06-12T08:16:51.112+0000] {subprocess.py:93} INFO - 	at org.apache.spark.sql.execution.QueryExecution.assertCommandExecuted(QueryExecution.scala:142)
[2026-06-12T08:16:51.113+0000] {subprocess.py:93} INFO - 	at org.apache.spark.sql.DataFrameWriter.runCommand(DataFrameWriter.scala:859)
[2026-06-12T08:16:51.113+0000] {subprocess.py:93} INFO - 	at org.apache.spark.sql.DataFrameWriter.saveToV1Source(DataFrameWriter.scala:388)
[2026-06-12T08:16:51.114+0000] {subprocess.py:93} INFO - 	at org.apache.spark.sql.DataFrameWriter.saveInternal(DataFrameWriter.scala:361)
[2026-06-12T08:16:51.116+0000] {subprocess.py:93} INFO - 	at org.apache.spark.sql.DataFrameWriter.save(DataFrameWriter.scala:248)
[2026-06-12T08:16:51.117+0000] {subprocess.py:93} INFO - 	at org.apache.spark.sql.DataFrameWriter.jdbc(DataFrameWriter.scala:756)
[2026-06-12T08:16:51.118+0000] {subprocess.py:93} INFO - 	at java.base/jdk.internal.reflect.NativeMethodAccessorImpl.invoke0(Native Method)
[2026-06-12T08:16:51.119+0000] {subprocess.py:93} INFO - 	at java.base/jdk.internal.reflect.NativeMethodAccessorImpl.invoke(NativeMethodAccessorImpl.java:77)
[2026-06-12T08:16:51.119+0000] {subprocess.py:93} INFO - 	at java.base/jdk.internal.reflect.DelegatingMethodAccessorImpl.invoke(DelegatingMethodAccessorImpl.java:43)
[2026-06-12T08:16:51.120+0000] {subprocess.py:93} INFO - 	at java.base/java.lang.reflect.Method.invoke(Method.java:568)
[2026-06-12T08:16:51.121+0000] {subprocess.py:93} INFO - 	at py4j.reflection.MethodInvoker.invoke(MethodInvoker.java:244)
[2026-06-12T08:16:51.122+0000] {subprocess.py:93} INFO - 	at py4j.reflection.ReflectionEngine.invoke(ReflectionEngine.java:374)
[2026-06-12T08:16:51.123+0000] {subprocess.py:93} INFO - 	at py4j.Gateway.invoke(Gateway.java:282)
[2026-06-12T08:16:51.123+0000] {subprocess.py:93} INFO - 	at py4j.commands.AbstractCommand.invokeMethod(AbstractCommand.java:132)
[2026-06-12T08:16:51.124+0000] {subprocess.py:93} INFO - 	at py4j.commands.CallCommand.execute(CallCommand.java:79)
[2026-06-12T08:16:51.125+0000] {subprocess.py:93} INFO - 	at py4j.ClientServerConnection.waitForCommands(ClientServerConnection.java:182)
[2026-06-12T08:16:51.127+0000] {subprocess.py:93} INFO - 	at py4j.ClientServerConnection.run(ClientServerConnection.java:106)
[2026-06-12T08:16:51.128+0000] {subprocess.py:93} INFO - 	at java.base/java.lang.Thread.run(Thread.java:833)
[2026-06-12T08:16:51.129+0000] {subprocess.py:93} INFO - Caused by: java.net.UnknownHostException: reporting-postgres
[2026-06-12T08:16:51.131+0000] {subprocess.py:93} INFO - 	at java.base/sun.nio.ch.NioSocketImpl.connect(NioSocketImpl.java:572)
[2026-06-12T08:16:51.132+0000] {subprocess.py:93} INFO - 	at java.base/java.net.SocksSocketImpl.connect(SocksSocketImpl.java:327)
[2026-06-12T08:16:51.133+0000] {subprocess.py:93} INFO - 	at java.base/java.net.Socket.connect(Socket.java:633)
[2026-06-12T08:16:51.135+0000] {subprocess.py:93} INFO - 	at org.postgresql.core.PGStream.createSocket(PGStream.java:243)
[2026-06-12T08:16:51.136+0000] {subprocess.py:93} INFO - 	at org.postgresql.core.PGStream.<init>(PGStream.java:98)
[2026-06-12T08:16:51.137+0000] {subprocess.py:93} INFO - 	at org.postgresql.core.v3.ConnectionFactoryImpl.tryConnect(ConnectionFactoryImpl.java:136)
[2026-06-12T08:16:51.138+0000] {subprocess.py:93} INFO - 	at org.postgresql.core.v3.ConnectionFactoryImpl.openConnectionImpl(ConnectionFactoryImpl.java:262)
[2026-06-12T08:16:51.139+0000] {subprocess.py:93} INFO - 	... 51 more
[2026-06-12T08:16:51.140+0000] {subprocess.py:93} INFO - Traceback (most recent call last):
[2026-06-12T08:16:51.141+0000] {subprocess.py:93} INFO -   File "/home/jovyan/work/src/jobs/tiki_gold.py", line 250, in run_gold_pipeline
[2026-06-12T08:16:51.142+0000] {subprocess.py:93} INFO -     compute_brand_performance(spark)
[2026-06-12T08:16:51.143+0000] {subprocess.py:93} INFO -   File "/home/jovyan/work/src/jobs/tiki_gold.py", line 94, in compute_brand_performance
[2026-06-12T08:16:51.144+0000] {subprocess.py:93} INFO -     save_gold_table(
[2026-06-12T08:16:51.145+0000] {subprocess.py:93} INFO -   File "/home/jovyan/work/src/jobs/tiki_gold.py", line 62, in save_gold_table
[2026-06-12T08:16:51.146+0000] {subprocess.py:93} INFO -     df.write.jdbc(
[2026-06-12T08:16:51.147+0000] {subprocess.py:93} INFO -   File "/usr/local/spark/python/pyspark/sql/readwriter.py", line 1984, in jdbc
[2026-06-12T08:16:51.148+0000] {subprocess.py:93} INFO -     self.mode(mode)._jwrite.jdbc(url, table, jprop)
[2026-06-12T08:16:51.149+0000] {subprocess.py:93} INFO -   File "/usr/local/spark/python/lib/py4j-0.10.9.7-src.zip/py4j/java_gateway.py", line 1322, in __call__
[2026-06-12T08:16:51.150+0000] {subprocess.py:93} INFO -     return_value = get_return_value(
[2026-06-12T08:16:51.150+0000] {subprocess.py:93} INFO -                    ^^^^^^^^^^^^^^^^^
[2026-06-12T08:16:51.151+0000] {subprocess.py:93} INFO -   File "/usr/local/spark/python/pyspark/errors/exceptions/captured.py", line 179, in deco
[2026-06-12T08:16:51.152+0000] {subprocess.py:93} INFO -     return f(*a, **kw)
[2026-06-12T08:16:51.153+0000] {subprocess.py:93} INFO -            ^^^^^^^^^^^
[2026-06-12T08:16:51.154+0000] {subprocess.py:93} INFO -   File "/usr/local/spark/python/lib/py4j-0.10.9.7-src.zip/py4j/protocol.py", line 326, in get_return_value
[2026-06-12T08:16:51.155+0000] {subprocess.py:93} INFO -     raise Py4JJavaError(
[2026-06-12T08:16:51.156+0000] {subprocess.py:93} INFO - py4j.protocol.Py4JJavaError: An error occurred while calling o54.jdbc.
[2026-06-12T08:16:51.157+0000] {subprocess.py:93} INFO - : org.postgresql.util.PSQLException: The connection attempt failed.
[2026-06-12T08:16:51.158+0000] {subprocess.py:93} INFO - 	at org.postgresql.core.v3.ConnectionFactoryImpl.openConnectionImpl(ConnectionFactoryImpl.java:358)
[2026-06-12T08:16:51.159+0000] {subprocess.py:93} INFO - 	at org.postgresql.core.ConnectionFactory.openConnection(ConnectionFactory.java:54)
[2026-06-12T08:16:51.160+0000] {subprocess.py:93} INFO - 	at org.postgresql.jdbc.PgConnection.<init>(PgConnection.java:273)
[2026-06-12T08:16:51.162+0000] {subprocess.py:93} INFO - 	at org.postgresql.Driver.makeConnection(Driver.java:446)
[2026-06-12T08:16:51.163+0000] {subprocess.py:93} INFO - 	at org.postgresql.Driver.connect(Driver.java:298)
[2026-06-12T08:16:51.164+0000] {subprocess.py:93} INFO - 	at org.apache.spark.sql.execution.datasources.jdbc.connection.BasicConnectionProvider.getConnection(BasicConnectionProvider.scala:49)
[2026-06-12T08:16:51.165+0000] {subprocess.py:93} INFO - 	at org.apache.spark.sql.execution.datasources.jdbc.connection.ConnectionProviderBase.create(ConnectionProvider.scala:102)
[2026-06-12T08:16:51.166+0000] {subprocess.py:93} INFO - 	at org.apache.spark.sql.jdbc.JdbcDialect.$anonfun$createConnectionFactory$1(JdbcDialects.scala:160)
[2026-06-12T08:16:51.167+0000] {subprocess.py:93} INFO - 	at org.apache.spark.sql.jdbc.JdbcDialect.$anonfun$createConnectionFactory$1$adapted(JdbcDialects.scala:156)
[2026-06-12T08:16:51.168+0000] {subprocess.py:93} INFO - 	at org.apache.spark.sql.execution.datasources.jdbc.JdbcRelationProvider.createRelation(JdbcRelationProvider.scala:50)
[2026-06-12T08:16:51.169+0000] {subprocess.py:93} INFO - 	at org.apache.spark.sql.execution.datasources.SaveIntoDataSourceCommand.run(SaveIntoDataSourceCommand.scala:48)
[2026-06-12T08:16:51.170+0000] {subprocess.py:93} INFO - 	at org.apache.spark.sql.execution.command.ExecutedCommandExec.sideEffectResult$lzycompute(commands.scala:75)
[2026-06-12T08:16:51.171+0000] {subprocess.py:93} INFO - 	at org.apache.spark.sql.execution.command.ExecutedCommandExec.sideEffectResult(commands.scala:73)
[2026-06-12T08:16:51.172+0000] {subprocess.py:93} INFO - 	at org.apache.spark.sql.execution.command.ExecutedCommandExec.executeCollect(commands.scala:84)
[2026-06-12T08:16:51.173+0000] {subprocess.py:93} INFO - 	at org.apache.spark.sql.execution.QueryExecution$$anonfun$eagerlyExecuteCommands$1.$anonfun$applyOrElse$1(QueryExecution.scala:107)
[2026-06-12T08:16:51.175+0000] {subprocess.py:93} INFO - 	at org.apache.spark.sql.execution.SQLExecution$.$anonfun$withNewExecutionId$6(SQLExecution.scala:125)
[2026-06-12T08:16:51.176+0000] {subprocess.py:93} INFO - 	at org.apache.spark.sql.execution.SQLExecution$.withSQLConfPropagated(SQLExecution.scala:201)
[2026-06-12T08:16:51.177+0000] {subprocess.py:93} INFO - 	at org.apache.spark.sql.execution.SQLExecution$.$anonfun$withNewExecutionId$1(SQLExecution.scala:108)
[2026-06-12T08:16:51.181+0000] {subprocess.py:93} INFO - 	at org.apache.spark.sql.SparkSession.withActive(SparkSession.scala:900)
[2026-06-12T08:16:51.183+0000] {subprocess.py:93} INFO - 	at org.apache.spark.sql.execution.SQLExecution$.withNewExecutionId(SQLExecution.scala:66)
[2026-06-12T08:16:51.185+0000] {subprocess.py:93} INFO - 	at org.apache.spark.sql.execution.QueryExecution$$anonfun$eagerlyExecuteCommands$1.applyOrElse(QueryExecution.scala:107)
[2026-06-12T08:16:51.188+0000] {subprocess.py:93} INFO - 	at org.apache.spark.sql.execution.QueryExecution$$anonfun$eagerlyExecuteCommands$1.applyOrElse(QueryExecution.scala:98)
[2026-06-12T08:16:51.195+0000] {subprocess.py:93} INFO - 	at org.apache.spark.sql.catalyst.trees.TreeNode.$anonfun$transformDownWithPruning$1(TreeNode.scala:461)
[2026-06-12T08:16:51.201+0000] {subprocess.py:93} INFO - 	at org.apache.spark.sql.catalyst.trees.CurrentOrigin$.withOrigin(origin.scala:76)
[2026-06-12T08:16:51.205+0000] {subprocess.py:93} INFO - 	at org.apache.spark.sql.catalyst.trees.TreeNode.transformDownWithPruning(TreeNode.scala:461)
[2026-06-12T08:16:51.210+0000] {subprocess.py:93} INFO - 	at org.apache.spark.sql.catalyst.plans.logical.LogicalPlan.org$apache$spark$sql$catalyst$plans$logical$AnalysisHelper$$super$transformDownWithPruning(LogicalPlan.scala:32)
[2026-06-12T08:16:51.214+0000] {subprocess.py:93} INFO - 	at org.apache.spark.sql.catalyst.plans.logical.AnalysisHelper.transformDownWithPruning(AnalysisHelper.scala:267)
[2026-06-12T08:16:51.216+0000] {subprocess.py:93} INFO - 	at org.apache.spark.sql.catalyst.plans.logical.AnalysisHelper.transformDownWithPruning$(AnalysisHelper.scala:263)
[2026-06-12T08:16:51.218+0000] {subprocess.py:93} INFO - 	at org.apache.spark.sql.catalyst.plans.logical.LogicalPlan.transformDownWithPruning(LogicalPlan.scala:32)
[2026-06-12T08:16:51.221+0000] {subprocess.py:93} INFO - 	at org.apache.spark.sql.catalyst.plans.logical.LogicalPlan.transformDownWithPruning(LogicalPlan.scala:32)
[2026-06-12T08:16:51.223+0000] {subprocess.py:93} INFO - 	at org.apache.spark.sql.catalyst.trees.TreeNode.transformDown(TreeNode.scala:437)
[2026-06-12T08:16:51.224+0000] {subprocess.py:93} INFO - 	at org.apache.spark.sql.execution.QueryExecution.eagerlyExecuteCommands(QueryExecution.scala:98)
[2026-06-12T08:16:51.226+0000] {subprocess.py:93} INFO - 	at org.apache.spark.sql.execution.QueryExecution.commandExecuted$lzycompute(QueryExecution.scala:85)
[2026-06-12T08:16:51.228+0000] {subprocess.py:93} INFO - 	at org.apache.spark.sql.execution.QueryExecution.commandExecuted(QueryExecution.scala:83)
[2026-06-12T08:16:51.230+0000] {subprocess.py:93} INFO - 	at org.apache.spark.sql.execution.QueryExecution.assertCommandExecuted(QueryExecution.scala:142)
[2026-06-12T08:16:51.232+0000] {subprocess.py:93} INFO - 	at org.apache.spark.sql.DataFrameWriter.runCommand(DataFrameWriter.scala:859)
[2026-06-12T08:16:51.234+0000] {subprocess.py:93} INFO - 	at org.apache.spark.sql.DataFrameWriter.saveToV1Source(DataFrameWriter.scala:388)
[2026-06-12T08:16:51.236+0000] {subprocess.py:93} INFO - 	at org.apache.spark.sql.DataFrameWriter.saveInternal(DataFrameWriter.scala:361)
[2026-06-12T08:16:51.238+0000] {subprocess.py:93} INFO - 	at org.apache.spark.sql.DataFrameWriter.save(DataFrameWriter.scala:248)
[2026-06-12T08:16:51.240+0000] {subprocess.py:93} INFO - 	at org.apache.spark.sql.DataFrameWriter.jdbc(DataFrameWriter.scala:756)
[2026-06-12T08:16:51.241+0000] {subprocess.py:93} INFO - 	at java.base/jdk.internal.reflect.NativeMethodAccessorImpl.invoke0(Native Method)
[2026-06-12T08:16:51.242+0000] {subprocess.py:93} INFO - 	at java.base/jdk.internal.reflect.NativeMethodAccessorImpl.invoke(NativeMethodAccessorImpl.java:77)
[2026-06-12T08:16:51.243+0000] {subprocess.py:93} INFO - 	at java.base/jdk.internal.reflect.DelegatingMethodAccessorImpl.invoke(DelegatingMethodAccessorImpl.java:43)
[2026-06-12T08:16:51.244+0000] {subprocess.py:93} INFO - 	at java.base/java.lang.reflect.Method.invoke(Method.java:568)
[2026-06-12T08:16:51.245+0000] {subprocess.py:93} INFO - 	at py4j.reflection.MethodInvoker.invoke(MethodInvoker.java:244)
[2026-06-12T08:16:51.245+0000] {subprocess.py:93} INFO - 	at py4j.reflection.ReflectionEngine.invoke(ReflectionEngine.java:374)
[2026-06-12T08:16:51.247+0000] {subprocess.py:93} INFO - 	at py4j.Gateway.invoke(Gateway.java:282)
[2026-06-12T08:16:51.248+0000] {subprocess.py:93} INFO - 	at py4j.commands.AbstractCommand.invokeMethod(AbstractCommand.java:132)
[2026-06-12T08:16:51.249+0000] {subprocess.py:93} INFO - 	at py4j.commands.CallCommand.execute(CallCommand.java:79)
[2026-06-12T08:16:51.249+0000] {subprocess.py:93} INFO - 	at py4j.ClientServerConnection.waitForCommands(ClientServerConnection.java:182)
[2026-06-12T08:16:51.250+0000] {subprocess.py:93} INFO - 	at py4j.ClientServerConnection.run(ClientServerConnection.java:106)
[2026-06-12T08:16:51.251+0000] {subprocess.py:93} INFO - 	at java.base/java.lang.Thread.run(Thread.java:833)
[2026-06-12T08:16:51.252+0000] {subprocess.py:93} INFO - Caused by: java.net.UnknownHostException: reporting-postgres
[2026-06-12T08:16:51.253+0000] {subprocess.py:93} INFO - 	at java.base/sun.nio.ch.NioSocketImpl.connect(NioSocketImpl.java:572)
[2026-06-12T08:16:51.253+0000] {subprocess.py:93} INFO - 	at java.base/java.net.SocksSocketImpl.connect(SocksSocketImpl.java:327)
[2026-06-12T08:16:51.254+0000] {subprocess.py:93} INFO - 	at java.base/java.net.Socket.connect(Socket.java:633)
[2026-06-12T08:16:51.255+0000] {subprocess.py:93} INFO - 	at org.postgresql.core.PGStream.createSocket(PGStream.java:243)
[2026-06-12T08:16:51.256+0000] {subprocess.py:93} INFO - 	at org.postgresql.core.PGStream.<init>(PGStream.java:98)
[2026-06-12T08:16:51.256+0000] {subprocess.py:93} INFO - 	at org.postgresql.core.v3.ConnectionFactoryImpl.tryConnect(ConnectionFactoryImpl.java:136)
[2026-06-12T08:16:51.257+0000] {subprocess.py:93} INFO - 	at org.postgresql.core.v3.ConnectionFactoryImpl.openConnectionImpl(ConnectionFactoryImpl.java:262)
[2026-06-12T08:16:51.258+0000] {subprocess.py:93} INFO - 	... 51 more
[2026-06-12T08:16:51.259+0000] {subprocess.py:93} INFO - 
[2026-06-12T08:16:51.705+0000] {subprocess.py:97} INFO - Command exited with return code 1
[2026-06-12T08:16:51.720+0000] {taskinstance.py:2698} ERROR - Task failed with exception
Traceback (most recent call last):
  File "/home/airflow/.local/lib/python3.8/site-packages/airflow/models/taskinstance.py", line 433, in _execute_task
    result = execute_callable(context=context, **execute_callable_kwargs)
  File "/home/airflow/.local/lib/python3.8/site-packages/airflow/operators/bash.py", line 212, in execute
    raise AirflowException(
airflow.exceptions.AirflowException: Bash command failed. The command returned a non-zero exit code 1.
[2026-06-12T08:16:51.726+0000] {taskinstance.py:1138} INFO - Marking task as UP_FOR_RETRY. dag_id=tiki_beauty_lakehouse_pipeline, task_id=transform_gold, execution_date=20260611T080000, start_date=20260612T081630, end_date=20260612T081651
[2026-06-12T08:16:51.752+0000] {standard_task_runner.py:107} ERROR - Failed to execute job 126 for task transform_gold (Bash command failed. The command returned a non-zero exit code 1.; 1180)
[2026-06-12T08:16:51.762+0000] {local_task_job_runner.py:234} INFO - Task exited with return code 1
[2026-06-12T08:16:51.786+0000] {taskinstance.py:3280} INFO - 0 downstream tasks scheduled from follow-on schedule check
