[2026-06-12T08:27:21.879+0000] {taskinstance.py:1956} INFO - Dependencies all met for dep_context=non-requeueable deps ti=<TaskInstance: tiki_beauty_lakehouse_pipeline.transform_gold scheduled__2026-06-11T08:00:00+00:00 [queued]>
[2026-06-12T08:27:21.893+0000] {taskinstance.py:1956} INFO - Dependencies all met for dep_context=requeueable deps ti=<TaskInstance: tiki_beauty_lakehouse_pipeline.transform_gold scheduled__2026-06-11T08:00:00+00:00 [queued]>
[2026-06-12T08:27:21.895+0000] {taskinstance.py:2170} INFO - Starting attempt 3 of 3
[2026-06-12T08:27:21.934+0000] {taskinstance.py:2191} INFO - Executing <Task(BashOperator): transform_gold> on 2026-06-11 08:00:00+00:00
[2026-06-12T08:27:21.945+0000] {standard_task_runner.py:60} INFO - Started process 1417 to run task
[2026-06-12T08:27:21.956+0000] {standard_task_runner.py:87} INFO - Running: ['airflow', 'tasks', 'run', 'tiki_beauty_lakehouse_pipeline', 'transform_gold', 'scheduled__2026-06-11T08:00:00+00:00', '--job-id', '128', '--raw', '--subdir', 'DAGS_FOLDER/tiki_pipeline_dag.py', '--cfg-path', '/tmp/tmp91h5ibdg']
[2026-06-12T08:27:21.964+0000] {standard_task_runner.py:88} INFO - Job 128: Subtask transform_gold
[2026-06-12T08:27:22.074+0000] {task_command.py:423} INFO - Running <TaskInstance: tiki_beauty_lakehouse_pipeline.transform_gold scheduled__2026-06-11T08:00:00+00:00 [running]> on host 9e90c8b35f3c
[2026-06-12T08:27:22.252+0000] {taskinstance.py:2480} INFO - Exporting env vars: AIRFLOW_CTX_DAG_OWNER='anhtaizz' AIRFLOW_CTX_DAG_ID='tiki_beauty_lakehouse_pipeline' AIRFLOW_CTX_TASK_ID='transform_gold' AIRFLOW_CTX_EXECUTION_DATE='2026-06-11T08:00:00+00:00' AIRFLOW_CTX_TRY_NUMBER='3' AIRFLOW_CTX_DAG_RUN_ID='scheduled__2026-06-11T08:00:00+00:00'
[2026-06-12T08:27:22.256+0000] {subprocess.py:63} INFO - Tmp dir root location: /tmp
[2026-06-12T08:27:22.258+0000] {subprocess.py:75} INFO - Running command: ['/usr/bin/bash', '-c', '\n            echo "Running Gold transformation ..."\n            docker exec tiki_spark_crawler \\\n                /opt/conda/bin/python /home/jovyan/work/src/jobs/tiki_gold.py\n        ']
[2026-06-12T08:27:22.276+0000] {subprocess.py:86} INFO - Output:
[2026-06-12T08:27:22.282+0000] {subprocess.py:93} INFO - Running Gold transformation ...
[2026-06-12T08:27:23.561+0000] {subprocess.py:93} INFO - 2026-06-12 08:27:23,557 - __main__ - INFO - ============================================================
[2026-06-12T08:27:23.563+0000] {subprocess.py:93} INFO - 2026-06-12 08:27:23,557 - __main__ - INFO - Starting Tiki GOLD layer pipeline
[2026-06-12T08:27:23.564+0000] {subprocess.py:93} INFO - 2026-06-12 08:27:23,557 - __main__ - INFO - Target Postgres: reporting-postgres / reporting
[2026-06-12T08:27:23.566+0000] {subprocess.py:93} INFO - 2026-06-12 08:27:23,557 - __main__ - INFO - ============================================================
[2026-06-12T08:27:25.327+0000] {subprocess.py:93} INFO - :: loading settings :: url = jar:file:/usr/local/spark-3.5.0-bin-hadoop3/jars/ivy-2.5.1.jar!/org/apache/ivy/core/settings/ivysettings.xml
[2026-06-12T08:27:25.392+0000] {subprocess.py:93} INFO - Ivy Default Cache set to: /root/.ivy2/cache
[2026-06-12T08:27:25.393+0000] {subprocess.py:93} INFO - The jars for the packages stored in: /root/.ivy2/jars
[2026-06-12T08:27:25.398+0000] {subprocess.py:93} INFO - org.apache.iceberg#iceberg-spark-runtime-3.5_2.12 added as a dependency
[2026-06-12T08:27:25.400+0000] {subprocess.py:93} INFO - org.apache.hadoop#hadoop-aws added as a dependency
[2026-06-12T08:27:25.401+0000] {subprocess.py:93} INFO - com.amazonaws#aws-java-sdk-bundle added as a dependency
[2026-06-12T08:27:25.402+0000] {subprocess.py:93} INFO - org.postgresql#postgresql added as a dependency
[2026-06-12T08:27:25.403+0000] {subprocess.py:93} INFO - :: resolving dependencies :: org.apache.spark#spark-submit-parent-4477d317-1e69-4ae2-9ce5-398d8b30aae4;1.0
[2026-06-12T08:27:25.404+0000] {subprocess.py:93} INFO - 	confs: [default]
[2026-06-12T08:27:25.512+0000] {subprocess.py:93} INFO - 	found org.apache.iceberg#iceberg-spark-runtime-3.5_2.12;1.6.0 in central
[2026-06-12T08:27:25.567+0000] {subprocess.py:93} INFO - 	found org.apache.hadoop#hadoop-aws;3.3.4 in central
[2026-06-12T08:27:25.592+0000] {subprocess.py:93} INFO - 	found com.amazonaws#aws-java-sdk-bundle;1.12.262 in central
[2026-06-12T08:27:25.620+0000] {subprocess.py:93} INFO - 	found org.wildfly.openssl#wildfly-openssl;1.0.7.Final in central
[2026-06-12T08:27:25.637+0000] {subprocess.py:93} INFO - 	found org.postgresql#postgresql;42.7.3 in central
[2026-06-12T08:27:25.656+0000] {subprocess.py:93} INFO - 	found org.checkerframework#checker-qual;3.42.0 in central
[2026-06-12T08:27:25.692+0000] {subprocess.py:93} INFO - :: resolution report :: resolve 272ms :: artifacts dl 18ms
[2026-06-12T08:27:25.693+0000] {subprocess.py:93} INFO - 	:: modules in use:
[2026-06-12T08:27:25.695+0000] {subprocess.py:93} INFO - 	com.amazonaws#aws-java-sdk-bundle;1.12.262 from central in [default]
[2026-06-12T08:27:25.697+0000] {subprocess.py:93} INFO - 	org.apache.hadoop#hadoop-aws;3.3.4 from central in [default]
[2026-06-12T08:27:25.699+0000] {subprocess.py:93} INFO - 	org.apache.iceberg#iceberg-spark-runtime-3.5_2.12;1.6.0 from central in [default]
[2026-06-12T08:27:25.701+0000] {subprocess.py:93} INFO - 	org.checkerframework#checker-qual;3.42.0 from central in [default]
[2026-06-12T08:27:25.703+0000] {subprocess.py:93} INFO - 	org.postgresql#postgresql;42.7.3 from central in [default]
[2026-06-12T08:27:25.706+0000] {subprocess.py:93} INFO - 	org.wildfly.openssl#wildfly-openssl;1.0.7.Final from central in [default]
[2026-06-12T08:27:25.707+0000] {subprocess.py:93} INFO - 	---------------------------------------------------------------------
[2026-06-12T08:27:25.709+0000] {subprocess.py:93} INFO - 	|                  |            modules            ||   artifacts   |
[2026-06-12T08:27:25.711+0000] {subprocess.py:93} INFO - 	|       conf       | number| search|dwnlded|evicted|| number|dwnlded|
[2026-06-12T08:27:25.713+0000] {subprocess.py:93} INFO - 	---------------------------------------------------------------------
[2026-06-12T08:27:25.714+0000] {subprocess.py:93} INFO - 	|      default     |   6   |   0   |   0   |   0   ||   6   |   0   |
[2026-06-12T08:27:25.716+0000] {subprocess.py:93} INFO - 	---------------------------------------------------------------------
[2026-06-12T08:27:25.718+0000] {subprocess.py:93} INFO - :: retrieving :: org.apache.spark#spark-submit-parent-4477d317-1e69-4ae2-9ce5-398d8b30aae4
[2026-06-12T08:27:25.721+0000] {subprocess.py:93} INFO - 	confs: [default]
[2026-06-12T08:27:25.724+0000] {subprocess.py:93} INFO - 	0 artifacts copied, 6 already retrieved (0kB/18ms)
[2026-06-12T08:27:26.103+0000] {subprocess.py:93} INFO - 26/06/12 08:27:26 WARN NativeCodeLoader: Unable to load native-hadoop library for your platform... using builtin-java classes where applicable
[2026-06-12T08:27:26.349+0000] {subprocess.py:93} INFO - Setting default log level to "WARN".
[2026-06-12T08:27:26.350+0000] {subprocess.py:93} INFO - To adjust logging level use sc.setLogLevel(newLevel). For SparkR, use setLogLevel(newLevel).
[2026-06-12T08:27:34.626+0000] {subprocess.py:93} INFO - 26/06/12 08:27:34 WARN MetricsConfig: Cannot locate configuration: tried hadoop-metrics2-s3a-file-system.properties,hadoop-metrics2.properties
[2026-06-12T08:27:37.932+0000] {subprocess.py:93} INFO - 2026-06-12 08:27:37,929 - __main__ - INFO - Computing gold.brand_performance ...
[2026-06-12T08:27:39.253+0000] {subprocess.py:93} INFO - 2026-06-12 08:27:39,251 - __main__ - INFO - Writing Iceberg Gold table: local_catalog.tiki_gold.brand_performance
[2026-06-12T08:27:50.526+0000] {subprocess.py:93} INFO - [Stage 0:>                                                          (0 + 3) / 3]                                                                                [Stage 12:>                                                         (0 + 1) / 1]                                                                                2026-06-12 08:27:50,521 - __main__ - INFO - Iceberg write complete: local_catalog.tiki_gold.brand_performance
[2026-06-12T08:27:50.528+0000] {subprocess.py:93} INFO - 2026-06-12 08:27:50,522 - __main__ - INFO - Writing Reporting Postgres table: brand_performance
[2026-06-12T08:27:53.554+0000] {subprocess.py:93} INFO - 2026-06-12 08:27:53,538 - __main__ - ERROR - Gold pipeline failed: An error occurred while calling o54.jdbc.
[2026-06-12T08:27:53.556+0000] {subprocess.py:93} INFO - : org.postgresql.util.PSQLException: The connection attempt failed.
[2026-06-12T08:27:53.558+0000] {subprocess.py:93} INFO - 	at org.postgresql.core.v3.ConnectionFactoryImpl.openConnectionImpl(ConnectionFactoryImpl.java:358)
[2026-06-12T08:27:53.560+0000] {subprocess.py:93} INFO - 	at org.postgresql.core.ConnectionFactory.openConnection(ConnectionFactory.java:54)
[2026-06-12T08:27:53.562+0000] {subprocess.py:93} INFO - 	at org.postgresql.jdbc.PgConnection.<init>(PgConnection.java:273)
[2026-06-12T08:27:53.565+0000] {subprocess.py:93} INFO - 	at org.postgresql.Driver.makeConnection(Driver.java:446)
[2026-06-12T08:27:53.567+0000] {subprocess.py:93} INFO - 	at org.postgresql.Driver.connect(Driver.java:298)
[2026-06-12T08:27:53.568+0000] {subprocess.py:93} INFO - 	at org.apache.spark.sql.execution.datasources.jdbc.connection.BasicConnectionProvider.getConnection(BasicConnectionProvider.scala:49)
[2026-06-12T08:27:53.570+0000] {subprocess.py:93} INFO - 	at org.apache.spark.sql.execution.datasources.jdbc.connection.ConnectionProviderBase.create(ConnectionProvider.scala:102)
[2026-06-12T08:27:53.572+0000] {subprocess.py:93} INFO - 	at org.apache.spark.sql.jdbc.JdbcDialect.$anonfun$createConnectionFactory$1(JdbcDialects.scala:160)
[2026-06-12T08:27:53.574+0000] {subprocess.py:93} INFO - 	at org.apache.spark.sql.jdbc.JdbcDialect.$anonfun$createConnectionFactory$1$adapted(JdbcDialects.scala:156)
[2026-06-12T08:27:53.576+0000] {subprocess.py:93} INFO - 	at org.apache.spark.sql.execution.datasources.jdbc.JdbcRelationProvider.createRelation(JdbcRelationProvider.scala:50)
[2026-06-12T08:27:53.578+0000] {subprocess.py:93} INFO - 	at org.apache.spark.sql.execution.datasources.SaveIntoDataSourceCommand.run(SaveIntoDataSourceCommand.scala:48)
[2026-06-12T08:27:53.580+0000] {subprocess.py:93} INFO - 	at org.apache.spark.sql.execution.command.ExecutedCommandExec.sideEffectResult$lzycompute(commands.scala:75)
[2026-06-12T08:27:53.581+0000] {subprocess.py:93} INFO - 	at org.apache.spark.sql.execution.command.ExecutedCommandExec.sideEffectResult(commands.scala:73)
[2026-06-12T08:27:53.584+0000] {subprocess.py:93} INFO - 	at org.apache.spark.sql.execution.command.ExecutedCommandExec.executeCollect(commands.scala:84)
[2026-06-12T08:27:53.585+0000] {subprocess.py:93} INFO - 	at org.apache.spark.sql.execution.QueryExecution$$anonfun$eagerlyExecuteCommands$1.$anonfun$applyOrElse$1(QueryExecution.scala:107)
[2026-06-12T08:27:53.587+0000] {subprocess.py:93} INFO - 	at org.apache.spark.sql.execution.SQLExecution$.$anonfun$withNewExecutionId$6(SQLExecution.scala:125)
[2026-06-12T08:27:53.589+0000] {subprocess.py:93} INFO - 	at org.apache.spark.sql.execution.SQLExecution$.withSQLConfPropagated(SQLExecution.scala:201)
[2026-06-12T08:27:53.590+0000] {subprocess.py:93} INFO - 	at org.apache.spark.sql.execution.SQLExecution$.$anonfun$withNewExecutionId$1(SQLExecution.scala:108)
[2026-06-12T08:27:53.594+0000] {subprocess.py:93} INFO - 	at org.apache.spark.sql.SparkSession.withActive(SparkSession.scala:900)
[2026-06-12T08:27:53.595+0000] {subprocess.py:93} INFO - 	at org.apache.spark.sql.execution.SQLExecution$.withNewExecutionId(SQLExecution.scala:66)
[2026-06-12T08:27:53.597+0000] {subprocess.py:93} INFO - 	at org.apache.spark.sql.execution.QueryExecution$$anonfun$eagerlyExecuteCommands$1.applyOrElse(QueryExecution.scala:107)
[2026-06-12T08:27:53.600+0000] {subprocess.py:93} INFO - 	at org.apache.spark.sql.execution.QueryExecution$$anonfun$eagerlyExecuteCommands$1.applyOrElse(QueryExecution.scala:98)
[2026-06-12T08:27:53.602+0000] {subprocess.py:93} INFO - 	at org.apache.spark.sql.catalyst.trees.TreeNode.$anonfun$transformDownWithPruning$1(TreeNode.scala:461)
[2026-06-12T08:27:53.604+0000] {subprocess.py:93} INFO - 	at org.apache.spark.sql.catalyst.trees.CurrentOrigin$.withOrigin(origin.scala:76)
[2026-06-12T08:27:53.606+0000] {subprocess.py:93} INFO - 	at org.apache.spark.sql.catalyst.trees.TreeNode.transformDownWithPruning(TreeNode.scala:461)
[2026-06-12T08:27:53.608+0000] {subprocess.py:93} INFO - 	at org.apache.spark.sql.catalyst.plans.logical.LogicalPlan.org$apache$spark$sql$catalyst$plans$logical$AnalysisHelper$$super$transformDownWithPruning(LogicalPlan.scala:32)
[2026-06-12T08:27:53.609+0000] {subprocess.py:93} INFO - 	at org.apache.spark.sql.catalyst.plans.logical.AnalysisHelper.transformDownWithPruning(AnalysisHelper.scala:267)
[2026-06-12T08:27:53.611+0000] {subprocess.py:93} INFO - 	at org.apache.spark.sql.catalyst.plans.logical.AnalysisHelper.transformDownWithPruning$(AnalysisHelper.scala:263)
[2026-06-12T08:27:53.612+0000] {subprocess.py:93} INFO - 	at org.apache.spark.sql.catalyst.plans.logical.LogicalPlan.transformDownWithPruning(LogicalPlan.scala:32)
[2026-06-12T08:27:53.615+0000] {subprocess.py:93} INFO - 	at org.apache.spark.sql.catalyst.plans.logical.LogicalPlan.transformDownWithPruning(LogicalPlan.scala:32)
[2026-06-12T08:27:53.616+0000] {subprocess.py:93} INFO - 	at org.apache.spark.sql.catalyst.trees.TreeNode.transformDown(TreeNode.scala:437)
[2026-06-12T08:27:53.618+0000] {subprocess.py:93} INFO - 	at org.apache.spark.sql.execution.QueryExecution.eagerlyExecuteCommands(QueryExecution.scala:98)
[2026-06-12T08:27:53.620+0000] {subprocess.py:93} INFO - 	at org.apache.spark.sql.execution.QueryExecution.commandExecuted$lzycompute(QueryExecution.scala:85)
[2026-06-12T08:27:53.622+0000] {subprocess.py:93} INFO - 	at org.apache.spark.sql.execution.QueryExecution.commandExecuted(QueryExecution.scala:83)
[2026-06-12T08:27:53.623+0000] {subprocess.py:93} INFO - 	at org.apache.spark.sql.execution.QueryExecution.assertCommandExecuted(QueryExecution.scala:142)
[2026-06-12T08:27:53.625+0000] {subprocess.py:93} INFO - 	at org.apache.spark.sql.DataFrameWriter.runCommand(DataFrameWriter.scala:859)
[2026-06-12T08:27:53.626+0000] {subprocess.py:93} INFO - 	at org.apache.spark.sql.DataFrameWriter.saveToV1Source(DataFrameWriter.scala:388)
[2026-06-12T08:27:53.627+0000] {subprocess.py:93} INFO - 	at org.apache.spark.sql.DataFrameWriter.saveInternal(DataFrameWriter.scala:361)
[2026-06-12T08:27:53.628+0000] {subprocess.py:93} INFO - 	at org.apache.spark.sql.DataFrameWriter.save(DataFrameWriter.scala:248)
[2026-06-12T08:27:53.628+0000] {subprocess.py:93} INFO - 	at org.apache.spark.sql.DataFrameWriter.jdbc(DataFrameWriter.scala:756)
[2026-06-12T08:27:53.630+0000] {subprocess.py:93} INFO - 	at java.base/jdk.internal.reflect.NativeMethodAccessorImpl.invoke0(Native Method)
[2026-06-12T08:27:53.631+0000] {subprocess.py:93} INFO - 	at java.base/jdk.internal.reflect.NativeMethodAccessorImpl.invoke(NativeMethodAccessorImpl.java:77)
[2026-06-12T08:27:53.632+0000] {subprocess.py:93} INFO - 	at java.base/jdk.internal.reflect.DelegatingMethodAccessorImpl.invoke(DelegatingMethodAccessorImpl.java:43)
[2026-06-12T08:27:53.633+0000] {subprocess.py:93} INFO - 	at java.base/java.lang.reflect.Method.invoke(Method.java:568)
[2026-06-12T08:27:53.634+0000] {subprocess.py:93} INFO - 	at py4j.reflection.MethodInvoker.invoke(MethodInvoker.java:244)
[2026-06-12T08:27:53.635+0000] {subprocess.py:93} INFO - 	at py4j.reflection.ReflectionEngine.invoke(ReflectionEngine.java:374)
[2026-06-12T08:27:53.635+0000] {subprocess.py:93} INFO - 	at py4j.Gateway.invoke(Gateway.java:282)
[2026-06-12T08:27:53.636+0000] {subprocess.py:93} INFO - 	at py4j.commands.AbstractCommand.invokeMethod(AbstractCommand.java:132)
[2026-06-12T08:27:53.637+0000] {subprocess.py:93} INFO - 	at py4j.commands.CallCommand.execute(CallCommand.java:79)
[2026-06-12T08:27:53.638+0000] {subprocess.py:93} INFO - 	at py4j.ClientServerConnection.waitForCommands(ClientServerConnection.java:182)
[2026-06-12T08:27:53.639+0000] {subprocess.py:93} INFO - 	at py4j.ClientServerConnection.run(ClientServerConnection.java:106)
[2026-06-12T08:27:53.640+0000] {subprocess.py:93} INFO - 	at java.base/java.lang.Thread.run(Thread.java:833)
[2026-06-12T08:27:53.640+0000] {subprocess.py:93} INFO - Caused by: java.net.UnknownHostException: reporting-postgres
[2026-06-12T08:27:53.641+0000] {subprocess.py:93} INFO - 	at java.base/sun.nio.ch.NioSocketImpl.connect(NioSocketImpl.java:572)
[2026-06-12T08:27:53.642+0000] {subprocess.py:93} INFO - 	at java.base/java.net.SocksSocketImpl.connect(SocksSocketImpl.java:327)
[2026-06-12T08:27:53.643+0000] {subprocess.py:93} INFO - 	at java.base/java.net.Socket.connect(Socket.java:633)
[2026-06-12T08:27:53.644+0000] {subprocess.py:93} INFO - 	at org.postgresql.core.PGStream.createSocket(PGStream.java:243)
[2026-06-12T08:27:53.645+0000] {subprocess.py:93} INFO - 	at org.postgresql.core.PGStream.<init>(PGStream.java:98)
[2026-06-12T08:27:53.646+0000] {subprocess.py:93} INFO - 	at org.postgresql.core.v3.ConnectionFactoryImpl.tryConnect(ConnectionFactoryImpl.java:136)
[2026-06-12T08:27:53.647+0000] {subprocess.py:93} INFO - 	at org.postgresql.core.v3.ConnectionFactoryImpl.openConnectionImpl(ConnectionFactoryImpl.java:262)
[2026-06-12T08:27:53.648+0000] {subprocess.py:93} INFO - 	... 51 more
[2026-06-12T08:27:53.649+0000] {subprocess.py:93} INFO - Traceback (most recent call last):
[2026-06-12T08:27:53.649+0000] {subprocess.py:93} INFO -   File "/home/jovyan/work/src/jobs/tiki_gold.py", line 250, in run_gold_pipeline
[2026-06-12T08:27:53.650+0000] {subprocess.py:93} INFO -     compute_brand_performance(spark)
[2026-06-12T08:27:53.652+0000] {subprocess.py:93} INFO -   File "/home/jovyan/work/src/jobs/tiki_gold.py", line 94, in compute_brand_performance
[2026-06-12T08:27:53.653+0000] {subprocess.py:93} INFO -     save_gold_table(
[2026-06-12T08:27:53.654+0000] {subprocess.py:93} INFO -   File "/home/jovyan/work/src/jobs/tiki_gold.py", line 62, in save_gold_table
[2026-06-12T08:27:53.656+0000] {subprocess.py:93} INFO -     df.write.jdbc(
[2026-06-12T08:27:53.656+0000] {subprocess.py:93} INFO -   File "/usr/local/spark/python/pyspark/sql/readwriter.py", line 1984, in jdbc
[2026-06-12T08:27:53.657+0000] {subprocess.py:93} INFO -     self.mode(mode)._jwrite.jdbc(url, table, jprop)
[2026-06-12T08:27:53.659+0000] {subprocess.py:93} INFO -   File "/usr/local/spark/python/lib/py4j-0.10.9.7-src.zip/py4j/java_gateway.py", line 1322, in __call__
[2026-06-12T08:27:53.660+0000] {subprocess.py:93} INFO -     return_value = get_return_value(
[2026-06-12T08:27:53.663+0000] {subprocess.py:93} INFO -                    ^^^^^^^^^^^^^^^^^
[2026-06-12T08:27:53.664+0000] {subprocess.py:93} INFO -   File "/usr/local/spark/python/pyspark/errors/exceptions/captured.py", line 179, in deco
[2026-06-12T08:27:53.666+0000] {subprocess.py:93} INFO -     return f(*a, **kw)
[2026-06-12T08:27:53.668+0000] {subprocess.py:93} INFO -            ^^^^^^^^^^^
[2026-06-12T08:27:53.670+0000] {subprocess.py:93} INFO -   File "/usr/local/spark/python/lib/py4j-0.10.9.7-src.zip/py4j/protocol.py", line 326, in get_return_value
[2026-06-12T08:27:53.671+0000] {subprocess.py:93} INFO -     raise Py4JJavaError(
[2026-06-12T08:27:53.672+0000] {subprocess.py:93} INFO - py4j.protocol.Py4JJavaError: An error occurred while calling o54.jdbc.
[2026-06-12T08:27:53.674+0000] {subprocess.py:93} INFO - : org.postgresql.util.PSQLException: The connection attempt failed.
[2026-06-12T08:27:53.675+0000] {subprocess.py:93} INFO - 	at org.postgresql.core.v3.ConnectionFactoryImpl.openConnectionImpl(ConnectionFactoryImpl.java:358)
[2026-06-12T08:27:53.676+0000] {subprocess.py:93} INFO - 	at org.postgresql.core.ConnectionFactory.openConnection(ConnectionFactory.java:54)
[2026-06-12T08:27:53.677+0000] {subprocess.py:93} INFO - 	at org.postgresql.jdbc.PgConnection.<init>(PgConnection.java:273)
[2026-06-12T08:27:53.677+0000] {subprocess.py:93} INFO - 	at org.postgresql.Driver.makeConnection(Driver.java:446)
[2026-06-12T08:27:53.678+0000] {subprocess.py:93} INFO - 	at org.postgresql.Driver.connect(Driver.java:298)
[2026-06-12T08:27:53.679+0000] {subprocess.py:93} INFO - 	at org.apache.spark.sql.execution.datasources.jdbc.connection.BasicConnectionProvider.getConnection(BasicConnectionProvider.scala:49)
[2026-06-12T08:27:53.680+0000] {subprocess.py:93} INFO - 	at org.apache.spark.sql.execution.datasources.jdbc.connection.ConnectionProviderBase.create(ConnectionProvider.scala:102)
[2026-06-12T08:27:53.681+0000] {subprocess.py:93} INFO - 	at org.apache.spark.sql.jdbc.JdbcDialect.$anonfun$createConnectionFactory$1(JdbcDialects.scala:160)
[2026-06-12T08:27:53.682+0000] {subprocess.py:93} INFO - 	at org.apache.spark.sql.jdbc.JdbcDialect.$anonfun$createConnectionFactory$1$adapted(JdbcDialects.scala:156)
[2026-06-12T08:27:53.682+0000] {subprocess.py:93} INFO - 	at org.apache.spark.sql.execution.datasources.jdbc.JdbcRelationProvider.createRelation(JdbcRelationProvider.scala:50)
[2026-06-12T08:27:53.683+0000] {subprocess.py:93} INFO - 	at org.apache.spark.sql.execution.datasources.SaveIntoDataSourceCommand.run(SaveIntoDataSourceCommand.scala:48)
[2026-06-12T08:27:53.684+0000] {subprocess.py:93} INFO - 	at org.apache.spark.sql.execution.command.ExecutedCommandExec.sideEffectResult$lzycompute(commands.scala:75)
[2026-06-12T08:27:53.685+0000] {subprocess.py:93} INFO - 	at org.apache.spark.sql.execution.command.ExecutedCommandExec.sideEffectResult(commands.scala:73)
[2026-06-12T08:27:53.685+0000] {subprocess.py:93} INFO - 	at org.apache.spark.sql.execution.command.ExecutedCommandExec.executeCollect(commands.scala:84)
[2026-06-12T08:27:53.687+0000] {subprocess.py:93} INFO - 	at org.apache.spark.sql.execution.QueryExecution$$anonfun$eagerlyExecuteCommands$1.$anonfun$applyOrElse$1(QueryExecution.scala:107)
[2026-06-12T08:27:53.688+0000] {subprocess.py:93} INFO - 	at org.apache.spark.sql.execution.SQLExecution$.$anonfun$withNewExecutionId$6(SQLExecution.scala:125)
[2026-06-12T08:27:53.688+0000] {subprocess.py:93} INFO - 	at org.apache.spark.sql.execution.SQLExecution$.withSQLConfPropagated(SQLExecution.scala:201)
[2026-06-12T08:27:53.689+0000] {subprocess.py:93} INFO - 	at org.apache.spark.sql.execution.SQLExecution$.$anonfun$withNewExecutionId$1(SQLExecution.scala:108)
[2026-06-12T08:27:53.690+0000] {subprocess.py:93} INFO - 	at org.apache.spark.sql.SparkSession.withActive(SparkSession.scala:900)
[2026-06-12T08:27:53.691+0000] {subprocess.py:93} INFO - 	at org.apache.spark.sql.execution.SQLExecution$.withNewExecutionId(SQLExecution.scala:66)
[2026-06-12T08:27:53.692+0000] {subprocess.py:93} INFO - 	at org.apache.spark.sql.execution.QueryExecution$$anonfun$eagerlyExecuteCommands$1.applyOrElse(QueryExecution.scala:107)
[2026-06-12T08:27:53.692+0000] {subprocess.py:93} INFO - 	at org.apache.spark.sql.execution.QueryExecution$$anonfun$eagerlyExecuteCommands$1.applyOrElse(QueryExecution.scala:98)
[2026-06-12T08:27:53.693+0000] {subprocess.py:93} INFO - 	at org.apache.spark.sql.catalyst.trees.TreeNode.$anonfun$transformDownWithPruning$1(TreeNode.scala:461)
[2026-06-12T08:27:53.695+0000] {subprocess.py:93} INFO - 	at org.apache.spark.sql.catalyst.trees.CurrentOrigin$.withOrigin(origin.scala:76)
[2026-06-12T08:27:53.696+0000] {subprocess.py:93} INFO - 	at org.apache.spark.sql.catalyst.trees.TreeNode.transformDownWithPruning(TreeNode.scala:461)
[2026-06-12T08:27:53.697+0000] {subprocess.py:93} INFO - 	at org.apache.spark.sql.catalyst.plans.logical.LogicalPlan.org$apache$spark$sql$catalyst$plans$logical$AnalysisHelper$$super$transformDownWithPruning(LogicalPlan.scala:32)
[2026-06-12T08:27:53.697+0000] {subprocess.py:93} INFO - 	at org.apache.spark.sql.catalyst.plans.logical.AnalysisHelper.transformDownWithPruning(AnalysisHelper.scala:267)
[2026-06-12T08:27:53.698+0000] {subprocess.py:93} INFO - 	at org.apache.spark.sql.catalyst.plans.logical.AnalysisHelper.transformDownWithPruning$(AnalysisHelper.scala:263)
[2026-06-12T08:27:53.699+0000] {subprocess.py:93} INFO - 	at org.apache.spark.sql.catalyst.plans.logical.LogicalPlan.transformDownWithPruning(LogicalPlan.scala:32)
[2026-06-12T08:27:53.699+0000] {subprocess.py:93} INFO - 	at org.apache.spark.sql.catalyst.plans.logical.LogicalPlan.transformDownWithPruning(LogicalPlan.scala:32)
[2026-06-12T08:27:53.700+0000] {subprocess.py:93} INFO - 	at org.apache.spark.sql.catalyst.trees.TreeNode.transformDown(TreeNode.scala:437)
[2026-06-12T08:27:53.701+0000] {subprocess.py:93} INFO - 	at org.apache.spark.sql.execution.QueryExecution.eagerlyExecuteCommands(QueryExecution.scala:98)
[2026-06-12T08:27:53.702+0000] {subprocess.py:93} INFO - 	at org.apache.spark.sql.execution.QueryExecution.commandExecuted$lzycompute(QueryExecution.scala:85)
[2026-06-12T08:27:53.703+0000] {subprocess.py:93} INFO - 	at org.apache.spark.sql.execution.QueryExecution.commandExecuted(QueryExecution.scala:83)
[2026-06-12T08:27:53.704+0000] {subprocess.py:93} INFO - 	at org.apache.spark.sql.execution.QueryExecution.assertCommandExecuted(QueryExecution.scala:142)
[2026-06-12T08:27:53.705+0000] {subprocess.py:93} INFO - 	at org.apache.spark.sql.DataFrameWriter.runCommand(DataFrameWriter.scala:859)
[2026-06-12T08:27:53.706+0000] {subprocess.py:93} INFO - 	at org.apache.spark.sql.DataFrameWriter.saveToV1Source(DataFrameWriter.scala:388)
[2026-06-12T08:27:53.706+0000] {subprocess.py:93} INFO - 	at org.apache.spark.sql.DataFrameWriter.saveInternal(DataFrameWriter.scala:361)
[2026-06-12T08:27:53.707+0000] {subprocess.py:93} INFO - 	at org.apache.spark.sql.DataFrameWriter.save(DataFrameWriter.scala:248)
[2026-06-12T08:27:53.709+0000] {subprocess.py:93} INFO - 	at org.apache.spark.sql.DataFrameWriter.jdbc(DataFrameWriter.scala:756)
[2026-06-12T08:27:53.709+0000] {subprocess.py:93} INFO - 	at java.base/jdk.internal.reflect.NativeMethodAccessorImpl.invoke0(Native Method)
[2026-06-12T08:27:53.710+0000] {subprocess.py:93} INFO - 	at java.base/jdk.internal.reflect.NativeMethodAccessorImpl.invoke(NativeMethodAccessorImpl.java:77)
[2026-06-12T08:27:53.711+0000] {subprocess.py:93} INFO - 	at java.base/jdk.internal.reflect.DelegatingMethodAccessorImpl.invoke(DelegatingMethodAccessorImpl.java:43)
[2026-06-12T08:27:53.711+0000] {subprocess.py:93} INFO - 	at java.base/java.lang.reflect.Method.invoke(Method.java:568)
[2026-06-12T08:27:53.712+0000] {subprocess.py:93} INFO - 	at py4j.reflection.MethodInvoker.invoke(MethodInvoker.java:244)
[2026-06-12T08:27:53.712+0000] {subprocess.py:93} INFO - 	at py4j.reflection.ReflectionEngine.invoke(ReflectionEngine.java:374)
[2026-06-12T08:27:53.713+0000] {subprocess.py:93} INFO - 	at py4j.Gateway.invoke(Gateway.java:282)
[2026-06-12T08:27:53.714+0000] {subprocess.py:93} INFO - 	at py4j.commands.AbstractCommand.invokeMethod(AbstractCommand.java:132)
[2026-06-12T08:27:53.714+0000] {subprocess.py:93} INFO - 	at py4j.commands.CallCommand.execute(CallCommand.java:79)
[2026-06-12T08:27:53.715+0000] {subprocess.py:93} INFO - 	at py4j.ClientServerConnection.waitForCommands(ClientServerConnection.java:182)
[2026-06-12T08:27:53.715+0000] {subprocess.py:93} INFO - 	at py4j.ClientServerConnection.run(ClientServerConnection.java:106)
[2026-06-12T08:27:53.716+0000] {subprocess.py:93} INFO - 	at java.base/java.lang.Thread.run(Thread.java:833)
[2026-06-12T08:27:53.716+0000] {subprocess.py:93} INFO - Caused by: java.net.UnknownHostException: reporting-postgres
[2026-06-12T08:27:53.717+0000] {subprocess.py:93} INFO - 	at java.base/sun.nio.ch.NioSocketImpl.connect(NioSocketImpl.java:572)
[2026-06-12T08:27:53.718+0000] {subprocess.py:93} INFO - 	at java.base/java.net.SocksSocketImpl.connect(SocksSocketImpl.java:327)
[2026-06-12T08:27:53.718+0000] {subprocess.py:93} INFO - 	at java.base/java.net.Socket.connect(Socket.java:633)
[2026-06-12T08:27:53.719+0000] {subprocess.py:93} INFO - 	at org.postgresql.core.PGStream.createSocket(PGStream.java:243)
[2026-06-12T08:27:53.719+0000] {subprocess.py:93} INFO - 	at org.postgresql.core.PGStream.<init>(PGStream.java:98)
[2026-06-12T08:27:53.720+0000] {subprocess.py:93} INFO - 	at org.postgresql.core.v3.ConnectionFactoryImpl.tryConnect(ConnectionFactoryImpl.java:136)
[2026-06-12T08:27:53.721+0000] {subprocess.py:93} INFO - 	at org.postgresql.core.v3.ConnectionFactoryImpl.openConnectionImpl(ConnectionFactoryImpl.java:262)
[2026-06-12T08:27:53.721+0000] {subprocess.py:93} INFO - 	... 51 more
[2026-06-12T08:27:53.723+0000] {subprocess.py:93} INFO - 
[2026-06-12T08:27:54.249+0000] {subprocess.py:97} INFO - Command exited with return code 1
[2026-06-12T08:27:54.272+0000] {taskinstance.py:2698} ERROR - Task failed with exception
Traceback (most recent call last):
  File "/home/airflow/.local/lib/python3.8/site-packages/airflow/models/taskinstance.py", line 433, in _execute_task
    result = execute_callable(context=context, **execute_callable_kwargs)
  File "/home/airflow/.local/lib/python3.8/site-packages/airflow/operators/bash.py", line 212, in execute
    raise AirflowException(
airflow.exceptions.AirflowException: Bash command failed. The command returned a non-zero exit code 1.
[2026-06-12T08:27:54.276+0000] {taskinstance.py:1138} INFO - Marking task as FAILED. dag_id=tiki_beauty_lakehouse_pipeline, task_id=transform_gold, execution_date=20260611T080000, start_date=20260612T082721, end_date=20260612T082754
[2026-06-12T08:27:54.295+0000] {standard_task_runner.py:107} ERROR - Failed to execute job 128 for task transform_gold (Bash command failed. The command returned a non-zero exit code 1.; 1417)
[2026-06-12T08:27:54.321+0000] {local_task_job_runner.py:234} INFO - Task exited with return code 1
[2026-06-12T08:27:54.352+0000] {taskinstance.py:3280} INFO - 0 downstream tasks scheduled from follow-on schedule check
