[2026-06-08T08:00:00.674+0000] {taskinstance.py:1956} INFO - Dependencies all met for dep_context=non-requeueable deps ti=<TaskInstance: tiki_beauty_lakehouse_pipeline.extract_tiki_data scheduled__2026-06-07T08:00:00+00:00 [queued]>
[2026-06-08T08:00:00.686+0000] {taskinstance.py:1956} INFO - Dependencies all met for dep_context=requeueable deps ti=<TaskInstance: tiki_beauty_lakehouse_pipeline.extract_tiki_data scheduled__2026-06-07T08:00:00+00:00 [queued]>
[2026-06-08T08:00:00.687+0000] {taskinstance.py:2170} INFO - Starting attempt 1 of 2
[2026-06-08T08:00:00.706+0000] {taskinstance.py:2191} INFO - Executing <Task(BashOperator): extract_tiki_data> on 2026-06-07 08:00:00+00:00
[2026-06-08T08:00:00.711+0000] {standard_task_runner.py:60} INFO - Started process 209 to run task
[2026-06-08T08:00:00.715+0000] {standard_task_runner.py:87} INFO - Running: ['airflow', 'tasks', 'run', 'tiki_beauty_lakehouse_pipeline', 'extract_tiki_data', 'scheduled__2026-06-07T08:00:00+00:00', '--job-id', '106', '--raw', '--subdir', 'DAGS_FOLDER/tiki_pipeline_dag.py', '--cfg-path', '/tmp/tmpi1jud0mf']
[2026-06-08T08:00:00.717+0000] {standard_task_runner.py:88} INFO - Job 106: Subtask extract_tiki_data
[2026-06-08T08:00:00.827+0000] {task_command.py:423} INFO - Running <TaskInstance: tiki_beauty_lakehouse_pipeline.extract_tiki_data scheduled__2026-06-07T08:00:00+00:00 [running]> on host 9e90c8b35f3c
[2026-06-08T08:00:01.025+0000] {taskinstance.py:2480} INFO - Exporting env vars: AIRFLOW_CTX_DAG_OWNER='anhtaizz' AIRFLOW_CTX_DAG_ID='tiki_beauty_lakehouse_pipeline' AIRFLOW_CTX_TASK_ID='extract_tiki_data' AIRFLOW_CTX_EXECUTION_DATE='2026-06-07T08:00:00+00:00' AIRFLOW_CTX_TRY_NUMBER='1' AIRFLOW_CTX_DAG_RUN_ID='scheduled__2026-06-07T08:00:00+00:00'
[2026-06-08T08:00:01.028+0000] {subprocess.py:63} INFO - Tmp dir root location: /tmp
[2026-06-08T08:00:01.029+0000] {subprocess.py:75} INFO - Running command: ['/usr/bin/bash', '-c', 'python /opt/airflow/src/jobs/tiki_extract.py']
[2026-06-08T08:00:01.042+0000] {subprocess.py:86} INFO - Output:
[2026-06-08T08:00:02.288+0000] {subprocess.py:93} INFO - 2026-06-08 08:00:02,288 - __main__ - INFO - Start crawling category id 1520
[2026-06-08T08:00:02.290+0000] {subprocess.py:93} INFO - 2026-06-08 08:00:02,288 - common.tiki_category - INFO - Loading category tree from Tiki API (ID: 1520)
[2026-06-08T08:00:06.296+0000] {subprocess.py:93} INFO - 2026-06-08 08:00:06,295 - common.http_client - ERROR - Connection error: Failed to perform, curl: (6) Could not resolve host: tiki.vn. See https://curl.se/libcurl/c/libcurl-errors.html first for more details.
[2026-06-08T08:00:19.303+0000] {subprocess.py:93} INFO - 2026-06-08 08:00:19,301 - common.http_client - ERROR - Connection error: Failed to perform, curl: (28) Connection timed out after 10002 milliseconds. See https://curl.se/libcurl/c/libcurl-errors.html first for more details.
[2026-06-08T08:00:32.315+0000] {subprocess.py:93} INFO - 2026-06-08 08:00:32,314 - common.http_client - ERROR - Connection error: Failed to perform, curl: (28) Connection timed out after 10002 milliseconds. See https://curl.se/libcurl/c/libcurl-errors.html first for more details.
[2026-06-08T08:00:35.319+0000] {subprocess.py:93} INFO - 2026-06-08 08:00:35,318 - common.tiki_category - ERROR - Could not load categories from API.
[2026-06-08T08:00:35.321+0000] {subprocess.py:93} INFO - 2026-06-08 08:00:35,318 - __main__ - WARNING - Category API failed, using local backup file
[2026-06-08T08:00:35.422+0000] {subprocess.py:93} INFO - 2026-06-08 08:00:35,421 - __main__ - INFO - Found 1219 leaf categories
[2026-06-08T08:00:35.423+0000] {subprocess.py:93} INFO - 2026-06-08 08:00:35,422 - __main__ - INFO - [1/1219] Processing: Art & Photography
[2026-06-08T08:00:35.425+0000] {subprocess.py:93} INFO - 2026-06-08 08:00:35,422 - common.tiki_product - INFO - Category 623 (art-photography) - fetching page 1/1
[2026-06-08T08:00:45.434+0000] {subprocess.py:93} INFO - 2026-06-08 08:00:45,432 - common.http_client - ERROR - Connection error: Failed to perform, curl: (28) Connection timed out after 10002 milliseconds. See https://curl.se/libcurl/c/libcurl-errors.html first for more details.
[2026-06-08T08:00:59.023+0000] {subprocess.py:93} INFO - 2026-06-08 08:00:59,022 - common.tiki_product - INFO - Category 623 (art-photography) - fetching page 2/12
[2026-06-08T08:01:09.322+0000] {subprocess.py:93} INFO - 2026-06-08 08:01:09,321 - common.tiki_product - INFO - Category 623 (art-photography) - fetching page 3/12
[2026-06-08T08:01:12.531+0000] {subprocess.py:93} INFO - 2026-06-08 08:01:12,527 - common.tiki_product - INFO - Category 623 (art-photography) - fetching page 4/12
[2026-06-08T08:01:15.841+0000] {subprocess.py:93} INFO - 2026-06-08 08:01:15,841 - common.tiki_product - INFO - Category 623 (art-photography) - fetching page 5/12
[2026-06-08T08:01:18.194+0000] {subprocess.py:93} INFO - 2026-06-08 08:01:18,193 - common.tiki_product - INFO - Category 623 (art-photography) - fetching page 6/12
[2026-06-08T08:01:21.355+0000] {subprocess.py:93} INFO - 2026-06-08 08:01:21,352 - common.tiki_product - INFO - Category 623 (art-photography) - fetching page 7/12
[2026-06-08T08:01:23.761+0000] {subprocess.py:93} INFO - 2026-06-08 08:01:23,760 - common.tiki_product - INFO - Category 623 (art-photography) - fetching page 8/12
[2026-06-08T08:01:26.856+0000] {subprocess.py:93} INFO - 2026-06-08 08:01:26,855 - common.tiki_product - INFO - Category 623 (art-photography) - fetching page 9/12
[2026-06-08T08:01:30.356+0000] {subprocess.py:93} INFO - 2026-06-08 08:01:30,354 - common.tiki_product - INFO - Category 623 (art-photography) - fetching page 10/12
[2026-06-08T08:01:35.242+0000] {subprocess.py:93} INFO - 2026-06-08 08:01:35,242 - common.tiki_product - INFO - Category 623 (art-photography) - fetching page 11/12
[2026-06-08T08:01:39.741+0000] {subprocess.py:93} INFO - 2026-06-08 08:01:39,741 - common.tiki_product - INFO - Category 623 (art-photography) - fetching page 12/12
[2026-06-08T08:01:41.690+0000] {subprocess.py:93} INFO - 2026-06-08 08:01:41,689 - common.tiki_product - INFO - Reached last page (12). Finished category 623.
[2026-06-08T08:01:41.693+0000] {subprocess.py:93} INFO - 2026-06-08 08:01:41,690 - __main__ - INFO - [2/1219] Processing: Biographies & Memoirs
[2026-06-08T08:01:41.695+0000] {subprocess.py:93} INFO - 2026-06-08 08:01:41,690 - common.tiki_product - INFO - Category 27 (biographies-memoirs) - fetching page 1/1
[2026-06-08T08:01:44.368+0000] {subprocess.py:93} INFO - 2026-06-08 08:01:44,367 - common.tiki_product - INFO - Category 27 (biographies-memoirs) - fetching page 2/7
[2026-06-08T08:01:46.826+0000] {subprocess.py:93} INFO - 2026-06-08 08:01:46,825 - common.tiki_product - INFO - Category 27 (biographies-memoirs) - fetching page 3/7
[2026-06-08T08:01:49.290+0000] {subprocess.py:93} INFO - 2026-06-08 08:01:49,290 - common.tiki_product - INFO - Category 27 (biographies-memoirs) - fetching page 4/7
[2026-06-08T08:01:51.718+0000] {subprocess.py:93} INFO - 2026-06-08 08:01:51,717 - common.tiki_product - INFO - Category 27 (biographies-memoirs) - fetching page 5/7
[2026-06-08T08:01:55.620+0000] {subprocess.py:93} INFO - 2026-06-08 08:01:55,619 - common.tiki_product - INFO - Category 27 (biographies-memoirs) - fetching page 6/7
[2026-06-08T08:01:59.772+0000] {subprocess.py:93} INFO - 2026-06-08 08:01:59,771 - common.tiki_product - INFO - Category 27 (biographies-memoirs) - fetching page 7/7
[2026-06-08T08:02:01.018+0000] {subprocess.py:93} INFO - 2026-06-08 08:02:01,018 - common.tiki_product - INFO - Reached last page (7). Finished category 27.
[2026-06-08T08:02:01.023+0000] {subprocess.py:93} INFO - 2026-06-08 08:02:01,018 - __main__ - INFO - [3/1219] Processing: Business & Economics
[2026-06-08T08:02:01.028+0000] {subprocess.py:93} INFO - 2026-06-08 08:02:01,018 - common.tiki_product - INFO - Category 4 (business-economics) - fetching page 1/1
[2026-06-08T08:02:03.852+0000] {subprocess.py:93} INFO - 2026-06-08 08:02:03,851 - common.tiki_product - INFO - Category 4 (business-economics) - fetching page 2/14
[2026-06-08T08:02:06.296+0000] {subprocess.py:93} INFO - 2026-06-08 08:02:06,296 - common.tiki_product - INFO - Category 4 (business-economics) - fetching page 3/14
[2026-06-08T08:02:10.189+0000] {subprocess.py:93} INFO - 2026-06-08 08:02:10,189 - common.tiki_product - INFO - Category 4 (business-economics) - fetching page 4/14
[2026-06-08T08:02:13.060+0000] {subprocess.py:93} INFO - 2026-06-08 08:02:13,059 - common.tiki_product - INFO - Category 4 (business-economics) - fetching page 5/14
[2026-06-08T08:02:16.434+0000] {subprocess.py:93} INFO - 2026-06-08 08:02:16,433 - common.tiki_product - INFO - Category 4 (business-economics) - fetching page 6/14
[2026-06-08T08:02:21.078+0000] {subprocess.py:93} INFO - 2026-06-08 08:02:21,078 - common.tiki_product - INFO - Category 4 (business-economics) - fetching page 7/14
[2026-06-08T08:02:23.539+0000] {subprocess.py:93} INFO - 2026-06-08 08:02:23,538 - common.tiki_product - INFO - Category 4 (business-economics) - fetching page 8/14
[2026-06-08T08:02:26.063+0000] {subprocess.py:93} INFO - 2026-06-08 08:02:26,062 - common.tiki_product - INFO - Category 4 (business-economics) - fetching page 9/14
[2026-06-08T08:02:28.525+0000] {subprocess.py:93} INFO - 2026-06-08 08:02:28,523 - common.tiki_product - INFO - Category 4 (business-economics) - fetching page 10/14
[2026-06-08T08:02:31.085+0000] {subprocess.py:93} INFO - 2026-06-08 08:02:31,084 - common.tiki_product - INFO - Category 4 (business-economics) - fetching page 11/14
[2026-06-08T08:02:33.598+0000] {subprocess.py:93} INFO - 2026-06-08 08:02:33,598 - common.tiki_product - INFO - Category 4 (business-economics) - fetching page 12/14
[2026-06-08T08:02:36.020+0000] {subprocess.py:93} INFO - 2026-06-08 08:02:36,019 - common.tiki_product - INFO - Category 4 (business-economics) - fetching page 13/14
[2026-06-08T08:02:38.541+0000] {subprocess.py:93} INFO - 2026-06-08 08:02:38,540 - common.tiki_product - INFO - Category 4 (business-economics) - fetching page 14/14
[2026-06-08T08:02:38.914+0000] {subprocess.py:93} INFO - 2026-06-08 08:02:38,914 - common.tiki_product - INFO - Reached last page (14). Finished category 4.
[2026-06-08T08:02:38.918+0000] {subprocess.py:93} INFO - 2026-06-08 08:02:38,914 - __main__ - INFO - [4/1219] Processing: How-to - Self Help
[2026-06-08T08:02:38.923+0000] {subprocess.py:93} INFO - 2026-06-08 08:02:38,914 - common.tiki_product - INFO - Category 614 (self-help) - fetching page 1/1
[2026-06-08T08:02:41.428+0000] {subprocess.py:93} INFO - 2026-06-08 08:02:41,427 - common.tiki_product - INFO - Category 614 (self-help) - fetching page 2/15
[2026-06-08T08:02:44.669+0000] {subprocess.py:93} INFO - 2026-06-08 08:02:44,667 - common.tiki_product - INFO - Category 614 (self-help) - fetching page 3/15
[2026-06-08T08:02:47.222+0000] {subprocess.py:93} INFO - 2026-06-08 08:02:47,222 - common.tiki_product - INFO - Category 614 (self-help) - fetching page 4/15
[2026-06-08T08:02:50.405+0000] {subprocess.py:93} INFO - 2026-06-08 08:02:50,405 - common.tiki_product - INFO - Category 614 (self-help) - fetching page 5/15
[2026-06-08T08:02:53.352+0000] {subprocess.py:93} INFO - 2026-06-08 08:02:53,350 - common.tiki_product - INFO - Category 614 (self-help) - fetching page 6/15
[2026-06-08T08:02:56.123+0000] {subprocess.py:93} INFO - 2026-06-08 08:02:56,123 - common.tiki_product - INFO - Category 614 (self-help) - fetching page 7/15
[2026-06-08T08:02:58.525+0000] {subprocess.py:93} INFO - 2026-06-08 08:02:58,524 - common.tiki_product - INFO - Category 614 (self-help) - fetching page 8/15
[2026-06-08T08:03:01.056+0000] {subprocess.py:93} INFO - 2026-06-08 08:03:01,055 - common.tiki_product - INFO - Category 614 (self-help) - fetching page 9/15
[2026-06-08T08:03:03.476+0000] {subprocess.py:93} INFO - 2026-06-08 08:03:03,475 - common.tiki_product - INFO - Category 614 (self-help) - fetching page 10/15
[2026-06-08T08:03:05.921+0000] {subprocess.py:93} INFO - 2026-06-08 08:03:05,920 - common.tiki_product - INFO - Category 614 (self-help) - fetching page 11/15
[2026-06-08T08:03:08.778+0000] {subprocess.py:93} INFO - 2026-06-08 08:03:08,777 - common.tiki_product - INFO - Category 614 (self-help) - fetching page 12/15
[2026-06-08T08:03:11.313+0000] {subprocess.py:93} INFO - 2026-06-08 08:03:11,313 - common.tiki_product - INFO - Category 614 (self-help) - fetching page 13/15
[2026-06-08T08:03:13.718+0000] {subprocess.py:93} INFO - 2026-06-08 08:03:13,717 - common.tiki_product - INFO - Category 614 (self-help) - fetching page 14/15
[2026-06-08T08:03:18.368+0000] {subprocess.py:93} INFO - 2026-06-08 08:03:18,368 - common.tiki_product - INFO - Category 614 (self-help) - fetching page 15/15
[2026-06-08T08:03:28.364+0000] {subprocess.py:93} INFO - 2026-06-08 08:03:28,364 - common.http_client - ERROR - Connection error: Failed to perform, curl: (28) Connection timed out after 10001 milliseconds. See https://curl.se/libcurl/c/libcurl-errors.html first for more details.
[2026-06-08T08:03:38.854+0000] {local_task_job_runner.py:302} WARNING - State of this instance has been externally set to restarting. Terminating instance.
[2026-06-08T08:03:38.863+0000] {process_utils.py:131} INFO - Sending 15 to group 209. PIDs of all processes in the group: [210, 209]
[2026-06-08T08:03:38.864+0000] {process_utils.py:86} INFO - Sending the signal 15 to group 209
[2026-06-08T08:03:38.866+0000] {taskinstance.py:2450} ERROR - Received SIGTERM. Terminating subprocesses.
[2026-06-08T08:03:38.867+0000] {subprocess.py:104} INFO - Sending SIGTERM signal to process group
[2026-06-08T08:03:38.891+0000] {taskinstance.py:2698} ERROR - Task failed with exception
Traceback (most recent call last):
  File "/home/airflow/.local/lib/python3.8/site-packages/airflow/models/taskinstance.py", line 433, in _execute_task
    result = execute_callable(context=context, **execute_callable_kwargs)
  File "/home/airflow/.local/lib/python3.8/site-packages/airflow/operators/bash.py", line 203, in execute
    result = self.subprocess_hook.run_command(
  File "/home/airflow/.local/lib/python3.8/site-packages/airflow/hooks/subprocess.py", line 91, in run_command
    for raw_line in iter(self.sub_process.stdout.readline, b""):
  File "/home/airflow/.local/lib/python3.8/site-packages/airflow/models/taskinstance.py", line 2452, in signal_handler
    raise AirflowException("Task received SIGTERM signal")
airflow.exceptions.AirflowException: Task received SIGTERM signal
[2026-06-08T08:03:38.898+0000] {taskinstance.py:1138} INFO - Marking task as UP_FOR_RETRY. dag_id=tiki_beauty_lakehouse_pipeline, task_id=extract_tiki_data, execution_date=20260607T080000, start_date=20260608T080000, end_date=20260608T080338
[2026-06-08T08:03:38.920+0000] {standard_task_runner.py:107} ERROR - Failed to execute job 106 for task extract_tiki_data (Task received SIGTERM signal; 209)
[2026-06-08T08:03:38.960+0000] {process_utils.py:79} INFO - Process psutil.Process(pid=209, status='terminated', exitcode=1, started='08:00:00') (209) terminated with exit code 1
[2026-06-08T08:03:38.967+0000] {process_utils.py:79} INFO - Process psutil.Process(pid=210, status='terminated', started='08:00:00') (210) terminated with exit code None
