[2026-06-13T16:00:01.945+0000] {taskinstance.py:1956} INFO - Dependencies all met for dep_context=non-requeueable deps ti=<TaskInstance: tiki_gold_hourly_refresh.refresh_gold_tables scheduled__2026-06-13T15:00:00+00:00 [queued]>
[2026-06-13T16:00:01.957+0000] {taskinstance.py:1956} INFO - Dependencies all met for dep_context=requeueable deps ti=<TaskInstance: tiki_gold_hourly_refresh.refresh_gold_tables scheduled__2026-06-13T15:00:00+00:00 [queued]>
[2026-06-13T16:00:01.959+0000] {taskinstance.py:2170} INFO - Starting attempt 1 of 2
[2026-06-13T16:00:01.979+0000] {taskinstance.py:2191} INFO - Executing <Task(BashOperator): refresh_gold_tables> on 2026-06-13 15:00:00+00:00
[2026-06-13T16:00:01.985+0000] {standard_task_runner.py:60} INFO - Started process 4481 to run task
[2026-06-13T16:00:01.988+0000] {standard_task_runner.py:87} INFO - Running: ['airflow', 'tasks', 'run', 'tiki_gold_hourly_refresh', 'refresh_gold_tables', 'scheduled__2026-06-13T15:00:00+00:00', '--job-id', '147', '--raw', '--subdir', 'DAGS_FOLDER/tiki_gold_hourly_dag.py', '--cfg-path', '/tmp/tmp4xj8v1gv']
[2026-06-13T16:00:01.991+0000] {standard_task_runner.py:88} INFO - Job 147: Subtask refresh_gold_tables
[2026-06-13T16:00:02.086+0000] {task_command.py:423} INFO - Running <TaskInstance: tiki_gold_hourly_refresh.refresh_gold_tables scheduled__2026-06-13T15:00:00+00:00 [running]> on host c014a76b1489
[2026-06-13T16:00:02.280+0000] {taskinstance.py:2480} INFO - Exporting env vars: AIRFLOW_CTX_DAG_OWNER='anhtaizz' AIRFLOW_CTX_DAG_ID='tiki_gold_hourly_refresh' AIRFLOW_CTX_TASK_ID='refresh_gold_tables' AIRFLOW_CTX_EXECUTION_DATE='2026-06-13T15:00:00+00:00' AIRFLOW_CTX_TRY_NUMBER='1' AIRFLOW_CTX_DAG_RUN_ID='scheduled__2026-06-13T15:00:00+00:00'
[2026-06-13T16:00:02.282+0000] {subprocess.py:63} INFO - Tmp dir root location: /tmp
[2026-06-13T16:00:02.285+0000] {subprocess.py:75} INFO - Running command: ['/usr/bin/bash', '-c', '\n            echo "[$(date \'+%Y-%m-%d %H:%M:%S\')] Starting hourly Gold refresh ..."\n            docker exec tiki_spark_crawler \\\n                /opt/conda/bin/python /home/jovyan/work/src/jobs/tiki_gold.py\n            echo "[$(date \'+%Y-%m-%d %H:%M:%S\')] Gold refresh complete."\n        ']
[2026-06-13T16:00:02.296+0000] {subprocess.py:86} INFO - Output:
[2026-06-13T16:00:02.307+0000] {subprocess.py:93} INFO - [2026-06-13 16:00:02] Starting hourly Gold refresh ...
[2026-06-13T16:00:03.291+0000] {subprocess.py:93} INFO - 2026-06-13 16:00:03,289 - __main__ - INFO - ============================================================
[2026-06-13T16:00:03.292+0000] {subprocess.py:93} INFO - 2026-06-13 16:00:03,290 - __main__ - INFO - Starting Tiki GOLD layer pipeline
[2026-06-13T16:00:03.293+0000] {subprocess.py:93} INFO - 2026-06-13 16:00:03,290 - __main__ - INFO - Target Postgres: reporting-postgres / reporting
[2026-06-13T16:00:03.294+0000] {subprocess.py:93} INFO - 2026-06-13 16:00:03,290 - __main__ - INFO - ============================================================
[2026-06-13T16:00:05.203+0000] {subprocess.py:93} INFO - :: loading settings :: url = jar:file:/usr/local/spark-3.5.0-bin-hadoop3/jars/ivy-2.5.1.jar!/org/apache/ivy/core/settings/ivysettings.xml
[2026-06-13T16:00:05.283+0000] {subprocess.py:93} INFO - Ivy Default Cache set to: /root/.ivy2/cache
[2026-06-13T16:00:05.284+0000] {subprocess.py:93} INFO - The jars for the packages stored in: /root/.ivy2/jars
[2026-06-13T16:00:05.287+0000] {subprocess.py:93} INFO - org.apache.iceberg#iceberg-spark-runtime-3.5_2.12 added as a dependency
[2026-06-13T16:00:05.288+0000] {subprocess.py:93} INFO - org.apache.hadoop#hadoop-aws added as a dependency
[2026-06-13T16:00:05.289+0000] {subprocess.py:93} INFO - com.amazonaws#aws-java-sdk-bundle added as a dependency
[2026-06-13T16:00:05.290+0000] {subprocess.py:93} INFO - org.postgresql#postgresql added as a dependency
[2026-06-13T16:00:05.290+0000] {subprocess.py:93} INFO - :: resolving dependencies :: org.apache.spark#spark-submit-parent-e6e30920-174f-4e29-afe6-369c26a790c8;1.0
[2026-06-13T16:00:05.291+0000] {subprocess.py:93} INFO - 	confs: [default]
[2026-06-13T16:00:05.436+0000] {subprocess.py:93} INFO - 	found org.apache.iceberg#iceberg-spark-runtime-3.5_2.12;1.6.0 in central
[2026-06-13T16:00:05.506+0000] {subprocess.py:93} INFO - 	found org.apache.hadoop#hadoop-aws;3.3.4 in central
[2026-06-13T16:00:05.528+0000] {subprocess.py:93} INFO - 	found com.amazonaws#aws-java-sdk-bundle;1.12.262 in central
[2026-06-13T16:00:05.551+0000] {subprocess.py:93} INFO - 	found org.wildfly.openssl#wildfly-openssl;1.0.7.Final in central
[2026-06-13T16:00:05.565+0000] {subprocess.py:93} INFO - 	found org.postgresql#postgresql;42.7.3 in central
[2026-06-13T16:00:05.578+0000] {subprocess.py:93} INFO - 	found org.checkerframework#checker-qual;3.42.0 in central
[2026-06-13T16:00:05.595+0000] {subprocess.py:93} INFO - :: resolution report :: resolve 298ms :: artifacts dl 8ms
[2026-06-13T16:00:05.596+0000] {subprocess.py:93} INFO - 	:: modules in use:
[2026-06-13T16:00:05.597+0000] {subprocess.py:93} INFO - 	com.amazonaws#aws-java-sdk-bundle;1.12.262 from central in [default]
[2026-06-13T16:00:05.597+0000] {subprocess.py:93} INFO - 	org.apache.hadoop#hadoop-aws;3.3.4 from central in [default]
[2026-06-13T16:00:05.598+0000] {subprocess.py:93} INFO - 	org.apache.iceberg#iceberg-spark-runtime-3.5_2.12;1.6.0 from central in [default]
[2026-06-13T16:00:05.599+0000] {subprocess.py:93} INFO - 	org.checkerframework#checker-qual;3.42.0 from central in [default]
[2026-06-13T16:00:05.599+0000] {subprocess.py:93} INFO - 	org.postgresql#postgresql;42.7.3 from central in [default]
[2026-06-13T16:00:05.600+0000] {subprocess.py:93} INFO - 	org.wildfly.openssl#wildfly-openssl;1.0.7.Final from central in [default]
[2026-06-13T16:00:05.601+0000] {subprocess.py:93} INFO - 	---------------------------------------------------------------------
[2026-06-13T16:00:05.602+0000] {subprocess.py:93} INFO - 	|                  |            modules            ||   artifacts   |
[2026-06-13T16:00:05.602+0000] {subprocess.py:93} INFO - 	|       conf       | number| search|dwnlded|evicted|| number|dwnlded|
[2026-06-13T16:00:05.603+0000] {subprocess.py:93} INFO - 	---------------------------------------------------------------------
[2026-06-13T16:00:05.603+0000] {subprocess.py:93} INFO - 	|      default     |   6   |   0   |   0   |   0   ||   6   |   0   |
[2026-06-13T16:00:05.604+0000] {subprocess.py:93} INFO - 	---------------------------------------------------------------------
[2026-06-13T16:00:05.605+0000] {subprocess.py:93} INFO - :: retrieving :: org.apache.spark#spark-submit-parent-e6e30920-174f-4e29-afe6-369c26a790c8
[2026-06-13T16:00:05.606+0000] {subprocess.py:93} INFO - 	confs: [default]
[2026-06-13T16:00:05.609+0000] {subprocess.py:93} INFO - 	0 artifacts copied, 6 already retrieved (0kB/7ms)
[2026-06-13T16:00:05.810+0000] {subprocess.py:93} INFO - 26/06/13 16:00:05 WARN NativeCodeLoader: Unable to load native-hadoop library for your platform... using builtin-java classes where applicable
[2026-06-13T16:00:05.984+0000] {subprocess.py:93} INFO - Setting default log level to "WARN".
[2026-06-13T16:00:05.985+0000] {subprocess.py:93} INFO - To adjust logging level use sc.setLogLevel(newLevel). For SparkR, use setLogLevel(newLevel).
[2026-06-13T16:00:06.858+0000] {subprocess.py:93} INFO - 26/06/13 16:00:06 WARN Utils: Service 'SparkUI' could not bind on port 4040. Attempting port 4041.
[2026-06-13T16:00:12.398+0000] {subprocess.py:93} INFO - 26/06/13 16:00:12 WARN MetricsConfig: Cannot locate configuration: tried hadoop-metrics2-s3a-file-system.properties,hadoop-metrics2.properties
[2026-06-13T16:00:13.263+0000] {subprocess.py:93} INFO - 2026-06-13 16:00:13,258 - __main__ - INFO - Computing gold.brand_performance ...
[2026-06-13T16:00:13.798+0000] {subprocess.py:93} INFO - 2026-06-13 16:00:13,795 - __main__ - INFO - Writing Iceberg Gold table: local_catalog.tiki_gold.brand_performance
[2026-06-13T16:00:19.822+0000] {subprocess.py:93} INFO - [Stage 0:>                                                          (0 + 1) / 1]                                                                                2026-06-13 16:00:19,820 - __main__ - INFO - Iceberg write complete: local_catalog.tiki_gold.brand_performance
[2026-06-13T16:00:19.824+0000] {subprocess.py:93} INFO - 2026-06-13 16:00:19,820 - __main__ - INFO - Writing Reporting Postgres table: brand_performance
[2026-06-13T16:00:21.875+0000] {subprocess.py:93} INFO - [Stage 25:>                                                         (0 + 1) / 1]                                                                                2026-06-13 16:00:21,872 - __main__ - INFO - Postgres write complete: brand_performance
[2026-06-13T16:00:21.877+0000] {subprocess.py:93} INFO - 2026-06-13 16:00:21,872 - __main__ - INFO - Computing gold.price_trend ...
[2026-06-13T16:00:21.981+0000] {subprocess.py:93} INFO - 2026-06-13 16:00:21,979 - __main__ - INFO - Writing Iceberg Gold table: local_catalog.tiki_gold.price_trend
[2026-06-13T16:00:25.302+0000] {subprocess.py:93} INFO - [Stage 26:>                                                         (0 + 7) / 7][Stage 28:>                                                       (0 + 11) / 11]                                                                                2026-06-13 16:00:25,300 - __main__ - INFO - Iceberg write complete: local_catalog.tiki_gold.price_trend
[2026-06-13T16:00:25.303+0000] {subprocess.py:93} INFO - 2026-06-13 16:00:25,301 - __main__ - INFO - Writing Reporting Postgres table: price_trend
[2026-06-13T16:00:26.480+0000] {subprocess.py:93} INFO - 2026-06-13 16:00:26,477 - __main__ - INFO - Postgres write complete: price_trend
[2026-06-13T16:00:26.481+0000] {subprocess.py:93} INFO - 2026-06-13 16:00:26,478 - __main__ - INFO - Computing gold.discount_analysis ...
[2026-06-13T16:00:26.512+0000] {subprocess.py:93} INFO - 2026-06-13 16:00:26,510 - __main__ - INFO - Writing Iceberg Gold table: local_catalog.tiki_gold.discount_analysis
[2026-06-13T16:00:27.538+0000] {subprocess.py:93} INFO - 2026-06-13 16:00:27,535 - __main__ - INFO - Iceberg write complete: local_catalog.tiki_gold.discount_analysis
[2026-06-13T16:00:27.539+0000] {subprocess.py:93} INFO - 2026-06-13 16:00:27,535 - __main__ - INFO - Writing Reporting Postgres table: discount_analysis
[2026-06-13T16:00:28.059+0000] {subprocess.py:93} INFO - 2026-06-13 16:00:28,056 - __main__ - INFO - Postgres write complete: discount_analysis
[2026-06-13T16:00:28.060+0000] {subprocess.py:93} INFO - 2026-06-13 16:00:28,057 - __main__ - INFO - Computing gold.top_products ...
[2026-06-13T16:00:28.115+0000] {subprocess.py:93} INFO - 2026-06-13 16:00:28,113 - __main__ - INFO - Writing Iceberg Gold table: local_catalog.tiki_gold.top_products
[2026-06-13T16:00:28.986+0000] {subprocess.py:93} INFO - 2026-06-13 16:00:28,983 - __main__ - INFO - Iceberg write complete: local_catalog.tiki_gold.top_products
[2026-06-13T16:00:28.988+0000] {subprocess.py:93} INFO - 2026-06-13 16:00:28,983 - __main__ - INFO - Writing Reporting Postgres table: top_products
[2026-06-13T16:00:29.253+0000] {subprocess.py:93} INFO - 2026-06-13 16:00:29,251 - __main__ - INFO - Postgres write complete: top_products
[2026-06-13T16:00:29.254+0000] {subprocess.py:93} INFO - 2026-06-13 16:00:29,251 - __main__ - INFO - Computing gold.daily_summary ...
[2026-06-13T16:00:29.271+0000] {subprocess.py:93} INFO - 2026-06-13 16:00:29,270 - __main__ - INFO - Writing Iceberg Gold table: local_catalog.tiki_gold.daily_summary
[2026-06-13T16:00:31.317+0000] {subprocess.py:93} INFO - [Stage 80:>                                                         (0 + 7) / 7]                                                                                2026-06-13 16:00:31,315 - __main__ - INFO - Iceberg write complete: local_catalog.tiki_gold.daily_summary
[2026-06-13T16:00:31.318+0000] {subprocess.py:93} INFO - 2026-06-13 16:00:31,315 - __main__ - INFO - Writing Reporting Postgres table: daily_summary
[2026-06-13T16:00:32.220+0000] {subprocess.py:93} INFO - 2026-06-13 16:00:32,218 - __main__ - INFO - Postgres write complete: daily_summary
[2026-06-13T16:00:32.223+0000] {subprocess.py:93} INFO - 2026-06-13 16:00:32,218 - __main__ - INFO - ============================================================
[2026-06-13T16:00:32.224+0000] {subprocess.py:93} INFO - 2026-06-13 16:00:32,218 - __main__ - INFO - Gold pipeline completed successfully!
[2026-06-13T16:00:32.226+0000] {subprocess.py:93} INFO - 2026-06-13 16:00:32,218 - __main__ - INFO - Superset dashboard sẽ tự refresh khi query lại Postgres.
[2026-06-13T16:00:32.227+0000] {subprocess.py:93} INFO - 2026-06-13 16:00:32,218 - __main__ - INFO - ============================================================
[2026-06-13T16:00:33.223+0000] {subprocess.py:93} INFO - [2026-06-13 16:00:33] Gold refresh complete.
[2026-06-13T16:00:33.225+0000] {subprocess.py:97} INFO - Command exited with return code 0
[2026-06-13T16:00:33.262+0000] {taskinstance.py:1138} INFO - Marking task as SUCCESS. dag_id=tiki_gold_hourly_refresh, task_id=refresh_gold_tables, execution_date=20260613T150000, start_date=20260613T160001, end_date=20260613T160033
[2026-06-13T16:00:33.312+0000] {local_task_job_runner.py:234} INFO - Task exited with return code 0
[2026-06-13T16:00:33.343+0000] {taskinstance.py:3280} INFO - 0 downstream tasks scheduled from follow-on schedule check
