[2026-06-13T19:00:01.127+0000] {taskinstance.py:1956} INFO - Dependencies all met for dep_context=non-requeueable deps ti=<TaskInstance: tiki_gold_hourly_refresh.refresh_gold_tables scheduled__2026-06-13T18:00:00+00:00 [queued]>
[2026-06-13T19:00:01.139+0000] {taskinstance.py:1956} INFO - Dependencies all met for dep_context=requeueable deps ti=<TaskInstance: tiki_gold_hourly_refresh.refresh_gold_tables scheduled__2026-06-13T18:00:00+00:00 [queued]>
[2026-06-13T19:00:01.141+0000] {taskinstance.py:2170} INFO - Starting attempt 1 of 2
[2026-06-13T19:00:01.164+0000] {taskinstance.py:2191} INFO - Executing <Task(BashOperator): refresh_gold_tables> on 2026-06-13 18:00:00+00:00
[2026-06-13T19:00:01.172+0000] {standard_task_runner.py:60} INFO - Started process 8029 to run task
[2026-06-13T19:00:01.176+0000] {standard_task_runner.py:87} INFO - Running: ['airflow', 'tasks', 'run', 'tiki_gold_hourly_refresh', 'refresh_gold_tables', 'scheduled__2026-06-13T18:00:00+00:00', '--job-id', '150', '--raw', '--subdir', 'DAGS_FOLDER/tiki_gold_hourly_dag.py', '--cfg-path', '/tmp/tmpz0_elk0a']
[2026-06-13T19:00:01.184+0000] {standard_task_runner.py:88} INFO - Job 150: Subtask refresh_gold_tables
[2026-06-13T19:00:01.338+0000] {task_command.py:423} INFO - Running <TaskInstance: tiki_gold_hourly_refresh.refresh_gold_tables scheduled__2026-06-13T18:00:00+00:00 [running]> on host c014a76b1489
[2026-06-13T19:00:01.572+0000] {taskinstance.py:2480} INFO - Exporting env vars: AIRFLOW_CTX_DAG_OWNER='anhtaizz' AIRFLOW_CTX_DAG_ID='tiki_gold_hourly_refresh' AIRFLOW_CTX_TASK_ID='refresh_gold_tables' AIRFLOW_CTX_EXECUTION_DATE='2026-06-13T18:00:00+00:00' AIRFLOW_CTX_TRY_NUMBER='1' AIRFLOW_CTX_DAG_RUN_ID='scheduled__2026-06-13T18:00:00+00:00'
[2026-06-13T19:00:01.576+0000] {subprocess.py:63} INFO - Tmp dir root location: /tmp
[2026-06-13T19:00:01.578+0000] {subprocess.py:75} INFO - Running command: ['/usr/bin/bash', '-c', '\n            echo "[$(date \'+%Y-%m-%d %H:%M:%S\')] Starting hourly Gold refresh ..."\n            docker exec tiki_spark_crawler \\\n                /opt/conda/bin/python /home/jovyan/work/src/jobs/tiki_gold.py\n            echo "[$(date \'+%Y-%m-%d %H:%M:%S\')] Gold refresh complete."\n        ']
[2026-06-13T19:00:01.606+0000] {subprocess.py:86} INFO - Output:
[2026-06-13T19:00:01.627+0000] {subprocess.py:93} INFO - [2026-06-13 19:00:01] Starting hourly Gold refresh ...
[2026-06-13T19:00:03.391+0000] {subprocess.py:93} INFO - 2026-06-13 19:00:03,389 - __main__ - INFO - ============================================================
[2026-06-13T19:00:03.392+0000] {subprocess.py:93} INFO - 2026-06-13 19:00:03,389 - __main__ - INFO - Starting Tiki GOLD layer pipeline
[2026-06-13T19:00:03.393+0000] {subprocess.py:93} INFO - 2026-06-13 19:00:03,389 - __main__ - INFO - Target Postgres: reporting-postgres / reporting
[2026-06-13T19:00:03.393+0000] {subprocess.py:93} INFO - 2026-06-13 19:00:03,389 - __main__ - INFO - ============================================================
[2026-06-13T19:00:05.363+0000] {subprocess.py:93} INFO - :: loading settings :: url = jar:file:/usr/local/spark-3.5.0-bin-hadoop3/jars/ivy-2.5.1.jar!/org/apache/ivy/core/settings/ivysettings.xml
[2026-06-13T19:00:05.450+0000] {subprocess.py:93} INFO - Ivy Default Cache set to: /root/.ivy2/cache
[2026-06-13T19:00:05.452+0000] {subprocess.py:93} INFO - The jars for the packages stored in: /root/.ivy2/jars
[2026-06-13T19:00:05.458+0000] {subprocess.py:93} INFO - org.apache.iceberg#iceberg-spark-runtime-3.5_2.12 added as a dependency
[2026-06-13T19:00:05.459+0000] {subprocess.py:93} INFO - org.apache.hadoop#hadoop-aws added as a dependency
[2026-06-13T19:00:05.460+0000] {subprocess.py:93} INFO - com.amazonaws#aws-java-sdk-bundle added as a dependency
[2026-06-13T19:00:05.461+0000] {subprocess.py:93} INFO - org.postgresql#postgresql added as a dependency
[2026-06-13T19:00:05.461+0000] {subprocess.py:93} INFO - :: resolving dependencies :: org.apache.spark#spark-submit-parent-6c72341d-9193-4928-8683-ada551fd89df;1.0
[2026-06-13T19:00:05.462+0000] {subprocess.py:93} INFO - 	confs: [default]
[2026-06-13T19:00:05.596+0000] {subprocess.py:93} INFO - 	found org.apache.iceberg#iceberg-spark-runtime-3.5_2.12;1.6.0 in central
[2026-06-13T19:00:05.664+0000] {subprocess.py:93} INFO - 	found org.apache.hadoop#hadoop-aws;3.3.4 in central
[2026-06-13T19:00:05.682+0000] {subprocess.py:93} INFO - 	found com.amazonaws#aws-java-sdk-bundle;1.12.262 in central
[2026-06-13T19:00:05.701+0000] {subprocess.py:93} INFO - 	found org.wildfly.openssl#wildfly-openssl;1.0.7.Final in central
[2026-06-13T19:00:05.716+0000] {subprocess.py:93} INFO - 	found org.postgresql#postgresql;42.7.3 in central
[2026-06-13T19:00:05.732+0000] {subprocess.py:93} INFO - 	found org.checkerframework#checker-qual;3.42.0 in central
[2026-06-13T19:00:05.753+0000] {subprocess.py:93} INFO - :: resolution report :: resolve 285ms :: artifacts dl 9ms
[2026-06-13T19:00:05.755+0000] {subprocess.py:93} INFO - 	:: modules in use:
[2026-06-13T19:00:05.756+0000] {subprocess.py:93} INFO - 	com.amazonaws#aws-java-sdk-bundle;1.12.262 from central in [default]
[2026-06-13T19:00:05.756+0000] {subprocess.py:93} INFO - 	org.apache.hadoop#hadoop-aws;3.3.4 from central in [default]
[2026-06-13T19:00:05.757+0000] {subprocess.py:93} INFO - 	org.apache.iceberg#iceberg-spark-runtime-3.5_2.12;1.6.0 from central in [default]
[2026-06-13T19:00:05.757+0000] {subprocess.py:93} INFO - 	org.checkerframework#checker-qual;3.42.0 from central in [default]
[2026-06-13T19:00:05.758+0000] {subprocess.py:93} INFO - 	org.postgresql#postgresql;42.7.3 from central in [default]
[2026-06-13T19:00:05.759+0000] {subprocess.py:93} INFO - 	org.wildfly.openssl#wildfly-openssl;1.0.7.Final from central in [default]
[2026-06-13T19:00:05.760+0000] {subprocess.py:93} INFO - 	---------------------------------------------------------------------
[2026-06-13T19:00:05.761+0000] {subprocess.py:93} INFO - 	|                  |            modules            ||   artifacts   |
[2026-06-13T19:00:05.761+0000] {subprocess.py:93} INFO - 	|       conf       | number| search|dwnlded|evicted|| number|dwnlded|
[2026-06-13T19:00:05.762+0000] {subprocess.py:93} INFO - 	---------------------------------------------------------------------
[2026-06-13T19:00:05.763+0000] {subprocess.py:93} INFO - 	|      default     |   6   |   0   |   0   |   0   ||   6   |   0   |
[2026-06-13T19:00:05.764+0000] {subprocess.py:93} INFO - 	---------------------------------------------------------------------
[2026-06-13T19:00:05.765+0000] {subprocess.py:93} INFO - :: retrieving :: org.apache.spark#spark-submit-parent-6c72341d-9193-4928-8683-ada551fd89df
[2026-06-13T19:00:05.765+0000] {subprocess.py:93} INFO - 	confs: [default]
[2026-06-13T19:00:05.767+0000] {subprocess.py:93} INFO - 	0 artifacts copied, 6 already retrieved (0kB/9ms)
[2026-06-13T19:00:06.013+0000] {subprocess.py:93} INFO - 26/06/13 19:00:06 WARN NativeCodeLoader: Unable to load native-hadoop library for your platform... using builtin-java classes where applicable
[2026-06-13T19:00:06.222+0000] {subprocess.py:93} INFO - Setting default log level to "WARN".
[2026-06-13T19:00:06.224+0000] {subprocess.py:93} INFO - To adjust logging level use sc.setLogLevel(newLevel). For SparkR, use setLogLevel(newLevel).
[2026-06-13T19:00:07.379+0000] {subprocess.py:93} INFO - 26/06/13 19:00:07 WARN Utils: Service 'SparkUI' could not bind on port 4040. Attempting port 4041.
[2026-06-13T19:00:13.570+0000] {subprocess.py:93} INFO - 26/06/13 19:00:13 WARN MetricsConfig: Cannot locate configuration: tried hadoop-metrics2-s3a-file-system.properties,hadoop-metrics2.properties
[2026-06-13T19:00:14.733+0000] {subprocess.py:93} INFO - 2026-06-13 19:00:14,731 - __main__ - INFO - Computing gold.brand_performance ...
[2026-06-13T19:00:15.439+0000] {subprocess.py:93} INFO - 2026-06-13 19:00:15,436 - __main__ - INFO - Writing Iceberg Gold table: local_catalog.tiki_gold.brand_performance
[2026-06-13T19:00:22.568+0000] {subprocess.py:93} INFO - [Stage 0:>                                                          (0 + 1) / 1]                                                                                2026-06-13 19:00:22,564 - __main__ - INFO - Iceberg write complete: local_catalog.tiki_gold.brand_performance
[2026-06-13T19:00:22.571+0000] {subprocess.py:93} INFO - 2026-06-13 19:00:22,564 - __main__ - INFO - Writing Reporting Postgres table: brand_performance
[2026-06-13T19:00:24.832+0000] {subprocess.py:93} INFO - [Stage 25:>                                                         (0 + 1) / 1]                                                                                2026-06-13 19:00:24,830 - __main__ - INFO - Postgres write complete: brand_performance
[2026-06-13T19:00:24.834+0000] {subprocess.py:93} INFO - 2026-06-13 19:00:24,830 - __main__ - INFO - Computing gold.price_trend ...
[2026-06-13T19:00:25.126+0000] {subprocess.py:93} INFO - 2026-06-13 19:00:25,106 - __main__ - ERROR - Gold pipeline failed: [UNRESOLVED_COLUMN.WITH_SUGGESTION] A column or function parameter with name `category_name` cannot be resolved. Did you mean one of the following? [`category_id`, `brand_name`, `name`, `crawl_date`, `discount`].; line 5 pos 12;
[2026-06-13T19:00:25.127+0000] {subprocess.py:93} INFO - 'Sort ['crawl_date DESC NULLS LAST, 'category_id ASC NULLS FIRST], true
[2026-06-13T19:00:25.128+0000] {subprocess.py:93} INFO - +- 'Aggregate [crawl_date#324, category_id#322, 'category_name], [crawl_date#324, category_id#322, 'category_name, count(id#310L) AS total_price_changes#305L, round((avg(price#314L) / cast(1000 as double)), 1) AS avg_new_price_k#306, round((cast(min(price#314L) as double) / cast(1000 as double)), 1) AS min_new_price_k#307, round((cast(max(price#314L) as double) / cast(1000 as double)), 1) AS max_new_price_k#308, round(avg(discount_rate#317), 1) AS avg_new_discount_rate#309]
[2026-06-13T19:00:25.129+0000] {subprocess.py:93} INFO -    +- SubqueryAlias local_catalog.tiki_silver.price_history
[2026-06-13T19:00:25.130+0000] {subprocess.py:93} INFO -       +- RelationV2[id#310L, sku#311, name#312, url_key#313, price#314L, original_price#315L, discount#316L, discount_rate#317, brand_name#318, rating_average#319, review_count#320, thumbnail_url#321, category_id#322, quantity_sold#323, crawl_date#324, loaded_at#325, source_file#326] local_catalog.tiki_silver.price_history local_catalog.tiki_silver.price_history
[2026-06-13T19:00:25.131+0000] {subprocess.py:93} INFO - Traceback (most recent call last):
[2026-06-13T19:00:25.132+0000] {subprocess.py:93} INFO -   File "/home/jovyan/work/src/jobs/tiki_gold.py", line 252, in run_gold_pipeline
[2026-06-13T19:00:25.133+0000] {subprocess.py:93} INFO -     compute_price_trend(spark)
[2026-06-13T19:00:25.135+0000] {subprocess.py:93} INFO -   File "/home/jovyan/work/src/jobs/tiki_gold.py", line 108, in compute_price_trend
[2026-06-13T19:00:25.136+0000] {subprocess.py:93} INFO -     df = spark.sql("""
[2026-06-13T19:00:25.137+0000] {subprocess.py:93} INFO -          ^^^^^^^^^^^^^
[2026-06-13T19:00:25.138+0000] {subprocess.py:93} INFO -   File "/usr/local/spark/python/pyspark/sql/session.py", line 1631, in sql
[2026-06-13T19:00:25.140+0000] {subprocess.py:93} INFO -     return DataFrame(self._jsparkSession.sql(sqlQuery, litArgs), self)
[2026-06-13T19:00:25.141+0000] {subprocess.py:93} INFO -                      ^^^^^^^^^^^^^^^^^^^^^^^^^^^^^^^^^^^^^^^^^^
[2026-06-13T19:00:25.142+0000] {subprocess.py:93} INFO -   File "/usr/local/spark/python/lib/py4j-0.10.9.7-src.zip/py4j/java_gateway.py", line 1322, in __call__
[2026-06-13T19:00:25.143+0000] {subprocess.py:93} INFO -     return_value = get_return_value(
[2026-06-13T19:00:25.144+0000] {subprocess.py:93} INFO -                    ^^^^^^^^^^^^^^^^^
[2026-06-13T19:00:25.146+0000] {subprocess.py:93} INFO -   File "/usr/local/spark/python/pyspark/errors/exceptions/captured.py", line 185, in deco
[2026-06-13T19:00:25.147+0000] {subprocess.py:93} INFO -     raise converted from None
[2026-06-13T19:00:25.147+0000] {subprocess.py:93} INFO - pyspark.errors.exceptions.captured.AnalysisException: [UNRESOLVED_COLUMN.WITH_SUGGESTION] A column or function parameter with name `category_name` cannot be resolved. Did you mean one of the following? [`category_id`, `brand_name`, `name`, `crawl_date`, `discount`].; line 5 pos 12;
[2026-06-13T19:00:25.148+0000] {subprocess.py:93} INFO - 'Sort ['crawl_date DESC NULLS LAST, 'category_id ASC NULLS FIRST], true
[2026-06-13T19:00:25.150+0000] {subprocess.py:93} INFO - +- 'Aggregate [crawl_date#324, category_id#322, 'category_name], [crawl_date#324, category_id#322, 'category_name, count(id#310L) AS total_price_changes#305L, round((avg(price#314L) / cast(1000 as double)), 1) AS avg_new_price_k#306, round((cast(min(price#314L) as double) / cast(1000 as double)), 1) AS min_new_price_k#307, round((cast(max(price#314L) as double) / cast(1000 as double)), 1) AS max_new_price_k#308, round(avg(discount_rate#317), 1) AS avg_new_discount_rate#309]
[2026-06-13T19:00:25.151+0000] {subprocess.py:93} INFO -    +- SubqueryAlias local_catalog.tiki_silver.price_history
[2026-06-13T19:00:25.152+0000] {subprocess.py:93} INFO -       +- RelationV2[id#310L, sku#311, name#312, url_key#313, price#314L, original_price#315L, discount#316L, discount_rate#317, brand_name#318, rating_average#319, review_count#320, thumbnail_url#321, category_id#322, quantity_sold#323, crawl_date#324, loaded_at#325, source_file#326] local_catalog.tiki_silver.price_history local_catalog.tiki_silver.price_history
[2026-06-13T19:00:25.153+0000] {subprocess.py:93} INFO - 
[2026-06-13T19:00:26.155+0000] {subprocess.py:93} INFO - [2026-06-13 19:00:26] Gold refresh complete.
[2026-06-13T19:00:26.157+0000] {subprocess.py:97} INFO - Command exited with return code 0
[2026-06-13T19:00:26.210+0000] {taskinstance.py:1138} INFO - Marking task as SUCCESS. dag_id=tiki_gold_hourly_refresh, task_id=refresh_gold_tables, execution_date=20260613T180000, start_date=20260613T190001, end_date=20260613T190026
[2026-06-13T19:00:26.278+0000] {local_task_job_runner.py:234} INFO - Task exited with return code 0
[2026-06-13T19:00:26.347+0000] {taskinstance.py:3280} INFO - 0 downstream tasks scheduled from follow-on schedule check
